spawn ./concordium-client transaction send-gtu-scheduled --schedule 0.001 at 2021-02-10T21:59:32Z, 0.001 at 2021-02-10T22:00:32Z, 0.001 at 2021-02-10T22:01:32Z, 0.001 at 2021-02-10T22:02:32Z, 0.001 at 2021-02-10T22:03:32Z, 0.001 at 2021-02-10T22:04:32Z, 0.001 at 2021-02-10T22:05:32Z, 0.001 at 2021-02-10T22:06:32Z, 0.001 at 2021-02-10T22:07:32Z, 0.001 at 2021-02-10T22:08:32Z, 0.001 at 2021-02-10T22:09:32Z, 0.001 at 2021-02-10T22:10:32Z, 0.001 at 2021-02-10T22:11:32Z, 0.001 at 2021-02-10T22:12:32Z, 0.001 at 2021-02-10T22:13:32Z, 0.001 at 2021-02-10T22:14:32Z, 0.001 at 2021-02-10T22:15:32Z, 0.001 at 2021-02-10T22:16:32Z, 0.001 at 2021-02-10T22:17:32Z, 0.001 at 2021-02-10T22:18:32Z, 0.001 at 2021-02-10T22:19:32Z, 0.001 at 2021-02-10T22:20:32Z, 0.001 at 2021-02-10T22:21:32Z, 0.001 at 2021-02-10T22:22:32Z, 0.001 at 2021-02-10T22:23:32Z, 0.001 at 2021-02-10T22:24:32Z, 0.001 at 2021-02-10T22:25:32Z, 0.001 at 2021-02-10T22:26:32Z, 0.001 at 2021-02-10T22:27:32Z, 0.001 at 2021-02-10T22:28:32Z, 0.001 at 2021-02-10T22:29:32Z, 0.001 at 2021-02-10T22:30:32Z, 0.001 at 2021-02-10T22:31:32Z, 0.001 at 2021-02-10T22:32:32Z, 0.001 at 2021-02-10T22:33:32Z, 0.001 at 2021-02-10T22:34:32Z, 0.001 at 2021-02-10T22:35:32Z, 0.001 at 2021-02-10T22:36:32Z, 0.001 at 2021-02-10T22:37:32Z, 0.001 at 2021-02-10T22:38:32Z, 0.001 at 2021-02-10T22:39:32Z, 0.001 at 2021-02-10T22:40:32Z, 0.001 at 2021-02-10T22:41:32Z, 0.001 at 2021-02-10T22:42:32Z, 0.001 at 2021-02-10T22:43:32Z, 0.001 at 2021-02-10T22:44:32Z, 0.001 at 2021-02-10T22:45:32Z, 0.001 at 2021-02-10T22:46:32Z, 0.001 at 2021-02-10T22:47:32Z, 0.001 at 2021-02-10T22:48:32Z, 0.001 at 2021-02-10T22:49:32Z, 0.001 at 2021-02-10T22:50:32Z, 0.001 at 2021-02-10T22:51:32Z, 0.001 at 2021-02-10T22:52:32Z, 0.001 at 2021-02-10T22:53:32Z --receiver 3QhuD1T16FeNQbFDskqSYBcTF5sR3zaMJ3rxVLFCDeqnf9JJbP --sender 3hG2SNwEKkT5pRe6mGgPMowkCTgjbtJUJj5UPaTxnjfSYhsQQc --no-confirm
Using default energy amount of 5563 NRG.
[92mSending GTUs from '3hG2SNwEKkT5pRe6mGgPMowkCTgjbtJUJj5UPaTxnjfSYhsQQc' (Lcofjurn) to '3QhuD1T16FeNQbFDskqSYBcTF5sR3zaMJ3rxVLFCDeqnf9JJbP'.
With the following release schedule:
Wed, 10 Feb 2021 21:59:32 UTC: 0.001000 GTU
Wed, 10 Feb 2021 22:00:32 UTC: 0.001000 GTU
Wed, 10 Feb 2021 22:01:32 UTC: 0.001000 GTU
Wed, 10 Feb 2021 22:02:32 UTC: 0.001000 GTU
Wed, 10 Feb 2021 22:03:32 UTC: 0.001000 GTU
Wed, 10 Feb 2021 22:04:32 UTC: 0.001000 GTU
Wed, 10 Feb 2021 22:05:32 UTC: 0.001000 GTU
Wed, 10 Feb 2021 22:06:32 UTC: 0.001000 GTU
Wed, 10 Feb 2021 22:07:32 UTC: 0.001000 GTU
Wed, 10 Feb 2021 22:08:32 UTC: 0.001000 GTU
Wed, 10 Feb 2021 22:09:32 UTC: 0.001000 GTU
Wed, 10 Feb 2021 22:10:32 UTC: 0.001000 GTU
Wed, 10 Feb 2021 22:11:32 UTC: 0.001000 GTU
Wed, 10 Feb 2021 22:12:32 UTC: 0.001000 GTU
Wed, 10 Feb 2021 22:13:32 UTC: 0.001000 GTU
Wed, 10 Feb 2021 22:14:32 UTC: 0.001000 GTU
Wed, 10 Feb 2021 22:15:32 UTC: 0.001000 GTU
Wed, 10 Feb 2021 22:16:32 UTC: 0.001000 GTU
Wed, 10 Feb 2021 22:17:32 UTC: 0.001000 GTU
Wed, 10 Feb 2021 22:18:32 UTC: 0.001000 GTU
Wed, 10 Feb 2021 22:19:32 UTC: 0.001000 GTU
Wed, 10 Feb 2021 22:20:32 UTC: 0.001000 GTU
Wed, 10 Feb 2021 22:21:32 UTC: 0.001000 GTU
Wed, 10 Feb 2021 22:22:32 UTC: 0.001000 GTU
Wed, 10 Feb 2021 22:23:32 UTC: 0.001000 GTU
Wed, 10 Feb 2021 22:24:32 UTC: 0.001000 GTU
Wed, 10 Feb 2021 22:25:32 UTC: 0.001000 GTU
Wed, 10 Feb 2021 22:26:32 UTC: 0.001000 GTU
Wed, 10 Feb 2021 22:27:32 UTC: 0.001000 GTU
Wed, 10 Feb 2021 22:28:32 UTC: 0.001000 GTU
Wed, 10 Feb 2021 22:29:32 UTC: 0.001000 GTU
Wed, 10 Feb 2021 22:30:32 UTC: 0.001000 GTU
Wed, 10 Feb 2021 22:31:32 UTC: 0.001000 GTU
Wed, 10 Feb 2021 22:32:32 UTC: 0.001000 GTU
Wed, 10 Feb 2021 22:33:32 UTC: 0.001000 GTU
Wed, 10 Feb 2021 22:34:32 UTC: 0.001000 GTU
Wed, 10 Feb 2021 22:35:32 UTC: 0.001000 GTU
Wed, 10 Feb 2021 22:36:32 UTC: 0.001000 GTU
Wed, 10 Feb 2021 22:37:32 UTC: 0.001000 GTU
Wed, 10 Feb 2021 22:38:32 UTC: 0.001000 GTU
Wed, 10 Feb 2021 22:39:32 UTC: 0.001000 GTU
Wed, 10 Feb 2021 22:40:32 UTC: 0.001000 GTU
Wed, 10 Feb 2021 22:41:32 UTC: 0.001000 GTU
Wed, 10 Feb 2021 22:42:32 UTC: 0.001000 GTU
Wed, 10 Feb 2021 22:43:32 UTC: 0.001000 GTU
Wed, 10 Feb 2021 22:44:32 UTC: 0.001000 GTU
Wed, 10 Feb 2021 22:45:32 UTC: 0.001000 GTU
Wed, 10 Feb 2021 22:46:32 UTC: 0.001000 GTU
Wed, 10 Feb 2021 22:47:32 UTC: 0.001000 GTU
Wed, 10 Feb 2021 22:48:32 UTC: 0.001000 GTU
Wed, 10 Feb 2021 22:49:32 UTC: 0.001000 GTU
Wed, 10 Feb 2021 22:50:32 UTC: 0.001000 GTU
Wed, 10 Feb 2021 22:51:32 UTC: 0.001000 GTU
Wed, 10 Feb 2021 22:52:32 UTC: 0.001000 GTU
Wed, 10 Feb 2021 22:53:32 UTC: 0.001000 GTU
with a total amount of 0.055000 GTU.
Allowing up to 5563 NRG to be spent as transaction fee.
Transaction expires at Wed, 10 Feb 2021 22:08:32 UTC.
[0mEnter password for signing key: 
[92mTransaction 'cbf90c94e8254eb4983cd63fa3d35d8cbfad2ecf03b00b7a940931fc1fcdb2e5' sent to the baker.
[0mWaiting for the transaction to be committed and finalized.
You may skip this step by interrupting the command using Ctrl-C (pass flag '--no-wait' to do this by default).
The transaction will still get processed and may be queried using
  'transaction status cbf90c94e8254eb4983cd63fa3d35d8cbfad2ecf03b00b7a940931fc1fcdb2e5'.
[21:58:32] Waiting for the transaction to be committed.......
Transaction is committed into block 8b4b85b4fd7ea6eee82032f5ad11fefdabd38de762aeae9aa17dad5dec1cb2dc with status "success" and cost 0.556300 GTU (5563 NRG).
[21:58:42] Waiting for the transaction to be finalized....
[21:58:47] Transaction finalized.
spawn ./concordium-client transaction send-gtu-scheduled --schedule 0.001 at 2021-02-11T12:39:01Z, 0.001 at 2021-02-11T12:40:01Z, 0.001 at 2021-02-11T12:41:01Z, 0.001 at 2021-02-11T12:42:01Z, 0.001 at 2021-02-11T12:43:01Z, 0.001 at 2021-02-11T12:44:01Z, 0.001 at 2021-02-11T12:45:01Z, 0.001 at 2021-02-11T12:46:01Z, 0.001 at 2021-02-11T12:47:01Z, 0.001 at 2021-02-11T12:48:01Z, 0.001 at 2021-02-11T12:49:01Z, 0.001 at 2021-02-11T12:50:01Z, 0.001 at 2021-02-11T12:51:01Z, 0.001 at 2021-02-11T12:52:01Z, 0.001 at 2021-02-11T12:53:01Z, 0.001 at 2021-02-11T12:54:01Z, 0.001 at 2021-02-11T12:55:01Z, 0.001 at 2021-02-11T12:56:01Z, 0.001 at 2021-02-11T12:57:01Z, 0.001 at 2021-02-11T12:58:01Z, 0.001 at 2021-02-11T12:59:01Z, 0.001 at 2021-02-11T13:00:01Z, 0.001 at 2021-02-11T13:01:01Z, 0.001 at 2021-02-11T13:02:01Z, 0.001 at 2021-02-11T13:03:01Z, 0.001 at 2021-02-11T13:04:01Z, 0.001 at 2021-02-11T13:05:01Z, 0.001 at 2021-02-11T13:06:01Z, 0.001 at 2021-02-11T13:07:01Z, 0.001 at 2021-02-11T13:08:01Z, 0.001 at 2021-02-11T13:09:01Z, 0.001 at 2021-02-11T13:10:01Z, 0.001 at 2021-02-11T13:11:01Z, 0.001 at 2021-02-11T13:12:01Z, 0.001 at 2021-02-11T13:13:01Z, 0.001 at 2021-02-11T13:14:01Z, 0.001 at 2021-02-11T13:15:01Z, 0.001 at 2021-02-11T13:16:01Z, 0.001 at 2021-02-11T13:17:01Z, 0.001 at 2021-02-11T13:18:01Z, 0.001 at 2021-02-11T13:19:01Z, 0.001 at 2021-02-11T13:20:01Z, 0.001 at 2021-02-11T13:21:01Z, 0.001 at 2021-02-11T13:22:01Z, 0.001 at 2021-02-11T13:23:01Z, 0.001 at 2021-02-11T13:24:01Z, 0.001 at 2021-02-11T13:25:01Z, 0.001 at 2021-02-11T13:26:01Z, 0.001 at 2021-02-11T13:27:01Z, 0.001 at 2021-02-11T13:28:01Z, 0.001 at 2021-02-11T13:29:01Z, 0.001 at 2021-02-11T13:30:01Z, 0.001 at 2021-02-11T13:31:01Z, 0.001 at 2021-02-11T13:32:01Z, 0.001 at 2021-02-11T13:33:01Z --receiver 3QhuD1T16FeNQbFDskqSYBcTF5sR3zaMJ3rxVLFCDeqnf9JJbP --sender 3hG2SNwEKkT5pRe6mGgPMowkCTgjbtJUJj5UPaTxnjfSYhsQQc --no-confirm
Using default energy amount of 5563 NRG.
[92mSending GTUs from '3hG2SNwEKkT5pRe6mGgPMowkCTgjbtJUJj5UPaTxnjfSYhsQQc' (Lcofjurn) to '3QhuD1T16FeNQbFDskqSYBcTF5sR3zaMJ3rxVLFCDeqnf9JJbP'.
With the following release schedule:
Thu, 11 Feb 2021 12:39:01 UTC: 0.001000 GTU
Thu, 11 Feb 2021 12:40:01 UTC: 0.001000 GTU
Thu, 11 Feb 2021 12:41:01 UTC: 0.001000 GTU
Thu, 11 Feb 2021 12:42:01 UTC: 0.001000 GTU
Thu, 11 Feb 2021 12:43:01 UTC: 0.001000 GTU
Thu, 11 Feb 2021 12:44:01 UTC: 0.001000 GTU
Thu, 11 Feb 2021 12:45:01 UTC: 0.001000 GTU
Thu, 11 Feb 2021 12:46:01 UTC: 0.001000 GTU
Thu, 11 Feb 2021 12:47:01 UTC: 0.001000 GTU
Thu, 11 Feb 2021 12:48:01 UTC: 0.001000 GTU
Thu, 11 Feb 2021 12:49:01 UTC: 0.001000 GTU
Thu, 11 Feb 2021 12:50:01 UTC: 0.001000 GTU
Thu, 11 Feb 2021 12:51:01 UTC: 0.001000 GTU
Thu, 11 Feb 2021 12:52:01 UTC: 0.001000 GTU
Thu, 11 Feb 2021 12:53:01 UTC: 0.001000 GTU
Thu, 11 Feb 2021 12:54:01 UTC: 0.001000 GTU
Thu, 11 Feb 2021 12:55:01 UTC: 0.001000 GTU
Thu, 11 Feb 2021 12:56:01 UTC: 0.001000 GTU
Thu, 11 Feb 2021 12:57:01 UTC: 0.001000 GTU
Thu, 11 Feb 2021 12:58:01 UTC: 0.001000 GTU
Thu, 11 Feb 2021 12:59:01 UTC: 0.001000 GTU
Thu, 11 Feb 2021 13:00:01 UTC: 0.001000 GTU
Thu, 11 Feb 2021 13:01:01 UTC: 0.001000 GTU
Thu, 11 Feb 2021 13:02:01 UTC: 0.001000 GTU
Thu, 11 Feb 2021 13:03:01 UTC: 0.001000 GTU
Thu, 11 Feb 2021 13:04:01 UTC: 0.001000 GTU
Thu, 11 Feb 2021 13:05:01 UTC: 0.001000 GTU
Thu, 11 Feb 2021 13:06:01 UTC: 0.001000 GTU
Thu, 11 Feb 2021 13:07:01 UTC: 0.001000 GTU
Thu, 11 Feb 2021 13:08:01 UTC: 0.001000 GTU
Thu, 11 Feb 2021 13:09:01 UTC: 0.001000 GTU
Thu, 11 Feb 2021 13:10:01 UTC: 0.001000 GTU
Thu, 11 Feb 2021 13:11:01 UTC: 0.001000 GTU
Thu, 11 Feb 2021 13:12:01 UTC: 0.001000 GTU
Thu, 11 Feb 2021 13:13:01 UTC: 0.001000 GTU
Thu, 11 Feb 2021 13:14:01 UTC: 0.001000 GTU
Thu, 11 Feb 2021 13:15:01 UTC: 0.001000 GTU
Thu, 11 Feb 2021 13:16:01 UTC: 0.001000 GTU
Thu, 11 Feb 2021 13:17:01 UTC: 0.001000 GTU
Thu, 11 Feb 2021 13:18:01 UTC: 0.001000 GTU
Thu, 11 Feb 2021 13:19:01 UTC: 0.001000 GTU
Thu, 11 Feb 2021 13:20:01 UTC: 0.001000 GTU
Thu, 11 Feb 2021 13:21:01 UTC: 0.001000 GTU
Thu, 11 Feb 2021 13:22:01 UTC: 0.001000 GTU
Thu, 11 Feb 2021 13:23:01 UTC: 0.001000 GTU
Thu, 11 Feb 2021 13:24:01 UTC: 0.001000 GTU
Thu, 11 Feb 2021 13:25:01 UTC: 0.001000 GTU
Thu, 11 Feb 2021 13:26:01 UTC: 0.001000 GTU
Thu, 11 Feb 2021 13:27:01 UTC: 0.001000 GTU
Thu, 11 Feb 2021 13:28:01 UTC: 0.001000 GTU
Thu, 11 Feb 2021 13:29:01 UTC: 0.001000 GTU
Thu, 11 Feb 2021 13:30:01 UTC: 0.001000 GTU
Thu, 11 Feb 2021 13:31:01 UTC: 0.001000 GTU
Thu, 11 Feb 2021 13:32:01 UTC: 0.001000 GTU
Thu, 11 Feb 2021 13:33:01 UTC: 0.001000 GTU
with a total amount of 0.055000 GTU.
Allowing up to 5563 NRG to be spent as transaction fee.
Transaction expires at Thu, 11 Feb 2021 12:48:01 UTC.
[0mEnter password for signing key: 


[92mTransaction 'f9c05b00be8f4e7eae8dc95b7afa1a81a559a710203d84743b5d6ed3f0610462' sent to the baker.
[0mWaiting for the transaction to be committed and finalized.
You may skip this step by interrupting the command using Ctrl-C (pass flag '--no-wait' to do this by default).
The transaction will still get processed and may be queried using
  'transaction status f9c05b00be8f4e7eae8dc95b7afa1a81a559a710203d84743b5d6ed3f0610462'.
[12:38:01] Waiting for the transaction to be committed.........
Transaction is finalized into block e0ad2112b57533dc67cf816b8204f3035c11a559ed45036ddf5a3f976672caac with status "success" and cost 0.556300 GTU (5563 NRG).
[12:38:15] Waiting for the transaction to be finalized...
[12:38:15] Transaction finalized.
spawn ./concordium-client transaction send-gtu-scheduled --schedule 0.001 at 2021-02-12T12:39:01Z, 0.001 at 2021-02-12T12:40:01Z, 0.001 at 2021-02-12T12:41:01Z, 0.001 at 2021-02-12T12:42:01Z, 0.001 at 2021-02-12T12:43:01Z, 0.001 at 2021-02-12T12:44:01Z, 0.001 at 2021-02-12T12:45:01Z, 0.001 at 2021-02-12T12:46:01Z, 0.001 at 2021-02-12T12:47:01Z, 0.001 at 2021-02-12T12:48:01Z, 0.001 at 2021-02-12T12:49:01Z, 0.001 at 2021-02-12T12:50:01Z, 0.001 at 2021-02-12T12:51:01Z, 0.001 at 2021-02-12T12:52:01Z, 0.001 at 2021-02-12T12:53:01Z, 0.001 at 2021-02-12T12:54:01Z, 0.001 at 2021-02-12T12:55:01Z, 0.001 at 2021-02-12T12:56:01Z, 0.001 at 2021-02-12T12:57:01Z, 0.001 at 2021-02-12T12:58:01Z, 0.001 at 2021-02-12T12:59:01Z, 0.001 at 2021-02-12T13:00:01Z, 0.001 at 2021-02-12T13:01:01Z, 0.001 at 2021-02-12T13:02:01Z, 0.001 at 2021-02-12T13:03:01Z, 0.001 at 2021-02-12T13:04:01Z, 0.001 at 2021-02-12T13:05:01Z, 0.001 at 2021-02-12T13:06:01Z, 0.001 at 2021-02-12T13:07:01Z, 0.001 at 2021-02-12T13:08:01Z, 0.001 at 2021-02-12T13:09:01Z, 0.001 at 2021-02-12T13:10:01Z, 0.001 at 2021-02-12T13:11:01Z, 0.001 at 2021-02-12T13:12:01Z, 0.001 at 2021-02-12T13:13:01Z, 0.001 at 2021-02-12T13:14:01Z, 0.001 at 2021-02-12T13:15:01Z, 0.001 at 2021-02-12T13:16:01Z, 0.001 at 2021-02-12T13:17:01Z, 0.001 at 2021-02-12T13:18:01Z, 0.001 at 2021-02-12T13:19:01Z, 0.001 at 2021-02-12T13:20:01Z, 0.001 at 2021-02-12T13:21:01Z, 0.001 at 2021-02-12T13:22:01Z, 0.001 at 2021-02-12T13:23:01Z, 0.001 at 2021-02-12T13:24:01Z, 0.001 at 2021-02-12T13:25:01Z, 0.001 at 2021-02-12T13:26:01Z, 0.001 at 2021-02-12T13:27:01Z, 0.001 at 2021-02-12T13:28:01Z, 0.001 at 2021-02-12T13:29:01Z, 0.001 at 2021-02-12T13:30:01Z, 0.001 at 2021-02-12T13:31:01Z, 0.001 at 2021-02-12T13:32:01Z, 0.001 at 2021-02-12T13:33:01Z --receiver 3QhuD1T16FeNQbFDskqSYBcTF5sR3zaMJ3rxVLFCDeqnf9JJbP --sender 3hG2SNwEKkT5pRe6mGgPMowkCTgjbtJUJj5UPaTxnjfSYhsQQc --no-confirm
Using default energy amount of 5563 NRG.
[92mSending GTUs from '3hG2SNwEKkT5pRe6mGgPMowkCTgjbtJUJj5UPaTxnjfSYhsQQc' (Lcofjurn) to '3QhuD1T16FeNQbFDskqSYBcTF5sR3zaMJ3rxVLFCDeqnf9JJbP'.
With the following release schedule:
Fri, 12 Feb 2021 12:39:01 UTC: 0.001000 GTU
Fri, 12 Feb 2021 12:40:01 UTC: 0.001000 GTU
Fri, 12 Feb 2021 12:41:01 UTC: 0.001000 GTU
Fri, 12 Feb 2021 12:42:01 UTC: 0.001000 GTU
Fri, 12 Feb 2021 12:43:01 UTC: 0.001000 GTU
Fri, 12 Feb 2021 12:44:01 UTC: 0.001000 GTU
Fri, 12 Feb 2021 12:45:01 UTC: 0.001000 GTU
Fri, 12 Feb 2021 12:46:01 UTC: 0.001000 GTU
Fri, 12 Feb 2021 12:47:01 UTC: 0.001000 GTU
Fri, 12 Feb 2021 12:48:01 UTC: 0.001000 GTU
Fri, 12 Feb 2021 12:49:01 UTC: 0.001000 GTU
Fri, 12 Feb 2021 12:50:01 UTC: 0.001000 GTU
Fri, 12 Feb 2021 12:51:01 UTC: 0.001000 GTU
Fri, 12 Feb 2021 12:52:01 UTC: 0.001000 GTU
Fri, 12 Feb 2021 12:53:01 UTC: 0.001000 GTU
Fri, 12 Feb 2021 12:54:01 UTC: 0.001000 GTU
Fri, 12 Feb 2021 12:55:01 UTC: 0.001000 GTU
Fri, 12 Feb 2021 12:56:01 UTC: 0.001000 GTU
Fri, 12 Feb 2021 12:57:01 UTC: 0.001000 GTU
Fri, 12 Feb 2021 12:58:01 UTC: 0.001000 GTU
Fri, 12 Feb 2021 12:59:01 UTC: 0.001000 GTU
Fri, 12 Feb 2021 13:00:01 UTC: 0.001000 GTU
Fri, 12 Feb 2021 13:01:01 UTC: 0.001000 GTU
Fri, 12 Feb 2021 13:02:01 UTC: 0.001000 GTU
Fri, 12 Feb 2021 13:03:01 UTC: 0.001000 GTU
Fri, 12 Feb 2021 13:04:01 UTC: 0.001000 GTU
Fri, 12 Feb 2021 13:05:01 UTC: 0.001000 GTU
Fri, 12 Feb 2021 13:06:01 UTC: 0.001000 GTU
Fri, 12 Feb 2021 13:07:01 UTC: 0.001000 GTU
Fri, 12 Feb 2021 13:08:01 UTC: 0.001000 GTU
Fri, 12 Feb 2021 13:09:01 UTC: 0.001000 GTU
Fri, 12 Feb 2021 13:10:01 UTC: 0.001000 GTU
Fri, 12 Feb 2021 13:11:01 UTC: 0.001000 GTU
Fri, 12 Feb 2021 13:12:01 UTC: 0.001000 GTU
Fri, 12 Feb 2021 13:13:01 UTC: 0.001000 GTU
Fri, 12 Feb 2021 13:14:01 UTC: 0.001000 GTU
Fri, 12 Feb 2021 13:15:01 UTC: 0.001000 GTU
Fri, 12 Feb 2021 13:16:01 UTC: 0.001000 GTU
Fri, 12 Feb 2021 13:17:01 UTC: 0.001000 GTU
Fri, 12 Feb 2021 13:18:01 UTC: 0.001000 GTU
Fri, 12 Feb 2021 13:19:01 UTC: 0.001000 GTU
Fri, 12 Feb 2021 13:20:01 UTC: 0.001000 GTU
Fri, 12 Feb 2021 13:21:01 UTC: 0.001000 GTU
Fri, 12 Feb 2021 13:22:01 UTC: 0.001000 GTU
Fri, 12 Feb 2021 13:23:01 UTC: 0.001000 GTU
Fri, 12 Feb 2021 13:24:01 UTC: 0.001000 GTU
Fri, 12 Feb 2021 13:25:01 UTC: 0.001000 GTU
Fri, 12 Feb 2021 13:26:01 UTC: 0.001000 GTU
Fri, 12 Feb 2021 13:27:01 UTC: 0.001000 GTU
Fri, 12 Feb 2021 13:28:01 UTC: 0.001000 GTU
Fri, 12 Feb 2021 13:29:01 UTC: 0.001000 GTU
Fri, 12 Feb 2021 13:30:01 UTC: 0.001000 GTU
Fri, 12 Feb 2021 13:31:01 UTC: 0.001000 GTU
Fri, 12 Feb 2021 13:32:01 UTC: 0.001000 GTU
Fri, 12 Feb 2021 13:33:01 UTC: 0.001000 GTU
with a total amount of 0.055000 GTU.
Allowing up to 5563 NRG to be spent as transaction fee.
Transaction expires at Fri, 12 Feb 2021 12:48:02 UTC.
[0mEnter password for signing key: 
[92mTransaction '82120291ac1e4213fed8913f260d072d382dae5edd9efefd02ab71977c7d23ee' sent to the baker.
[0mWaiting for the transaction to be committed and finalized.
You may skip this step by interrupting the command using Ctrl-C (pass flag '--no-wait' to do this by default).
The transaction will still get processed and may be queried using
  'transaction status 82120291ac1e4213fed8913f260d072d382dae5edd9efefd02ab71977c7d23ee'.
[12:38:02] Waiting for the transaction to be committed.......
Transaction is committed into 2 blocks:
- 37c4a1dcc1c998a9a82bf3a0b190befccb8f1a8ca18a3256feec63a5da78acdb with status "success" and cost 0.556300 GTU (5563 NRG):
  * Sent transfer with schedule Fri, 12 Feb 2021 12:39:01 UTC: 0.001000 GTU, Fri, 12 Feb 2021 12:40:01 UTC: 0.001000 GTU, Fri, 12 Feb 2021 12:41:01 UTC: 0.001000 GTU, Fri, 12 Feb 2021 12:42:01 UTC: 0.001000 GTU, Fri, 12 Feb 2021 12:43:01 UTC: 0.001000 GTU, Fri, 12 Feb 2021 12:44:01 UTC: 0.001000 GTU, Fri, 12 Feb 2021 12:45:01 UTC: 0.001000 GTU, Fri, 12 Feb 2021 12:46:01 UTC: 0.001000 GTU, Fri, 12 Feb 2021 12:47:01 UTC: 0.001000 GTU, Fri, 12 Feb 2021 12:48:01 UTC: 0.001000 GTU, Fri, 12 Feb 2021 12:49:01 UTC: 0.001000 GTU, Fri, 12 Feb 2021 12:50:01 UTC: 0.001000 GTU, Fri, 12 Feb 2021 12:51:01 UTC: 0.001000 GTU, Fri, 12 Feb 2021 12:52:01 UTC: 0.001000 GTU, Fri, 12 Feb 2021 12:53:01 UTC: 0.001000 GTU, Fri, 12 Feb 2021 12:54:01 UTC: 0.001000 GTU, Fri, 12 Feb 2021 12:55:01 UTC: 0.001000 GTU, Fri, 12 Feb 2021 12:56:01 UTC: 0.001000 GTU, Fri, 12 Feb 2021 12:57:01 UTC: 0.001000 GTU, Fri, 12 Feb 2021 12:58:01 UTC: 0.001000 GTU, Fri, 12 Feb 2021 12:59:01 UTC: 0.001000 GTU, Fri, 12 Feb 2021 13:00:01 UTC: 0.001000 GTU, Fri, 12 Feb 2021 13:01:01 UTC: 0.001000 GTU, Fri, 12 Feb 2021 13:02:01 UTC: 0.001000 GTU, Fri, 12 Feb 2021 13:03:01 UTC: 0.001000 GTU, Fri, 12 Feb 2021 13:04:01 UTC: 0.001000 GTU, Fri, 12 Feb 2021 13:05:01 UTC: 0.001000 GTU, Fri, 12 Feb 2021 13:06:01 UTC: 0.001000 GTU, Fri, 12 Feb 2021 13:07:01 UTC: 0.001000 GTU, Fri, 12 Feb 2021 13:08:01 UTC: 0.001000 GTU, Fri, 12 Feb 2021 13:09:01 UTC: 0.001000 GTU, Fri, 12 Feb 2021 13:10:01 UTC: 0.001000 GTU, Fri, 12 Feb 2021 13:11:01 UTC: 0.001000 GTU, Fri, 12 Feb 2021 13:12:01 UTC: 0.001000 GTU, Fri, 12 Feb 2021 13:13:01 UTC: 0.001000 GTU, Fri, 12 Feb 2021 13:14:01 UTC: 0.001000 GTU, Fri, 12 Feb 2021 13:15:01 UTC: 0.001000 GTU, Fri, 12 Feb 2021 13:16:01 UTC: 0.001000 GTU, Fri, 12 Feb 2021 13:17:01 UTC: 0.001000 GTU, Fri, 12 Feb 2021 13:18:01 UTC: 0.001000 GTU, Fri, 12 Feb 2021 13:19:01 UTC: 0.001000 GTU, Fri, 12 Feb 2021 13:20:01 UTC: 0.001000 GTU, Fri, 12 Feb 2021 13:21:01 UTC: 0.001000 GTU, Fri, 12 Feb 2021 13:22:01 UTC: 0.001000 GTU, Fri, 12 Feb 2021 13:23:01 UTC: 0.001000 GTU, Fri, 12 Feb 2021 13:24:01 UTC: 0.001000 GTU, Fri, 12 Feb 2021 13:25:01 UTC: 0.001000 GTU, Fri, 12 Feb 2021 13:26:01 UTC: 0.001000 GTU, Fri, 12 Feb 2021 13:27:01 UTC: 0.001000 GTU, Fri, 12 Feb 2021 13:28:01 UTC: 0.001000 GTU, Fri, 12 Feb 2021 13:29:01 UTC: 0.001000 GTU, Fri, 12 Feb 2021 13:30:01 UTC: 0.001000 GTU, Fri, 12 Feb 2021 13:31:01 UTC: 0.001000 GTU, Fri, 12 Feb 2021 13:32:01 UTC: 0.001000 GTU, Fri, 12 Feb 2021 13:33:01 UTC: 0.001000 GTU
- ba0265d5a3302193f2c7038d5f2b23b23470efd1c50b4d504cdfbfb17ec42fd4 with status "success" and cost 0.556300 GTU (5563 NRG):
  * Sent transfer with schedule Fri, 12 Feb 2021 12:39:01 UTC: 0.001000 GTU, Fri, 12 Feb 2021 12:40:01 UTC: 0.001000 GTU, Fri, 12 Feb 2021 12:41:01 UTC: 0.001000 GTU, Fri, 12 Feb 2021 12:42:01 UTC: 0.001000 GTU, Fri, 12 Feb 2021 12:43:01 UTC: 0.001000 GTU, Fri, 12 Feb 2021 12:44:01 UTC: 0.001000 GTU, Fri, 12 Feb 2021 12:45:01 UTC: 0.001000 GTU, Fri, 12 Feb 2021 12:46:01 UTC: 0.001000 GTU, Fri, 12 Feb 2021 12:47:01 UTC: 0.001000 GTU, Fri, 12 Feb 2021 12:48:01 UTC: 0.001000 GTU, Fri, 12 Feb 2021 12:49:01 UTC: 0.001000 GTU, Fri, 12 Feb 2021 12:50:01 UTC: 0.001000 GTU, Fri, 12 Feb 2021 12:51:01 UTC: 0.001000 GTU, Fri, 12 Feb 2021 12:52:01 UTC: 0.001000 GTU, Fri, 12 Feb 2021 12:53:01 UTC: 0.001000 GTU, Fri, 12 Feb 2021 12:54:01 UTC: 0.001000 GTU, Fri, 12 Feb 2021 12:55:01 UTC: 0.001000 GTU, Fri, 12 Feb 2021 12:56:01 UTC: 0.001000 GTU, Fri, 12 Feb 2021 12:57:01 UTC: 0.001000 GTU, Fri, 12 Feb 2021 12:58:01 UTC: 0.001000 GTU, Fri, 12 Feb 2021 12:59:01 UTC: 0.001000 GTU, Fri, 12 Feb 2021 13:00:01 UTC: 0.001000 GTU, Fri, 12 Feb 2021 13:01:01 UTC: 0.001000 GTU, Fri, 12 Feb 2021 13:02:01 UTC: 0.001000 GTU, Fri, 12 Feb 2021 13:03:01 UTC: 0.001000 GTU, Fri, 12 Feb 2021 13:04:01 UTC: 0.001000 GTU, Fri, 12 Feb 2021 13:05:01 UTC: 0.001000 GTU, Fri, 12 Feb 2021 13:06:01 UTC: 0.001000 GTU, Fri, 12 Feb 2021 13:07:01 UTC: 0.001000 GTU, Fri, 12 Feb 2021 13:08:01 UTC: 0.001000 GTU, Fri, 12 Feb 2021 13:09:01 UTC: 0.001000 GTU, Fri, 12 Feb 2021 13:10:01 UTC: 0.001000 GTU, Fri, 12 Feb 2021 13:11:01 UTC: 0.001000 GTU, Fri, 12 Feb 2021 13:12:01 UTC: 0.001000 GTU, Fri, 12 Feb 2021 13:13:01 UTC: 0.001000 GTU, Fri, 12 Feb 2021 13:14:01 UTC: 0.001000 GTU, Fri, 12 Feb 2021 13:15:01 UTC: 0.001000 GTU, Fri, 12 Feb 2021 13:16:01 UTC: 0.001000 GTU, Fri, 12 Feb 2021 13:17:01 UTC: 0.001000 GTU, Fri, 12 Feb 2021 13:18:01 UTC: 0.001000 GTU, Fri, 12 Feb 2021 13:19:01 UTC: 0.001000 GTU, Fri, 12 Feb 2021 13:20:01 UTC: 0.001000 GTU, Fri, 12 Feb 2021 13:21:01 UTC: 0.001000 GTU, Fri, 12 Feb 2021 13:22:01 UTC: 0.001000 GTU, Fri, 12 Feb 2021 13:23:01 UTC: 0.001000 GTU, Fri, 12 Feb 2021 13:24:01 UTC: 0.001000 GTU, Fri, 12 Feb 2021 13:25:01 UTC: 0.001000 GTU, Fri, 12 Feb 2021 13:26:01 UTC: 0.001000 GTU, Fri, 12 Feb 2021 13:27:01 UTC: 0.001000 GTU, Fri, 12 Feb 2021 13:28:01 UTC: 0.001000 GTU, Fri, 12 Feb 2021 13:29:01 UTC: 0.001000 GTU, Fri, 12 Feb 2021 13:30:01 UTC: 0.001000 GTU, Fri, 12 Feb 2021 13:31:01 UTC: 0.001000 GTU, Fri, 12 Feb 2021 13:32:01 UTC: 0.001000 GTU, Fri, 12 Feb 2021 13:33:01 UTC: 0.001000 GTU
[12:38:11] Waiting for the transaction to be finalized.....
Transaction is finalized into block 37c4a1dcc1c998a9a82bf3a0b190befccb8f1a8ca18a3256feec63a5da78acdb with status "success" and cost 0.556300 GTU (5563 NRG).
[12:38:22] Transaction finalized.
spawn ./concordium-client transaction send-gtu-scheduled --schedule 0.001 at 2021-02-13T12:39:01Z, 0.001 at 2021-02-13T12:40:01Z, 0.001 at 2021-02-13T12:41:01Z, 0.001 at 2021-02-13T12:42:01Z, 0.001 at 2021-02-13T12:43:01Z, 0.001 at 2021-02-13T12:44:01Z, 0.001 at 2021-02-13T12:45:01Z, 0.001 at 2021-02-13T12:46:01Z, 0.001 at 2021-02-13T12:47:01Z, 0.001 at 2021-02-13T12:48:01Z, 0.001 at 2021-02-13T12:49:01Z, 0.001 at 2021-02-13T12:50:01Z, 0.001 at 2021-02-13T12:51:01Z, 0.001 at 2021-02-13T12:52:01Z, 0.001 at 2021-02-13T12:53:01Z, 0.001 at 2021-02-13T12:54:01Z, 0.001 at 2021-02-13T12:55:01Z, 0.001 at 2021-02-13T12:56:01Z, 0.001 at 2021-02-13T12:57:01Z, 0.001 at 2021-02-13T12:58:01Z, 0.001 at 2021-02-13T12:59:01Z, 0.001 at 2021-02-13T13:00:01Z, 0.001 at 2021-02-13T13:01:01Z, 0.001 at 2021-02-13T13:02:01Z, 0.001 at 2021-02-13T13:03:01Z, 0.001 at 2021-02-13T13:04:01Z, 0.001 at 2021-02-13T13:05:01Z, 0.001 at 2021-02-13T13:06:01Z, 0.001 at 2021-02-13T13:07:01Z, 0.001 at 2021-02-13T13:08:01Z, 0.001 at 2021-02-13T13:09:01Z, 0.001 at 2021-02-13T13:10:01Z, 0.001 at 2021-02-13T13:11:01Z, 0.001 at 2021-02-13T13:12:01Z, 0.001 at 2021-02-13T13:13:01Z, 0.001 at 2021-02-13T13:14:01Z, 0.001 at 2021-02-13T13:15:01Z, 0.001 at 2021-02-13T13:16:01Z, 0.001 at 2021-02-13T13:17:01Z, 0.001 at 2021-02-13T13:18:01Z, 0.001 at 2021-02-13T13:19:01Z, 0.001 at 2021-02-13T13:20:01Z, 0.001 at 2021-02-13T13:21:01Z, 0.001 at 2021-02-13T13:22:01Z, 0.001 at 2021-02-13T13:23:01Z, 0.001 at 2021-02-13T13:24:01Z, 0.001 at 2021-02-13T13:25:01Z, 0.001 at 2021-02-13T13:26:01Z, 0.001 at 2021-02-13T13:27:01Z, 0.001 at 2021-02-13T13:28:01Z, 0.001 at 2021-02-13T13:29:01Z, 0.001 at 2021-02-13T13:30:01Z, 0.001 at 2021-02-13T13:31:01Z, 0.001 at 2021-02-13T13:32:01Z, 0.001 at 2021-02-13T13:33:01Z --receiver 3QhuD1T16FeNQbFDskqSYBcTF5sR3zaMJ3rxVLFCDeqnf9JJbP --sender 3hG2SNwEKkT5pRe6mGgPMowkCTgjbtJUJj5UPaTxnjfSYhsQQc --no-confirm
Using default energy amount of 5563 NRG.
[92mSending GTUs from '3hG2SNwEKkT5pRe6mGgPMowkCTgjbtJUJj5UPaTxnjfSYhsQQc' (Lcofjurn) to '3QhuD1T16FeNQbFDskqSYBcTF5sR3zaMJ3rxVLFCDeqnf9JJbP'.
With the following release schedule:
Sat, 13 Feb 2021 12:39:01 UTC: 0.001000 GTU
Sat, 13 Feb 2021 12:40:01 UTC: 0.001000 GTU
Sat, 13 Feb 2021 12:41:01 UTC: 0.001000 GTU
Sat, 13 Feb 2021 12:42:01 UTC: 0.001000 GTU
Sat, 13 Feb 2021 12:43:01 UTC: 0.001000 GTU
Sat, 13 Feb 2021 12:44:01 UTC: 0.001000 GTU
Sat, 13 Feb 2021 12:45:01 UTC: 0.001000 GTU
Sat, 13 Feb 2021 12:46:01 UTC: 0.001000 GTU
Sat, 13 Feb 2021 12:47:01 UTC: 0.001000 GTU
Sat, 13 Feb 2021 12:48:01 UTC: 0.001000 GTU
Sat, 13 Feb 2021 12:49:01 UTC: 0.001000 GTU
Sat, 13 Feb 2021 12:50:01 UTC: 0.001000 GTU
Sat, 13 Feb 2021 12:51:01 UTC: 0.001000 GTU
Sat, 13 Feb 2021 12:52:01 UTC: 0.001000 GTU
Sat, 13 Feb 2021 12:53:01 UTC: 0.001000 GTU
Sat, 13 Feb 2021 12:54:01 UTC: 0.001000 GTU
Sat, 13 Feb 2021 12:55:01 UTC: 0.001000 GTU
Sat, 13 Feb 2021 12:56:01 UTC: 0.001000 GTU
Sat, 13 Feb 2021 12:57:01 UTC: 0.001000 GTU
Sat, 13 Feb 2021 12:58:01 UTC: 0.001000 GTU
Sat, 13 Feb 2021 12:59:01 UTC: 0.001000 GTU
Sat, 13 Feb 2021 13:00:01 UTC: 0.001000 GTU
Sat, 13 Feb 2021 13:01:01 UTC: 0.001000 GTU
Sat, 13 Feb 2021 13:02:01 UTC: 0.001000 GTU
Sat, 13 Feb 2021 13:03:01 UTC: 0.001000 GTU
Sat, 13 Feb 2021 13:04:01 UTC: 0.001000 GTU
Sat, 13 Feb 2021 13:05:01 UTC: 0.001000 GTU
Sat, 13 Feb 2021 13:06:01 UTC: 0.001000 GTU
Sat, 13 Feb 2021 13:07:01 UTC: 0.001000 GTU
Sat, 13 Feb 2021 13:08:01 UTC: 0.001000 GTU
Sat, 13 Feb 2021 13:09:01 UTC: 0.001000 GTU
Sat, 13 Feb 2021 13:10:01 UTC: 0.001000 GTU
Sat, 13 Feb 2021 13:11:01 UTC: 0.001000 GTU
Sat, 13 Feb 2021 13:12:01 UTC: 0.001000 GTU
Sat, 13 Feb 2021 13:13:01 UTC: 0.001000 GTU
Sat, 13 Feb 2021 13:14:01 UTC: 0.001000 GTU
Sat, 13 Feb 2021 13:15:01 UTC: 0.001000 GTU
Sat, 13 Feb 2021 13:16:01 UTC: 0.001000 GTU
Sat, 13 Feb 2021 13:17:01 UTC: 0.001000 GTU
Sat, 13 Feb 2021 13:18:01 UTC: 0.001000 GTU
Sat, 13 Feb 2021 13:19:01 UTC: 0.001000 GTU
Sat, 13 Feb 2021 13:20:01 UTC: 0.001000 GTU
Sat, 13 Feb 2021 13:21:01 UTC: 0.001000 GTU
Sat, 13 Feb 2021 13:22:01 UTC: 0.001000 GTU
Sat, 13 Feb 2021 13:23:01 UTC: 0.001000 GTU
Sat, 13 Feb 2021 13:24:01 UTC: 0.001000 GTU
Sat, 13 Feb 2021 13:25:01 UTC: 0.001000 GTU
Sat, 13 Feb 2021 13:26:01 UTC: 0.001000 GTU
Sat, 13 Feb 2021 13:27:01 UTC: 0.001000 GTU
Sat, 13 Feb 2021 13:28:01 UTC: 0.001000 GTU
Sat, 13 Feb 2021 13:29:01 UTC: 0.001000 GTU
Sat, 13 Feb 2021 13:30:01 UTC: 0.001000 GTU
Sat, 13 Feb 2021 13:31:01 UTC: 0.001000 GTU
Sat, 13 Feb 2021 13:32:01 UTC: 0.001000 GTU
Sat, 13 Feb 2021 13:33:01 UTC: 0.001000 GTU
with a total amount of 0.055000 GTU.
Allowing up to 5563 NRG to be spent as transaction fee.
Transaction expires at Sat, 13 Feb 2021 12:48:01 UTC.
[0mEnter password for signing key:

 
[92mTransaction '6ef6736fff8b19002c1ad33bde7fb54d81e10bfb039c6b81c4c953b47b50f48b' sent to the baker.
[0mWaiting for the transaction to be committed and finalized.
You may skip this step by interrupting the command using Ctrl-C (pass flag '--no-wait' to do this by default).
The transaction will still get processed and may be queried using
  'transaction status 6ef6736fff8b19002c1ad33bde7fb54d81e10bfb039c6b81c4c953b47b50f48b'.
[12:38:01] Waiting for the transaction to be committed....
Transaction is finalized into block 2563cf8dadd6e900d8fe07930ceef63d13815493adaac0d7a6c3cd480f99b76a with status "success" and cost 0.556300 GTU (5563 NRG).
[12:38:03] Waiting for the transaction to be finalized...
[12:38:03] Transaction finalized.
spawn ./concordium-client transaction send-gtu-scheduled --schedule 0.001 at 2021-02-14T12:39:01Z, 0.001 at 2021-02-14T12:40:01Z, 0.001 at 2021-02-14T12:41:01Z, 0.001 at 2021-02-14T12:42:01Z, 0.001 at 2021-02-14T12:43:01Z, 0.001 at 2021-02-14T12:44:01Z, 0.001 at 2021-02-14T12:45:01Z, 0.001 at 2021-02-14T12:46:01Z, 0.001 at 2021-02-14T12:47:01Z, 0.001 at 2021-02-14T12:48:01Z, 0.001 at 2021-02-14T12:49:01Z, 0.001 at 2021-02-14T12:50:01Z, 0.001 at 2021-02-14T12:51:01Z, 0.001 at 2021-02-14T12:52:01Z, 0.001 at 2021-02-14T12:53:01Z, 0.001 at 2021-02-14T12:54:01Z, 0.001 at 2021-02-14T12:55:01Z, 0.001 at 2021-02-14T12:56:01Z, 0.001 at 2021-02-14T12:57:01Z, 0.001 at 2021-02-14T12:58:01Z, 0.001 at 2021-02-14T12:59:01Z, 0.001 at 2021-02-14T13:00:01Z, 0.001 at 2021-02-14T13:01:01Z, 0.001 at 2021-02-14T13:02:01Z, 0.001 at 2021-02-14T13:03:01Z, 0.001 at 2021-02-14T13:04:01Z, 0.001 at 2021-02-14T13:05:01Z, 0.001 at 2021-02-14T13:06:01Z, 0.001 at 2021-02-14T13:07:01Z, 0.001 at 2021-02-14T13:08:01Z, 0.001 at 2021-02-14T13:09:01Z, 0.001 at 2021-02-14T13:10:01Z, 0.001 at 2021-02-14T13:11:01Z, 0.001 at 2021-02-14T13:12:01Z, 0.001 at 2021-02-14T13:13:01Z, 0.001 at 2021-02-14T13:14:01Z, 0.001 at 2021-02-14T13:15:01Z, 0.001 at 2021-02-14T13:16:01Z, 0.001 at 2021-02-14T13:17:01Z, 0.001 at 2021-02-14T13:18:01Z, 0.001 at 2021-02-14T13:19:01Z, 0.001 at 2021-02-14T13:20:01Z, 0.001 at 2021-02-14T13:21:01Z, 0.001 at 2021-02-14T13:22:01Z, 0.001 at 2021-02-14T13:23:01Z, 0.001 at 2021-02-14T13:24:01Z, 0.001 at 2021-02-14T13:25:01Z, 0.001 at 2021-02-14T13:26:01Z, 0.001 at 2021-02-14T13:27:01Z, 0.001 at 2021-02-14T13:28:01Z, 0.001 at 2021-02-14T13:29:01Z, 0.001 at 2021-02-14T13:30:01Z, 0.001 at 2021-02-14T13:31:01Z, 0.001 at 2021-02-14T13:32:01Z, 0.001 at 2021-02-14T13:33:01Z --receiver 3QhuD1T16FeNQbFDskqSYBcTF5sR3zaMJ3rxVLFCDeqnf9JJbP --sender 3hG2SNwEKkT5pRe6mGgPMowkCTgjbtJUJj5UPaTxnjfSYhsQQc --no-confirm
Using default energy amount of 5563 NRG.
[92mSending GTUs from '3hG2SNwEKkT5pRe6mGgPMowkCTgjbtJUJj5UPaTxnjfSYhsQQc' (Lcofjurn) to '3QhuD1T16FeNQbFDskqSYBcTF5sR3zaMJ3rxVLFCDeqnf9JJbP'.
With the following release schedule:
Sun, 14 Feb 2021 12:39:01 UTC: 0.001000 GTU
Sun, 14 Feb 2021 12:40:01 UTC: 0.001000 GTU
Sun, 14 Feb 2021 12:41:01 UTC: 0.001000 GTU
Sun, 14 Feb 2021 12:42:01 UTC: 0.001000 GTU
Sun, 14 Feb 2021 12:43:01 UTC: 0.001000 GTU
Sun, 14 Feb 2021 12:44:01 UTC: 0.001000 GTU
Sun, 14 Feb 2021 12:45:01 UTC: 0.001000 GTU
Sun, 14 Feb 2021 12:46:01 UTC: 0.001000 GTU
Sun, 14 Feb 2021 12:47:01 UTC: 0.001000 GTU
Sun, 14 Feb 2021 12:48:01 UTC: 0.001000 GTU
Sun, 14 Feb 2021 12:49:01 UTC: 0.001000 GTU
Sun, 14 Feb 2021 12:50:01 UTC: 0.001000 GTU
Sun, 14 Feb 2021 12:51:01 UTC: 0.001000 GTU
Sun, 14 Feb 2021 12:52:01 UTC: 0.001000 GTU
Sun, 14 Feb 2021 12:53:01 UTC: 0.001000 GTU
Sun, 14 Feb 2021 12:54:01 UTC: 0.001000 GTU
Sun, 14 Feb 2021 12:55:01 UTC: 0.001000 GTU
Sun, 14 Feb 2021 12:56:01 UTC: 0.001000 GTU
Sun, 14 Feb 2021 12:57:01 UTC: 0.001000 GTU
Sun, 14 Feb 2021 12:58:01 UTC: 0.001000 GTU
Sun, 14 Feb 2021 12:59:01 UTC: 0.001000 GTU
Sun, 14 Feb 2021 13:00:01 UTC: 0.001000 GTU
Sun, 14 Feb 2021 13:01:01 UTC: 0.001000 GTU
Sun, 14 Feb 2021 13:02:01 UTC: 0.001000 GTU
Sun, 14 Feb 2021 13:03:01 UTC: 0.001000 GTU
Sun, 14 Feb 2021 13:04:01 UTC: 0.001000 GTU
Sun, 14 Feb 2021 13:05:01 UTC: 0.001000 GTU
Sun, 14 Feb 2021 13:06:01 UTC: 0.001000 GTU
Sun, 14 Feb 2021 13:07:01 UTC: 0.001000 GTU
Sun, 14 Feb 2021 13:08:01 UTC: 0.001000 GTU
Sun, 14 Feb 2021 13:09:01 UTC: 0.001000 GTU
Sun, 14 Feb 2021 13:10:01 UTC: 0.001000 GTU
Sun, 14 Feb 2021 13:11:01 UTC: 0.001000 GTU
Sun, 14 Feb 2021 13:12:01 UTC: 0.001000 GTU
Sun, 14 Feb 2021 13:13:01 UTC: 0.001000 GTU
Sun, 14 Feb 2021 13:14:01 UTC: 0.001000 GTU
Sun, 14 Feb 2021 13:15:01 UTC: 0.001000 GTU
Sun, 14 Feb 2021 13:16:01 UTC: 0.001000 GTU
Sun, 14 Feb 2021 13:17:01 UTC: 0.001000 GTU
Sun, 14 Feb 2021 13:18:01 UTC: 0.001000 GTU
Sun, 14 Feb 2021 13:19:01 UTC: 0.001000 GTU
Sun, 14 Feb 2021 13:20:01 UTC: 0.001000 GTU
Sun, 14 Feb 2021 13:21:01 UTC: 0.001000 GTU
Sun, 14 Feb 2021 13:22:01 UTC: 0.001000 GTU
Sun, 14 Feb 2021 13:23:01 UTC: 0.001000 GTU
Sun, 14 Feb 2021 13:24:01 UTC: 0.001000 GTU
Sun, 14 Feb 2021 13:25:01 UTC: 0.001000 GTU
Sun, 14 Feb 2021 13:26:01 UTC: 0.001000 GTU
Sun, 14 Feb 2021 13:27:01 UTC: 0.001000 GTU
Sun, 14 Feb 2021 13:28:01 UTC: 0.001000 GTU
Sun, 14 Feb 2021 13:29:01 UTC: 0.001000 GTU
Sun, 14 Feb 2021 13:30:01 UTC: 0.001000 GTU
Sun, 14 Feb 2021 13:31:01 UTC: 0.001000 GTU
Sun, 14 Feb 2021 13:32:01 UTC: 0.001000 GTU
Sun, 14 Feb 2021 13:33:01 UTC: 0.001000 GTU
with a total amount of 0.055000 GTU.
Allowing up to 5563 NRG to be spent as transaction fee.
Transaction expires at Sun, 14 Feb 2021 12:48:01 UTC.
[0mEnter password for signing key: 
[92mTransaction '2643f3f8984b2c8ccf5eb20fa1a5cabef08d5051a3ec320af3d47badba86bdfb' sent to the baker.
[0mWaiting for the transaction to be committed and finalized.
You may skip this step by interrupting the command using Ctrl-C (pass flag '--no-wait' to do this by default).
The transaction will still get processed and may be queried using
  'transaction status 2643f3f8984b2c8ccf5eb20fa1a5cabef08d5051a3ec320af3d47badba86bdfb'.
[12:38:01] Waiting for the transaction to be committed........................................................................................................................................................................................................................................................................................................................................................................
[91mError: Transaction failed before it got committed. Most likely because it was invalid.
[0mspawn ./concordium-client transaction send-gtu-scheduled --schedule 0.001 at 2021-02-15T12:39:01Z, 0.001 at 2021-02-15T12:40:01Z, 0.001 at 2021-02-15T12:41:01Z, 0.001 at 2021-02-15T12:42:01Z, 0.001 at 2021-02-15T12:43:01Z, 0.001 at 2021-02-15T12:44:01Z, 0.001 at 2021-02-15T12:45:01Z, 0.001 at 2021-02-15T12:46:01Z, 0.001 at 2021-02-15T12:47:01Z, 0.001 at 2021-02-15T12:48:01Z, 0.001 at 2021-02-15T12:49:01Z, 0.001 at 2021-02-15T12:50:01Z, 0.001 at 2021-02-15T12:51:01Z, 0.001 at 2021-02-15T12:52:01Z, 0.001 at 2021-02-15T12:53:01Z, 0.001 at 2021-02-15T12:54:01Z, 0.001 at 2021-02-15T12:55:01Z, 0.001 at 2021-02-15T12:56:01Z, 0.001 at 2021-02-15T12:57:01Z, 0.001 at 2021-02-15T12:58:01Z, 0.001 at 2021-02-15T12:59:01Z, 0.001 at 2021-02-15T13:00:01Z, 0.001 at 2021-02-15T13:01:01Z, 0.001 at 2021-02-15T13:02:01Z, 0.001 at 2021-02-15T13:03:01Z, 0.001 at 2021-02-15T13:04:01Z, 0.001 at 2021-02-15T13:05:01Z, 0.001 at 2021-02-15T13:06:01Z, 0.001 at 2021-02-15T13:07:01Z, 0.001 at 2021-02-15T13:08:01Z, 0.001 at 2021-02-15T13:09:01Z, 0.001 at 2021-02-15T13:10:01Z, 0.001 at 2021-02-15T13:11:01Z, 0.001 at 2021-02-15T13:12:01Z, 0.001 at 2021-02-15T13:13:01Z, 0.001 at 2021-02-15T13:14:01Z, 0.001 at 2021-02-15T13:15:01Z, 0.001 at 2021-02-15T13:16:01Z, 0.001 at 2021-02-15T13:17:01Z, 0.001 at 2021-02-15T13:18:01Z, 0.001 at 2021-02-15T13:19:01Z, 0.001 at 2021-02-15T13:20:01Z, 0.001 at 2021-02-15T13:21:01Z, 0.001 at 2021-02-15T13:22:01Z, 0.001 at 2021-02-15T13:23:01Z, 0.001 at 2021-02-15T13:24:01Z, 0.001 at 2021-02-15T13:25:01Z, 0.001 at 2021-02-15T13:26:01Z, 0.001 at 2021-02-15T13:27:01Z, 0.001 at 2021-02-15T13:28:01Z, 0.001 at 2021-02-15T13:29:01Z, 0.001 at 2021-02-15T13:30:01Z, 0.001 at 2021-02-15T13:31:01Z, 0.001 at 2021-02-15T13:32:01Z, 0.001 at 2021-02-15T13:33:01Z --receiver 3QhuD1T16FeNQbFDskqSYBcTF5sR3zaMJ3rxVLFCDeqnf9JJbP --sender 3hG2SNwEKkT5pRe6mGgPMowkCTgjbtJUJj5UPaTxnjfSYhsQQc --no-confirm
Using default energy amount of 5563 NRG.
[92mSending GTUs from '3hG2SNwEKkT5pRe6mGgPMowkCTgjbtJUJj5UPaTxnjfSYhsQQc' (Lcofjurn) to '3QhuD1T16FeNQbFDskqSYBcTF5sR3zaMJ3rxVLFCDeqnf9JJbP'.
With the following release schedule:
Mon, 15 Feb 2021 12:39:01 UTC: 0.001000 GTU
Mon, 15 Feb 2021 12:40:01 UTC: 0.001000 GTU
Mon, 15 Feb 2021 12:41:01 UTC: 0.001000 GTU
Mon, 15 Feb 2021 12:42:01 UTC: 0.001000 GTU
Mon, 15 Feb 2021 12:43:01 UTC: 0.001000 GTU
Mon, 15 Feb 2021 12:44:01 UTC: 0.001000 GTU
Mon, 15 Feb 2021 12:45:01 UTC: 0.001000 GTU
Mon, 15 Feb 2021 12:46:01 UTC: 0.001000 GTU
Mon, 15 Feb 2021 12:47:01 UTC: 0.001000 GTU
Mon, 15 Feb 2021 12:48:01 UTC: 0.001000 GTU
Mon, 15 Feb 2021 12:49:01 UTC: 0.001000 GTU
Mon, 15 Feb 2021 12:50:01 UTC: 0.001000 GTU
Mon, 15 Feb 2021 12:51:01 UTC: 0.001000 GTU
Mon, 15 Feb 2021 12:52:01 UTC: 0.001000 GTU
Mon, 15 Feb 2021 12:53:01 UTC: 0.001000 GTU
Mon, 15 Feb 2021 12:54:01 UTC: 0.001000 GTU
Mon, 15 Feb 2021 12:55:01 UTC: 0.001000 GTU
Mon, 15 Feb 2021 12:56:01 UTC: 0.001000 GTU
Mon, 15 Feb 2021 12:57:01 UTC: 0.001000 GTU
Mon, 15 Feb 2021 12:58:01 UTC: 0.001000 GTU
Mon, 15 Feb 2021 12:59:01 UTC: 0.001000 GTU
Mon, 15 Feb 2021 13:00:01 UTC: 0.001000 GTU
Mon, 15 Feb 2021 13:01:01 UTC: 0.001000 GTU
Mon, 15 Feb 2021 13:02:01 UTC: 0.001000 GTU
Mon, 15 Feb 2021 13:03:01 UTC: 0.001000 GTU
Mon, 15 Feb 2021 13:04:01 UTC: 0.001000 GTU
Mon, 15 Feb 2021 13:05:01 UTC: 0.001000 GTU
Mon, 15 Feb 2021 13:06:01 UTC: 0.001000 GTU
Mon, 15 Feb 2021 13:07:01 UTC: 0.001000 GTU
Mon, 15 Feb 2021 13:08:01 UTC: 0.001000 GTU
Mon, 15 Feb 2021 13:09:01 UTC: 0.001000 GTU
Mon, 15 Feb 2021 13:10:01 UTC: 0.001000 GTU
Mon, 15 Feb 2021 13:11:01 UTC: 0.001000 GTU
Mon, 15 Feb 2021 13:12:01 UTC: 0.001000 GTU
Mon, 15 Feb 2021 13:13:01 UTC: 0.001000 GTU
Mon, 15 Feb 2021 13:14:01 UTC: 0.001000 GTU
Mon, 15 Feb 2021 13:15:01 UTC: 0.001000 GTU
Mon, 15 Feb 2021 13:16:01 UTC: 0.001000 GTU
Mon, 15 Feb 2021 13:17:01 UTC: 0.001000 GTU
Mon, 15 Feb 2021 13:18:01 UTC: 0.001000 GTU
Mon, 15 Feb 2021 13:19:01 UTC: 0.001000 GTU
Mon, 15 Feb 2021 13:20:01 UTC: 0.001000 GTU
Mon, 15 Feb 2021 13:21:01 UTC: 0.001000 GTU
Mon, 15 Feb 2021 13:22:01 UTC: 0.001000 GTU
Mon, 15 Feb 2021 13:23:01 UTC: 0.001000 GTU
Mon, 15 Feb 2021 13:24:01 UTC: 0.001000 GTU
Mon, 15 Feb 2021 13:25:01 UTC: 0.001000 GTU
Mon, 15 Feb 2021 13:26:01 UTC: 0.001000 GTU
Mon, 15 Feb 2021 13:27:01 UTC: 0.001000 GTU
Mon, 15 Feb 2021 13:28:01 UTC: 0.001000 GTU
Mon, 15 Feb 2021 13:29:01 UTC: 0.001000 GTU
Mon, 15 Feb 2021 13:30:01 UTC: 0.001000 GTU
Mon, 15 Feb 2021 13:31:01 UTC: 0.001000 GTU
Mon, 15 Feb 2021 13:32:01 UTC: 0.001000 GTU
Mon, 15 Feb 2021 13:33:01 UTC: 0.001000 GTU
with a total amount of 0.055000 GTU.
Allowing up to 5563 NRG to be spent as transaction fee.
Transaction expires at Mon, 15 Feb 2021 12:48:02 UTC.
[0mEnter password for signing key:

 
[92mTransaction 'bf6d2113f628dc295131858a0972273d4a5af292c5b2b63bdd64c0d6bf134879' sent to the baker.
[0mWaiting for the transaction to be committed and finalized.
You may skip this step by interrupting the command using Ctrl-C (pass flag '--no-wait' to do this by default).
The transaction will still get processed and may be queried using
  'transaction status bf6d2113f628dc295131858a0972273d4a5af292c5b2b63bdd64c0d6bf134879'.
[12:38:02] Waiting for the transaction to be committed................................................................................................................................................................................................................................................................................................................................................................................
[91mError: Transaction failed before it got committed. Most likely because it was invalid.
[0mspawn ./concordium-client transaction send-gtu-scheduled --schedule 0.001 at 2021-02-16T12:39:01Z, 0.001 at 2021-02-16T12:40:01Z, 0.001 at 2021-02-16T12:41:01Z, 0.001 at 2021-02-16T12:42:01Z, 0.001 at 2021-02-16T12:43:01Z, 0.001 at 2021-02-16T12:44:01Z, 0.001 at 2021-02-16T12:45:01Z, 0.001 at 2021-02-16T12:46:01Z, 0.001 at 2021-02-16T12:47:01Z, 0.001 at 2021-02-16T12:48:01Z, 0.001 at 2021-02-16T12:49:01Z, 0.001 at 2021-02-16T12:50:01Z, 0.001 at 2021-02-16T12:51:01Z, 0.001 at 2021-02-16T12:52:01Z, 0.001 at 2021-02-16T12:53:01Z, 0.001 at 2021-02-16T12:54:01Z, 0.001 at 2021-02-16T12:55:01Z, 0.001 at 2021-02-16T12:56:01Z, 0.001 at 2021-02-16T12:57:01Z, 0.001 at 2021-02-16T12:58:01Z, 0.001 at 2021-02-16T12:59:01Z, 0.001 at 2021-02-16T13:00:01Z, 0.001 at 2021-02-16T13:01:01Z, 0.001 at 2021-02-16T13:02:01Z, 0.001 at 2021-02-16T13:03:01Z, 0.001 at 2021-02-16T13:04:01Z, 0.001 at 2021-02-16T13:05:01Z, 0.001 at 2021-02-16T13:06:01Z, 0.001 at 2021-02-16T13:07:01Z, 0.001 at 2021-02-16T13:08:01Z, 0.001 at 2021-02-16T13:09:01Z, 0.001 at 2021-02-16T13:10:01Z, 0.001 at 2021-02-16T13:11:01Z, 0.001 at 2021-02-16T13:12:01Z, 0.001 at 2021-02-16T13:13:01Z, 0.001 at 2021-02-16T13:14:01Z, 0.001 at 2021-02-16T13:15:01Z, 0.001 at 2021-02-16T13:16:01Z, 0.001 at 2021-02-16T13:17:01Z, 0.001 at 2021-02-16T13:18:01Z, 0.001 at 2021-02-16T13:19:01Z, 0.001 at 2021-02-16T13:20:01Z, 0.001 at 2021-02-16T13:21:01Z, 0.001 at 2021-02-16T13:22:01Z, 0.001 at 2021-02-16T13:23:01Z, 0.001 at 2021-02-16T13:24:01Z, 0.001 at 2021-02-16T13:25:01Z, 0.001 at 2021-02-16T13:26:01Z, 0.001 at 2021-02-16T13:27:01Z, 0.001 at 2021-02-16T13:28:01Z, 0.001 at 2021-02-16T13:29:01Z, 0.001 at 2021-02-16T13:30:01Z, 0.001 at 2021-02-16T13:31:01Z, 0.001 at 2021-02-16T13:32:01Z, 0.001 at 2021-02-16T13:33:01Z --receiver 3QhuD1T16FeNQbFDskqSYBcTF5sR3zaMJ3rxVLFCDeqnf9JJbP --sender 3hG2SNwEKkT5pRe6mGgPMowkCTgjbtJUJj5UPaTxnjfSYhsQQc --no-confirm
Using default energy amount of 5563 NRG.
[92mSending GTUs from '3hG2SNwEKkT5pRe6mGgPMowkCTgjbtJUJj5UPaTxnjfSYhsQQc' (Lcofjurn) to '3QhuD1T16FeNQbFDskqSYBcTF5sR3zaMJ3rxVLFCDeqnf9JJbP'.
With the following release schedule:
Tue, 16 Feb 2021 12:39:01 UTC: 0.001000 GTU
Tue, 16 Feb 2021 12:40:01 UTC: 0.001000 GTU
Tue, 16 Feb 2021 12:41:01 UTC: 0.001000 GTU
Tue, 16 Feb 2021 12:42:01 UTC: 0.001000 GTU
Tue, 16 Feb 2021 12:43:01 UTC: 0.001000 GTU
Tue, 16 Feb 2021 12:44:01 UTC: 0.001000 GTU
Tue, 16 Feb 2021 12:45:01 UTC: 0.001000 GTU
Tue, 16 Feb 2021 12:46:01 UTC: 0.001000 GTU
Tue, 16 Feb 2021 12:47:01 UTC: 0.001000 GTU
Tue, 16 Feb 2021 12:48:01 UTC: 0.001000 GTU
Tue, 16 Feb 2021 12:49:01 UTC: 0.001000 GTU
Tue, 16 Feb 2021 12:50:01 UTC: 0.001000 GTU
Tue, 16 Feb 2021 12:51:01 UTC: 0.001000 GTU
Tue, 16 Feb 2021 12:52:01 UTC: 0.001000 GTU
Tue, 16 Feb 2021 12:53:01 UTC: 0.001000 GTU
Tue, 16 Feb 2021 12:54:01 UTC: 0.001000 GTU
Tue, 16 Feb 2021 12:55:01 UTC: 0.001000 GTU
Tue, 16 Feb 2021 12:56:01 UTC: 0.001000 GTU
Tue, 16 Feb 2021 12:57:01 UTC: 0.001000 GTU
Tue, 16 Feb 2021 12:58:01 UTC: 0.001000 GTU
Tue, 16 Feb 2021 12:59:01 UTC: 0.001000 GTU
Tue, 16 Feb 2021 13:00:01 UTC: 0.001000 GTU
Tue, 16 Feb 2021 13:01:01 UTC: 0.001000 GTU
Tue, 16 Feb 2021 13:02:01 UTC: 0.001000 GTU
Tue, 16 Feb 2021 13:03:01 UTC: 0.001000 GTU
Tue, 16 Feb 2021 13:04:01 UTC: 0.001000 GTU
Tue, 16 Feb 2021 13:05:01 UTC: 0.001000 GTU
Tue, 16 Feb 2021 13:06:01 UTC: 0.001000 GTU
Tue, 16 Feb 2021 13:07:01 UTC: 0.001000 GTU
Tue, 16 Feb 2021 13:08:01 UTC: 0.001000 GTU
Tue, 16 Feb 2021 13:09:01 UTC: 0.001000 GTU
Tue, 16 Feb 2021 13:10:01 UTC: 0.001000 GTU
Tue, 16 Feb 2021 13:11:01 UTC: 0.001000 GTU
Tue, 16 Feb 2021 13:12:01 UTC: 0.001000 GTU
Tue, 16 Feb 2021 13:13:01 UTC: 0.001000 GTU
Tue, 16 Feb 2021 13:14:01 UTC: 0.001000 GTU
Tue, 16 Feb 2021 13:15:01 UTC: 0.001000 GTU
Tue, 16 Feb 2021 13:16:01 UTC: 0.001000 GTU
Tue, 16 Feb 2021 13:17:01 UTC: 0.001000 GTU
Tue, 16 Feb 2021 13:18:01 UTC: 0.001000 GTU
Tue, 16 Feb 2021 13:19:01 UTC: 0.001000 GTU
Tue, 16 Feb 2021 13:20:01 UTC: 0.001000 GTU
Tue, 16 Feb 2021 13:21:01 UTC: 0.001000 GTU
Tue, 16 Feb 2021 13:22:01 UTC: 0.001000 GTU
Tue, 16 Feb 2021 13:23:01 UTC: 0.001000 GTU
Tue, 16 Feb 2021 13:24:01 UTC: 0.001000 GTU
Tue, 16 Feb 2021 13:25:01 UTC: 0.001000 GTU
Tue, 16 Feb 2021 13:26:01 UTC: 0.001000 GTU
Tue, 16 Feb 2021 13:27:01 UTC: 0.001000 GTU
Tue, 16 Feb 2021 13:28:01 UTC: 0.001000 GTU
Tue, 16 Feb 2021 13:29:01 UTC: 0.001000 GTU
Tue, 16 Feb 2021 13:30:01 UTC: 0.001000 GTU
Tue, 16 Feb 2021 13:31:01 UTC: 0.001000 GTU
Tue, 16 Feb 2021 13:32:01 UTC: 0.001000 GTU
Tue, 16 Feb 2021 13:33:01 UTC: 0.001000 GTU
with a total amount of 0.055000 GTU.
Allowing up to 5563 NRG to be spent as transaction fee.
Transaction expires at Tue, 16 Feb 2021 12:48:02 UTC.
[0mEnter password for signing key:

 
[92mTransaction '701596a9d325ecffb3fb595c55d4998076d2566e4a7000f037183812e4fcd31b' sent to the baker.
[0mWaiting for the transaction to be committed and finalized.
You may skip this step by interrupting the command using Ctrl-C (pass flag '--no-wait' to do this by default).
The transaction will still get processed and may be queried using
  'transaction status 701596a9d325ecffb3fb595c55d4998076d2566e4a7000f037183812e4fcd31b'.
[12:38:02] Waiting for the transaction to be committed....
Transaction is finalized into block 6df8e1b6318945579e9ee217ff3f8f8bb06b316c7c712fc9fc83095b61ccbdec with status "success" and cost 0.556300 GTU (5563 NRG).
[12:38:04] Waiting for the transaction to be finalized...
[12:38:04] Transaction finalized.
spawn ./concordium-client transaction send-gtu-scheduled --schedule 0.001 at 2021-02-17T12:39:01Z, 0.001 at 2021-02-17T12:40:01Z, 0.001 at 2021-02-17T12:41:01Z, 0.001 at 2021-02-17T12:42:01Z, 0.001 at 2021-02-17T12:43:01Z, 0.001 at 2021-02-17T12:44:01Z, 0.001 at 2021-02-17T12:45:01Z, 0.001 at 2021-02-17T12:46:01Z, 0.001 at 2021-02-17T12:47:01Z, 0.001 at 2021-02-17T12:48:01Z, 0.001 at 2021-02-17T12:49:01Z, 0.001 at 2021-02-17T12:50:01Z, 0.001 at 2021-02-17T12:51:01Z, 0.001 at 2021-02-17T12:52:01Z, 0.001 at 2021-02-17T12:53:01Z, 0.001 at 2021-02-17T12:54:01Z, 0.001 at 2021-02-17T12:55:01Z, 0.001 at 2021-02-17T12:56:01Z, 0.001 at 2021-02-17T12:57:01Z, 0.001 at 2021-02-17T12:58:01Z, 0.001 at 2021-02-17T12:59:01Z, 0.001 at 2021-02-17T13:00:01Z, 0.001 at 2021-02-17T13:01:01Z, 0.001 at 2021-02-17T13:02:01Z, 0.001 at 2021-02-17T13:03:01Z, 0.001 at 2021-02-17T13:04:01Z, 0.001 at 2021-02-17T13:05:01Z, 0.001 at 2021-02-17T13:06:01Z, 0.001 at 2021-02-17T13:07:01Z, 0.001 at 2021-02-17T13:08:01Z, 0.001 at 2021-02-17T13:09:01Z, 0.001 at 2021-02-17T13:10:01Z, 0.001 at 2021-02-17T13:11:01Z, 0.001 at 2021-02-17T13:12:01Z, 0.001 at 2021-02-17T13:13:01Z, 0.001 at 2021-02-17T13:14:01Z, 0.001 at 2021-02-17T13:15:01Z, 0.001 at 2021-02-17T13:16:01Z, 0.001 at 2021-02-17T13:17:01Z, 0.001 at 2021-02-17T13:18:01Z, 0.001 at 2021-02-17T13:19:01Z, 0.001 at 2021-02-17T13:20:01Z, 0.001 at 2021-02-17T13:21:01Z, 0.001 at 2021-02-17T13:22:01Z, 0.001 at 2021-02-17T13:23:01Z, 0.001 at 2021-02-17T13:24:01Z, 0.001 at 2021-02-17T13:25:01Z, 0.001 at 2021-02-17T13:26:01Z, 0.001 at 2021-02-17T13:27:01Z, 0.001 at 2021-02-17T13:28:01Z, 0.001 at 2021-02-17T13:29:01Z, 0.001 at 2021-02-17T13:30:01Z, 0.001 at 2021-02-17T13:31:01Z, 0.001 at 2021-02-17T13:32:01Z, 0.001 at 2021-02-17T13:33:01Z --receiver 3QhuD1T16FeNQbFDskqSYBcTF5sR3zaMJ3rxVLFCDeqnf9JJbP --sender 3hG2SNwEKkT5pRe6mGgPMowkCTgjbtJUJj5UPaTxnjfSYhsQQc --no-confirm
Using default energy amount of 5563 NRG.
[92mSending GTUs from '3hG2SNwEKkT5pRe6mGgPMowkCTgjbtJUJj5UPaTxnjfSYhsQQc' (Lcofjurn) to '3QhuD1T16FeNQbFDskqSYBcTF5sR3zaMJ3rxVLFCDeqnf9JJbP'.
With the following release schedule:
Wed, 17 Feb 2021 12:39:01 UTC: 0.001000 GTU
Wed, 17 Feb 2021 12:40:01 UTC: 0.001000 GTU
Wed, 17 Feb 2021 12:41:01 UTC: 0.001000 GTU
Wed, 17 Feb 2021 12:42:01 UTC: 0.001000 GTU
Wed, 17 Feb 2021 12:43:01 UTC: 0.001000 GTU
Wed, 17 Feb 2021 12:44:01 UTC: 0.001000 GTU
Wed, 17 Feb 2021 12:45:01 UTC: 0.001000 GTU
Wed, 17 Feb 2021 12:46:01 UTC: 0.001000 GTU
Wed, 17 Feb 2021 12:47:01 UTC: 0.001000 GTU
Wed, 17 Feb 2021 12:48:01 UTC: 0.001000 GTU
Wed, 17 Feb 2021 12:49:01 UTC: 0.001000 GTU
Wed, 17 Feb 2021 12:50:01 UTC: 0.001000 GTU
Wed, 17 Feb 2021 12:51:01 UTC: 0.001000 GTU
Wed, 17 Feb 2021 12:52:01 UTC: 0.001000 GTU
Wed, 17 Feb 2021 12:53:01 UTC: 0.001000 GTU
Wed, 17 Feb 2021 12:54:01 UTC: 0.001000 GTU
Wed, 17 Feb 2021 12:55:01 UTC: 0.001000 GTU
Wed, 17 Feb 2021 12:56:01 UTC: 0.001000 GTU
Wed, 17 Feb 2021 12:57:01 UTC: 0.001000 GTU
Wed, 17 Feb 2021 12:58:01 UTC: 0.001000 GTU
Wed, 17 Feb 2021 12:59:01 UTC: 0.001000 GTU
Wed, 17 Feb 2021 13:00:01 UTC: 0.001000 GTU
Wed, 17 Feb 2021 13:01:01 UTC: 0.001000 GTU
Wed, 17 Feb 2021 13:02:01 UTC: 0.001000 GTU
Wed, 17 Feb 2021 13:03:01 UTC: 0.001000 GTU
Wed, 17 Feb 2021 13:04:01 UTC: 0.001000 GTU
Wed, 17 Feb 2021 13:05:01 UTC: 0.001000 GTU
Wed, 17 Feb 2021 13:06:01 UTC: 0.001000 GTU
Wed, 17 Feb 2021 13:07:01 UTC: 0.001000 GTU
Wed, 17 Feb 2021 13:08:01 UTC: 0.001000 GTU
Wed, 17 Feb 2021 13:09:01 UTC: 0.001000 GTU
Wed, 17 Feb 2021 13:10:01 UTC: 0.001000 GTU
Wed, 17 Feb 2021 13:11:01 UTC: 0.001000 GTU
Wed, 17 Feb 2021 13:12:01 UTC: 0.001000 GTU
Wed, 17 Feb 2021 13:13:01 UTC: 0.001000 GTU
Wed, 17 Feb 2021 13:14:01 UTC: 0.001000 GTU
Wed, 17 Feb 2021 13:15:01 UTC: 0.001000 GTU
Wed, 17 Feb 2021 13:16:01 UTC: 0.001000 GTU
Wed, 17 Feb 2021 13:17:01 UTC: 0.001000 GTU
Wed, 17 Feb 2021 13:18:01 UTC: 0.001000 GTU
Wed, 17 Feb 2021 13:19:01 UTC: 0.001000 GTU
Wed, 17 Feb 2021 13:20:01 UTC: 0.001000 GTU
Wed, 17 Feb 2021 13:21:01 UTC: 0.001000 GTU
Wed, 17 Feb 2021 13:22:01 UTC: 0.001000 GTU
Wed, 17 Feb 2021 13:23:01 UTC: 0.001000 GTU
Wed, 17 Feb 2021 13:24:01 UTC: 0.001000 GTU
Wed, 17 Feb 2021 13:25:01 UTC: 0.001000 GTU
Wed, 17 Feb 2021 13:26:01 UTC: 0.001000 GTU
Wed, 17 Feb 2021 13:27:01 UTC: 0.001000 GTU
Wed, 17 Feb 2021 13:28:01 UTC: 0.001000 GTU
Wed, 17 Feb 2021 13:29:01 UTC: 0.001000 GTU
Wed, 17 Feb 2021 13:30:01 UTC: 0.001000 GTU
Wed, 17 Feb 2021 13:31:01 UTC: 0.001000 GTU
Wed, 17 Feb 2021 13:32:01 UTC: 0.001000 GTU
Wed, 17 Feb 2021 13:33:01 UTC: 0.001000 GTU
with a total amount of 0.055000 GTU.
Allowing up to 5563 NRG to be spent as transaction fee.
Transaction expires at Wed, 17 Feb 2021 12:48:02 UTC.
[0mEnter password for signing key: 


[92mTransaction '305625d9bd630739da9af3ae3b7b53747995cb5a88df4ee51f5e7c6e7c269067' sent to the baker.
[0mWaiting for the transaction to be committed and finalized.
You may skip this step by interrupting the command using Ctrl-C (pass flag '--no-wait' to do this by default).
The transaction will still get processed and may be queried using
  'transaction status 305625d9bd630739da9af3ae3b7b53747995cb5a88df4ee51f5e7c6e7c269067'.
[12:38:02] Waiting for the transaction to be committed....
Transaction is committed into 2 blocks with status "success" and cost 0.556300 GTU (5563 NRG):
- 4d7f8bbeb163b13485cef0076914c2a6285463ff3ff0fab1d09633d40e41de43
- 740970cedca26cbffd34525a7c6d622c2fb73ac184412973a148715628a8b225
[12:38:04] Waiting for the transaction to be finalized.......
Transaction is finalized into block 740970cedca26cbffd34525a7c6d622c2fb73ac184412973a148715628a8b225 with status "success" and cost 0.556300 GTU (5563 NRG).
[12:38:25] Transaction finalized.
spawn ./concordium-client transaction send-gtu-scheduled --schedule 0.001 at 2021-02-18T12:39:01Z, 0.001 at 2021-02-18T12:40:01Z, 0.001 at 2021-02-18T12:41:01Z, 0.001 at 2021-02-18T12:42:01Z, 0.001 at 2021-02-18T12:43:01Z, 0.001 at 2021-02-18T12:44:01Z, 0.001 at 2021-02-18T12:45:01Z, 0.001 at 2021-02-18T12:46:01Z, 0.001 at 2021-02-18T12:47:01Z, 0.001 at 2021-02-18T12:48:01Z, 0.001 at 2021-02-18T12:49:01Z, 0.001 at 2021-02-18T12:50:01Z, 0.001 at 2021-02-18T12:51:01Z, 0.001 at 2021-02-18T12:52:01Z, 0.001 at 2021-02-18T12:53:01Z, 0.001 at 2021-02-18T12:54:01Z, 0.001 at 2021-02-18T12:55:01Z, 0.001 at 2021-02-18T12:56:01Z, 0.001 at 2021-02-18T12:57:01Z, 0.001 at 2021-02-18T12:58:01Z, 0.001 at 2021-02-18T12:59:01Z, 0.001 at 2021-02-18T13:00:01Z, 0.001 at 2021-02-18T13:01:01Z, 0.001 at 2021-02-18T13:02:01Z, 0.001 at 2021-02-18T13:03:01Z, 0.001 at 2021-02-18T13:04:01Z, 0.001 at 2021-02-18T13:05:01Z, 0.001 at 2021-02-18T13:06:01Z, 0.001 at 2021-02-18T13:07:01Z, 0.001 at 2021-02-18T13:08:01Z, 0.001 at 2021-02-18T13:09:01Z, 0.001 at 2021-02-18T13:10:01Z, 0.001 at 2021-02-18T13:11:01Z, 0.001 at 2021-02-18T13:12:01Z, 0.001 at 2021-02-18T13:13:01Z, 0.001 at 2021-02-18T13:14:01Z, 0.001 at 2021-02-18T13:15:01Z, 0.001 at 2021-02-18T13:16:01Z, 0.001 at 2021-02-18T13:17:01Z, 0.001 at 2021-02-18T13:18:01Z, 0.001 at 2021-02-18T13:19:01Z, 0.001 at 2021-02-18T13:20:01Z, 0.001 at 2021-02-18T13:21:01Z, 0.001 at 2021-02-18T13:22:01Z, 0.001 at 2021-02-18T13:23:01Z, 0.001 at 2021-02-18T13:24:01Z, 0.001 at 2021-02-18T13:25:01Z, 0.001 at 2021-02-18T13:26:01Z, 0.001 at 2021-02-18T13:27:01Z, 0.001 at 2021-02-18T13:28:01Z, 0.001 at 2021-02-18T13:29:01Z, 0.001 at 2021-02-18T13:30:01Z, 0.001 at 2021-02-18T13:31:01Z, 0.001 at 2021-02-18T13:32:01Z, 0.001 at 2021-02-18T13:33:01Z --receiver 3QhuD1T16FeNQbFDskqSYBcTF5sR3zaMJ3rxVLFCDeqnf9JJbP --sender 3hG2SNwEKkT5pRe6mGgPMowkCTgjbtJUJj5UPaTxnjfSYhsQQc --no-confirm
Using default energy amount of 5563 NRG.
[92mSending GTUs from '3hG2SNwEKkT5pRe6mGgPMowkCTgjbtJUJj5UPaTxnjfSYhsQQc' (Lcofjurn) to '3QhuD1T16FeNQbFDskqSYBcTF5sR3zaMJ3rxVLFCDeqnf9JJbP'.
With the following release schedule:
Thu, 18 Feb 2021 12:39:01 UTC: 0.001000 GTU
Thu, 18 Feb 2021 12:40:01 UTC: 0.001000 GTU
Thu, 18 Feb 2021 12:41:01 UTC: 0.001000 GTU
Thu, 18 Feb 2021 12:42:01 UTC: 0.001000 GTU
Thu, 18 Feb 2021 12:43:01 UTC: 0.001000 GTU
Thu, 18 Feb 2021 12:44:01 UTC: 0.001000 GTU
Thu, 18 Feb 2021 12:45:01 UTC: 0.001000 GTU
Thu, 18 Feb 2021 12:46:01 UTC: 0.001000 GTU
Thu, 18 Feb 2021 12:47:01 UTC: 0.001000 GTU
Thu, 18 Feb 2021 12:48:01 UTC: 0.001000 GTU
Thu, 18 Feb 2021 12:49:01 UTC: 0.001000 GTU
Thu, 18 Feb 2021 12:50:01 UTC: 0.001000 GTU
Thu, 18 Feb 2021 12:51:01 UTC: 0.001000 GTU
Thu, 18 Feb 2021 12:52:01 UTC: 0.001000 GTU
Thu, 18 Feb 2021 12:53:01 UTC: 0.001000 GTU
Thu, 18 Feb 2021 12:54:01 UTC: 0.001000 GTU
Thu, 18 Feb 2021 12:55:01 UTC: 0.001000 GTU
Thu, 18 Feb 2021 12:56:01 UTC: 0.001000 GTU
Thu, 18 Feb 2021 12:57:01 UTC: 0.001000 GTU
Thu, 18 Feb 2021 12:58:01 UTC: 0.001000 GTU
Thu, 18 Feb 2021 12:59:01 UTC: 0.001000 GTU
Thu, 18 Feb 2021 13:00:01 UTC: 0.001000 GTU
Thu, 18 Feb 2021 13:01:01 UTC: 0.001000 GTU
Thu, 18 Feb 2021 13:02:01 UTC: 0.001000 GTU
Thu, 18 Feb 2021 13:03:01 UTC: 0.001000 GTU
Thu, 18 Feb 2021 13:04:01 UTC: 0.001000 GTU
Thu, 18 Feb 2021 13:05:01 UTC: 0.001000 GTU
Thu, 18 Feb 2021 13:06:01 UTC: 0.001000 GTU
Thu, 18 Feb 2021 13:07:01 UTC: 0.001000 GTU
Thu, 18 Feb 2021 13:08:01 UTC: 0.001000 GTU
Thu, 18 Feb 2021 13:09:01 UTC: 0.001000 GTU
Thu, 18 Feb 2021 13:10:01 UTC: 0.001000 GTU
Thu, 18 Feb 2021 13:11:01 UTC: 0.001000 GTU
Thu, 18 Feb 2021 13:12:01 UTC: 0.001000 GTU
Thu, 18 Feb 2021 13:13:01 UTC: 0.001000 GTU
Thu, 18 Feb 2021 13:14:01 UTC: 0.001000 GTU
Thu, 18 Feb 2021 13:15:01 UTC: 0.001000 GTU
Thu, 18 Feb 2021 13:16:01 UTC: 0.001000 GTU
Thu, 18 Feb 2021 13:17:01 UTC: 0.001000 GTU
Thu, 18 Feb 2021 13:18:01 UTC: 0.001000 GTU
Thu, 18 Feb 2021 13:19:01 UTC: 0.001000 GTU
Thu, 18 Feb 2021 13:20:01 UTC: 0.001000 GTU
Thu, 18 Feb 2021 13:21:01 UTC: 0.001000 GTU
Thu, 18 Feb 2021 13:22:01 UTC: 0.001000 GTU
Thu, 18 Feb 2021 13:23:01 UTC: 0.001000 GTU
Thu, 18 Feb 2021 13:24:01 UTC: 0.001000 GTU
Thu, 18 Feb 2021 13:25:01 UTC: 0.001000 GTU
Thu, 18 Feb 2021 13:26:01 UTC: 0.001000 GTU
Thu, 18 Feb 2021 13:27:01 UTC: 0.001000 GTU
Thu, 18 Feb 2021 13:28:01 UTC: 0.001000 GTU
Thu, 18 Feb 2021 13:29:01 UTC: 0.001000 GTU
Thu, 18 Feb 2021 13:30:01 UTC: 0.001000 GTU
Thu, 18 Feb 2021 13:31:01 UTC: 0.001000 GTU
Thu, 18 Feb 2021 13:32:01 UTC: 0.001000 GTU
Thu, 18 Feb 2021 13:33:01 UTC: 0.001000 GTU
with a total amount of 0.055000 GTU.
Allowing up to 5563 NRG to be spent as transaction fee.
Transaction expires at Thu, 18 Feb 2021 12:48:01 UTC.
[0mEnter password for signing key:

 
[92mTransaction '4ff0026ccb900e3ca8229ee7839db42d759c5808790d833228e49e77e92779d7' sent to the baker.
[0mWaiting for the transaction to be committed and finalized.
You may skip this step by interrupting the command using Ctrl-C (pass flag '--no-wait' to do this by default).
The transaction will still get processed and may be queried using
  'transaction status 4ff0026ccb900e3ca8229ee7839db42d759c5808790d833228e49e77e92779d7'.
[12:38:01] Waiting for the transaction to be committed.....
Transaction is committed into block 21cb2d602035b3bb32080a5565bfb98bbdba9aaa5138ee476a5ba9a4ed282a04 with status "success" and cost 0.556300 GTU (5563 NRG).
[12:38:06] Waiting for the transaction to be finalized....
[12:38:11] Transaction finalized.
spawn ./concordium-client transaction send-gtu-scheduled --schedule 0.001 at 2021-02-19T12:39:01Z, 0.001 at 2021-02-19T12:40:01Z, 0.001 at 2021-02-19T12:41:01Z, 0.001 at 2021-02-19T12:42:01Z, 0.001 at 2021-02-19T12:43:01Z, 0.001 at 2021-02-19T12:44:01Z, 0.001 at 2021-02-19T12:45:01Z, 0.001 at 2021-02-19T12:46:01Z, 0.001 at 2021-02-19T12:47:01Z, 0.001 at 2021-02-19T12:48:01Z, 0.001 at 2021-02-19T12:49:01Z, 0.001 at 2021-02-19T12:50:01Z, 0.001 at 2021-02-19T12:51:01Z, 0.001 at 2021-02-19T12:52:01Z, 0.001 at 2021-02-19T12:53:01Z, 0.001 at 2021-02-19T12:54:01Z, 0.001 at 2021-02-19T12:55:01Z, 0.001 at 2021-02-19T12:56:01Z, 0.001 at 2021-02-19T12:57:01Z, 0.001 at 2021-02-19T12:58:01Z, 0.001 at 2021-02-19T12:59:01Z, 0.001 at 2021-02-19T13:00:01Z, 0.001 at 2021-02-19T13:01:01Z, 0.001 at 2021-02-19T13:02:01Z, 0.001 at 2021-02-19T13:03:01Z, 0.001 at 2021-02-19T13:04:01Z, 0.001 at 2021-02-19T13:05:01Z, 0.001 at 2021-02-19T13:06:01Z, 0.001 at 2021-02-19T13:07:01Z, 0.001 at 2021-02-19T13:08:01Z, 0.001 at 2021-02-19T13:09:01Z, 0.001 at 2021-02-19T13:10:01Z, 0.001 at 2021-02-19T13:11:01Z, 0.001 at 2021-02-19T13:12:01Z, 0.001 at 2021-02-19T13:13:01Z, 0.001 at 2021-02-19T13:14:01Z, 0.001 at 2021-02-19T13:15:01Z, 0.001 at 2021-02-19T13:16:01Z, 0.001 at 2021-02-19T13:17:01Z, 0.001 at 2021-02-19T13:18:01Z, 0.001 at 2021-02-19T13:19:01Z, 0.001 at 2021-02-19T13:20:01Z, 0.001 at 2021-02-19T13:21:01Z, 0.001 at 2021-02-19T13:22:01Z, 0.001 at 2021-02-19T13:23:01Z, 0.001 at 2021-02-19T13:24:01Z, 0.001 at 2021-02-19T13:25:01Z, 0.001 at 2021-02-19T13:26:01Z, 0.001 at 2021-02-19T13:27:01Z, 0.001 at 2021-02-19T13:28:01Z, 0.001 at 2021-02-19T13:29:01Z, 0.001 at 2021-02-19T13:30:01Z, 0.001 at 2021-02-19T13:31:01Z, 0.001 at 2021-02-19T13:32:01Z, 0.001 at 2021-02-19T13:33:01Z --receiver 3QhuD1T16FeNQbFDskqSYBcTF5sR3zaMJ3rxVLFCDeqnf9JJbP --sender 3hG2SNwEKkT5pRe6mGgPMowkCTgjbtJUJj5UPaTxnjfSYhsQQc --no-confirm
Using default energy amount of 5563 NRG.
[92mSending GTUs from '3hG2SNwEKkT5pRe6mGgPMowkCTgjbtJUJj5UPaTxnjfSYhsQQc' (Lcofjurn) to '3QhuD1T16FeNQbFDskqSYBcTF5sR3zaMJ3rxVLFCDeqnf9JJbP'.
With the following release schedule:
Fri, 19 Feb 2021 12:39:01 UTC: 0.001000 GTU
Fri, 19 Feb 2021 12:40:01 UTC: 0.001000 GTU
Fri, 19 Feb 2021 12:41:01 UTC: 0.001000 GTU
Fri, 19 Feb 2021 12:42:01 UTC: 0.001000 GTU
Fri, 19 Feb 2021 12:43:01 UTC: 0.001000 GTU
Fri, 19 Feb 2021 12:44:01 UTC: 0.001000 GTU
Fri, 19 Feb 2021 12:45:01 UTC: 0.001000 GTU
Fri, 19 Feb 2021 12:46:01 UTC: 0.001000 GTU
Fri, 19 Feb 2021 12:47:01 UTC: 0.001000 GTU
Fri, 19 Feb 2021 12:48:01 UTC: 0.001000 GTU
Fri, 19 Feb 2021 12:49:01 UTC: 0.001000 GTU
Fri, 19 Feb 2021 12:50:01 UTC: 0.001000 GTU
Fri, 19 Feb 2021 12:51:01 UTC: 0.001000 GTU
Fri, 19 Feb 2021 12:52:01 UTC: 0.001000 GTU
Fri, 19 Feb 2021 12:53:01 UTC: 0.001000 GTU
Fri, 19 Feb 2021 12:54:01 UTC: 0.001000 GTU
Fri, 19 Feb 2021 12:55:01 UTC: 0.001000 GTU
Fri, 19 Feb 2021 12:56:01 UTC: 0.001000 GTU
Fri, 19 Feb 2021 12:57:01 UTC: 0.001000 GTU
Fri, 19 Feb 2021 12:58:01 UTC: 0.001000 GTU
Fri, 19 Feb 2021 12:59:01 UTC: 0.001000 GTU
Fri, 19 Feb 2021 13:00:01 UTC: 0.001000 GTU
Fri, 19 Feb 2021 13:01:01 UTC: 0.001000 GTU
Fri, 19 Feb 2021 13:02:01 UTC: 0.001000 GTU
Fri, 19 Feb 2021 13:03:01 UTC: 0.001000 GTU
Fri, 19 Feb 2021 13:04:01 UTC: 0.001000 GTU
Fri, 19 Feb 2021 13:05:01 UTC: 0.001000 GTU
Fri, 19 Feb 2021 13:06:01 UTC: 0.001000 GTU
Fri, 19 Feb 2021 13:07:01 UTC: 0.001000 GTU
Fri, 19 Feb 2021 13:08:01 UTC: 0.001000 GTU
Fri, 19 Feb 2021 13:09:01 UTC: 0.001000 GTU
Fri, 19 Feb 2021 13:10:01 UTC: 0.001000 GTU
Fri, 19 Feb 2021 13:11:01 UTC: 0.001000 GTU
Fri, 19 Feb 2021 13:12:01 UTC: 0.001000 GTU
Fri, 19 Feb 2021 13:13:01 UTC: 0.001000 GTU
Fri, 19 Feb 2021 13:14:01 UTC: 0.001000 GTU
Fri, 19 Feb 2021 13:15:01 UTC: 0.001000 GTU
Fri, 19 Feb 2021 13:16:01 UTC: 0.001000 GTU
Fri, 19 Feb 2021 13:17:01 UTC: 0.001000 GTU
Fri, 19 Feb 2021 13:18:01 UTC: 0.001000 GTU
Fri, 19 Feb 2021 13:19:01 UTC: 0.001000 GTU
Fri, 19 Feb 2021 13:20:01 UTC: 0.001000 GTU
Fri, 19 Feb 2021 13:21:01 UTC: 0.001000 GTU
Fri, 19 Feb 2021 13:22:01 UTC: 0.001000 GTU
Fri, 19 Feb 2021 13:23:01 UTC: 0.001000 GTU
Fri, 19 Feb 2021 13:24:01 UTC: 0.001000 GTU
Fri, 19 Feb 2021 13:25:01 UTC: 0.001000 GTU
Fri, 19 Feb 2021 13:26:01 UTC: 0.001000 GTU
Fri, 19 Feb 2021 13:27:01 UTC: 0.001000 GTU
Fri, 19 Feb 2021 13:28:01 UTC: 0.001000 GTU
Fri, 19 Feb 2021 13:29:01 UTC: 0.001000 GTU
Fri, 19 Feb 2021 13:30:01 UTC: 0.001000 GTU
Fri, 19 Feb 2021 13:31:01 UTC: 0.001000 GTU
Fri, 19 Feb 2021 13:32:01 UTC: 0.001000 GTU
Fri, 19 Feb 2021 13:33:01 UTC: 0.001000 GTU
with a total amount of 0.055000 GTU.
Allowing up to 5563 NRG to be spent as transaction fee.
Transaction expires at Fri, 19 Feb 2021 12:48:02 UTC.
[0mEnter password for signing key: 
[92mTransaction '6c385dfa68430bdc091abba830fb1aa08b7cee952e8fffd7ae29e4bdfed245a0' sent to the baker.
[0mWaiting for the transaction to be committed and finalized.
You may skip this step by interrupting the command using Ctrl-C (pass flag '--no-wait' to do this by default).
The transaction will still get processed and may be queried using
  'transaction status 6c385dfa68430bdc091abba830fb1aa08b7cee952e8fffd7ae29e4bdfed245a0'.
[12:38:01] Waiting for the transaction to be committed.......
Transaction is finalized into block 7654eaa818c2d7d1b0082ad0b67235d2bbe4f44ccf2484ff6ce3c1e90de8a59e with status "success" and cost 0.556300 GTU (5563 NRG).
[12:38:11] Waiting for the transaction to be finalized...
[12:38:11] Transaction finalized.
spawn ./concordium-client transaction send-gtu-scheduled --schedule 0.001 at 2021-02-20T12:39:01Z, 0.001 at 2021-02-20T12:40:01Z, 0.001 at 2021-02-20T12:41:01Z, 0.001 at 2021-02-20T12:42:01Z, 0.001 at 2021-02-20T12:43:01Z, 0.001 at 2021-02-20T12:44:01Z, 0.001 at 2021-02-20T12:45:01Z, 0.001 at 2021-02-20T12:46:01Z, 0.001 at 2021-02-20T12:47:01Z, 0.001 at 2021-02-20T12:48:01Z, 0.001 at 2021-02-20T12:49:01Z, 0.001 at 2021-02-20T12:50:01Z, 0.001 at 2021-02-20T12:51:01Z, 0.001 at 2021-02-20T12:52:01Z, 0.001 at 2021-02-20T12:53:01Z, 0.001 at 2021-02-20T12:54:01Z, 0.001 at 2021-02-20T12:55:01Z, 0.001 at 2021-02-20T12:56:01Z, 0.001 at 2021-02-20T12:57:01Z, 0.001 at 2021-02-20T12:58:01Z, 0.001 at 2021-02-20T12:59:01Z, 0.001 at 2021-02-20T13:00:01Z, 0.001 at 2021-02-20T13:01:01Z, 0.001 at 2021-02-20T13:02:01Z, 0.001 at 2021-02-20T13:03:01Z, 0.001 at 2021-02-20T13:04:01Z, 0.001 at 2021-02-20T13:05:01Z, 0.001 at 2021-02-20T13:06:01Z, 0.001 at 2021-02-20T13:07:01Z, 0.001 at 2021-02-20T13:08:01Z, 0.001 at 2021-02-20T13:09:01Z, 0.001 at 2021-02-20T13:10:01Z, 0.001 at 2021-02-20T13:11:01Z, 0.001 at 2021-02-20T13:12:01Z, 0.001 at 2021-02-20T13:13:01Z, 0.001 at 2021-02-20T13:14:01Z, 0.001 at 2021-02-20T13:15:01Z, 0.001 at 2021-02-20T13:16:01Z, 0.001 at 2021-02-20T13:17:01Z, 0.001 at 2021-02-20T13:18:01Z, 0.001 at 2021-02-20T13:19:01Z, 0.001 at 2021-02-20T13:20:01Z, 0.001 at 2021-02-20T13:21:01Z, 0.001 at 2021-02-20T13:22:01Z, 0.001 at 2021-02-20T13:23:01Z, 0.001 at 2021-02-20T13:24:01Z, 0.001 at 2021-02-20T13:25:01Z, 0.001 at 2021-02-20T13:26:01Z, 0.001 at 2021-02-20T13:27:01Z, 0.001 at 2021-02-20T13:28:01Z, 0.001 at 2021-02-20T13:29:01Z, 0.001 at 2021-02-20T13:30:01Z, 0.001 at 2021-02-20T13:31:01Z, 0.001 at 2021-02-20T13:32:01Z, 0.001 at 2021-02-20T13:33:01Z --receiver 3QhuD1T16FeNQbFDskqSYBcTF5sR3zaMJ3rxVLFCDeqnf9JJbP --sender 3hG2SNwEKkT5pRe6mGgPMowkCTgjbtJUJj5UPaTxnjfSYhsQQc --no-confirm
Using default energy amount of 5563 NRG.
[92mSending GTUs from '3hG2SNwEKkT5pRe6mGgPMowkCTgjbtJUJj5UPaTxnjfSYhsQQc' (Lcofjurn) to '3QhuD1T16FeNQbFDskqSYBcTF5sR3zaMJ3rxVLFCDeqnf9JJbP'.
With the following release schedule:
Sat, 20 Feb 2021 12:39:01 UTC: 0.001000 GTU
Sat, 20 Feb 2021 12:40:01 UTC: 0.001000 GTU
Sat, 20 Feb 2021 12:41:01 UTC: 0.001000 GTU
Sat, 20 Feb 2021 12:42:01 UTC: 0.001000 GTU
Sat, 20 Feb 2021 12:43:01 UTC: 0.001000 GTU
Sat, 20 Feb 2021 12:44:01 UTC: 0.001000 GTU
Sat, 20 Feb 2021 12:45:01 UTC: 0.001000 GTU
Sat, 20 Feb 2021 12:46:01 UTC: 0.001000 GTU
Sat, 20 Feb 2021 12:47:01 UTC: 0.001000 GTU
Sat, 20 Feb 2021 12:48:01 UTC: 0.001000 GTU
Sat, 20 Feb 2021 12:49:01 UTC: 0.001000 GTU
Sat, 20 Feb 2021 12:50:01 UTC: 0.001000 GTU
Sat, 20 Feb 2021 12:51:01 UTC: 0.001000 GTU
Sat, 20 Feb 2021 12:52:01 UTC: 0.001000 GTU
Sat, 20 Feb 2021 12:53:01 UTC: 0.001000 GTU
Sat, 20 Feb 2021 12:54:01 UTC: 0.001000 GTU
Sat, 20 Feb 2021 12:55:01 UTC: 0.001000 GTU
Sat, 20 Feb 2021 12:56:01 UTC: 0.001000 GTU
Sat, 20 Feb 2021 12:57:01 UTC: 0.001000 GTU
Sat, 20 Feb 2021 12:58:01 UTC: 0.001000 GTU
Sat, 20 Feb 2021 12:59:01 UTC: 0.001000 GTU
Sat, 20 Feb 2021 13:00:01 UTC: 0.001000 GTU
Sat, 20 Feb 2021 13:01:01 UTC: 0.001000 GTU
Sat, 20 Feb 2021 13:02:01 UTC: 0.001000 GTU
Sat, 20 Feb 2021 13:03:01 UTC: 0.001000 GTU
Sat, 20 Feb 2021 13:04:01 UTC: 0.001000 GTU
Sat, 20 Feb 2021 13:05:01 UTC: 0.001000 GTU
Sat, 20 Feb 2021 13:06:01 UTC: 0.001000 GTU
Sat, 20 Feb 2021 13:07:01 UTC: 0.001000 GTU
Sat, 20 Feb 2021 13:08:01 UTC: 0.001000 GTU
Sat, 20 Feb 2021 13:09:01 UTC: 0.001000 GTU
Sat, 20 Feb 2021 13:10:01 UTC: 0.001000 GTU
Sat, 20 Feb 2021 13:11:01 UTC: 0.001000 GTU
Sat, 20 Feb 2021 13:12:01 UTC: 0.001000 GTU
Sat, 20 Feb 2021 13:13:01 UTC: 0.001000 GTU
Sat, 20 Feb 2021 13:14:01 UTC: 0.001000 GTU
Sat, 20 Feb 2021 13:15:01 UTC: 0.001000 GTU
Sat, 20 Feb 2021 13:16:01 UTC: 0.001000 GTU
Sat, 20 Feb 2021 13:17:01 UTC: 0.001000 GTU
Sat, 20 Feb 2021 13:18:01 UTC: 0.001000 GTU
Sat, 20 Feb 2021 13:19:01 UTC: 0.001000 GTU
Sat, 20 Feb 2021 13:20:01 UTC: 0.001000 GTU
Sat, 20 Feb 2021 13:21:01 UTC: 0.001000 GTU
Sat, 20 Feb 2021 13:22:01 UTC: 0.001000 GTU
Sat, 20 Feb 2021 13:23:01 UTC: 0.001000 GTU
Sat, 20 Feb 2021 13:24:01 UTC: 0.001000 GTU
Sat, 20 Feb 2021 13:25:01 UTC: 0.001000 GTU
Sat, 20 Feb 2021 13:26:01 UTC: 0.001000 GTU
Sat, 20 Feb 2021 13:27:01 UTC: 0.001000 GTU
Sat, 20 Feb 2021 13:28:01 UTC: 0.001000 GTU
Sat, 20 Feb 2021 13:29:01 UTC: 0.001000 GTU
Sat, 20 Feb 2021 13:30:01 UTC: 0.001000 GTU
Sat, 20 Feb 2021 13:31:01 UTC: 0.001000 GTU
Sat, 20 Feb 2021 13:32:01 UTC: 0.001000 GTU
Sat, 20 Feb 2021 13:33:01 UTC: 0.001000 GTU
with a total amount of 0.055000 GTU.
Allowing up to 5563 NRG to be spent as transaction fee.
Transaction expires at Sat, 20 Feb 2021 12:48:02 UTC.
[0mEnter password for signing key: 
[92mTransaction '7b2ce496fd4b1a1fbb44edf074ed770e32e8a1d444d95c2574a1bcb676f4306f' sent to the baker.
[0mWaiting for the transaction to be committed and finalized.
You may skip this step by interrupting the command using Ctrl-C (pass flag '--no-wait' to do this by default).
The transaction will still get processed and may be queried using
  'transaction status 7b2ce496fd4b1a1fbb44edf074ed770e32e8a1d444d95c2574a1bcb676f4306f'.
[12:38:02] Waiting for the transaction to be committed......
Transaction is finalized into block 1b9046112ad1df81b1e83e4b091e6b5d02ef04e19b9e5de15771d89e9234eb7b with status "success" and cost 0.556300 GTU (5563 NRG).
[12:38:09] Waiting for the transaction to be finalized...
[12:38:09] Transaction finalized.
spawn ./concordium-client transaction send-gtu-scheduled --schedule 0.001 at 2021-02-21T12:39:01Z, 0.001 at 2021-02-21T12:40:01Z, 0.001 at 2021-02-21T12:41:01Z, 0.001 at 2021-02-21T12:42:01Z, 0.001 at 2021-02-21T12:43:01Z, 0.001 at 2021-02-21T12:44:01Z, 0.001 at 2021-02-21T12:45:01Z, 0.001 at 2021-02-21T12:46:01Z, 0.001 at 2021-02-21T12:47:01Z, 0.001 at 2021-02-21T12:48:01Z, 0.001 at 2021-02-21T12:49:01Z, 0.001 at 2021-02-21T12:50:01Z, 0.001 at 2021-02-21T12:51:01Z, 0.001 at 2021-02-21T12:52:01Z, 0.001 at 2021-02-21T12:53:01Z, 0.001 at 2021-02-21T12:54:01Z, 0.001 at 2021-02-21T12:55:01Z, 0.001 at 2021-02-21T12:56:01Z, 0.001 at 2021-02-21T12:57:01Z, 0.001 at 2021-02-21T12:58:01Z, 0.001 at 2021-02-21T12:59:01Z, 0.001 at 2021-02-21T13:00:01Z, 0.001 at 2021-02-21T13:01:01Z, 0.001 at 2021-02-21T13:02:01Z, 0.001 at 2021-02-21T13:03:01Z, 0.001 at 2021-02-21T13:04:01Z, 0.001 at 2021-02-21T13:05:01Z, 0.001 at 2021-02-21T13:06:01Z, 0.001 at 2021-02-21T13:07:01Z, 0.001 at 2021-02-21T13:08:01Z, 0.001 at 2021-02-21T13:09:01Z, 0.001 at 2021-02-21T13:10:01Z, 0.001 at 2021-02-21T13:11:01Z, 0.001 at 2021-02-21T13:12:01Z, 0.001 at 2021-02-21T13:13:01Z, 0.001 at 2021-02-21T13:14:01Z, 0.001 at 2021-02-21T13:15:01Z, 0.001 at 2021-02-21T13:16:01Z, 0.001 at 2021-02-21T13:17:01Z, 0.001 at 2021-02-21T13:18:01Z, 0.001 at 2021-02-21T13:19:01Z, 0.001 at 2021-02-21T13:20:01Z, 0.001 at 2021-02-21T13:21:01Z, 0.001 at 2021-02-21T13:22:01Z, 0.001 at 2021-02-21T13:23:01Z, 0.001 at 2021-02-21T13:24:01Z, 0.001 at 2021-02-21T13:25:01Z, 0.001 at 2021-02-21T13:26:01Z, 0.001 at 2021-02-21T13:27:01Z, 0.001 at 2021-02-21T13:28:01Z, 0.001 at 2021-02-21T13:29:01Z, 0.001 at 2021-02-21T13:30:01Z, 0.001 at 2021-02-21T13:31:01Z, 0.001 at 2021-02-21T13:32:01Z, 0.001 at 2021-02-21T13:33:01Z --receiver 3QhuD1T16FeNQbFDskqSYBcTF5sR3zaMJ3rxVLFCDeqnf9JJbP --sender 3hG2SNwEKkT5pRe6mGgPMowkCTgjbtJUJj5UPaTxnjfSYhsQQc --no-confirm
Using default energy amount of 5563 NRG.
[92mSending GTUs from '3hG2SNwEKkT5pRe6mGgPMowkCTgjbtJUJj5UPaTxnjfSYhsQQc' (Lcofjurn) to '3QhuD1T16FeNQbFDskqSYBcTF5sR3zaMJ3rxVLFCDeqnf9JJbP'.
With the following release schedule:
Sun, 21 Feb 2021 12:39:01 UTC: 0.001000 GTU
Sun, 21 Feb 2021 12:40:01 UTC: 0.001000 GTU
Sun, 21 Feb 2021 12:41:01 UTC: 0.001000 GTU
Sun, 21 Feb 2021 12:42:01 UTC: 0.001000 GTU
Sun, 21 Feb 2021 12:43:01 UTC: 0.001000 GTU
Sun, 21 Feb 2021 12:44:01 UTC: 0.001000 GTU
Sun, 21 Feb 2021 12:45:01 UTC: 0.001000 GTU
Sun, 21 Feb 2021 12:46:01 UTC: 0.001000 GTU
Sun, 21 Feb 2021 12:47:01 UTC: 0.001000 GTU
Sun, 21 Feb 2021 12:48:01 UTC: 0.001000 GTU
Sun, 21 Feb 2021 12:49:01 UTC: 0.001000 GTU
Sun, 21 Feb 2021 12:50:01 UTC: 0.001000 GTU
Sun, 21 Feb 2021 12:51:01 UTC: 0.001000 GTU
Sun, 21 Feb 2021 12:52:01 UTC: 0.001000 GTU
Sun, 21 Feb 2021 12:53:01 UTC: 0.001000 GTU
Sun, 21 Feb 2021 12:54:01 UTC: 0.001000 GTU
Sun, 21 Feb 2021 12:55:01 UTC: 0.001000 GTU
Sun, 21 Feb 2021 12:56:01 UTC: 0.001000 GTU
Sun, 21 Feb 2021 12:57:01 UTC: 0.001000 GTU
Sun, 21 Feb 2021 12:58:01 UTC: 0.001000 GTU
Sun, 21 Feb 2021 12:59:01 UTC: 0.001000 GTU
Sun, 21 Feb 2021 13:00:01 UTC: 0.001000 GTU
Sun, 21 Feb 2021 13:01:01 UTC: 0.001000 GTU
Sun, 21 Feb 2021 13:02:01 UTC: 0.001000 GTU
Sun, 21 Feb 2021 13:03:01 UTC: 0.001000 GTU
Sun, 21 Feb 2021 13:04:01 UTC: 0.001000 GTU
Sun, 21 Feb 2021 13:05:01 UTC: 0.001000 GTU
Sun, 21 Feb 2021 13:06:01 UTC: 0.001000 GTU
Sun, 21 Feb 2021 13:07:01 UTC: 0.001000 GTU
Sun, 21 Feb 2021 13:08:01 UTC: 0.001000 GTU
Sun, 21 Feb 2021 13:09:01 UTC: 0.001000 GTU
Sun, 21 Feb 2021 13:10:01 UTC: 0.001000 GTU
Sun, 21 Feb 2021 13:11:01 UTC: 0.001000 GTU
Sun, 21 Feb 2021 13:12:01 UTC: 0.001000 GTU
Sun, 21 Feb 2021 13:13:01 UTC: 0.001000 GTU
Sun, 21 Feb 2021 13:14:01 UTC: 0.001000 GTU
Sun, 21 Feb 2021 13:15:01 UTC: 0.001000 GTU
Sun, 21 Feb 2021 13:16:01 UTC: 0.001000 GTU
Sun, 21 Feb 2021 13:17:01 UTC: 0.001000 GTU
Sun, 21 Feb 2021 13:18:01 UTC: 0.001000 GTU
Sun, 21 Feb 2021 13:19:01 UTC: 0.001000 GTU
Sun, 21 Feb 2021 13:20:01 UTC: 0.001000 GTU
Sun, 21 Feb 2021 13:21:01 UTC: 0.001000 GTU
Sun, 21 Feb 2021 13:22:01 UTC: 0.001000 GTU
Sun, 21 Feb 2021 13:23:01 UTC: 0.001000 GTU
Sun, 21 Feb 2021 13:24:01 UTC: 0.001000 GTU
Sun, 21 Feb 2021 13:25:01 UTC: 0.001000 GTU
Sun, 21 Feb 2021 13:26:01 UTC: 0.001000 GTU
Sun, 21 Feb 2021 13:27:01 UTC: 0.001000 GTU
Sun, 21 Feb 2021 13:28:01 UTC: 0.001000 GTU
Sun, 21 Feb 2021 13:29:01 UTC: 0.001000 GTU
Sun, 21 Feb 2021 13:30:01 UTC: 0.001000 GTU
Sun, 21 Feb 2021 13:31:01 UTC: 0.001000 GTU
Sun, 21 Feb 2021 13:32:01 UTC: 0.001000 GTU
Sun, 21 Feb 2021 13:33:01 UTC: 0.001000 GTU
with a total amount of 0.055000 GTU.
Allowing up to 5563 NRG to be spent as transaction fee.
Transaction expires at Sun, 21 Feb 2021 12:48:01 UTC.
[0mEnter password for signing key: 
[92mTransaction 'f8f7d670ed029b15928bcacd5cf15f9f93b364d0dacadf421ba3d0cf0691515f' sent to the baker.
[0mWaiting for the transaction to be committed and finalized.
You may skip this step by interrupting the command using Ctrl-C (pass flag '--no-wait' to do this by default).
The transaction will still get processed and may be queried using
  'transaction status f8f7d670ed029b15928bcacd5cf15f9f93b364d0dacadf421ba3d0cf0691515f'.
[12:38:01] Waiting for the transaction to be committed....
Transaction is committed into block 9c066138ddb299a9413476e2ad90e1be38613f81ae7140d08a39730e2a119bcf with status "success" and cost 0.556300 GTU (5563 NRG).
[12:38:04] Waiting for the transaction to be finalized....
[12:38:09] Transaction finalized.
spawn ./concordium-client transaction send-gtu-scheduled --schedule 0.001 at 2021-02-22T12:39:01Z, 0.001 at 2021-02-22T12:40:01Z, 0.001 at 2021-02-22T12:41:01Z, 0.001 at 2021-02-22T12:42:01Z, 0.001 at 2021-02-22T12:43:01Z, 0.001 at 2021-02-22T12:44:01Z, 0.001 at 2021-02-22T12:45:01Z, 0.001 at 2021-02-22T12:46:01Z, 0.001 at 2021-02-22T12:47:01Z, 0.001 at 2021-02-22T12:48:01Z, 0.001 at 2021-02-22T12:49:01Z, 0.001 at 2021-02-22T12:50:01Z, 0.001 at 2021-02-22T12:51:01Z, 0.001 at 2021-02-22T12:52:01Z, 0.001 at 2021-02-22T12:53:01Z, 0.001 at 2021-02-22T12:54:01Z, 0.001 at 2021-02-22T12:55:01Z, 0.001 at 2021-02-22T12:56:01Z, 0.001 at 2021-02-22T12:57:01Z, 0.001 at 2021-02-22T12:58:01Z, 0.001 at 2021-02-22T12:59:01Z, 0.001 at 2021-02-22T13:00:01Z, 0.001 at 2021-02-22T13:01:01Z, 0.001 at 2021-02-22T13:02:01Z, 0.001 at 2021-02-22T13:03:01Z, 0.001 at 2021-02-22T13:04:01Z, 0.001 at 2021-02-22T13:05:01Z, 0.001 at 2021-02-22T13:06:01Z, 0.001 at 2021-02-22T13:07:01Z, 0.001 at 2021-02-22T13:08:01Z, 0.001 at 2021-02-22T13:09:01Z, 0.001 at 2021-02-22T13:10:01Z, 0.001 at 2021-02-22T13:11:01Z, 0.001 at 2021-02-22T13:12:01Z, 0.001 at 2021-02-22T13:13:01Z, 0.001 at 2021-02-22T13:14:01Z, 0.001 at 2021-02-22T13:15:01Z, 0.001 at 2021-02-22T13:16:01Z, 0.001 at 2021-02-22T13:17:01Z, 0.001 at 2021-02-22T13:18:01Z, 0.001 at 2021-02-22T13:19:01Z, 0.001 at 2021-02-22T13:20:01Z, 0.001 at 2021-02-22T13:21:01Z, 0.001 at 2021-02-22T13:22:01Z, 0.001 at 2021-02-22T13:23:01Z, 0.001 at 2021-02-22T13:24:01Z, 0.001 at 2021-02-22T13:25:01Z, 0.001 at 2021-02-22T13:26:01Z, 0.001 at 2021-02-22T13:27:01Z, 0.001 at 2021-02-22T13:28:01Z, 0.001 at 2021-02-22T13:29:01Z, 0.001 at 2021-02-22T13:30:01Z, 0.001 at 2021-02-22T13:31:01Z, 0.001 at 2021-02-22T13:32:01Z, 0.001 at 2021-02-22T13:33:01Z --receiver 3QhuD1T16FeNQbFDskqSYBcTF5sR3zaMJ3rxVLFCDeqnf9JJbP --sender 3hG2SNwEKkT5pRe6mGgPMowkCTgjbtJUJj5UPaTxnjfSYhsQQc --no-confirm
Using default energy amount of 5563 NRG.
[92mSending GTUs from '3hG2SNwEKkT5pRe6mGgPMowkCTgjbtJUJj5UPaTxnjfSYhsQQc' (Lcofjurn) to '3QhuD1T16FeNQbFDskqSYBcTF5sR3zaMJ3rxVLFCDeqnf9JJbP'.
With the following release schedule:
Mon, 22 Feb 2021 12:39:01 UTC: 0.001000 GTU
Mon, 22 Feb 2021 12:40:01 UTC: 0.001000 GTU
Mon, 22 Feb 2021 12:41:01 UTC: 0.001000 GTU
Mon, 22 Feb 2021 12:42:01 UTC: 0.001000 GTU
Mon, 22 Feb 2021 12:43:01 UTC: 0.001000 GTU
Mon, 22 Feb 2021 12:44:01 UTC: 0.001000 GTU
Mon, 22 Feb 2021 12:45:01 UTC: 0.001000 GTU
Mon, 22 Feb 2021 12:46:01 UTC: 0.001000 GTU
Mon, 22 Feb 2021 12:47:01 UTC: 0.001000 GTU
Mon, 22 Feb 2021 12:48:01 UTC: 0.001000 GTU
Mon, 22 Feb 2021 12:49:01 UTC: 0.001000 GTU
Mon, 22 Feb 2021 12:50:01 UTC: 0.001000 GTU
Mon, 22 Feb 2021 12:51:01 UTC: 0.001000 GTU
Mon, 22 Feb 2021 12:52:01 UTC: 0.001000 GTU
Mon, 22 Feb 2021 12:53:01 UTC: 0.001000 GTU
Mon, 22 Feb 2021 12:54:01 UTC: 0.001000 GTU
Mon, 22 Feb 2021 12:55:01 UTC: 0.001000 GTU
Mon, 22 Feb 2021 12:56:01 UTC: 0.001000 GTU
Mon, 22 Feb 2021 12:57:01 UTC: 0.001000 GTU
Mon, 22 Feb 2021 12:58:01 UTC: 0.001000 GTU
Mon, 22 Feb 2021 12:59:01 UTC: 0.001000 GTU
Mon, 22 Feb 2021 13:00:01 UTC: 0.001000 GTU
Mon, 22 Feb 2021 13:01:01 UTC: 0.001000 GTU
Mon, 22 Feb 2021 13:02:01 UTC: 0.001000 GTU
Mon, 22 Feb 2021 13:03:01 UTC: 0.001000 GTU
Mon, 22 Feb 2021 13:04:01 UTC: 0.001000 GTU
Mon, 22 Feb 2021 13:05:01 UTC: 0.001000 GTU
Mon, 22 Feb 2021 13:06:01 UTC: 0.001000 GTU
Mon, 22 Feb 2021 13:07:01 UTC: 0.001000 GTU
Mon, 22 Feb 2021 13:08:01 UTC: 0.001000 GTU
Mon, 22 Feb 2021 13:09:01 UTC: 0.001000 GTU
Mon, 22 Feb 2021 13:10:01 UTC: 0.001000 GTU
Mon, 22 Feb 2021 13:11:01 UTC: 0.001000 GTU
Mon, 22 Feb 2021 13:12:01 UTC: 0.001000 GTU
Mon, 22 Feb 2021 13:13:01 UTC: 0.001000 GTU
Mon, 22 Feb 2021 13:14:01 UTC: 0.001000 GTU
Mon, 22 Feb 2021 13:15:01 UTC: 0.001000 GTU
Mon, 22 Feb 2021 13:16:01 UTC: 0.001000 GTU
Mon, 22 Feb 2021 13:17:01 UTC: 0.001000 GTU
Mon, 22 Feb 2021 13:18:01 UTC: 0.001000 GTU
Mon, 22 Feb 2021 13:19:01 UTC: 0.001000 GTU
Mon, 22 Feb 2021 13:20:01 UTC: 0.001000 GTU
Mon, 22 Feb 2021 13:21:01 UTC: 0.001000 GTU
Mon, 22 Feb 2021 13:22:01 UTC: 0.001000 GTU
Mon, 22 Feb 2021 13:23:01 UTC: 0.001000 GTU
Mon, 22 Feb 2021 13:24:01 UTC: 0.001000 GTU
Mon, 22 Feb 2021 13:25:01 UTC: 0.001000 GTU
Mon, 22 Feb 2021 13:26:01 UTC: 0.001000 GTU
Mon, 22 Feb 2021 13:27:01 UTC: 0.001000 GTU
Mon, 22 Feb 2021 13:28:01 UTC: 0.001000 GTU
Mon, 22 Feb 2021 13:29:01 UTC: 0.001000 GTU
Mon, 22 Feb 2021 13:30:01 UTC: 0.001000 GTU
Mon, 22 Feb 2021 13:31:01 UTC: 0.001000 GTU
Mon, 22 Feb 2021 13:32:01 UTC: 0.001000 GTU
Mon, 22 Feb 2021 13:33:01 UTC: 0.001000 GTU
with a total amount of 0.055000 GTU.
Allowing up to 5563 NRG to be spent as transaction fee.
Transaction expires at Mon, 22 Feb 2021 12:48:01 UTC.
[0mEnter password for signing key: 
[92mTransaction 'a9523d420b0f42bfa6ea59573819b3abff132adc3bee899edaa33cc565bdb5ce' sent to the baker.
[0mWaiting for the transaction to be committed and finalized.
You may skip this step by interrupting the command using Ctrl-C (pass flag '--no-wait' to do this by default).
The transaction will still get processed and may be queried using
  'transaction status a9523d420b0f42bfa6ea59573819b3abff132adc3bee899edaa33cc565bdb5ce'.
[12:38:01] Waiting for the transaction to be committed............................................................................................................................................................................................................................................................................................................................................................................................
[91mError: Transaction failed before it got committed. Most likely because it was invalid.
[0mspawn ./concordium-client transaction send-gtu-scheduled --schedule 0.001 at 2021-02-23T12:39:01Z, 0.001 at 2021-02-23T12:40:01Z, 0.001 at 2021-02-23T12:41:01Z, 0.001 at 2021-02-23T12:42:01Z, 0.001 at 2021-02-23T12:43:01Z, 0.001 at 2021-02-23T12:44:01Z, 0.001 at 2021-02-23T12:45:01Z, 0.001 at 2021-02-23T12:46:01Z, 0.001 at 2021-02-23T12:47:01Z, 0.001 at 2021-02-23T12:48:01Z, 0.001 at 2021-02-23T12:49:01Z, 0.001 at 2021-02-23T12:50:01Z, 0.001 at 2021-02-23T12:51:01Z, 0.001 at 2021-02-23T12:52:01Z, 0.001 at 2021-02-23T12:53:01Z, 0.001 at 2021-02-23T12:54:01Z, 0.001 at 2021-02-23T12:55:01Z, 0.001 at 2021-02-23T12:56:01Z, 0.001 at 2021-02-23T12:57:01Z, 0.001 at 2021-02-23T12:58:01Z, 0.001 at 2021-02-23T12:59:01Z, 0.001 at 2021-02-23T13:00:01Z, 0.001 at 2021-02-23T13:01:02Z, 0.001 at 2021-02-23T13:02:02Z, 0.001 at 2021-02-23T13:03:02Z, 0.001 at 2021-02-23T13:04:02Z, 0.001 at 2021-02-23T13:05:02Z, 0.001 at 2021-02-23T13:06:02Z, 0.001 at 2021-02-23T13:07:02Z, 0.001 at 2021-02-23T13:08:02Z, 0.001 at 2021-02-23T13:09:02Z, 0.001 at 2021-02-23T13:10:02Z, 0.001 at 2021-02-23T13:11:02Z, 0.001 at 2021-02-23T13:12:02Z, 0.001 at 2021-02-23T13:13:02Z, 0.001 at 2021-02-23T13:14:02Z, 0.001 at 2021-02-23T13:15:02Z, 0.001 at 2021-02-23T13:16:02Z, 0.001 at 2021-02-23T13:17:02Z, 0.001 at 2021-02-23T13:18:02Z, 0.001 at 2021-02-23T13:19:02Z, 0.001 at 2021-02-23T13:20:02Z, 0.001 at 2021-02-23T13:21:02Z, 0.001 at 2021-02-23T13:22:02Z, 0.001 at 2021-02-23T13:23:02Z, 0.001 at 2021-02-23T13:24:02Z, 0.001 at 2021-02-23T13:25:02Z, 0.001 at 2021-02-23T13:26:02Z, 0.001 at 2021-02-23T13:27:02Z, 0.001 at 2021-02-23T13:28:02Z, 0.001 at 2021-02-23T13:29:02Z, 0.001 at 2021-02-23T13:30:02Z, 0.001 at 2021-02-23T13:31:02Z, 0.001 at 2021-02-23T13:32:02Z, 0.001 at 2021-02-23T13:33:02Z --receiver 3QhuD1T16FeNQbFDskqSYBcTF5sR3zaMJ3rxVLFCDeqnf9JJbP --sender 3hG2SNwEKkT5pRe6mGgPMowkCTgjbtJUJj5UPaTxnjfSYhsQQc --no-confirm
Using default energy amount of 5563 NRG.
[92mSending GTUs from '3hG2SNwEKkT5pRe6mGgPMowkCTgjbtJUJj5UPaTxnjfSYhsQQc' (Lcofjurn) to '3QhuD1T16FeNQbFDskqSYBcTF5sR3zaMJ3rxVLFCDeqnf9JJbP'.
With the following release schedule:
Tue, 23 Feb 2021 12:39:01 UTC: 0.001000 GTU
Tue, 23 Feb 2021 12:40:01 UTC: 0.001000 GTU
Tue, 23 Feb 2021 12:41:01 UTC: 0.001000 GTU
Tue, 23 Feb 2021 12:42:01 UTC: 0.001000 GTU
Tue, 23 Feb 2021 12:43:01 UTC: 0.001000 GTU
Tue, 23 Feb 2021 12:44:01 UTC: 0.001000 GTU
Tue, 23 Feb 2021 12:45:01 UTC: 0.001000 GTU
Tue, 23 Feb 2021 12:46:01 UTC: 0.001000 GTU
Tue, 23 Feb 2021 12:47:01 UTC: 0.001000 GTU
Tue, 23 Feb 2021 12:48:01 UTC: 0.001000 GTU
Tue, 23 Feb 2021 12:49:01 UTC: 0.001000 GTU
Tue, 23 Feb 2021 12:50:01 UTC: 0.001000 GTU
Tue, 23 Feb 2021 12:51:01 UTC: 0.001000 GTU
Tue, 23 Feb 2021 12:52:01 UTC: 0.001000 GTU
Tue, 23 Feb 2021 12:53:01 UTC: 0.001000 GTU
Tue, 23 Feb 2021 12:54:01 UTC: 0.001000 GTU
Tue, 23 Feb 2021 12:55:01 UTC: 0.001000 GTU
Tue, 23 Feb 2021 12:56:01 UTC: 0.001000 GTU
Tue, 23 Feb 2021 12:57:01 UTC: 0.001000 GTU
Tue, 23 Feb 2021 12:58:01 UTC: 0.001000 GTU
Tue, 23 Feb 2021 12:59:01 UTC: 0.001000 GTU
Tue, 23 Feb 2021 13:00:01 UTC: 0.001000 GTU
Tue, 23 Feb 2021 13:01:02 UTC: 0.001000 GTU
Tue, 23 Feb 2021 13:02:02 UTC: 0.001000 GTU
Tue, 23 Feb 2021 13:03:02 UTC: 0.001000 GTU
Tue, 23 Feb 2021 13:04:02 UTC: 0.001000 GTU
Tue, 23 Feb 2021 13:05:02 UTC: 0.001000 GTU
Tue, 23 Feb 2021 13:06:02 UTC: 0.001000 GTU
Tue, 23 Feb 2021 13:07:02 UTC: 0.001000 GTU
Tue, 23 Feb 2021 13:08:02 UTC: 0.001000 GTU
Tue, 23 Feb 2021 13:09:02 UTC: 0.001000 GTU
Tue, 23 Feb 2021 13:10:02 UTC: 0.001000 GTU
Tue, 23 Feb 2021 13:11:02 UTC: 0.001000 GTU
Tue, 23 Feb 2021 13:12:02 UTC: 0.001000 GTU
Tue, 23 Feb 2021 13:13:02 UTC: 0.001000 GTU
Tue, 23 Feb 2021 13:14:02 UTC: 0.001000 GTU
Tue, 23 Feb 2021 13:15:02 UTC: 0.001000 GTU
Tue, 23 Feb 2021 13:16:02 UTC: 0.001000 GTU
Tue, 23 Feb 2021 13:17:02 UTC: 0.001000 GTU
Tue, 23 Feb 2021 13:18:02 UTC: 0.001000 GTU
Tue, 23 Feb 2021 13:19:02 UTC: 0.001000 GTU
Tue, 23 Feb 2021 13:20:02 UTC: 0.001000 GTU
Tue, 23 Feb 2021 13:21:02 UTC: 0.001000 GTU
Tue, 23 Feb 2021 13:22:02 UTC: 0.001000 GTU
Tue, 23 Feb 2021 13:23:02 UTC: 0.001000 GTU
Tue, 23 Feb 2021 13:24:02 UTC: 0.001000 GTU
Tue, 23 Feb 2021 13:25:02 UTC: 0.001000 GTU
Tue, 23 Feb 2021 13:26:02 UTC: 0.001000 GTU
Tue, 23 Feb 2021 13:27:02 UTC: 0.001000 GTU
Tue, 23 Feb 2021 13:28:02 UTC: 0.001000 GTU
Tue, 23 Feb 2021 13:29:02 UTC: 0.001000 GTU
Tue, 23 Feb 2021 13:30:02 UTC: 0.001000 GTU
Tue, 23 Feb 2021 13:31:02 UTC: 0.001000 GTU
Tue, 23 Feb 2021 13:32:02 UTC: 0.001000 GTU
Tue, 23 Feb 2021 13:33:02 UTC: 0.001000 GTU
with a total amount of 0.055000 GTU.
Allowing up to 5563 NRG to be spent as transaction fee.
Transaction expires at Tue, 23 Feb 2021 12:48:02 UTC.
[0mEnter password for signing key:

 
[92mTransaction '62efba46112b1cc58f9a66e96739ed2bd4e838c8ee44b1725d3c345fa03c0268' sent to the baker.
[0mWaiting for the transaction to be committed and finalized.
You may skip this step by interrupting the command using Ctrl-C (pass flag '--no-wait' to do this by default).
The transaction will still get processed and may be queried using
  'transaction status 62efba46112b1cc58f9a66e96739ed2bd4e838c8ee44b1725d3c345fa03c0268'.
[12:38:02] Waiting for the transaction to be committed............................................................................................................................................................................................................................................................................................................................................................................................
[91mError: Transaction failed before it got committed. Most likely because it was invalid.
[0mspawn ./concordium-client transaction send-gtu-scheduled --schedule 0.001 at 2021-02-24T12:39:01Z, 0.001 at 2021-02-24T12:40:01Z, 0.001 at 2021-02-24T12:41:01Z, 0.001 at 2021-02-24T12:42:01Z, 0.001 at 2021-02-24T12:43:01Z, 0.001 at 2021-02-24T12:44:01Z, 0.001 at 2021-02-24T12:45:01Z, 0.001 at 2021-02-24T12:46:01Z, 0.001 at 2021-02-24T12:47:01Z, 0.001 at 2021-02-24T12:48:01Z, 0.001 at 2021-02-24T12:49:01Z, 0.001 at 2021-02-24T12:50:01Z, 0.001 at 2021-02-24T12:51:01Z, 0.001 at 2021-02-24T12:52:01Z, 0.001 at 2021-02-24T12:53:01Z, 0.001 at 2021-02-24T12:54:01Z, 0.001 at 2021-02-24T12:55:01Z, 0.001 at 2021-02-24T12:56:01Z, 0.001 at 2021-02-24T12:57:01Z, 0.001 at 2021-02-24T12:58:01Z, 0.001 at 2021-02-24T12:59:01Z, 0.001 at 2021-02-24T13:00:01Z, 0.001 at 2021-02-24T13:01:01Z, 0.001 at 2021-02-24T13:02:01Z, 0.001 at 2021-02-24T13:03:01Z, 0.001 at 2021-02-24T13:04:01Z, 0.001 at 2021-02-24T13:05:01Z, 0.001 at 2021-02-24T13:06:01Z, 0.001 at 2021-02-24T13:07:01Z, 0.001 at 2021-02-24T13:08:01Z, 0.001 at 2021-02-24T13:09:01Z, 0.001 at 2021-02-24T13:10:01Z, 0.001 at 2021-02-24T13:11:01Z, 0.001 at 2021-02-24T13:12:01Z, 0.001 at 2021-02-24T13:13:01Z, 0.001 at 2021-02-24T13:14:01Z, 0.001 at 2021-02-24T13:15:01Z, 0.001 at 2021-02-24T13:16:01Z, 0.001 at 2021-02-24T13:17:01Z, 0.001 at 2021-02-24T13:18:01Z, 0.001 at 2021-02-24T13:19:01Z, 0.001 at 2021-02-24T13:20:01Z, 0.001 at 2021-02-24T13:21:01Z, 0.001 at 2021-02-24T13:22:01Z, 0.001 at 2021-02-24T13:23:01Z, 0.001 at 2021-02-24T13:24:01Z, 0.001 at 2021-02-24T13:25:01Z, 0.001 at 2021-02-24T13:26:01Z, 0.001 at 2021-02-24T13:27:01Z, 0.001 at 2021-02-24T13:28:01Z, 0.001 at 2021-02-24T13:29:01Z, 0.001 at 2021-02-24T13:30:01Z, 0.001 at 2021-02-24T13:31:01Z, 0.001 at 2021-02-24T13:32:01Z, 0.001 at 2021-02-24T13:33:01Z --receiver 3QhuD1T16FeNQbFDskqSYBcTF5sR3zaMJ3rxVLFCDeqnf9JJbP --sender 3hG2SNwEKkT5pRe6mGgPMowkCTgjbtJUJj5UPaTxnjfSYhsQQc --no-confirm
Using default energy amount of 5563 NRG.
[92mSending GTUs from '3hG2SNwEKkT5pRe6mGgPMowkCTgjbtJUJj5UPaTxnjfSYhsQQc' (Lcofjurn) to '3QhuD1T16FeNQbFDskqSYBcTF5sR3zaMJ3rxVLFCDeqnf9JJbP'.
With the following release schedule:
Wed, 24 Feb 2021 12:39:01 UTC: 0.001000 GTU
Wed, 24 Feb 2021 12:40:01 UTC: 0.001000 GTU
Wed, 24 Feb 2021 12:41:01 UTC: 0.001000 GTU
Wed, 24 Feb 2021 12:42:01 UTC: 0.001000 GTU
Wed, 24 Feb 2021 12:43:01 UTC: 0.001000 GTU
Wed, 24 Feb 2021 12:44:01 UTC: 0.001000 GTU
Wed, 24 Feb 2021 12:45:01 UTC: 0.001000 GTU
Wed, 24 Feb 2021 12:46:01 UTC: 0.001000 GTU
Wed, 24 Feb 2021 12:47:01 UTC: 0.001000 GTU
Wed, 24 Feb 2021 12:48:01 UTC: 0.001000 GTU
Wed, 24 Feb 2021 12:49:01 UTC: 0.001000 GTU
Wed, 24 Feb 2021 12:50:01 UTC: 0.001000 GTU
Wed, 24 Feb 2021 12:51:01 UTC: 0.001000 GTU
Wed, 24 Feb 2021 12:52:01 UTC: 0.001000 GTU
Wed, 24 Feb 2021 12:53:01 UTC: 0.001000 GTU
Wed, 24 Feb 2021 12:54:01 UTC: 0.001000 GTU
Wed, 24 Feb 2021 12:55:01 UTC: 0.001000 GTU
Wed, 24 Feb 2021 12:56:01 UTC: 0.001000 GTU
Wed, 24 Feb 2021 12:57:01 UTC: 0.001000 GTU
Wed, 24 Feb 2021 12:58:01 UTC: 0.001000 GTU
Wed, 24 Feb 2021 12:59:01 UTC: 0.001000 GTU
Wed, 24 Feb 2021 13:00:01 UTC: 0.001000 GTU
Wed, 24 Feb 2021 13:01:01 UTC: 0.001000 GTU
Wed, 24 Feb 2021 13:02:01 UTC: 0.001000 GTU
Wed, 24 Feb 2021 13:03:01 UTC: 0.001000 GTU
Wed, 24 Feb 2021 13:04:01 UTC: 0.001000 GTU
Wed, 24 Feb 2021 13:05:01 UTC: 0.001000 GTU
Wed, 24 Feb 2021 13:06:01 UTC: 0.001000 GTU
Wed, 24 Feb 2021 13:07:01 UTC: 0.001000 GTU
Wed, 24 Feb 2021 13:08:01 UTC: 0.001000 GTU
Wed, 24 Feb 2021 13:09:01 UTC: 0.001000 GTU
Wed, 24 Feb 2021 13:10:01 UTC: 0.001000 GTU
Wed, 24 Feb 2021 13:11:01 UTC: 0.001000 GTU
Wed, 24 Feb 2021 13:12:01 UTC: 0.001000 GTU
Wed, 24 Feb 2021 13:13:01 UTC: 0.001000 GTU
Wed, 24 Feb 2021 13:14:01 UTC: 0.001000 GTU
Wed, 24 Feb 2021 13:15:01 UTC: 0.001000 GTU
Wed, 24 Feb 2021 13:16:01 UTC: 0.001000 GTU
Wed, 24 Feb 2021 13:17:01 UTC: 0.001000 GTU
Wed, 24 Feb 2021 13:18:01 UTC: 0.001000 GTU
Wed, 24 Feb 2021 13:19:01 UTC: 0.001000 GTU
Wed, 24 Feb 2021 13:20:01 UTC: 0.001000 GTU
Wed, 24 Feb 2021 13:21:01 UTC: 0.001000 GTU
Wed, 24 Feb 2021 13:22:01 UTC: 0.001000 GTU
Wed, 24 Feb 2021 13:23:01 UTC: 0.001000 GTU
Wed, 24 Feb 2021 13:24:01 UTC: 0.001000 GTU
Wed, 24 Feb 2021 13:25:01 UTC: 0.001000 GTU
Wed, 24 Feb 2021 13:26:01 UTC: 0.001000 GTU
Wed, 24 Feb 2021 13:27:01 UTC: 0.001000 GTU
Wed, 24 Feb 2021 13:28:01 UTC: 0.001000 GTU
Wed, 24 Feb 2021 13:29:01 UTC: 0.001000 GTU
Wed, 24 Feb 2021 13:30:01 UTC: 0.001000 GTU
Wed, 24 Feb 2021 13:31:01 UTC: 0.001000 GTU
Wed, 24 Feb 2021 13:32:01 UTC: 0.001000 GTU
Wed, 24 Feb 2021 13:33:01 UTC: 0.001000 GTU
with a total amount of 0.055000 GTU.
Allowing up to 5563 NRG to be spent as transaction fee.
Transaction expires at Wed, 24 Feb 2021 12:48:02 UTC.
[0mEnter password for signing key: 
[92mTransaction '05a7d3c835a722999e5a56fefa99250177f67ce66b3b328d3f11099ff72039c0' sent to the baker.
[0mWaiting for the transaction to be committed and finalized.
You may skip this step by interrupting the command using Ctrl-C (pass flag '--no-wait' to do this by default).
The transaction will still get processed and may be queried using
  'transaction status 05a7d3c835a722999e5a56fefa99250177f67ce66b3b328d3f11099ff72039c0'.
[12:38:02] Waiting for the transaction to be committed.............................................................................................................................................................................................................................................................................................................................................................................................
[91mError: Transaction failed before it got committed. Most likely because it was invalid.
[0mspawn ./concordium-client transaction send-gtu-scheduled --schedule 0.001 at 2021-02-25T12:39:01Z, 0.001 at 2021-02-25T12:40:01Z, 0.001 at 2021-02-25T12:41:01Z, 0.001 at 2021-02-25T12:42:01Z, 0.001 at 2021-02-25T12:43:01Z, 0.001 at 2021-02-25T12:44:01Z, 0.001 at 2021-02-25T12:45:01Z, 0.001 at 2021-02-25T12:46:01Z, 0.001 at 2021-02-25T12:47:01Z, 0.001 at 2021-02-25T12:48:01Z, 0.001 at 2021-02-25T12:49:01Z, 0.001 at 2021-02-25T12:50:01Z, 0.001 at 2021-02-25T12:51:01Z, 0.001 at 2021-02-25T12:52:01Z, 0.001 at 2021-02-25T12:53:01Z, 0.001 at 2021-02-25T12:54:01Z, 0.001 at 2021-02-25T12:55:01Z, 0.001 at 2021-02-25T12:56:01Z, 0.001 at 2021-02-25T12:57:01Z, 0.001 at 2021-02-25T12:58:01Z, 0.001 at 2021-02-25T12:59:01Z, 0.001 at 2021-02-25T13:00:01Z, 0.001 at 2021-02-25T13:01:01Z, 0.001 at 2021-02-25T13:02:01Z, 0.001 at 2021-02-25T13:03:01Z, 0.001 at 2021-02-25T13:04:01Z, 0.001 at 2021-02-25T13:05:01Z, 0.001 at 2021-02-25T13:06:01Z, 0.001 at 2021-02-25T13:07:01Z, 0.001 at 2021-02-25T13:08:01Z, 0.001 at 2021-02-25T13:09:01Z, 0.001 at 2021-02-25T13:10:01Z, 0.001 at 2021-02-25T13:11:01Z, 0.001 at 2021-02-25T13:12:01Z, 0.001 at 2021-02-25T13:13:01Z, 0.001 at 2021-02-25T13:14:01Z, 0.001 at 2021-02-25T13:15:01Z, 0.001 at 2021-02-25T13:16:01Z, 0.001 at 2021-02-25T13:17:01Z, 0.001 at 2021-02-25T13:18:01Z, 0.001 at 2021-02-25T13:19:01Z, 0.001 at 2021-02-25T13:20:01Z, 0.001 at 2021-02-25T13:21:01Z, 0.001 at 2021-02-25T13:22:01Z, 0.001 at 2021-02-25T13:23:01Z, 0.001 at 2021-02-25T13:24:01Z, 0.001 at 2021-02-25T13:25:01Z, 0.001 at 2021-02-25T13:26:01Z, 0.001 at 2021-02-25T13:27:01Z, 0.001 at 2021-02-25T13:28:01Z, 0.001 at 2021-02-25T13:29:01Z, 0.001 at 2021-02-25T13:30:01Z, 0.001 at 2021-02-25T13:31:01Z, 0.001 at 2021-02-25T13:32:01Z, 0.001 at 2021-02-25T13:33:01Z --receiver 3QhuD1T16FeNQbFDskqSYBcTF5sR3zaMJ3rxVLFCDeqnf9JJbP --sender 3hG2SNwEKkT5pRe6mGgPMowkCTgjbtJUJj5UPaTxnjfSYhsQQc --no-confirm
Using default energy amount of 5563 NRG.
[92mSending GTUs from '3hG2SNwEKkT5pRe6mGgPMowkCTgjbtJUJj5UPaTxnjfSYhsQQc' (Lcofjurn) to '3QhuD1T16FeNQbFDskqSYBcTF5sR3zaMJ3rxVLFCDeqnf9JJbP'.
With the following release schedule:
Thu, 25 Feb 2021 12:39:01 UTC: 0.001000 GTU
Thu, 25 Feb 2021 12:40:01 UTC: 0.001000 GTU
Thu, 25 Feb 2021 12:41:01 UTC: 0.001000 GTU
Thu, 25 Feb 2021 12:42:01 UTC: 0.001000 GTU
Thu, 25 Feb 2021 12:43:01 UTC: 0.001000 GTU
Thu, 25 Feb 2021 12:44:01 UTC: 0.001000 GTU
Thu, 25 Feb 2021 12:45:01 UTC: 0.001000 GTU
Thu, 25 Feb 2021 12:46:01 UTC: 0.001000 GTU
Thu, 25 Feb 2021 12:47:01 UTC: 0.001000 GTU
Thu, 25 Feb 2021 12:48:01 UTC: 0.001000 GTU
Thu, 25 Feb 2021 12:49:01 UTC: 0.001000 GTU
Thu, 25 Feb 2021 12:50:01 UTC: 0.001000 GTU
Thu, 25 Feb 2021 12:51:01 UTC: 0.001000 GTU
Thu, 25 Feb 2021 12:52:01 UTC: 0.001000 GTU
Thu, 25 Feb 2021 12:53:01 UTC: 0.001000 GTU
Thu, 25 Feb 2021 12:54:01 UTC: 0.001000 GTU
Thu, 25 Feb 2021 12:55:01 UTC: 0.001000 GTU
Thu, 25 Feb 2021 12:56:01 UTC: 0.001000 GTU
Thu, 25 Feb 2021 12:57:01 UTC: 0.001000 GTU
Thu, 25 Feb 2021 12:58:01 UTC: 0.001000 GTU
Thu, 25 Feb 2021 12:59:01 UTC: 0.001000 GTU
Thu, 25 Feb 2021 13:00:01 UTC: 0.001000 GTU
Thu, 25 Feb 2021 13:01:01 UTC: 0.001000 GTU
Thu, 25 Feb 2021 13:02:01 UTC: 0.001000 GTU
Thu, 25 Feb 2021 13:03:01 UTC: 0.001000 GTU
Thu, 25 Feb 2021 13:04:01 UTC: 0.001000 GTU
Thu, 25 Feb 2021 13:05:01 UTC: 0.001000 GTU
Thu, 25 Feb 2021 13:06:01 UTC: 0.001000 GTU
Thu, 25 Feb 2021 13:07:01 UTC: 0.001000 GTU
Thu, 25 Feb 2021 13:08:01 UTC: 0.001000 GTU
Thu, 25 Feb 2021 13:09:01 UTC: 0.001000 GTU
Thu, 25 Feb 2021 13:10:01 UTC: 0.001000 GTU
Thu, 25 Feb 2021 13:11:01 UTC: 0.001000 GTU
Thu, 25 Feb 2021 13:12:01 UTC: 0.001000 GTU
Thu, 25 Feb 2021 13:13:01 UTC: 0.001000 GTU
Thu, 25 Feb 2021 13:14:01 UTC: 0.001000 GTU
Thu, 25 Feb 2021 13:15:01 UTC: 0.001000 GTU
Thu, 25 Feb 2021 13:16:01 UTC: 0.001000 GTU
Thu, 25 Feb 2021 13:17:01 UTC: 0.001000 GTU
Thu, 25 Feb 2021 13:18:01 UTC: 0.001000 GTU
Thu, 25 Feb 2021 13:19:01 UTC: 0.001000 GTU
Thu, 25 Feb 2021 13:20:01 UTC: 0.001000 GTU
Thu, 25 Feb 2021 13:21:01 UTC: 0.001000 GTU
Thu, 25 Feb 2021 13:22:01 UTC: 0.001000 GTU
Thu, 25 Feb 2021 13:23:01 UTC: 0.001000 GTU
Thu, 25 Feb 2021 13:24:01 UTC: 0.001000 GTU
Thu, 25 Feb 2021 13:25:01 UTC: 0.001000 GTU
Thu, 25 Feb 2021 13:26:01 UTC: 0.001000 GTU
Thu, 25 Feb 2021 13:27:01 UTC: 0.001000 GTU
Thu, 25 Feb 2021 13:28:01 UTC: 0.001000 GTU
Thu, 25 Feb 2021 13:29:01 UTC: 0.001000 GTU
Thu, 25 Feb 2021 13:30:01 UTC: 0.001000 GTU
Thu, 25 Feb 2021 13:31:01 UTC: 0.001000 GTU
Thu, 25 Feb 2021 13:32:01 UTC: 0.001000 GTU
Thu, 25 Feb 2021 13:33:01 UTC: 0.001000 GTU
with a total amount of 0.055000 GTU.
Allowing up to 5563 NRG to be spent as transaction fee.
Transaction expires at Thu, 25 Feb 2021 12:48:02 UTC.
[0mEnter password for signing key: 
[92mTransaction '159a8a929164ca833d13eb3fe85c8bb85d4ad1fbc23fbe2c9dcb0beae6ce2047' sent to the baker.
[0mWaiting for the transaction to be committed and finalized.
You may skip this step by interrupting the command using Ctrl-C (pass flag '--no-wait' to do this by default).
The transaction will still get processed and may be queried using
  'transaction status 159a8a929164ca833d13eb3fe85c8bb85d4ad1fbc23fbe2c9dcb0beae6ce2047'.
[12:38:01] Waiting for the transaction to be committed..............................................................................................................................................................................................................................................................................................................................................................................................
[91mError: Transaction failed before it got committed. Most likely because it was invalid.
[0m