{"PERSISTED_NODE_ID":"0497b52f3fab2ac6","VERSION":"0.4.8"}
2021-01-19T09:26:24.433326675Z: INFO: Starting out of band catch-up
2021-01-19T09:41:37.656669502Z: INFO: Completed out of band catch-up
2021-01-19T09:42:28.538779936Z: INFO: Skov: Block b438b275a5bb5f30924aea15740fe4e40ce287f10eb67394a996ff117a02978d (15) arrived
2021-01-19T10:36:47.594020964Z: INFO: Skov: Block 76833618d4517572aeb802a37b3f17e1821759ad7f99a5948a4db4d9b57297c6 (15) arrived
2021-01-19T11:27:16.640575771Z: INFO: Skov: Block 653220d95dcdd6b1cb9fa19f548836a0140f2165c0e54eb4f16fa0226f9c92b6 (18) arrived
2021-01-19T12:23:09.214677079Z: INFO: Skov: Block 4e8a813005b4a0d58296cc9aa79b83d0c585164acaa61f7e31259bb19c3c3dc6 (9) arrived
2021-01-19T13:40:44.719882244Z: INFO: Skov: Block 9caabb10972cfc3963fefea78c5f5c9040df0902d57b86feb64e239ed977a98d (0) arrived
2021-01-19T14:36:39.413213681Z: INFO: Skov: Block bafab2b67ac6946f83da463a630aaf0c2575fe48d23e04b1cc8857c6f0ff9a07 (11) arrived
2021-01-19T15:56:21.963692531Z: INFO: Skov: Block 29c9b54c008919ae19bd486108ab85b5053568bd4d6c2ebd007f8e2830a4ce9f (18) arrived
2021-01-19T16:36:11.729087915Z: INFO: Skov: Block 67cbf4936bba0c1c40d6c49313398bb756cf6d3dc612cd57d7ac167aff7e7f21 (12) arrived
2021-01-19T17:15:21.004324323Z: INFO: Skov: Block 8211ec9a8df21c829675b561b9aa1e3ac383d22a0c0d52a79224cde8f41c1a09 (17) arrived
2021-01-19T18:11:31.705332196Z: INFO: Skov: Block 600e9b113d3913f6216ffd7511a7baebd75270cb89c0819769dea2d34f792cb0 (10) arrived
2021-01-19T19:08:15.347209189Z: INFO: Skov: Block 994bb3d4abe5aac1c4ab1aa9343db43e47a34461cb4cad6bff5d5582a27c0d78 (17) arrived
2021-01-19T20:46:43.805801713Z: INFO: Skov: Block 7ce73cf318bf49233a2c2cb2a3782d55594af82ed5d6e9e98975df6667189bf5 (14) arrived
2021-01-19T21:39:32.637274743Z: INFO: Skov: Block 0832abf1c26a0342983f960813e701e01c1aa8b10269ecc1da1c1e7c9c619969 (3) arrived
2021-01-19T22:47:30.591789267Z: INFO: Skov: Block 1e0289941ccd7c95399b18b3d54e0fab7e86efa90943ca1ee302fc68201ed193 (2) arrived
2021-01-19T23:47:57.907172315Z: INFO: Skov: Block 3c0909386150ac85a11f05a7ffbf0491e832f27dddaf5bdd7cfcaae180020712 (2) arrived
2021-01-20T00:39:11.845019714Z: INFO: Skov: Block 9ff236017085bb46ab2d37429d5f032d3f20e6910b10d7d8b245f29b5fdd94d2 (5) arrived
2021-01-20T01:56:20.912994275Z: INFO: Skov: Block 50539f99ad7c5446acbdf86b9dc75df76fab50eb2d2e1abe99ad9df2c84d97ac (15) arrived
2021-01-20T02:49:23.613820760Z: INFO: Skov: Block 4fd3d5ebc8138cbc078c689cd1b7dcb8f0f71e2a08ae383f7e14cfb1dbe1c974 (5) arrived
2021-01-20T03:39:07.683755369Z: INFO: Skov: Block 4f252df1deb3865421e653ea114ca1a445545b3858c73d037a0eac5a3e4f1943 (0) arrived
2021-01-20T04:07:14.233643920Z: INFO: Skov: Block e62e4a10fd68b64066c34c63ae614effc2d29fa1b26f67bcbb332cf4672e45c0 (11) arrived
2021-01-20T05:45:36.424151430Z: INFO: Skov: Block a402e171623d01328320a0dd83271582964218ab39b6c062cc9481d12a88338d (4) arrived
2021-01-20T06:28:17.437224933Z: INFO: Skov: Block 94f4c9d63e7cc8a30344eb7df728de9a8f54789c754a37359911af9d1a7928b0 (4) arrived
2021-01-20T07:51:39.099538399Z: INFO: Skov: Block 0e84082d20e7c18fbf0be9ba2fce8ad58edb4a52e4127485fd6794f3cda3d9a4 (3) arrived
2021-01-20T08:31:35.424656990Z: INFO: Starting out of band catch-up
2021-01-20T08:31:35.426512493Z: INFO: Completed out of band catch-up
2021-01-20T08:54:32.465272788Z: INFO: Skov: Block 915fd72c1f0983dbcdec8fb723bec4675f03479903ecc25bf8cc18bc16863f35 (0) arrived
2021-01-20T09:01:18.885428513Z: INFO: Starting out of band catch-up
2021-01-20T09:01:18.886856101Z: INFO: Completed out of band catch-up
2021-01-20T09:21:20.577929251Z: INFO: Skov: Block 0d113a3c7df51d6d4675cf5574439059a42a6d321fb323b8b2d96ab94c6018aa (12) arrived
2021-01-20T10:30:22.875045642Z: INFO: Skov: Block 97e01d2934e18497e2f1b021082c1df19505d5e4f85e39f17008156b82df03ad (12) arrived
2021-01-20T11:22:18.124999945Z: INFO: Skov: Block 759eef9877e0022d824f47043f9e0c5b54ce0892a1a402b9974aeb167febed49 (2) arrived
2021-01-20T12:18:27.471235471Z: INFO: Skov: Block 776941084cc6b557a0edfccdc8ea3a8ad961076281ac49c1a41409f6ce6b4e00 (10) arrived
2021-01-20T13:35:42.902150152Z: INFO: Skov: Block 49173b0e3f1db67b1eba14a4b8f3cbd2771820e3b6bf22adada2dfd96c2a50a1 (2) arrived
2021-01-20T14:14:07.683721962Z: INFO: Skov: Block dd68139d1295ed7d7f8c29f6730998bfe894e379ef53aeb10a596bc806a4c44b (2) arrived
2021-01-20T15:35:28.906460237Z: INFO: Skov: Block 3e297b9e6fe46bffd0ff8dec9490c116338a7021a88a58d7b381ebd59d561c98 (18) arrived
2021-01-20T16:20:22.349816681Z: INFO: Skov: Block 08de976a1b4bd2d593dc6f92679a750db12fe8ec945efa37965ec03641abbe4c (1) arrived
2021-01-20T17:44:41.478711370Z: INFO: Skov: Block d68ce26189e83b85dab1a889a1d92a5414a87d671f499b3da549d2e28fa6f23c (17) arrived
2021-01-20T18:42:57.252173096Z: INFO: Skov: Block 65743f79657c951b010c4756f649bc350b2ecb41109dd3a5df5a3c8417daf3ea (13) arrived
2021-01-20T18:02:28.024702095Z: INFO: Baker: Finished bake block 1e4e164824d6b4771cbef15ee9435668b0c023126cbd1febe7758e03d294b568
2021-01-20T19:24:54.384746589Z: INFO: Skov: Block 81b9842497fa41488e799c73e1f0d93aebb6f45403f4eb3ddfd61dbede0e7b93 (7) arrived
2021-01-20T20:33:04.610508080Z: INFO: Skov: Block 090b987e1218fe13e8a8d681eb37ec322ad9a0b49ea73c3a0c596fa208165699 (7) arrived
2021-01-20T21:09:54.376862564Z: INFO: Skov: Block 24917b6af7bd951bb11aada95bbee186e943b37b021a8a4e68659b8e20872a39 (4) arrived
2021-01-20T22:02:27.881014173Z: INFO: Skov: Block a0da526fcc947515f9ff10e25f86f49e40788f5e2b1a82b6d780cb9541cdffa4 (3) arrived
2021-01-20T23:57:57.165372307Z: INFO: Skov: Block 9de6fd28949e7e388eb99e01ece155f7ac088885da7f8a24dccddc1a86478b1b (12) arrived
2021-01-21T00:35:35.456520207Z: INFO: Skov: Block e15be5091fb27fb5a6aad1e072e704f0f82c10bd10e1dd8c30182f4b97e7be5b (15) arrived
2021-01-21T01:58:47.876629408Z: INFO: Skov: Block 32b3f59768ffc1a3f470d423f37b0c6cddd34966d2517ee41eb0e14000f92f26 (14) arrived
2021-01-21T02:32:01.719627915Z: INFO: Skov: Block 8f75e8736d111f4d65e0b4a99b7e51ad4f75f48df84f32effd6b2939b326f339 (10) arrived
2021-01-21T03:59:09.477132669Z: INFO: Skov: Block 4e9d52900cea12e0b8f5181bab67e81e9d72064f537c1a4cadbacf67124f6007 (15) arrived
2021-01-21T04:11:28.215271962Z: INFO: Skov: Block 2a9e3da62d770facd39ef8419e045517b26ece7d1500f7b431970af00282cf4e (12) arrived
2021-01-21T05:40:20.727970073Z: INFO: Skov: Block 8f7f667b6b0eb8bed8f9b952b143c285f1ea51ea0378608365128cb26a9ba60f (0) arrived
2021-01-21T06:52:26.270846438Z: INFO: Skov: Block 55471f33625f8447c94f3fd4b73d5ae4ce0b294bcee2859adb5edd732fbde5f2 (13) arrived
2021-01-21T07:34:54.966375625Z: INFO: Skov: Block 540d5778fa10b3fa41bf6b5e6bf4b23947bc54a86a742fcb1f40bae29debf112 (1) arrived
2021-01-21T08:07:46.242884282Z: INFO: Skov: Block 684a80a104ddc6c6189d3fb9283ad5737fc9202f795027d691222c0ddd98d8f0 (1) arrived
2021-01-21T09:36:11.220888835Z: INFO: Skov: Block 4ff4d36cb8352d332831d043b46c8658d4e18c239e30f4445eb0f457b0828676 (18) arrived
2021-01-21T10:57:20.005009159Z: INFO: Skov: Block 4d8c8448514cc5fef7c56762fce21a8f34db063a52f58d1a8781252e5b30fad0 (2) arrived
2021-01-21T11:13:22.356717626Z: INFO: Skov: Block ea8313cfab5cab515cf8b7fd360e917ea5d3287688db039cd5b3c1a583e9fdf2 (0) arrived
2021-01-21T12:31:30.425151812Z: INFO: Skov: Block fbe77c364e28722d051ecafdc055376ef62c7d0134b14a9a935ad3ae481437a3 (9) arrived
2021-01-21T13:24:26.910937702Z: INFO: Skov: Block 99a8e3e2cff463015ef7663a1869e56c8bd0440415ffa23f50b2a059e93e63b1 (8) arrived
2021-01-21T14:59:30.054033063Z: INFO: Skov: Block 06a1e381c9589159d3698ef751db09458b724e2568f67fd45f44e6f17bb27e77 (14) arrived
2021-01-21T15:03:39.973251841Z: INFO: Skov: Block 5ac40af51d493dcd2b48134b8a1587d078fd942bc5e7e0fb78496f64417a7132 (2) arrived
2021-01-21T16:47:26.087246787Z: INFO: Skov: Block ca6d188f0a12b21a5dd3676a1f951fee4a0643b5ab70d3bd6e31d3b25f252b54 (8) arrived
2021-01-21T17:05:49.899856770Z: INFO: Skov: Block 73fd25cb61937aba5b6a433777e49831a980882f8c30d1570869023cd7a25d04 (5) arrived
2021-01-21T17:22:42.528098829Z: INFO: Baker: Finished bake block b5310306964509de32d0653a7793964b3907beddf50a30256fd16773c8c2d34f
2021-01-21T18:28:07.206548837Z: INFO: Skov: Block f7ec8941f5e704011bdd0cf32f7c89043e2028e24fec20ee27faccf75112fb92 (12) arrived
2021-01-21T19:03:59.974656890Z: INFO: Skov: Block 2bdef05d024ae7836fe96992604702eafd6d582cfa0c2cfa5247e533136d53df (4) arrived
2021-01-21T20:15:27.730528487Z: INFO: Skov: Block da7d0f8858592a80baed618475d39bcacd850bc892920ddc6007a5a2cd7c5674 (1) arrived
2021-01-21T21:06:25.449154097Z: INFO: Skov: Block 0cc27046bfaa4393be896e4df73e40c95c5a84679983aba16ce530d2d1b09127 (17) arrived
2021-01-21T22:27:05.511717819Z: INFO: Skov: Block 7d654608279a702348e7596f171b8b7e2f9c91a1fd8ba7b4cd1eb89ab603a57c (2) arrived
2021-01-21T23:35:16.000092956Z: INFO: Skov: Block 42650e1ae9c468b900a8a79ab8cb00029179116617356cb038b5d9b4e9e01415 (0) arrived
2021-01-22T00:00:03.788431465Z: INFO: Skov: Block da88cdbf7fb08fecf81f5674f02b50987b17b2e964c55b1d0a5a0eb71d6f1666 (2) arrived
2021-01-22T01:37:19.218924555Z: INFO: Skov: Block 2ebfaf225a65e1f3085f3a64a5072cbd38f2058c2702a81da9e2fae7bc1452ac (12) arrived
2021-01-22T02:16:44.275775540Z: INFO: Skov: Block 6f32c6dff129d57d9c6de89faa03992e27d6034bc789306338735c371afc5468 (10) arrived
2021-01-22T03:22:16.521650709Z: INFO: Skov: Block 57050d2a3e911be136dcdcd16d1b5357501488f2a54966267332d46763a7c4c1 (12) arrived
2021-01-22T04:40:11.451821328Z: INFO: Skov: Block 2bda163288398c26a69347f44622df5e8e7874b4593e4dcc558fbe8eb5029da2 (11) arrived
2021-01-22T05:52:50.947420938Z: INFO: Skov: Block 89adc2d31c9ba4659f1b50113a475ac3d6eacf599c07106658b022bd0a3b78ee (1) arrived
2021-01-22T06:11:22.694675972Z: INFO: Skov: Block 0a963655821467f0eae292e96efda0deadb4646a8b12160a5c7e13c84ce0cc22 (12) arrived
2021-01-22T07:10:52.951682888Z: INFO: Skov: Block d2f5136923cc690efa45889ac9166a11b5be278c66d933d8cf5d4da695090da3 (15) arrived
2021-01-22T08:10:52.773116991Z: INFO: Skov: Block a8956585eb9eb9aa94cd7bb49e3a5fb939641751ccfc43969ed7a9bb12593765 (2) arrived
2021-01-22T09:32:33.025891169Z: INFO: Skov: Block ae08ffafc117d7af465409b01e036b2d5db18a3cc69ed97fe770b61f054ccb75 (5) arrived
2021-01-22T10:17:44.023861491Z: INFO: Skov: Block 9b70f467d5b8f930bef4bf015876d82c2cd59ca72325340b3c57193fb5dcf80a (16) arrived
2021-01-22T11:35:11.939413538Z: INFO: Skov: Block d230723d2bdee07d71cd978c15dc1dc165d38103721eefe03fc698b372b66395 (15) arrived
2021-01-22T12:47:33.206157113Z: INFO: Skov: Block af490517b8cfbba94b57fc63ebed713b4fe66585dc90df1c6e12a15a4a977546 (12) arrived
2021-01-22T13:11:39.006965409Z: INFO: Skov: Block 0640708062b7c8070afec71a6feeaced25fa8686f66badeb6d987516ace3f275 (17) arrived
2021-01-22T14:03:35.334986402Z: INFO: Skov: Block e03d7fe52cc1465a5084f32e4762481ab2a21b72f5138d0c7f841fb9148d55b5 (9) arrived
2021-01-22T15:38:28.005738894Z: INFO: Skov: Block 77a2e53c909f77ff5795f6f9b8ece1d25f06a346f066635f35eb49584693cdee (16) arrived
2021-01-22T16:24:26.982960880Z: INFO: Skov: Block 226554414b959fa274d48d03e48b9aa3b039ec1594ab124a2923ecb10d78fa28 (13) arrived
2021-01-22T17:53:57.901888592Z: INFO: Skov: Block 3196fa6e9e20b60eaf237b2250696cb62c067cd72dc56031145a6eb507c53963 (5) arrived
2021-01-22T18:28:07.580776133Z: INFO: Skov: Block f0246821ca691e37c02dc1fd009ad9e3c4f6d9c96775aec24699ce7c760ca9a7 (8) arrived
2021-01-22T19:31:20.987769992Z: INFO: Skov: Block c4b14d4bade0dc29d02d666e75c3cc338cd5f717c27946f4675c53849e973da6 (4) arrived
2021-01-22T20:51:59.619293080Z: INFO: Skov: Block 99d1b0d74543f487681c7b6f87b7956799ac942f7e68979b183e7cb7c4fac868 (9) arrived
2021-01-22T21:14:17.561923147Z: INFO: Skov: Block b725ece7628b01c3e605d24daffb56af31525a8f8a3707cfac4e8fb8d8b249fe (4) arrived
2021-01-22T22:49:41.820504809Z: INFO: Skov: Block 0b6ac6dc6f419660dff99e894659340892e493aa811fce5c41fc4a44ec5cda31 (0) arrived
2021-01-22T23:15:35.726140661Z: INFO: Skov: Block e20611a5db5e056c5ad863556ba9a69a901771a92e5d58969fa04af71bd5877e (17) arrived
2021-01-23T00:04:29.950600700Z: INFO: Skov: Block 026b16ed1ed80d3b21dced615ad8131ac7297f8bc8fd357b0ef1c85ed9a6156f (2) arrived
2021-01-23T01:39:45.735012975Z: INFO: Skov: Block 51a360696967329318a257bded7bc132767bc004920db0771e74802975eebefe (8) arrived
2021-01-23T02:13:46.281453659Z: INFO: Skov: Block 21d176418dbe1ced8071b8793c2105fdc798ddcd06b9b38657e1721afa74a15e (12) arrived
2021-01-23T03:10:36.294496422Z: INFO: Skov: Block 449bdbfe14675ce098a3d6d3434cb05fdd7cd600a5cecc39f7a5a17c3a80f3f6 (10) arrived
2021-01-23T03:18:13.029032841Z: INFO: Baker: Finished bake block 39d31cb6cc0746b7c46f7a6868d8dfd6e9cc0058c927e792990befe14f7b9e75
2021-01-23T04:35:19.278357780Z: INFO: Skov: Block 8e31d62876532eb9288c29c0e3c57feecd5e1bb8327d2b25f91149e93b380caa (1) arrived
2021-01-23T05:09:05.558680630Z: INFO: Skov: Block 5424016e53c11e2324bb5c3d25594391158ba22e65aa598e2b4d4076f2fb5468 (11) arrived
2021-01-23T06:53:33.669765145Z: INFO: Skov: Block c886bed9c5a283eaff9214503e1461d1effc9881bba42734f9a85d6490aa8d43 (8) arrived
2021-01-23T07:07:40.734243307Z: INFO: Skov: Block d18d51ee8c234f3222c5df74eee78ed3fe574e70f8e3ff7675a2770fdcb7b1d1 (13) arrived
2021-01-23T08:52:02.338486728Z: INFO: Skov: Block 4eff30ea601649bd27d8d0a9ebbee9a5baf7c89c8d6343b9144f6a55613d0428 (0) arrived
2021-01-23T09:39:24.636186299Z: INFO: Skov: Block 6ec252447b5b75abcfde36dd166377cdfe5214eb68d7f4c68580b93f6366f92f (11) arrived
2021-01-23T10:43:20.425401007Z: INFO: Skov: Block b6a325ad347cbf52ed00badbe7306d04a353ea99d642365cc746fbedb032bbc6 (16) arrived
2021-01-23T11:16:53.422461757Z: INFO: Skov: Block 23c3aeea5aa24644cedfd0d437ca4c109e1166dfd3cf1c380a716bab6d1383eb (13) arrived
2021-01-23T12:04:53.522835409Z: INFO: Skov: Block bb2192f3193f6a10cf6d1d4ba7ea10734fea3f987368b0a5ac5bbefc783f892e (15) arrived
2021-01-23T13:39:56.713623532Z: INFO: Skov: Block 7c4132fe2e4dbe62250b815795619590ce835eee3a0a1f3a826d6f129342c549 (15) arrived
2021-01-23T14:59:05.512037493Z: INFO: Skov: Block efbec7278ed75c70c57b5571f118bdb6ee2de92ecd36d496d47276218ca91b97 (4) arrived
2021-01-23T15:21:45.047343613Z: INFO: Skov: Block 5c9058ebe0d9f9ecf21b34a82f1638375a62b67a3f1d701333949e72ab318513 (16) arrived
2021-01-23T16:22:56.156003017Z: INFO: Skov: Block 4eea3ebf9849bbf1c5492d1fc4ef4f04acb30e9e9e7b73256f0178e87934be0c (4) arrived
2021-01-23T17:30:21.591878388Z: INFO: Skov: Block 46c1478cc746326d018fcda30738d1959ec40f7d4762e45585036908397a3685 (5) arrived
2021-01-23T18:08:26.862870728Z: INFO: Skov: Block 5a81083f70fb76846ddba90d4a789a3dd147110b41b1e0f01f08418ef3442ac7 (18) arrived
2021-01-23T19:34:19.331171486Z: INFO: Skov: Block 00070dcb196afe898cec8fac69114f571b97e5b1b9399f1061093bec510f4713 (6) arrived
2021-01-23T20:06:41.823584154Z: INFO: Skov: Block 003b50a4d5f47203a37f03cbd485518324fbfd5e6581b2f4877fa452680191e1 (12) arrived
2021-01-23T21:08:35.439197939Z: INFO: Skov: Block 285953260830587496e8a659b5a59e8ae1fdbd3ff66105d3a43f9c82234106ac (17) arrived
2021-01-23T22:45:19.019571780Z: INFO: Skov: Block 12c6c16859b249de374992c5918e7c26848eda044e6ed3c5b95f4c88325c8a68 (5) arrived
2021-01-23T22:08:02.517484973Z: INFO: Baker: Finished bake block 9cc9c6145f38c038147cc06efbbfdf8d88983f626cb9781819da92662acad45d
2021-01-23T22:25:19.277024280Z: INFO: Baker: Finished bake block 8cb13664174b3d44ce2076e7e54db15c2d02b7fa306539000595f740ab0773a5
2021-01-23T23:34:23.753533475Z: INFO: Skov: Block 1b1a1b31ed1814daba18f07acdc954e4755a2bfe4050c17a337172762067e96d (4) arrived
2021-01-24T00:50:56.710630640Z: INFO: Skov: Block e2bbcb489b345d9c306e7cb0a48dcb3e8ed572d86ac22a5bd08c18678ad8803b (5) arrived
2021-01-24T01:40:59.485035473Z: INFO: Skov: Block ed5892972b4737e071aa84652b10a3e7fbe33ab0a6bfcfa5246cda55582dcd70 (12) arrived
2021-01-24T02:05:55.339300192Z: INFO: Skov: Block 309ea4b388d04f3be9052e8a7210ca2b19ff94c37a059606417436b18d84cef8 (12) arrived
2021-01-24T03:52:56.480177662Z: INFO: Skov: Block 1ade0d6eddc5d0ad51d73f4d97c48faf8acc0e9cd88bd49a3c86d55df878e6f0 (1374) arrived
2021-01-24T04:34:49.559706955Z: INFO: Skov: Block 0d6a7e22adf5ef86b64605ff7fb21e9ed0bc4ab6b6dc7b4d56a9487d723dcf08 (6) arrived
2021-01-24T05:41:23.239207877Z: INFO: Skov: Block ce6ff4d4f55252a31c47b00cefb1ce8ab176fa5cec6f5f7be8ac5eb4d722d104 (18) arrived
2021-01-24T06:10:19.417077900Z: INFO: Skov: Block 599912086830deb2a1e80c70d9a4fb476953c95ee85b3c08c748b0dda2ec4820 (9) arrived
2021-01-24T07:05:52.995283215Z: INFO: Skov: Block 9165f4f63090b7952a2c91d3ae99fd9295d47d91c785d59db225284bc4e44cda (15) arrived
2021-01-24T08:16:13.977760599Z: INFO: Skov: Block 11a4e21b65ec612cbf5310ac304625773da77060754284d94338c60ee2dddb7a (3) arrived
2021-01-24T09:48:33.406420478Z: INFO: Skov: Block ace8ef517bb39d8aa728641edb897a19db7bd2b1b45ee14f02bd4e836c85098c (11) arrived
2021-01-24T10:19:26.256037847Z: INFO: Skov: Block 80bb038c4fede2885bf32e002653159f6dd385a4e50984d2d1fea828b0873fa8 (3) arrived
2021-01-24T11:55:51.742351523Z: INFO: Skov: Block 8a226aa8f592ea7ef90229431a57a03f833b635af464b69f92064e708ec004c7 (3) arrived
2021-01-24T12:30:31.494994049Z: INFO: Skov: Block c4a6cafd49de37f0c560d7b293184a1f6ed94ee61d4da72b8fd97a15255a4ced (9) arrived
2021-01-24T13:38:45.245500842Z: INFO: Skov: Block 00b04704ba0579a5bd1f51ab520c75c32608e02d8e8902396fc5ae212942717d (1) arrived
2021-01-24T13:02:32.773678845Z: INFO: Baker: Finished bake block 6550b0931c0973235621e2e75c4bd70d576c793170f61559c5beed2d00e9657f
2021-01-24T14:49:06.065966018Z: INFO: Skov: Block 1d29cc204634d8ecceee0b7adfee082945c6aec08fe2fdbeafe4476f8f080a16 (1) arrived
2021-01-24T15:29:36.498588940Z: INFO: Skov: Block ac3c01329fc5fe79435becf86a2795872705de70876725921438f9d495af7869 (1932) arrived
2021-01-24T16:52:23.979445665Z: INFO: Skov: Block 08c7bdcdb26493b5ca9c2f79b690fdd549b42388a23123a815cf7d20c0330b94 (5) arrived
2021-01-24T17:12:12.225669325Z: INFO: Skov: Block 2739c4ab3043a2dafb9f4362f942847b96f72716c01aa6fb0c036e1655fb3f17 (17) arrived
2021-01-24T18:17:18.560811241Z: INFO: Skov: Block 22fe34f6335edbd64d8626b4560533a68edb3c52de60d3f570cb16c4af7c90ee (1) arrived
2021-01-24T19:28:08.734906884Z: INFO: Skov: Block eed91757c9ff6fe551041adce3abd26c56bc8eb92c81dce334b8673dccdc1592 (5) arrived
2021-01-24T20:20:48.817088387Z: INFO: Skov: Block bc54649ebd1a4f2f35ebbb0676eaa13626de9e563c7b1bd1a3418d3c78b9a3ab (6) arrived
2021-01-24T21:21:04.209660099Z: INFO: Skov: Block 547dd089e10118c2c2ff14170e82c7e818733a57f889beadcc326f4264a4d052 (16) arrived
2021-01-24T22:30:44.809463035Z: INFO: Skov: Block 1800b7c4017f378c817b3e97bb77dc35ac3995c1744b851814472e23274b5327 (18) arrived
2021-01-24T23:19:20.742075272Z: INFO: Skov: Block 45837be185d345ea5fa225b16248454beb745ccf6d26e64bf18edf71d255d886 (9) arrived
2021-01-25T00:41:51.091408932Z: INFO: Skov: Block d35281d6186f423a5e12b0002f84e212bd03d036923755596eba89016969875a (6) arrived
2021-01-25T01:54:36.423000349Z: INFO: Skov: Block 4a1319b0e6870b3f0233167df00cf90143f93a73b46b263bb62bd9e760f09bb0 (17) arrived
2021-01-25T02:12:57.654845721Z: INFO: Skov: Block 52e384ae501397789cbecb71b08ce893eb5cc0a99a7a7527430809dd2ac21cab (15) arrived
2021-01-25T03:49:31.058097688Z: INFO: Skov: Block 798db1055ae8e9a7e07d91f671b4642d29b9eb7ca2dbd1b820c98b6945f7c15f (8) arrived
2021-01-25T04:35:42.220869856Z: INFO: Skov: Block 65e9395374c967dd77f1cd000394aa174f1306c837125f595021c6fdeb1ddc59 (10) arrived
2021-01-25T05:39:47.743872033Z: INFO: Skov: Block adf8509e1e98002c03a1b9790df4e72c2e58ee2ad3d14b0db01a5f868fe1d744 (6) arrived
2021-01-25T06:15:09.270935425Z: INFO: Skov: Block b3a1cad53e0da4478d0481c4983223d4c8b11f26e518f867e1ee359befeea4c1 (11) arrived
2021-01-25T07:16:49.986671500Z: INFO: Skov: Block 66dbe2bb39a33ac4d3e2a7b4b0d11ee5b82a335d99d1f7ac08ce3122aad6d257 (16) arrived
2021-01-25T08:50:05.603829314Z: INFO: Skov: Block 3551c0543efedaa2e366f8c5d42d3b8df62ef8aa2488f3df0a09f84e92bd39c4 (7) arrived
2021-01-25T09:31:55.976086643Z: INFO: Skov: Block 06f685c4c2ff0fe39af5edd55a738bf9979b3eb8aafa1664817605bb710b9657 (6) arrived
2021-01-25T10:44:54.353450158Z: INFO: Skov: Block cd6c18fe89d6f66c1a9a7291bafdbb22b5f3c47ef478e6cfeabc20c31274ff8b (4) arrived
2021-01-25T11:52:17.030832818Z: INFO: Skov: Block cbc0d0dc947919b51f1e4ce6728f3e5969db31556e53a8f2235fdc9d194e3b5d (2) arrived
2021-01-25T12:44:38.511671423Z: INFO: Skov: Block fd1332a8ef35b0968492041f55632db718c1c1e32273c8839a91a3be0e55adb2 (16) arrived
2021-01-25T13:14:07.186756140Z: INFO: Skov: Block 3ceb2e470f1b79ed75947e11f602ae967366652c824c4acea04a5d1fe36e1b93 (10) arrived
2021-01-25T14:56:17.757199078Z: INFO: Skov: Block 87e68399d2ccd913cc2d4142caedfa6b1aabc7731c52c7524baffd59a3bc0a85 (16) arrived
2021-01-25T15:31:01.258242039Z: INFO: Skov: Block 11a0b49f0afe2f77739f2107cb273700b1226f04c3221feaaf08c21aca69b737 (18) arrived
2021-01-25T16:35:31.536461275Z: INFO: Skov: Block 2b81bdbb6e68f6fae122f1fa2703ea66843c181906a5a2d6af271aa3102aecf7 (1) arrived
2021-01-25T17:40:46.919986474Z: INFO: Skov: Block 5d5dae9749b05227da63e70da3fde06de9656a26615953bc60ae85df6f3474eb (12) arrived
2021-01-25T18:36:59.956945130Z: INFO: Skov: Block 00920e55e6fa19e242f871a5c4ee848bc1c02536071576f8a20285fa85eb3117 (7) arrived
2021-01-25T19:49:03.452711440Z: INFO: Skov: Block 5568374f197116e1d87f106a09bbc6d2138d6635beec31a9a9b7b926a515800d (18) arrived
2021-01-25T20:18:19.053196097Z: INFO: Skov: Block 1a4b81a3f08d935a55d95407b51c439d615194e6cb9ab3673b5280725a58b668 (10) arrived
2021-01-25T21:09:44.791737164Z: INFO: Skov: Block eb718cafa289df42eb5af10bdf3710dd5fe925bc45cb5e448dd0818f59276856 (6) arrived
2021-01-25T21:29:40.767562054Z: INFO: Baker: Finished bake block c181f08230fa71043104fe5a9481a2c9cf0984ad5477e4351c75a4ec6afcad42
2021-01-25T22:23:52.714351753Z: INFO: Skov: Block 72ccd890fae8d0845ff3ecf3dd40cc6b63556282458ef35ceb976dd48575cded (12) arrived
2021-01-25T23:50:43.994828213Z: INFO: Skov: Block 0b88ae79f86a4a927419f786ad0b3e39dd3916ab468b8acf8bf0e93d35441cb3 (287) arrived
2021-01-26T00:23:10.772917750Z: INFO: Skov: Block 1e6ff88f7c88f151daa6843b4c4978c519eadd98563094ebb7a1a76505530387 (11) arrived
2021-01-26T01:51:20.220117208Z: INFO: Skov: Block d476c9a035a106730fa60396043697a51f8d7744e89f9666d67f9bc002c8037d (1) arrived
2021-01-26T02:29:04.983891220Z: INFO: Skov: Block cf11f669bbe1af8ad1113d4c17e7df8a8b8414ac83e7714415f5fcf63502d3e6 (16) arrived
2021-01-26T03:56:30.585366852Z: INFO: Skov: Block d23b70f927e5f6202c61a432522297bd9d2cdb07581e32e32697189f1e3311a6 (7) arrived
2021-01-26T04:00:26.010583897Z: INFO: Skov: Block ba5081f933eaa1c3ce0aeb470ec8b188e4ff06adf62c3f171a4d2dd1262fd86c (8) arrived
2021-01-26T05:32:46.739304091Z: INFO: Skov: Block ae8040615c78fce567467a1b42df661cca9e58e8954e8648a51b5c00ab181a37 (11) arrived
2021-01-26T06:14:36.811484022Z: INFO: Skov: Block 39487bcda6012dc13f3f66f398b1fc9edefda13f57ef6ad8bbadf9ab0fe7b47d (12) arrived
2021-01-26T07:28:32.732540582Z: INFO: Skov: Block 2bb1c0a63b318813e0821cd8ddb82012d37d7d0fc592335f2d7a54703149dbd8 (13) arrived
2021-01-26T07:57:58.302061939Z: INFO: Baker: Finished bake block fc691bf5392120dfdc785841c0a10c2ca32dc27ff38ab94a52f168739ff1b9d9
2021-01-26T08:06:10.438150660Z: INFO: Skov: Block f24205db07ce6f54cdd184442704410e3411bf4962894c55a998dc472a91a1ee (2) arrived
2021-01-26T09:17:50.216001208Z: INFO: Skov: Block f76a42c72d01c6b55afc67b66fd2b66f0da353ae6dae6b0ef78583d1f5d0a9e5 (13) arrived
2021-01-26T10:08:05.348762270Z: INFO: Skov: Block 219ce46b530fd5ed15633b192ff55ad18a6257ca7efaebb2028e3d3272cfad34 (15) arrived
2021-01-26T10:06:32.517429891Z: INFO: Baker: Finished bake block 97b9303998843a37d3d61df49de63342e06dd8ee73c5961366fc03d1e708e6a5
2021-01-26T11:53:46.739290357Z: INFO: Skov: Block db82c939547c88db25daad61fbc94313ad1f258d40a07c08e91f99940a1b8925 (12) arrived
2021-01-26T12:39:56.484296680Z: INFO: Skov: Block 1427c6413a3f3cf87a6c0891d8488bec142614398dfc41828258c315fe114ea8 (13) arrived
2021-01-26T13:14:24.720079125Z: INFO: Skov: Block 3eb6e0db6bc52d544279311bbd5e890776f288f6037658a29ba44004108a6f7d (12) arrived
2021-01-26T14:34:17.201754002Z: INFO: Skov: Block d408899265e6575bf6e0d3c2a92bcfb01413b14713a815a86d6d996f30bdf23a (16) arrived
2021-01-26T15:24:47.728787755Z: INFO: Skov: Block bf61077c6ddd4bda9c0125e9866f37cbc71953633c308293e8be8f23e2748d83 (2) arrived
2021-01-26T16:03:52.887123633Z: INFO: Skov: Block bd062ffbde8eff3d2cefa7b70a4086850bb33ad7de245aef711adf87530ad932 (8) arrived
2021-01-26T17:49:10.775794187Z: INFO: Skov: Block 05c100c249fe6067ca7903694314a26efc35e1a253f3007dcd76ec4844d77826 (12) arrived
2021-01-26T18:32:59.550167314Z: INFO: Skov: Block 5e4c151b03e2dd78dc676c9c6adf3acdc710aba76839e0c8266fe84f1a586a2d (8) arrived
2021-01-26T19:51:11.554532945Z: INFO: Skov: Block 46a53acc5daf2bfa3c8169a44294bfcdb0299cb061377f04f174a0228a0c3439 (10) arrived
2021-01-26T20:43:26.212852066Z: INFO: Skov: Block 9e77d465e73d29fa681e25559a0e80fcf5d7112f2c9c784f2119e5a00057b5d2 (12) arrived
2021-01-26T21:27:29.251861990Z: INFO: Skov: Block b2f68b26b45f9e6d2cc5eb9050cd2fd659db20d1669d4692d8e2570b9544ff86 (15) arrived
2021-01-26T22:40:07.501570993Z: INFO: Skov: Block 273dd11a8b5b011053117f035d1abd039ad7c9e3ad83179fba7afd903daf039a (17) arrived
2021-01-26T23:30:50.083365215Z: INFO: Skov: Block 51275f518145e2ad04890da8f3d8fbb41489e8113170971e4d81dfb393f88ada (6) arrived
2021-01-27T00:49:52.071087448Z: INFO: Skov: Block 37fa8ce2ee86db539c4ab05e183b84a42d8408634a7525518365aacc18db60af (18) arrived
2021-01-27T01:42:18.363881595Z: INFO: Skov: Block def5bc51ec45dbb9e6209632be1412398acf818cc61ae5541d58371ba4f3eaa4 (0) arrived
2021-01-27T02:16:00.362648915Z: INFO: Skov: Block 1e87c580c7bceefd4d111cdd64ce6c4bc1df289587a4f7b4ab4931c1ea0c0360 (18) arrived
2021-01-27T03:34:32.940469142Z: INFO: Skov: Block c312902085e8ba60bc7ba5fc04ba73be7ade39b81e340a1bc3fbfa671e09998a (10) arrived
2021-01-27T04:09:20.334102546Z: INFO: Skov: Block fbcd52e6a0b39d2ae6aa2ed512f9fbab18efad798b538251605d5ed3878f3a64 (0) arrived
2021-01-27T05:15:56.741562450Z: INFO: Skov: Block a646f106633ba10b1f73a8cb4d2d2da03c9ca293fe2b96a873c74283a1d994b0 (7) arrived
2021-01-27T06:45:36.805632656Z: INFO: Skov: Block 91eb2d23e840ae47a392a7410ded3914666823c31f1ae5099530259c936a5eb3 (1) arrived
2021-01-27T07:15:25.719354965Z: INFO: Skov: Block 825730af01decbe56ecd638e3fb9f6b71fc6510c1f394a5edf527be5c404cef8 (11) arrived
2021-01-27T08:56:26.546124073Z: INFO: Skov: Block 766d26f736da12bbefb8970478b3d3946b74ae207dfd438f89d75db717818220 (11) arrived
2021-01-27T09:07:55.594959798Z: INFO: Skov: Block 43471728228e0335e7cfbbe698dc4f0a32aed2c2db914d87bfe8163082e1fead (3) arrived
2021-01-27T10:23:01.497344119Z: INFO: Skov: Block 2342b172e108414073b496d7f6ec15aae7d9b52fe33ea9e0799aaa2044931a7b (17) arrived
2021-01-27T11:55:14.124633540Z: INFO: Skov: Block d754183da0302334eb8390aa77cbadfd8af5dbad184df8c60ce4dc4e110a4731 (4) arrived
2021-01-27T12:31:59.230070477Z: INFO: Skov: Block b5bdb16bd69f491dcab2c2cfbafe9e2550e96c63b512fee946235feadfb3209b (5) arrived
2021-01-27T13:58:30.233685246Z: INFO: Skov: Block bc7c7097462da15ffef9b9fc9f20850b102f3d957546ff192374489a069490aa (15) arrived
2021-01-27T14:19:02.531881602Z: INFO: Skov: Block bbdcbdcb289ffc0263f5abe9e1dbbf0007bac2570db9b05e63be972f45c94dc7 (3) arrived
2021-01-27T15:46:41.251050811Z: INFO: Skov: Block afa117e913844811f5d273ae5221cd560d05c061740da639d0ba26fff66f21ef (12) arrived
2021-01-27T16:41:55.051198094Z: INFO: Skov: Block 368d06ccaee361a32d27e41edee891b73b5392d490adb1b2e070d4246c038dde (1) arrived
2021-01-27T17:08:58.740620312Z: INFO: Skov: Block b3402948cd1093fa5dfd601b7515a88690d5e5f9ee8a300229d27356bb722920 (16) arrived
2021-01-27T18:05:26.487092630Z: INFO: Skov: Block 201b1a3bd687328176ba946a74bdc9e80b6fffda131aa40c3ee110e438291219 (18) arrived
2021-01-27T19:52:40.224925846Z: INFO: Skov: Block ff0a1de679e73268f0b650f1f47f2607014724a02b271f2f76ffbc52b1d87856 (3) arrived
2021-01-27T20:26:28.759337200Z: INFO: Skov: Block 5c64d95de7c235d95d3344efdae75a021d8935a9906bba782fc7c9d33b682471 (1) arrived
2021-01-27T21:13:29.132835960Z: INFO: Skov: Block fe32ce14ba540d28e220dc456a66402bfa3dfd15fa81e80a1a818701f60876d5 (46) arrived
2021-01-27T22:29:21.259532275Z: INFO: Skov: Block 78fcc62af60cb9feef76c9bf8d4117dde70c5b7508dc636941f87a5cb5ac7141 (9) arrived
2021-01-27T23:20:17.735175878Z: INFO: Skov: Block d3ef16c882035ca72438d539c6663a0dadfe96dc008a5d2710d27856d508ba75 (18) arrived
2021-01-28T00:32:36.974996349Z: INFO: Skov: Block 02f4ca15f8e0732e7a205aa9866f40426a68fe46521c4435bf04442be098e5c8 (18) arrived
2021-01-28T01:28:14.962727719Z: INFO: Skov: Block eb67c2cca3974a9c5138d8b74e5ea1fd5102a45432b8c7d05fc51e84c94c67f3 (18) arrived
2021-01-28T02:44:32.238020896Z: INFO: Skov: Block 22703969e28abc02c97207f39adf054c92d7ab9ce1381e5bf96bc3fe6cf8b919 (16) arrived
2021-01-28T03:35:17.068288218Z: INFO: Skov: Block 78b13a4fe14ff52d2a32f50d2839005ac4be717d3ef6bd7b7d7ead69b183a551 (17) arrived
2021-01-28T04:55:03.527642185Z: INFO: Skov: Block 1ddfc5f3cadcc810dce15633475a4bd51332ea8c770148d8d675832143a35760 (1) arrived
2021-01-28T05:11:59.702565548Z: INFO: Skov: Block 277a8348fa978ea8fd459f5a3aa54483008a61926459d5ba106fd52776cc698b (15) arrived
2021-01-28T06:03:20.753745927Z: INFO: Skov: Block f0587341df7d3ac9aebd7b785cb8a35fe2eaa47c1880a5c44bac54739bcc6209 (3) arrived
2021-01-28T07:15:27.966314574Z: INFO: Skov: Block 114ef264b2fbb0e6e16c0b7aa9303cb3bfa6c7b446a4b35a655eb42f8987b405 (18) arrived
2021-01-28T08:51:17.995306381Z: INFO: Skov: Block e14b0d52782b5365bb55e5564b7b258cb5864dd0697024cc54612db021d2eb9d (2) arrived
2021-01-28T09:24:21.077260146Z: INFO: Skov: Block e8c0afc2086b53acb0a115c0cc5cd2afe2af2b7ec6631b11446fa39ee1d8ded8 (2) arrived
2021-01-28T10:21:57.598750473Z: INFO: Skov: Block 3f93ceb82fd57f632e4572968b84bae1de72a2835dd4b1631cc5d47edcd504f1 (8) arrived
2021-01-28T11:43:44.228441354Z: INFO: Skov: Block d70462f501f6e30ad0f4f8803f75801edc7865e235bade07bb43781bf10fd3fe (4) arrived
2021-01-28T12:15:30.512855595Z: INFO: Skov: Block fc0ac324a356e9977f2344aea9ca2859b6639f375fad2782058b10c67befbc61 (11) arrived
2021-01-28T13:13:35.825335696Z: INFO: Skov: Block a3760f34de270b551b5732bd65cf95e7998e8183a3d9f4b30df2507589582913 (17) arrived
2021-01-28T14:09:43.307457780Z: INFO: Skov: Block b66c91d17e966eaf58dae215c57c2ad8205ac19bfd3198ae8421aac4442a9246 (11) arrived
2021-01-28T15:12:00.410938978Z: INFO: Skov: Block 9b65d8dcecf4765b7479d8bf48386c3d108f999932d3ffb05b3d1da4c7c3ea96 (465) arrived
2021-01-28T16:10:34.699046308Z: INFO: Skov: Block dfb0a0e0db4d4c0ef23e6131c0f75adf0b3a4bb00406009a72d3adc0d4ca9989 (8) arrived
2021-01-28T17:38:30.509658422Z: INFO: Skov: Block 075865cddae83ba09956001d42d4e094f5a60e6f41724841eec34f1bea1a0313 (18) arrived
2021-01-28T18:28:41.997836467Z: INFO: Skov: Block f7b1283ef1bc7f227271503a1fead21fe5958274e76a8a3c5fe4a4f73929c9ea (3) arrived
2021-01-28T19:07:43.796461069Z: INFO: Skov: Block 27218b3b0dada1cff27649e2a9908f717c249d5c6e4956953d8bf2abc2d427dd (18) arrived
2021-01-28T20:44:35.763710222Z: INFO: Skov: Block a4754a0b02b72983d8674ce9267b06503213f5bfaa17fb4e0fa22ebf71938047 (7) arrived
2021-01-28T21:01:04.134986836Z: INFO: Skov: Block b2e8c3bbfc43d86a38d1caa0da926a82802db005923b32e164cefac22ab26134 (5) arrived
2021-01-28T22:49:37.718242849Z: INFO: Skov: Block 616c32fc90441330fde203668c5953a94fa05aefe597813a9ff65948df986406 (5) arrived
2021-01-28T23:59:40.842451439Z: INFO: Skov: Block 5bfd6f3d1c77ff4c0f914f7217d477f0517481cd705a37404b575576ba43be95 (12) arrived
2021-01-29T00:57:18.479642329Z: INFO: Skov: Block 437be7572b20d5c182c5dc430b245b817048e6e870e3c291268ba974404ddc2c (4) arrived
2021-01-29T01:30:38.778224081Z: INFO: Skov: Block 5f1b3d700d2985e706ab6fba1a6f56f90061e2001e7b17c724e68e8d97cd607c (6) arrived
2021-01-29T02:52:49.037551518Z: INFO: Skov: Block a954517b873b6c39d11ac83df7e9d336d63064552854504bde039418985f7f0c (6) arrived
2021-01-29T03:39:56.266677268Z: INFO: Skov: Block 4c62c90023951703a4e89909f497824359a18430b9dc51294c2e23dcee6fbbf8 (10) arrived
2021-01-29T04:46:20.520876590Z: INFO: Skov: Block 1e1260bd40be561719d9e873676d273799b62c2974c7629aef6b698426dc1d8f (5) arrived
2021-01-29T05:34:22.389568306Z: INFO: Skov: Block 8ff571a62440d8ea34f93b928f8d436d5aa1dbbf114b81e6965d5dbebbd803f2 (0) arrived
2021-01-29T06:53:21.200675343Z: INFO: Skov: Block dc243e2e4c9b42684e99b488add0d2b519d44cca88102349a7b09cfd94cb8fdf (18) arrived
2021-01-29T07:42:18.185058930Z: INFO: Skov: Block 0f28853d798afb500cc8f19723da32724dd8acb4eba9642c15b42db9f215589c (15) arrived
2021-01-29T08:20:46.334232865Z: INFO: Skov: Block 17c045c6056c2f0a52b28700be38864aeb6f19f997ef66cb9d5282297107b2b8 (10) arrived
2021-01-29T09:33:21.719153950Z: INFO: Skov: Block 5dce47f768888ea90a0a07dfe7bc3ff70fd06319bfc3ee70d0690789941ec88c (8) arrived
2021-01-29T10:07:23.120232078Z: INFO: Skov: Block 225d2a0b72fd1060d9d5cfbc9740aa13799a00cad7e1b54d9b49825163c346ab (8) arrived
2021-01-29T11:48:56.798094694Z: INFO: Skov: Block 4ab856787e32303e04845a3fe5efc0a62f74f1a8f0ee87c7343e3e7f86d6933b (11) arrived
2021-01-29T12:32:52.251563982Z: INFO: Skov: Block a6a4f2699fabec740c907f51f577818ddd15d84cd4e139d651247944353a74d7 (3) arrived
2021-01-29T13:52:44.790376099Z: INFO: Skov: Block 18bc1cb31330eb8b84d9e1b06c332aa9d3e28b906c4be248602bfee313ee7892 (7) arrived
2021-01-29T14:36:40.365687975Z: INFO: Skov: Block d78f19d09358dfa32c4e1dd72ac30632f6496a42fbb925df90bedde758c90fd0 (3) arrived
2021-01-29T15:26:31.579853492Z: INFO: Skov: Block d09d0867abc39f3b7bcb422751ad23ebf9238f00e75500c7cb6519a709b493bb (7) arrived
2021-01-29T16:11:42.366907974Z: INFO: Skov: Block 65d91185d539458658782a997930f0e5639a0e6a2cee39f8f2225223088b8cf4 (3) arrived
2021-01-29T17:12:04.941253371Z: INFO: Skov: Block a6403485b19b48b21e2daa68c9d070c0cbb97540402e608a0af80f8e5ef3da83 (4) arrived
2021-01-29T18:38:45.601308581Z: INFO: Skov: Block ddf32727f4a95bd007ac5b4755c3f08c88d25fb7e56404fa860a90f2fda78a90 (14) arrived
2021-01-29T19:44:54.038534047Z: INFO: Skov: Block d666365fc3de790cb51929039fb83da0b2fa3401cf06a869549889fa5611f2bd (7) arrived
2021-01-29T20:55:02.974441045Z: INFO: Skov: Block 5cb7fda2e162fa083485a9b66cf2e6e60f600a32cb77fb62a6464ea394448996 (1) arrived
2021-01-29T21:53:10.068138178Z: INFO: Skov: Block f8fee192807c064a5b7a7543a07c7ce6c805ceea4ad429dece8210e24a76286c (2) arrived
2021-01-29T22:13:30.009848831Z: INFO: Skov: Block 1a5392bdb3d4418befb74d0e2aaf0ccafe545fff6c7add48e9492d099d622152 (5) arrived
2021-01-29T23:16:54.862292529Z: INFO: Skov: Block a6d0123110e23ff898fb8f6408c697a12c30b4eb31c41b893ab60d43a1d43f7d (17) arrived
2021-01-30T00:48:21.139975571Z: INFO: Skov: Block cd491e2aeda44657051a7d91f44c5f3fd092cad01fc7f6bf95ca8bbef2f865db (0) arrived
2021-01-30T01:17:22.052715829Z: INFO: Skov: Block 31a33e12e9225649afc0f6753cf0ce6d0eda46a8f77f8ce7c08ba74ff859410c (4) arrived
2021-01-30T02:44:54.437488845Z: INFO: Skov: Block e7aaa1df9bbf454e6b39f046606ae4e61ddde2b16e0796ef39fd1f14d68842a5 (17) arrived
2021-01-30T03:57:35.141167182Z: INFO: Skov: Block 78e10c86bc0af172f06caf3ad41d08c8d6e1afea4338facb3fd84f64b80ad743 (12) arrived
2021-01-30T04:06:05.359979218Z: INFO: Skov: Block d6f6d80e703985580bd360535a317bb3050ee5aefbf787c7e71212eff7bcbf23 (12) arrived
2021-01-30T05:40:15.176293215Z: INFO: Skov: Block de903bcddfe5c819f9d6935849948544adeaf2d1b2293be9cd332dd12b25320a (3) arrived
2021-01-30T06:53:37.086013715Z: INFO: Skov: Block 1a23312ea1bc828ee2141d15329b81e6eda49e3276cba550707f24da567ea324 (1) arrived
2021-01-30T07:25:20.663510781Z: INFO: Skov: Block 2481fa28b51a52c786213e22260adb96521098999bfb82c84f9ae687399ea7b5 (8) arrived
2021-01-30T08:03:38.929930787Z: INFO: Skov: Block e0680d66443547ac628d7145d6561cc1478dce11ef836e0b667fe79761ff4044 (11) arrived
2021-01-30T09:19:40.867203764Z: INFO: Skov: Block 39fb06073fc362575a6fd33feee29a371c77d5bfed4722fe6b948fe49e405243 (11) arrived
2021-01-30T09:54:24.490165624Z: INFO: Baker: Finished bake block fd47944bcad09154c884cf67b26934b6c31c46b3d30f0d8156c70f6b3e25f430
2021-01-30T10:40:56.295271357Z: INFO: Skov: Block c8fde6d6db641abdc4576a3447a36b077b54ef7e73808ac1bb2f098060691be5 (2666) arrived
2021-01-30T11:01:03.921536464Z: INFO: Skov: Block cb192e6fcc842ae335bbbea411137e1266e7d24a7355edff36e2c27481cdfe3d (1) arrived
2021-01-30T12:32:43.718495612Z: INFO: Skov: Block c5275adf4fe533faef31e4ba23b56b7cb754749913f61b029ca81a83000c4cd4 (5) arrived
2021-01-30T13:51:02.380716000Z: INFO: Skov: Block 03324c621f26cff6ff74610297f02d416b98d9b4c2e19169f4cd928b01b99701 (9) arrived
2021-01-30T14:30:16.715268858Z: INFO: Skov: Block e39b5a3ed561dd39e7c7286078d6f6d6ad67876d203ae6aeee6d4342e27ffd7f (8) arrived
2021-01-30T15:42:27.128733035Z: INFO: Skov: Block 9b691bef20361e47b14dbfebc4ba3207d6660e3778479ec9300d924e0d80f914 (16) arrived
2021-01-30T16:29:18.952745711Z: INFO: Skov: Block 3fe8bdbd1abbe062f383dc8448a7f33f660459fcb6c33c9730118a77b1687e98 (1) arrived
2021-01-30T17:59:01.234449647Z: INFO: Skov: Block d1bb2984be8744c32b54de670f33f4dd327c871fb01380fee4cdab915aae3502 (11) arrived
2021-01-30T18:02:23.160175822Z: INFO: Skov: Block 48844f652b5a1f337a8d732bde317d6021657c43e9e168ce0940f229b5a243fd (2) arrived
2021-01-30T19:35:46.902242668Z: INFO: Skov: Block bf29ed106c623634b7abe1756937c17d6d22d39062cc5b20055d87fa5ffa5b03 (18) arrived
2021-01-30T20:20:54.165885319Z: INFO: Skov: Block 30da05aeb6396010b5aa7a12e9e0f38e0b31f23d950e5137366ad2dc99dc9d37 (8) arrived
2021-01-30T21:43:16.381883820Z: INFO: Skov: Block 9204e822cbb69005c0d996c8e8ee0224b60185434dca6597e55c00b8b78b747c (10) arrived
2021-01-30T22:49:35.688183668Z: INFO: Skov: Block 516540dec2bd4c0ce49c1bf1b63aa1f5906f2208198de88c0ac4e2d009d55e28 (572) arrived
2021-01-30T23:15:30.510471018Z: INFO: Skov: Block 5df72d5fbc8956b357dadd843d5610ebc3e44391bff98b6e494f9c6956f08b6b (9) arrived
2021-01-31T00:47:04.031023874Z: INFO: Skov: Block 5f43fee2ff1f3dffd60201a45362c74a3701452c894393d9e024ce80ce010abc (12) arrived
2021-01-31T00:30:42.886056366Z: INFO: Baker: Finished bake block 6bf5a0df9d0779d22e123e6bde095cd6c00fb47b176c8517e9714c75f4ff35a3
2021-01-31T01:14:02.958835139Z: INFO: Skov: Block 49535716e08d254e87c13dfda84075651c46295e104751eb8f24819ecca5a9c3 (791) arrived
2021-01-31T02:15:46.554207091Z: INFO: Skov: Block 891fd2c305a2a10556a9baf9b0cebf671de6e16d94d7662aa525bb771d15101a (9) arrived
2021-01-31T03:48:29.023265907Z: INFO: Skov: Block 1e486c5f8c0074b4470e5f4e8aaeb523877660417eacf0ec4a427d89ea24d127 (17) arrived
2021-01-31T04:03:22.677151025Z: INFO: Skov: Block 71636199ad51f539238e46529c65142a5bf684addae24a66dfd7c4a915599cef (1686) arrived
2021-01-31T05:16:25.639598117Z: INFO: Skov: Block 90c29309775966b97b560a9dd517f678109bbc14c017aaf96bbc583d6ff12c70 (18) arrived
2021-01-31T06:56:51.197516797Z: INFO: Skov: Block 0f69575a1409a6f0fdf6b47b22a3c74b862853cb7864cee4f259f581e8bbd267 (12) arrived
2021-01-31T07:53:42.318717863Z: INFO: Skov: Block 6b5a4ae3da43219a9fa9af0223351a7db2dc36effcbba2afdbc90087432df6f2 (5) arrived
2021-01-31T08:33:51.559524948Z: INFO: Skov: Block 3e7039d4fa8fc871341199c9f55fa5e4639bec45edddb66eb986bbe77a7ea302 (11) arrived
2021-01-31T09:37:43.676102717Z: INFO: Skov: Block 1d45a06545fb211e716ac86dda1c0ccdc75a54c699d45abb0df53a1d5aebaaa3 (15) arrived
2021-01-31T10:40:27.967958381Z: INFO: Skov: Block c6c2c8e87ae2fb0031fe0e4acb85a4e3b3ee245b7371ac10432d78c2e705426c (9) arrived
2021-01-31T11:13:50.976706129Z: INFO: Skov: Block 492d074723fe1c5afc9729a71aca004a0129e9533debb66536e65fc760c638cc (9) arrived
2021-01-31T12:21:51.601133314Z: INFO: Skov: Block c977ec17cf7bb318896120c7868371da3f758d11f629b7e0548c958c27b82335 (4) arrived
2021-01-31T13:31:40.093955500Z: INFO: Skov: Block 98d51e71476cd057cecd5af336cc38ec7e3fa53b36123ddf1031457106668fe9 (1) arrived
2021-01-31T14:56:08.533300060Z: INFO: Skov: Block 315ce96236e0c9d0f92e72d4f8daa313514ba93705d5da06af01be19ea6bd6c2 (10) arrived
2021-01-31T14:52:29.351383167Z: INFO: Baker: Finished bake block 55f65157fa00813277e521741361435188d041f76c675aeb44e26e7a4f8390ee
2021-01-31T15:23:27.784848893Z: INFO: Skov: Block 8098715d130bace74e66270b4a84d924f81f9f0144fd7852e971a9c16d984e08 (12) arrived
2021-01-31T16:22:33.379884370Z: INFO: Skov: Block 248b8f5bb6062c16eb24709c7646862c98709eaacb294482c26e570aa5939dc6 (8) arrived
2021-01-31T17:44:35.505560799Z: INFO: Skov: Block 867bf1bfe81341d7d94a9bb2036562d9113f8a181d9b4c2be253868a71a4aad0 (14) arrived
2021-01-31T18:07:27.614620201Z: INFO: Skov: Block 3df96027c244cdb3359947fa11d473cd84f460b751a89a9bbf1a0c4de038b581 (10) arrived
2021-01-31T19:50:52.823771024Z: INFO: Skov: Block 79ee8bbb6dac4751280b74b042fd4fec715439cb5c23815a2d8dda3906245fcb (9) arrived
2021-01-31T20:34:41.858421766Z: INFO: Skov: Block 7e4f3abb2e77b8c9061457d25b71d5baaf6109ab9086bff8edf1605336c1b92b (12) arrived
2021-01-31T21:35:23.458009256Z: INFO: Skov: Block 5be892061b63b962899ef04e87b491c30aaf1f4f9a47eacf5dea9fdb1d5098fa (5) arrived
2021-01-31T22:09:33.345142170Z: INFO: Skov: Block 2634ba6ffa3a0dc1531cdf2b80cc27521a4e38a2834f980a4471b3f51e21095e (7) arrived
2021-01-31T23:05:33.048102543Z: INFO: Skov: Block a38aa250ca71012a6b790b60f9eff74b27c4d7471ae05b40ec9ca6998765e3b1 (2) arrived
2021-02-01T00:45:44.361018997Z: INFO: Skov: Block cb86badb850a2d65529bb5ee34d6a708d20123055cb3cc6b50814e94f430ebd0 (4) arrived
2021-02-01T01:40:58.731946564Z: INFO: Skov: Block 32aac34d9391b91f5f6f49796f3a9456164fc21df2f5dca45f513f6ade6abf19 (16) arrived
2021-02-01T02:12:18.046831130Z: INFO: Skov: Block e1b0392090e97d6d5dace8c92bfb5e2848cb17cdc9eced5c630a1f8a2b5f54be (10) arrived
2021-02-01T03:41:41.338539790Z: INFO: Skov: Block 52f85efc745faa8e6aec376096297677f5a2c6a43a7c76b41637d9c452a1683a (12) arrived
2021-02-01T04:52:02.737590469Z: INFO: Skov: Block 6292a531a8eaf3ef2972553163907a0b846eedb8b34c0dd087cd7c690cb1e806 (8) arrived
2021-02-01T05:07:24.112438223Z: INFO: Skov: Block b27ee60027ab13ee5629733f49f2e453b134a119505732e79b33770839dd0188 (12) arrived
2021-02-01T06:06:58.417030153Z: INFO: Skov: Block 5289d56565a653f1b5f243d2c2063b1c946d6a9a7d89883c431ccb544804d82c (13) arrived
2021-02-01T07:23:41.321294396Z: INFO: Skov: Block 054cd3e06d1b006ba098182cebf94b07e19eddde813cb4763a1f34cf631132a2 (18) arrived
2021-02-01T08:19:13.463637139Z: INFO: Skov: Block f76f9db0937934aa1d82358385507a230d6b467451ad3b74e0adc91e52ff4353 (5) arrived
2021-02-01T09:08:02.801590134Z: INFO: Skov: Block 1c5774cff283ea4d2f2fcd5c2e6d7924c1db4ab8debfdd4d66d4fb502d06d050 (5) arrived
2021-02-01T10:23:12.419508297Z: INFO: Skov: Block 2d3b15be3f1f497cb83713fb707533697198b70cb64de5ef1c7ac722af46ef40 (16) arrived
2021-02-01T11:22:57.310375150Z: INFO: Skov: Block 7ccb6a69c6a3edc7a25c4867f88ac3c83dde9407ddad26c5592281319f45a173 (0) arrived
2021-02-01T12:33:46.164651852Z: INFO: Skov: Block 529c864b3770002154e6f385a1122d5497615d7afe49265ac0a40aaa649a5503 (11) arrived
2021-02-01T13:18:06.829004207Z: INFO: Skov: Block b2329fca09a85182e774fb2b9044282b37a4db5ef9567c8d904fbd33dba72e4b (4) arrived
2021-02-01T14:54:47.266382094Z: INFO: Skov: Block 427e9d794a4e2f1def6f9b6523e6fba0b9c631fa0d94696710d241b4afef2032 (13) arrived
2021-02-01T15:11:26.823340160Z: INFO: Skov: Block 59d2b3a312928876f320ac21aed533f3f01aee1f917a226527a6940dd7cbdf96 (17) arrived
2021-02-01T16:28:27.608832713Z: INFO: Skov: Block b7ca917981e892af0b0e691f103f2a29810fc94915058ff792488305da9684ca (0) arrived
2021-02-01T17:38:58.155675034Z: INFO: Skov: Block 0cd04169415da58bc0dd0775a670735695a3dbe3e7cd56a5e07e15765697ab6e (0) arrived
2021-02-01T18:41:44.317983543Z: INFO: Skov: Block 1855dba0c1cfec8367ba5174d810d16dd5864e282d6a511bc236b840228536f7 (4) arrived
2021-02-01T19:26:26.101559645Z: INFO: Skov: Block ee9ee42f48616104f269a383695d7667ebab19599bd1e15501ab838e6ba34f2d (10) arrived
2021-02-01T20:42:58.524631780Z: INFO: Skov: Block 52c76b31f0b18aa0d8ebc40f8ea3a458f496cc62d74f19955b977b5029a4c435 (17) arrived
2021-02-01T21:28:14.697453395Z: INFO: Skov: Block 837141ea439d88a2cd3ae9ff38dd2b3a8e35199f3b758717d08fac9a4eef2201 (1) arrived
2021-02-01T22:49:16.830205092Z: INFO: Skov: Block 448585831341d9d430f3652a2d7df48673f82925a12e7f543d0f5d36cd3a9d50 (12) arrived
2021-02-01T23:35:23.904821927Z: INFO: Skov: Block d50ff6efada0d038e89dfb3bc9eaaf429d2ab5ff5a3628226aed701a5a472de1 (12) arrived
2021-02-02T00:51:48.941582113Z: INFO: Skov: Block 864eb79a7af0826137b8abec8c6740932c7bb82291e16ea8cce47717097811c2 (13) arrived
2021-02-02T01:29:18.080930972Z: INFO: Skov: Block 6ecc787df0b74a9cb1cbf0b01af773779621fdc5d346028cc044e62dfd5d4db4 (17) arrived
2021-02-02T02:43:21.714079914Z: INFO: Skov: Block 54ab7fd36476e65097a388e36432603b33316d45cb5537b35854c2a132f542b1 (0) arrived
2021-02-02T03:21:46.348087960Z: INFO: Skov: Block d2fa460644e8a655a1f1d51ff7b8ed6238c524ce42fb62963e8facf22a3e176a (9) arrived
2021-02-02T04:24:54.364977415Z: INFO: Skov: Block 869994394c6cca299feeafb6f401bd5b53e77158dee2a755189d6d3f89fd33f0 (17) arrived
2021-02-02T05:13:18.537160874Z: INFO: Skov: Block 4a7c978cff85d5621caa3d402e3f214c98f1189da38fbe05c28a626f518edce9 (7) arrived
2021-02-02T06:32:09.482385779Z: INFO: Skov: Block dbb07717c4ce95077ceb9b28179b50b12a51d562790e8f0e5fdf20d31dc68f1f (14) arrived
2021-02-02T07:36:16.536872574Z: INFO: Skov: Block 099bbce515c6465f4afb787c9335c00c1d0ed30414ffa826533722103cdd4872 (18) arrived
2021-02-02T08:53:32.748337967Z: INFO: Skov: Block 38613ab0f5729983827299054257cefcad4622bb47fba83dacb8be9d3d9f12c2 (11) arrived
2021-02-02T09:24:01.426111322Z: INFO: Skov: Block 1d28f23f5fddc8a98c6d25d659b74b4eb69fa08788b654826abc65b07b845c22 (2) arrived
2021-02-02T10:50:32.735095889Z: INFO: Skov: Block 14d592e562082507e42c926b1512100be84651b75e4f3041f9d27365e27fe06f (12) arrived
2021-02-02T11:54:10.870686458Z: INFO: Skov: Block a43d64f99de0e9761635b0a3b7bda8e32f708e46c0b162c57b82e57ff788e042 (10) arrived
2021-02-02T12:31:45.181832579Z: INFO: Skov: Block bad8952d7a4e3756ac875bf83f1a674a1dab5aee22f397f124d0a8e7fa2a63a8 (18) arrived
2021-02-02T13:46:33.387606865Z: INFO: Skov: Block 92bdcb0af70923a51b44c6ecab42cd8ab54ba5ed1a935be283f5454874952b9b (2) arrived
2021-02-02T14:58:51.816750571Z: INFO: Skov: Block 4eec9311a7b2d53a7c394f02be75449cdad3b634450c323141782e2991d5a43c (13) arrived
2021-02-02T15:55:28.232459382Z: INFO: Skov: Block ad7c4a6fded86473863f237bf4c2180ccf59658cedf4dbde44ab56f49ff1b529 (18) arrived
2021-02-02T16:10:59.799108748Z: INFO: Skov: Block 8aaeacccdb6d0f2405ff70b38228ee43c64fde67def5c8e344f4d9734e6901da (8) arrived
2021-02-02T17:07:06.704354687Z: INFO: Skov: Block 1f6084391bb1c751e0865d5f926342a2aa27ecdf71ab1635e77fe66f5f072bb0 (14) arrived
2021-02-02T18:08:12.328480730Z: INFO: Skov: Block 2843602904acd4d8094bb070dd3ccf9331ffb8870f5f838d7552ff3cf35e7759 (8) arrived
2021-02-02T19:31:46.536146584Z: INFO: Skov: Block cedf846013eabf01b49af6946149d95e08227128f7788ff1713b85294a411767 (0) arrived
2021-02-02T20:56:47.382337498Z: INFO: Skov: Block 3c3f938de7cc479e1de5160cdd97c18caa4bcd22a36bfc22a3cc68605cad4e2a (0) arrived
2021-02-02T21:53:03.833481372Z: INFO: Skov: Block d447b62afb15284a077950a49e909f79cb8ff9b20f325314be1b1da4a09475a0 (9) arrived
2021-02-02T22:03:34.497357734Z: INFO: Skov: Block 1f905bc2f33d624d5f9b42ab95939c6e8e901c9414aea4ed4ef6255cb9a818e8 (18) arrived
2021-02-02T23:49:21.254354353Z: INFO: Skov: Block eab9c074c47569caf28f5549a51d24cfddab0d7bcd291053b5b0e2fb37a0248b (15) arrived
2021-02-03T00:57:04.544357182Z: INFO: Skov: Block 8c3f42c0f63215a28619867507ef597d072a02a06807577ab7772a78ae8f3f35 (3) arrived
2021-02-03T01:37:49.684783051Z: INFO: Skov: Block 551098865da799ac18cc6d1dbabacdcbd34201a99c5361f548134d429b472f88 (3) arrived
2021-02-03T02:15:02.151979825Z: INFO: Skov: Block 3913080067f1fa0fdab89405f080a9d9c524c8ef49f0a8593f705b03f6d99356 (12) arrived
2021-02-03T03:33:19.917754856Z: INFO: Skov: Block 87ea169a56c805793800c60c6a91b9d3b55c7c57301f209820e9315de8e35455 (4) arrived
2021-02-03T04:30:28.145970364Z: INFO: Skov: Block d4463eec03358eed3185271ef5187098f8ab50ef2301b370c6c1b323c5ae1119 (2) arrived
2021-02-03T05:36:49.457839342Z: INFO: Skov: Block adb8c18752e53323fe4a5e053a54f9492f0b87f0c9e0ccf95fec9d39098892b8 (6) arrived
2021-02-03T06:43:12.021712546Z: INFO: Skov: Block 79d1d68034ada4edf94852316ce030a659e67af206cd8910372b2306b388c288 (9) arrived
2021-02-03T07:43:15.727586603Z: INFO: Skov: Block f67bb9b736d20114f22987a22df1cac42a17733b6a2a267061efe0a5a9e73369 (4) arrived
2021-02-03T08:29:54.279799750Z: INFO: Skov: Block 333ef5b624e0ecaa989bf36ad461ed2662af59bfd0c5649b264749866ab2c1d5 (13) arrived
2021-02-03T09:02:47.310322651Z: INFO: Skov: Block ae4a1914be134562d44e7a3fd4f00a892ab8e680f7f5a283bca939d62f1ba5cc (8) arrived
2021-02-03T10:52:53.322207270Z: INFO: Skov: Block f5d51b516389a6a06529a58dff03817a0edc0bdf07146a55b3e3603f0858e5da (17) arrived
2021-02-03T11:59:10.032246757Z: INFO: Skov: Block 072009793a65e491e474bcd6fb11f1f6ddd400d8f787b9a7bb1e19d25ca0d985 (10) arrived
2021-02-03T12:08:10.183822129Z: INFO: Skov: Block 35c34f486172ae671d81ada87a849a2cf2ed6dc58c3be04b643a6096d2ae5b87 (12) arrived
2021-02-03T13:37:49.204620625Z: INFO: Skov: Block a203f35b415209a403486068ca2baae85a1e36783e24eac708ac56220c523ce4 (9) arrived
2021-02-03T14:27:07.927303626Z: INFO: Skov: Block 62b7db1281da80806434c91604198814e48efa6ce741a9d6e689240d7f4a56b7 (2) arrived
runtime:366
baked:12
