{"VERSION":"0.4.8","PERSISTED_NODE_ID":"a532a850c86dc245"}
2021-01-21T08:02:10.270531850Z: INFO: Starting out of band catch-up
2021-01-21T08:25:00.047238766Z: INFO: Completed out of band catch-up
2021-01-21T08:25:08.416364749Z: INFO: Skov: Block e94772c0f27eb148c28a986f99f6d82b43b0688abfacb1623d8980097ecf6ff4 (18) arrived
2021-01-21T09:04:45.203258299Z: INFO: Skov: Block 67ac45b03770bd71238c556ae72e0a8d14a4b0f80237c983ff6283e5ea56fb69 (1) arrived
2021-01-21T10:40:04.684639748Z: INFO: Skov: Block 1b0258e7f0a4dccff2c54de66818cfa7db12d24cd871da1b50015718fc485661 (8) arrived
2021-01-21T11:40:54.375399047Z: INFO: Skov: Block 3dc335e20be090b5944698cf54530315144c731d89b09b80524dee402de54c45 (7) arrived
2021-01-21T12:05:22.764486379Z: INFO: Skov: Block 6fb673f91c667bd0b466f34f8c7899c4864038a58a8472dc1793c349dc804f89 (4) arrived
2021-01-21T13:17:28.744361376Z: INFO: Skov: Block 91c49e91207a773fc5a961e664ff02735e64bb90ee7a20d01b696d0b9a5d6463 (8) arrived
2021-01-21T14:39:20.275115946Z: INFO: Skov: Block b6a2b880efb5bfec414ce95d80642f60f22b79709f655c342fdc47855f67d63d (14) arrived
2021-01-21T15:32:12.960995054Z: INFO: Skov: Block 741ac98ee91941bdcebb915339bddbc91e25c5f30ba4f882e673ea3574ec8e2b (16) arrived
2021-01-21T16:53:29.143900068Z: INFO: Skov: Block 0e5937b9a13a0cb1532d7f3a61daf195c0dd717fe0f7769bbfc8bc91934473d6 (7) arrived
2021-01-21T17:15:28.197039235Z: INFO: Skov: Block 7ca4d6aed94c626f341ac609e2195da9502ace2f9bb083d54c1e0fa770a85631 (4) arrived
2021-01-21T18:36:31.751274640Z: INFO: Skov: Block 58f9efbf89278b28fcc7df958fd25e47cca0866184e1a3fe8a1d379877610500 (1) arrived
2021-01-21T19:24:06.979576246Z: INFO: Skov: Block f9f74634281ba868d6ba5b8b65e13404ebc32a0edbc9b442d5959d535e17e153 (13) arrived
2021-01-21T20:19:06.985016479Z: INFO: Skov: Block 4cae4d4053d81e873e7b1a102b383faf22fb2157eae7d604d3f811b44439bb5c (1) arrived
2021-01-21T21:02:48.231820770Z: INFO: Skov: Block 6435460fe6b760061d717cceecbe70566bb5c4f50cabe54df86dc38d1524b0bd (11) arrived
2021-01-21T22:48:26.665221986Z: INFO: Skov: Block 05f2952e5d45a4b4502200dc0b53c7ffeb5aeb148b9d61b1d9e168612c93c9fe (0) arrived
2021-01-21T23:01:05.288476683Z: INFO: Skov: Block 00487b3a3cdb50aa7acacd31847028909a6951139b4198d18278acfa88a5c200 (16) arrived
2021-01-22T00:49:03.940746550Z: INFO: Skov: Block 7c3c9f6f35d0ab793b6e2f2f8d13fa7c2baa95c3bed6c33e42e8c5b45e27b93f (8) arrived
2021-01-22T01:57:22.355031057Z: INFO: Skov: Block 52fae1ff1c89e8c89bf72fd577cd9268060b38f978a9ceba39c917e0797cde2b (53) arrived
2021-01-22T02:40:00.537593912Z: INFO: Skov: Block 0f33d11c7353e3b8d71ea2d3b271d54a1646af748a592176b0bd4bd6b85f9300 (1) arrived
2021-01-22T03:46:18.987154251Z: INFO: Skov: Block 9e47f41a35a3a332e2ba0445c40479801490e25fc4e9a5d21648694e22b5f7c3 (18) arrived
2021-01-22T04:49:01.470525531Z: INFO: Skov: Block bf95be8cee8465fd7feaf2a5ac0514378ac08311748d2f3e92dd19cf58875354 (17) arrived
2021-01-22T05:27:59.246286904Z: INFO: Skov: Block 8f2f2d363226f1c47f75f49b94c521ba86aa4d64fdc9ec72a816e6286f5a5e9d (13) arrived
2021-01-22T06:24:15.727638292Z: INFO: Skov: Block 29d30b960a442f3fc89efa2d992dcad3327a441a8fd1b78ff3c82572bb8bd256 (4) arrived
2021-01-22T07:59:28.419841503Z: INFO: Skov: Block 2b04e0d4e48a19a40b9486bb852f16aa1650bafe2bcf0eff9df9edadc6f85b12 (8) arrived
2021-01-22T08:44:32.322106137Z: INFO: Skov: Block 168a83b091350d1fab1ecdfccdc22cbfefa4ea7a8ba5381cbfe805f34acafc11 (1) arrived
2021-01-22T09:21:13.523814934Z: INFO: Skov: Block d27eb6292e1b750ff75fa4c0abc6bb990581c3924482985751afc3dbee869ceb (15) arrived
2021-01-22T10:54:22.691225579Z: INFO: Skov: Block 71587d85daa9117c61374f3ae9002b79894697145cf21594876b19a41224e4b6 (10) arrived
2021-01-22T11:34:04.482955659Z: INFO: Skov: Block 445d5ef498e4bb72d8ab88f5f4abaa0c8b8e382cb61c2ead92723aec34acbe65 (16) arrived
2021-01-22T12:23:00.765375575Z: INFO: Skov: Block 24af40950a6fc7986f9d250678f6f5194a62d845f9c77f2de438dfb16b5237cb (17) arrived
2021-01-22T13:25:56.534627028Z: INFO: Skov: Block ca7b066a98ba362c3a172fe7b88c70bc03015fbd0a603b573818202054477f11 (9) arrived
2021-01-22T14:11:05.274552866Z: INFO: Skov: Block 281f0f7e5f08c1b63ee2c7434abe320097d352f9fcf1c2aa757735af1506cda8 (0) arrived
2021-01-22T15:26:24.835113803Z: INFO: Skov: Block 3096121b6ff9f40cfd40ac1c73af4b0a191cb50fb411c61e9a283989ae090fb5 (12) arrived
2021-01-22T16:52:42.020778158Z: INFO: Skov: Block 7a92b8514ad846449f7f6d7fd2bdacc41a461e970024481be2d1f847f1b940e6 (1) arrived
2021-01-22T17:17:39.205322431Z: INFO: Skov: Block 253591430488665296663bc6a671eabb60c1b1c981af61e10ec9ce45360db10d (9) arrived
2021-01-22T18:53:11.797808139Z: INFO: Skov: Block cd5d31a855603cecc088663d06909de902c6e61c711571e5c4de9084e0e32893 (7) arrived
2021-01-22T19:57:56.836169487Z: INFO: Skov: Block df8863d03c9980eadac4c40d204439df07109db8dff485dcc3d4992a0970721a (6) arrived
2021-01-22T20:04:37.969708383Z: INFO: Skov: Block 4afebf2e5b8adf4f7fa1694e97e3466f998f3e7f683338872a0a242b5cae2bee (2) arrived
2021-01-22T21:05:06.481762935Z: INFO: Skov: Block fa66f89022226581af2dfcb7cd28c6167f01c8f874e194719f29f44b983c3566 (0) arrived
2021-01-22T22:53:10.251173045Z: INFO: Skov: Block 4ed3007740613c29d35097f4e401f120336d43dd36bfdc60d27eaf208102ef2d (1) arrived
2021-01-22T23:40:56.725297378Z: INFO: Skov: Block 182911813e531661dd5301fe0c8ac19e4472636c9d4f99e73ce26cb94b0715fc (2) arrived
2021-01-23T00:07:03.522209852Z: INFO: Skov: Block d9fb31f8b4971d804f58e19007710d63dfe64a9c4f2818825369e5a611fd5310 (7) arrived
2021-01-23T01:51:32.963673872Z: INFO: Skov: Block 0ec9433d066d6d707ba2013da034369958cc28e53cd0657f6cd345d893784aab (7) arrived
2021-01-23T02:34:10.708417482Z: INFO: Skov: Block 0aa08355ceff47c00ca3c2c6a967e6a437880ffdb88d079b0cf96b615b9a92c6 (4) arrived
2021-01-23T03:09:20.795009944Z: INFO: Skov: Block 44061aa41b0022017968c6d476c5577decfe165ed867c59190e4d2b49047d214 (1) arrived
2021-01-23T04:22:01.051644950Z: INFO: Skov: Block ea68e8c92d277e76df62009439d0835286d2907d963518a7164a8480ed2e3e4c (8) arrived
2021-01-23T05:32:38.794141191Z: INFO: Skov: Block 4ce64415fd1b2f82626d55f32944282d0ccaf84603438a9c2b67292721106580 (3) arrived
2021-01-23T06:15:14.553464155Z: INFO: Skov: Block cc0022b6bc0e04ab6f9ebef41c82038d6876556fec47d929055e7c18700b8148 (17) arrived
2021-01-23T07:49:56.719288039Z: INFO: Skov: Block 94736ea009ad9eda59a9399582f8afc52eb6bcb239e8057f144d06f2f3e5f427 (1) arrived
2021-01-23T08:48:25.273372163Z: INFO: Skov: Block 6bc72431affdd37d896b6e9cade5763d9cb76c810001d205ee44584a2d8da746 (8) arrived
2021-01-23T09:26:46.787245015Z: INFO: Skov: Block 096e5dfd6e80de299c9a3460caa8c35718a317c80c90f3bf81d6e3114dc9f220 (16) arrived
2021-01-23T10:05:34.341308640Z: INFO: Skov: Block f668f2d458b08bfc886662cfd2de175467502eebd01c9075cf3f9a259d35634b (6) arrived
2021-01-23T11:12:12.519314421Z: INFO: Skov: Block ed9e3f4113787679abf89c3d9f233d7050871cdaea3a5b265426bbb41d278c81 (6) arrived
2021-01-23T12:33:21.059591895Z: INFO: Skov: Block c97b169314cc659c51b1ec234ad67643018bf41ffdd27d8d65d2457bb209f64a (9) arrived
2021-01-23T13:26:29.150909060Z: INFO: Skov: Block 05ce60c592a542939fd3de14490cc7bc7490ef11c58524590aef2f7d077d9519 (1) arrived
2021-01-23T14:09:58.809722528Z: INFO: Skov: Block 644463daf09f484942dfabdd687474c4147586c86bd9d2fd09b13635e722ec1d (13) arrived
2021-01-23T15:46:35.866792809Z: INFO: Skov: Block 009718f2a39e1513c7ed321e01996b086af729cf0430773b75f3c8b561cb2386 (2) arrived
2021-01-23T16:42:23.024895363Z: INFO: Skov: Block 9c3e4d708b289bb9db01b653d381a2783f6a5e0616ead7d44851d35295b2e6df (11) arrived
2021-01-23T17:42:55.252697117Z: INFO: Skov: Block bc8ec25ae2ae825b86f1b4ba4198e6fb388975e08628b3518d15dcb24327242e (12) arrived
2021-01-23T18:37:54.425640323Z: INFO: Skov: Block a6f70d423819de37aa19c5ca3dac62d4ffc150320c931eb271e3d583bb9439a9 (15) arrived
2021-01-23T19:40:06.016527460Z: INFO: Skov: Block 99ff98076441204aae1f2a578cb2f56f4eb3300a860b9bc0e0e7295bc4a82bba (5) arrived
2021-01-23T20:22:39.990567861Z: INFO: Skov: Block bab7df6efd6141ee2470b289bca49d204807ba7dc2ea7fc7d5d920b8bb2fc1f6 (9) arrived
2021-01-23T21:05:34.975800275Z: INFO: Skov: Block 9289835dda5229ad5f6b399ede7ce9ba705fddafc5daa0cdc97ac20cd0f5e739 (13) arrived
2021-01-23T22:50:58.026918184Z: INFO: Skov: Block 6d20ba3d26ec4343f69ea527d145fc46891848def5527417024baa87f7c616f9 (10) arrived
2021-01-23T23:56:11.967661131Z: INFO: Skov: Block d9c706494970464d189ae01d40d7d262a5e9c05fb05bdab54851e2e01920e3e8 (12) arrived
2021-01-24T00:16:34.496103888Z: INFO: Skov: Block edf4c1b4fb0b4e7b7bd4d197b47cbe4fa5cce1b80be075f1975b0862379dc33d (10) arrived
2021-01-24T01:26:23.253115797Z: INFO: Skov: Block 652df00a95ab96752709e544fe5a4cd26facb2d439b5e993b080c5252e5cfed2 (15) arrived
2021-01-24T02:48:13.267956517Z: INFO: Skov: Block 7bd01163e1f1c790b6ea2326acd61ab708efbf628b7f60d1fa663e550b7c2a93 (18) arrived
2021-01-24T03:37:34.191856806Z: INFO: Skov: Block 91a34b911fba6fb8c97a408a05129ab0a8f128f065e1b6b9dffb5999f20814a4 (9) arrived
2021-01-24T04:49:58.483411996Z: INFO: Skov: Block 15e9a642d81bc031a1b050174d657db05e9ed6d713221eacdd33de613855ccb1 (0) arrived
2021-01-24T05:31:26.615239002Z: INFO: Skov: Block 4e8ca45e405e4622281f1b0eda5cef0db6921c59a0110246d805d7f0ba057d71 (16) arrived
2021-01-24T06:19:13.717239372Z: INFO: Skov: Block 70b341a40f2c16906417bd785dedae55a07a2ea877f52caaf9e3c0587d324029 (11) arrived
2021-01-24T07:15:13.568592422Z: INFO: Skov: Block 0eeec23afa61e73145854ec0a2cea70f2684d6f93de4237128b90817a0a28f28 (12) arrived
2021-01-24T08:36:54.026640182Z: INFO: Skov: Block 4bafa8d02278e3cd64a718c1cc168569dc007e2f8e902251320fceb79548d8de (17) arrived
2021-01-24T09:13:38.283868235Z: INFO: Skov: Block 4ade39c73e0ac483e9d0e229d00a57f00bb2ad56966e1df406ced7df7338f801 (11) arrived
2021-01-24T10:00:08.984959486Z: INFO: Skov: Block dddabb2dcaa8d94a0762e21acb9ff5c4d2bdc74e85b78db613456676ba89918d (10) arrived
2021-01-24T11:02:10.494803478Z: INFO: Skov: Block 6c4cfb085feca8b7519e54394c3501e9045dca9ecd4b761ae4537304258e4733 (13) arrived
2021-01-24T12:57:20.318114338Z: INFO: Skov: Block 682ac26cd1bae152a8be86524c1fe7df6e448c34f5300942c7333b6cdb57c92e (4) arrived
2021-01-24T13:22:33.991906073Z: INFO: Skov: Block 95c7ad412456b53eeb3f5b6671dbc1bfb4d63ea43538d298528025502b635aab (17) arrived
2021-01-24T14:03:52.269968909Z: INFO: Skov: Block bb4663336aeee87af2c16bf40c4e407733ddfef0d716ba43671c7b625fd58a5e (18) arrived
2021-01-24T15:18:13.278808945Z: INFO: Skov: Block 164551e1a3efad937a5431d5cbebda6c84a6be0864a27f65960bad7b65def6ba (1) arrived
2021-01-24T16:20:46.740425190Z: INFO: Skov: Block 88041f33e92affcd8267dc4ea2d3dad4267108a8ecc29ab525b12728ce8bf5eb (14) arrived
2021-01-24T17:31:49.269292302Z: INFO: Skov: Block fda3ff0a43f5da1b718c09ef0b50342f2dafd6c1738632776154a2c794f6ae50 (13) arrived
2021-01-24T18:34:49.028861976Z: INFO: Skov: Block 24ba4f1a40de39dfed377d7cc4b785d41f8106e29af827e91c1338efa5dc8d32 (14) arrived
2021-01-24T19:11:17.004881985Z: INFO: Skov: Block 328b59cc9c5f55231dec52570a03a5857c67b480bb6244cb5a2d24a2ff43be36 (4) arrived
2021-01-24T20:14:35.347934606Z: INFO: Skov: Block cc93964f3ff99c86d3d8418aea8804c9622a4644860c94cac954e8606ba8e611 (8) arrived
2021-01-24T21:23:24.772918061Z: INFO: Skov: Block bd1e91c2411c26e885a58c0ab9e2f93434fdeb7c82ca96ffb90dedbbd84ef841 (9) arrived
2021-01-24T22:24:42.484802701Z: INFO: Skov: Block 74f3fdbe9023c4a22c341939fcea1adcb5b2d2fe1694bda7235cec37cf82d6b5 (3) arrived
2021-01-24T23:52:01.490125319Z: INFO: Skov: Block bc0eaa2a977b0ad365fcd1d08bd2a140a435f66918a49a9beaaf79f9c5dcee9c (18) arrived
2021-01-25T00:30:02.563671491Z: INFO: Skov: Block bf61e5ca6f2c09d218a2d6b1fe84efb2cd0666b8594f45fbdc2a54eeacb7934a (14) arrived
2021-01-25T01:09:02.257817321Z: INFO: Skov: Block e647795b42d70b076389b7d47540b19f0729cf80949f8ab152b833d52afdfcc2 (4) arrived
2021-01-25T02:11:54.757191453Z: INFO: Skov: Block a12dec45b56c94f146f32f45c6b9c6f65cb20a8bc5039a8534a14fd1d77b20e1 (9) arrived
2021-01-25T03:16:39.000925925Z: INFO: Skov: Block fac6d3abcffabc4e5af38da389da4893ad4c7ac935e25dc5abb02db4ffd1d640 (3) arrived
2021-01-25T04:45:53.261525995Z: INFO: Skov: Block c3b9b16ab2b58fd6267037c86f3edd86eda232aca439c8743749b0d65e8173f7 (13) arrived
2021-01-25T05:56:21.176925769Z: INFO: Skov: Block 36f237b7f0e8f949ab6a21d4c3a269f973ec67675b2951ae0b41d3051bb90dd5 (17) arrived
2021-01-25T06:24:25.478328545Z: INFO: Skov: Block 29ba1fd7cca872a61c48c97e9b7e1631691d9fd6a0f1c613294b6a30b13925b2 (4) arrived
2021-01-25T07:23:37.266202648Z: INFO: Skov: Block fc64297c49f9379aaf574a882738848478874052283899605b82f9ca0fb1c5fb (11) arrived
2021-01-25T08:43:19.519030391Z: INFO: Skov: Block 4b9e7cb5c972efc8c24b07d5b2b86308718c704e98963ef216a53186c6b7a8d8 (16) arrived
2021-01-25T09:13:49.611538650Z: INFO: Skov: Block 2e9544fe867a6099e183b1174858ff1f63bce7046f846fed5a02b1da8911516e (17) arrived
2021-01-25T10:22:57.737614423Z: INFO: Skov: Block e23f12c0f14a2c529cdb4afd094068e583bdec706c4566d2cde68bd1764d917c (3) arrived
2021-01-25T11:11:57.695741252Z: INFO: Skov: Block cffe9721e9fd2b65d4dc89ce9b34096f7a837fd7fd5aa1aac7ece8d6d68a3495 (11) arrived
2021-01-25T12:12:01.585039756Z: INFO: Skov: Block 4937909a93dbacc6478fef1dbcdd480e6cdc70ddbae48f83e3ba8bf80e080c53 (0) arrived
2021-01-25T13:00:05.843686033Z: INFO: Skov: Block 3579e5cbf98f5fb6943ba8853eccc315216c14294f5344b884fcb41e3e2ebd8c (15) arrived
2021-01-25T14:32:47.710659467Z: INFO: Skov: Block 633dca9ebda5dad2dea861567049a4aea4df656dd25e4d4728395ee79f55481f (7) arrived
2021-01-25T15:16:22.457176052Z: INFO: Skov: Block bb6fcac278f220bcfe8eb24c58e6671230fb9f0bcc5835196ba286f7ce4b9373 (11) arrived
2021-01-25T16:03:42.044601205Z: INFO: Skov: Block f06f2ca5e8cadcb198f115bd9b08b3a3a29b5fa9c4b55d73e4e68103c73d506e (3) arrived
2021-01-25T17:21:01.338484879Z: INFO: Skov: Block bf1c0d31bf54f0f00d0522d511d69a82125026f67cc75cbc010b38e8c39014af (0) arrived
2021-01-25T18:39:59.248909912Z: INFO: Skov: Block dfef099f695261bbdde97fc226625aa98692ba0feb81fb20952d17e4bc965789 (0) arrived
2021-01-25T19:24:52.809035402Z: INFO: Skov: Block 43ba6aedbb3a49d683b8042cd302f279928a221630fb618697a90eae55f37236 (0) arrived
2021-01-25T20:22:20.777902280Z: INFO: Skov: Block 5d4cc28451d1df1eab9d3c4dce7bb91fe865ab59a0c15fabbc439c92964187e7 (12) arrived
2021-01-25T21:43:16.928245781Z: INFO: Skov: Block 78f64d150cb1dffc12a6c822d60b17dc77958beaf7c9fce809ab566e99bec71a (3) arrived
2021-01-25T22:25:48.007238857Z: INFO: Skov: Block a643418be52d475b947b4108bc6874b3c21732c3a9db8560239bbd9ca882b1cc (10) arrived
2021-01-25T23:13:28.584552112Z: INFO: Skov: Block e1976b2d2ebed8943559bbe796c4c49fa73aa5f03390c2e21a056913522ca0d2 (13) arrived
2021-01-26T00:13:39.485244119Z: INFO: Skov: Block 7f39b7525ac7b07e29d4951fed11d4091240853dd8a9e06daf5ffceb72303502 (13) arrived
2021-01-26T01:13:15.029711846Z: INFO: Skov: Block 1885b0e8029a323abd92804bfcaa63d143fa5e30defb9d880fe721f3665883f6 (2072) arrived
2021-01-26T02:19:52.979332872Z: INFO: Skov: Block 24b9eb1c01d7accd2d4b49de78e8912e4af23f2d69ab12fef0d495115152848a (281) arrived
2021-01-26T03:14:14.296501119Z: INFO: Skov: Block 0eaabacc0f788d87935c2e1894b3008f9f8e48cd5c7f02e0bf3ed50c0da38433 (7) arrived
2021-01-26T04:17:30.715817876Z: INFO: Skov: Block a3eebebdd52b7c3ae733ec76d8c870a89a41d67378432796eabcdd9902d2f549 (5) arrived
2021-01-26T05:41:01.519368925Z: INFO: Skov: Block 5ceb522a00588e600268a0fbbb5f5fc043492ed9747d3238b4cc4f55b3f7cfb9 (9) arrived
2021-01-26T06:45:25.615103375Z: INFO: Skov: Block f7348c326dac6b3e627aede46d5153543f35294ff4aa5e9a715934e2954ce9e6 (6) arrived
2021-01-26T07:44:58.254800445Z: INFO: Skov: Block 5ec298028ae4db8a44fd40a61b7376e4e4514399842877ed9a06677346d5a22b (5) arrived
2021-01-26T08:51:53.787579844Z: INFO: Skov: Block 29360392ca736083970cd459704fb90025434dcb27801c9c1742914f96925447 (6) arrived
2021-01-26T09:05:28.568178187Z: INFO: Skov: Block 8be6fee96dcf57de4092ed7d5bf481b7835a56532f7fc1b55703ba6e6c30dcf4 (10) arrived
2021-01-26T10:25:42.496164491Z: INFO: Skov: Block 6aa43cd1b981c11f95b7b2e355c1887335affe0b2f5e37c4db7d9c4146e78f4a (16) arrived
2021-01-26T11:26:37.738981957Z: INFO: Skov: Block 16639c57ffdbbcdc5c4f5783a1b17137dabe2a34dfb7b42d964c401a8ef1d1db (6) arrived
2021-01-26T12:36:46.537755919Z: INFO: Skov: Block aea68118fa5fa9f32d8381ae47cdc1035f2931d0ed7487d8d4b71aa55d62abe7 (18) arrived
2021-01-26T13:04:29.834452999Z: INFO: Skov: Block 752ada21dfb5713fd77160632ce5279c33bc7da45d48b46ecb6d42d6961fe564 (1) arrived
2021-01-26T14:04:05.518148285Z: INFO: Skov: Block 3d073d166ff67c33a4360cd1fbb6092e89e53b8ede3d52292ac4cfdade2dd6a3 (18) arrived
2021-01-26T15:45:07.238852346Z: INFO: Skov: Block 70a4c80419733d410e7334e28e98168bc357a4a53841bde16ca1262996e1523b (8) arrived
2021-01-26T16:46:44.510103939Z: INFO: Skov: Block f1148c8429cdce48b413d616711f84a8a719b2597b1e2edee40045b2ce03920d (12) arrived
2021-01-26T17:37:11.535828731Z: INFO: Skov: Block 6d18062172e758fdbf2b0cf5dabfc833d93b820453f053a6530e3bf75468491e (7) arrived
2021-01-26T18:15:44.737779506Z: INFO: Skov: Block dcc05dae8417cf917d2e3b9bb8dd762d7d10a69ed513335e5f8ee4f6b4b06eca (4) arrived
2021-01-26T19:21:53.423705572Z: INFO: Skov: Block 96ddd3100d0bdd68d94afd15fb077b6f3940b9735bdce0f98670274cf85af26b (17) arrived
2021-01-26T20:11:44.715410682Z: INFO: Skov: Block 36c36be0189fd6e467e0df51c8da6c21b95d6be8209b3dec3902aee31de85739 (17) arrived
2021-01-26T21:29:41.970091903Z: INFO: Skov: Block 824e01945da8dd0dabf820e8959d987afbbfc2e90348d8ad6855c302edfa3907 (17) arrived
2021-01-26T22:37:36.758747944Z: INFO: Skov: Block 948060f8731b635a77126f37490a7e825021e49f370d21ded60a1dc66af44f64 (3) arrived
2021-01-26T23:08:30.491321801Z: INFO: Skov: Block 3def88edb0f2ac944b5e5ae798ad7ab52c0690757fe3697a4c303dd1c68a6487 (12) arrived
2021-01-27T00:11:43.771429695Z: INFO: Skov: Block d92a03d8725d17797d6e42be0ab3621fa83cc28e5410b739e43bc967cfab5687 (5) arrived
2021-01-27T01:34:20.032439430Z: INFO: Skov: Block ea3b309583c0dedf4da5126877cdecf405a9946504dd217e74de4fff58b2712e (15) arrived
2021-01-27T02:31:40.524901444Z: INFO: Skov: Block 206a806234cd799155f51172ea1c14ffd739545d6968f9f437389f4f0b902fa0 (15) arrived
2021-01-27T03:16:22.174896536Z: INFO: Skov: Block f736558a4d1d6668eea4fb5c6ade99a3f1f116f707ac162fcb63f380a05c1030 (10) arrived
2021-01-27T04:59:53.516076954Z: INFO: Skov: Block cf0fb8a41dccb5fbbc8953d4e0b547dfceb0c675c354ed241c12624da83cf017 (5) arrived
2021-01-27T05:53:27.051753064Z: INFO: Skov: Block 0e277880186734c6a337813101f6f9b8c2967307579ebf7d04120a9ae1fa6e6b (9) arrived
2021-01-27T06:58:16.757241706Z: INFO: Skov: Block 8779326a64b39ad62a80ecc435a9a84ff2012f0ecd1860981fd63cb7f418af48 (2072) arrived
2021-01-27T07:38:36.558024531Z: INFO: Skov: Block 700446801582937c634bde78f70e916790ab2c401182ea13dd03a851e5d74aeb (13) arrived
2021-01-27T08:31:50.700047889Z: INFO: Skov: Block fa8eab2bcf46d5f57cf9b91fe2e9200519a744117f0c2e405f1dd706c4ee7e60 (0) arrived
2021-01-27T09:04:55.322666747Z: INFO: Skov: Block 62287c293af867c1a38049349b23cc8ecbf125178a0a6687cb832ac58296d83a (15) arrived
2021-01-27T10:48:48.125044271Z: INFO: Skov: Block dee2ef27adfde963b67957d9975a442f8a2ccf6a219f1ac225d22e7363bee975 (4) arrived
2021-01-27T11:09:56.386685673Z: INFO: Skov: Block 1878c447a4d652480525fbca7610501ce75c187dbc453104f7e4f201901b5737 (4) arrived
2021-01-27T12:33:22.327206257Z: INFO: Skov: Block 5e87ab86195f5130c1c96d9f4f30a1ec30ff603b1d5447304a53f20689d7fe18 (9) arrived
2021-01-27T13:09:20.847995011Z: INFO: Skov: Block 206f2f8809c563e87258e2a2efd75a4a99aacfcc8e6baf42f4c7e87eadc14f96 (3) arrived
2021-01-27T14:43:24.252420774Z: INFO: Skov: Block fac61900ee5ed3b03fb15ea4d1a37bbb99c84ac8cdfccb7edad6a1d72cd765d7 (1) arrived
2021-01-27T15:40:17.795719253Z: INFO: Skov: Block c85ff350ae3e72fb6ebeebe622b60ee198a2d3fe08b0c5e33168d08594d1ba0d (15) arrived
2021-01-27T16:38:56.513471411Z: INFO: Skov: Block 50333d060c3916af489e866fd7f14a210d27e2dfc4b41302a8188296072791c3 (3) arrived
2021-01-27T17:12:20.494715028Z: INFO: Skov: Block 7def61a511a91943ea56edaeaf87acf57c9b512f90c7d380a3ddebcf7bfabbd0 (10) arrived
2021-01-27T18:22:25.107769344Z: INFO: Skov: Block 7f882a6ea49480bd8a6198faf8edde5827557f5abc2711696d51574ab56ea816 (4) arrived
2021-01-27T19:32:35.048872414Z: INFO: Skov: Block b51a9ffccf7f7b17c1db6525ad5d16c9cd6bb49fda537700a97d7072564a888e (3) arrived
2021-01-27T20:11:24.983372808Z: INFO: Skov: Block 020e02895f445085b44cec2cd666249380168b0c64acff7bf66043239e1a8f0e (1) arrived
2021-01-27T21:11:03.479517407Z: INFO: Skov: Block 0a492dd4dc21e4b8af54f89adb2e7703c911c448fec3d083d428348618724e0f (7) arrived
2021-01-27T22:19:13.167941740Z: INFO: Skov: Block 46bfd2e91841bd78d56a494266feffec587df0007918012385d98efde154355c (17) arrived
2021-01-27T23:43:07.715836046Z: INFO: Skov: Block a39b522928ef369c49d85e8a154277f3a86f6fda963b4a5d1bed31ea0f24c219 (18) arrived
2021-01-28T00:50:09.175861780Z: INFO: Skov: Block b3f357b7017e1bf3994ef7473eb9b8aeb1061c97910ddcbb11d388c3dd97ccfd (8) arrived
2021-01-28T01:39:06.301428164Z: INFO: Skov: Block fc6373dbc96752251fdc5d05bdd784dd7cd61aba819dfae8c19a49de1243611a (7) arrived
2021-01-28T02:33:58.001294069Z: INFO: Skov: Block 54cfead355c21381a7f0f6296ea05d840d1bca5f55e5c5aed9cc3798b3624d8b (7) arrived
2021-01-28T03:32:55.514984449Z: INFO: Skov: Block 403687f40fbda1622411491dabe63b18d79082d012e6cf29a6381c3093856e67 (1796) arrived
2021-01-28T04:26:46.147930649Z: INFO: Skov: Block 1ce8f2fedb1dc0c3108d0da3f340523b56ce3ad99a4b5e8fe8e28e14505f8cfb (12) arrived
2021-01-28T05:26:40.305386202Z: INFO: Skov: Block 8e4df2eabf537cf42ea0f51b82d89a10d2313c9c9a714e7bebddd05e77a7928d (6) arrived
2021-01-28T06:31:12.932146527Z: INFO: Skov: Block 4db09185b9be799561969bd1aea934a2463506292eb1a472ab35a98801dc90f0 (8) arrived
2021-01-28T07:07:44.251914318Z: INFO: Skov: Block b83c292cff60354d16eff9c6ed7160f2146016805110b3c3f6597483103504f6 (6) arrived
2021-01-28T08:48:07.232908674Z: INFO: Skov: Block d98daaed30c8426b5fba3951a6519037659202f6ad71c6ae8876c0836c9e8648 (5) arrived
2021-01-28T09:20:00.501581209Z: INFO: Skov: Block b6a1ab382186dbe1d507c5e70433dd2f0138a4c22911d4923a489b6c86a55825 (9) arrived
2021-01-28T10:10:23.176748774Z: INFO: Skov: Block 2dd117624f6e11918961ddbd23d3e19a5da262641cf27e407d9ee52c6cc5d958 (1) arrived
2021-01-28T11:43:44.279601677Z: INFO: Skov: Block d70462f501f6e30ad0f4f8803f75801edc7865e235bade07bb43781bf10fd3fe (4) arrived
2021-01-28T12:58:33.796723131Z: INFO: Skov: Block f57dcd9384fef7f6b29b1e4db9b2129626ca9d5a057772aba3b4f8758620e4c6 (15) arrived
2021-01-28T13:27:39.823448741Z: INFO: Skov: Block 83649e58a86d90c540bdad9538a57a0d824c7876850ef8d5202ad7eaed90a9b4 (7) arrived
2021-01-28T14:30:14.265244190Z: INFO: Skov: Block 313e89a971e2d2b2eae2c7a0ac76530684edb4d3550c82d9de63051c6920223e (0) arrived
2021-01-28T15:33:13.183229722Z: INFO: Skov: Block 549dadaeedfe1f09d9d43c9986196fb681d07128479593f93281b181563e72ae (10) arrived
2021-01-28T16:55:27.009711802Z: INFO: Skov: Block e3ca988caeddf606d4c1c2a23de478f5a8c20b9569032fcae545fc9a4cc9efd7 (11) arrived
2021-01-28T17:02:15.188418452Z: INFO: Skov: Block 545ecc80787e8a243303b3b008a23a594cc60ed32efd5767cbbf13aac62b6759 (2) arrived
2021-01-28T18:11:59.254437908Z: INFO: Skov: Block 106a7959a2fc4f68e29adc0e31c675d8addaa109b2fc83ea10bd9a84cc29cecc (14) arrived
2021-01-28T19:31:42.830351036Z: INFO: Skov: Block ba3ae47c550dc78192f874a858140e022d0fba8fa9f7e4034a4186acb93a0334 (13) arrived
2021-01-28T20:57:39.108371760Z: INFO: Skov: Block 2ef6aa3cd59c4b97c024dce3f127fba5ae80b438326a7aa2a7e5304d89623fa2 (3) arrived
2021-01-28T21:20:22.967988312Z: INFO: Skov: Block a70b58f6496feeb324c565adf33a8c42e80c2896065cc497811a9d8107cb0e1f (17) arrived
2021-01-28T22:49:39.987783698Z: INFO: Skov: Block ab65a3d977820525a83bb0b0cd4fe1021d2b3edd90b3154ab79704631d9b7ff8 (5) arrived
2021-01-28T23:39:19.966893036Z: INFO: Skov: Block cffbf06efd6bbcac3fc99a51441170a7a268951220708d1ac23c78936889a5c4 (17) arrived
2021-01-29T00:12:12.635021095Z: INFO: Skov: Block 0e3c89ce9d6db62ed69e5de59b687c65faa5fb18a6077f092fd53a2ae918cb02 (2) arrived
2021-01-29T01:44:11.404629261Z: INFO: Skov: Block 3fb90fc1528e0b137f45c310f8926f9a7fe6c8ec2f48a73e38d9af1c3446ca92 (7) arrived
2021-01-29T02:02:15.755536253Z: INFO: Skov: Block 48f05181f61eacb96e9d82519c239ec3353573944fcb77fc95bb98474706a2c3 (16) arrived
2021-01-29T03:38:05.778047309Z: INFO: Skov: Block eb444da6db1a377d73da13410919bd3dc978bef5688fc199d1e2789aa011601e (7) arrived
2021-01-29T04:57:40.434248848Z: INFO: Skov: Block 0be927adfd2559eb0a20525e34ff4b603157769de3cb5a4ae7fa2f5b48fca055 (10) arrived
2021-01-29T05:06:50.467520432Z: INFO: Skov: Block 8c7850bfe938342a12b0bcf6cacf7f4f27325ef912db18ac16370450a8c1d0ac (3) arrived
2021-01-29T06:31:14.584654937Z: INFO: Skov: Block 55d7f9aae5daa012fde5d063f1cc3ca5e31b3364f32dae46aa4912a45ebf5c92 (6) arrived
2021-01-29T07:16:33.732844472Z: INFO: Skov: Block 9d9cc859a71ebbc1bd1538f0ea9cf6d5e674e288225ace4ff74dd834dee76be7 (10) arrived
2021-01-29T08:20:51.650397771Z: INFO: Skov: Block db6cb1935e071a848e5c77ad8e3c1d51313c14b40c9f5d72c561d0338468ef6c (8) arrived
2021-01-29T09:38:30.763989556Z: INFO: Skov: Block 71bf2f742684f25ee29cd6e9f3fb90301b98c58b3612b630aea63ac3324cda5f (7) arrived
2021-01-29T10:31:53.771473129Z: INFO: Skov: Block e524f0b97f28b48c83611eab2ee54075547351d195e6b5587e86771149207200 (16) arrived
2021-01-29T11:36:57.389367378Z: INFO: Skov: Block ffb23c7fde6a01f57ded570800facaebaecc7ca4870128c79b650587ce6c0b97 (8) arrived
2021-01-29T12:27:04.609224619Z: INFO: Skov: Block 82b61f745886add18f9861a36f66a57ce4910f41cc14fa6de9f3ba096702dc3a (17) arrived
2021-01-29T13:37:52.970076630Z: INFO: Skov: Block b06bfe2270bf290834acd62716d0c334480184c3acce4ddf6b8e272978e25746 (5) arrived
2021-01-29T14:41:54.544154290Z: INFO: Skov: Block 73758251a0f71134391c0eb7802fcd23c8d7009bd51495a754fa27e4e8f0e68a (3) arrived
2021-01-29T15:29:58.793945735Z: INFO: Skov: Block 01dad38442e4a164457823333ce5924047e87defec3474dbf1f26328b024ccbc (16) arrived
2021-01-29T16:18:02.187177558Z: INFO: Skov: Block 3ba540ec00fb620c7ba23ef1fe25693e747b5e65a92b9d1852623aa117055a3d (1) arrived
2021-01-29T17:31:35.137308838Z: INFO: Skov: Block 530f0398b15b34bc45884bfa57456195f374fa1cc017b0963a62a1ef1823a205 (16) arrived
2021-01-29T18:43:58.599213156Z: INFO: Skov: Block 5646515c26fdf98185ea30ef72c95461f47e5d93339595471b314e542c4ddc0e (1) arrived
2021-01-29T19:50:38.978652620Z: INFO: Skov: Block cc69a5623fbd4b6ed5378b8cc2b89b3505278d2625a1a9377cd661886cac3506 (1) arrived
2021-01-29T20:39:27.431119140Z: INFO: Skov: Block 1ee32478d6229c4fa46e09d20784bd75bcdaaf2b8750dcece4e032f949e7f887 (2) arrived
2021-01-29T21:47:11.185555312Z: INFO: Skov: Block 3dbce4a5e38ab8d4334aabd8fdf7acb51e70bb7922cca3705cb95c5c716b0ed9 (15) arrived
2021-01-29T22:29:26.027373430Z: INFO: Skov: Block 871287402a1ecb410a52bda693303995f6ea411215b7038e5691be2cee6ebf39 (10) arrived
2021-01-29T23:36:48.235178777Z: INFO: Skov: Block 2f39ef360504d8f22dad55ca44c34d9eae5131ce7997c4233c422b1a9f03ce4e (4) arrived
2021-01-30T00:21:24.428899084Z: INFO: Skov: Block 3963142d881e1a0666d1b4071de837a6d41a4da8a972df51f11d8bcc94951578 (3) arrived
2021-01-30T01:53:15.561794276Z: INFO: Skov: Block 839b1a04aa4f9e3bb0468561f6caaa51145b05e3234e988bf42a3255ec4c9d04 (15) arrived
2021-01-30T02:54:07.266623386Z: INFO: Skov: Block 81089a701441cc0b8e1327d9bee53ea435e02c121f085e350159eec274281125 (4) arrived
2021-01-30T03:18:12.976047971Z: INFO: Skov: Block 795499435f495b57f0dc72db25dc7c731977cf080deb2b639079a28eceb5a7f0 (5) arrived
2021-01-30T04:47:56.286954795Z: INFO: Skov: Block c33d2865ee82adec8430a82eb6fb9f6219bbeee53676b899bfa082d925996bd2 (7) arrived
2021-01-30T05:37:11.516836301Z: INFO: Skov: Block 3a5be2ae10448e51c02d690be2dd4e5d81cd6282a49752755ce987a7492493b7 (9) arrived
2021-01-30T06:05:02.301593829Z: INFO: Skov: Block c8245f5bf5b73f86ce2dd3f00710d0aa24b4f08fe7e3b95e7b097515b6b9e6b2 (5) arrived
2021-01-30T07:35:55.208012051Z: INFO: Skov: Block ad07a57ddd2bf88c5479e19344570073955a3550e3086563686b080edb62e9b9 (18) arrived
2021-01-30T08:27:08.133045769Z: INFO: Skov: Block b7b8213b2aa2fffd9c886bba0d25171899499eee9dab57f3116436ab10b16971 (4) arrived
2021-01-30T09:41:48.937003476Z: INFO: Skov: Block 54f33b2c01997b6e7736ec7e5f112c895ced03bb48decbf42ba40f9bddb61526 (10) arrived
2021-01-30T10:31:50.126841340Z: INFO: Skov: Block 5b22f7d5adf2f20f9b414c06a53d36174824441f0fbc1d164c60c7c3cd9d7ef8 (9) arrived
2021-01-30T11:44:15.488293384Z: INFO: Skov: Block d827ab9ee61de1f1198cb9132f2968a3150cc8b204b6c20b5ab86c1ea94e08f8 (11) arrived
2021-01-30T12:18:57.649330442Z: INFO: Skov: Block a2c974db5d7be5edb375b6d9fc5b9a96c6da477561e59907415a1bb1d3e89bb5 (9) arrived
2021-01-30T13:06:28.227899959Z: INFO: Skov: Block f44bc99459403a5ecf190606898c6016a6de157aaac8eb4e7e3edce0062c6658 (1) arrived
2021-01-30T14:58:39.171150963Z: INFO: Skov: Block e1efacf9f91c25c2247cced3fda5610b172c8e4103d5588ded3051152e692925 (12) arrived
2021-01-30T15:57:46.331006442Z: INFO: Skov: Block a003af951c7102b5d954df300d096f8f9c7c542fc20c3f09e5fc22f1214ecfc3 (12) arrived
2021-01-30T16:38:42.248333855Z: INFO: Skov: Block cc338c2005a4431e576ab02b68aaab5d81440349e8e6aaacbcb2354826a0d729 (3) arrived
2021-01-30T17:16:51.560269017Z: INFO: Skov: Block f9ba4d420ba51cee8d0e4d9dc12c29798907cea799d744ca777ea081dfd2aba0 (1) arrived
2021-01-30T18:05:03.215478776Z: INFO: Skov: Block b2a78b9696d55d24187b1180c0a2358cd556c17c0c4c8d6bbd0c556488098e68 (7) arrived
2021-01-30T19:25:10.656129969Z: INFO: Skov: Block 5df9842cd02f463093a455722f2e656301ec99318b3183908d49da288b43c7cf (17) arrived
2021-01-30T20:54:42.176780652Z: INFO: Skov: Block b3ccc73de137c01741157ec4fb9ef2ea931afc9c6fd51d4e4dc0e6fe106aedfb (11) arrived
2021-01-30T21:47:20.576741378Z: INFO: Skov: Block 167ba3370539e40734b7ee20238377644e2ab1daf02a2f936a7ecd19510597ec (5) arrived
2021-01-30T22:51:30.714132006Z: INFO: Skov: Block 8c09bec2381520e8fff5eefa7c45c5fd8af0cd7d8853fc7d4a108b9fca06f1d8 (14) arrived
2021-01-30T23:35:32.294207796Z: INFO: Skov: Block 6f57303df45e0cda8a7f086f7aae5c4ab7c89a00a32440ebc1f78c81a4959ef9 (3) arrived
2021-01-31T00:58:02.549494924Z: INFO: Skov: Block 9b3869f7af574503c957ecd1887ff482feaebce5a1dd27d83705ac170ba2963a (5) arrived
2021-01-31T01:25:34.059063931Z: INFO: Skov: Block 707b8017249fa5e797b45c54d042b97b360c11a8e8c1b296b009ba47c385db3c (11) arrived
2021-01-31T02:20:18.623530544Z: INFO: Skov: Block 3d63840649175f4ea7432b2872e6e2617ed2dc2f4f1f554d7fd30af3bf03edaf (16) arrived
2021-01-31T03:09:21.910556329Z: INFO: Skov: Block 91f003a299d7dadbee0a6f388e7caf8460cdf33e30a080970974db3f9e8d3654 (11) arrived
2021-01-31T04:29:20.936274228Z: INFO: Skov: Block 339e3e2bd5ff209a1cb3680d75ddc83a25f374c8c1048a1b2a1203cb1a43c944 (3) arrived
2021-01-31T05:38:27.094810033Z: INFO: Skov: Block 1428585489e418956dddfd1cc1893ce44c95f0e133d99b3073179dd5edf3e68f (4) arrived
2021-01-31T06:15:32.281111906Z: INFO: Skov: Block ede99faf407e4f5d2d6a2ca47d78d54b16a1e42a7a5b63b7bebcd037d5ee58da (16) arrived
2021-01-31T07:16:31.392494612Z: INFO: Skov: Block 4815bc610cc41872020d9e88944c7917d45214237587f844ac85879d22b1c864 (465) arrived
2021-01-31T08:45:20.102541432Z: INFO: Skov: Block f9bfa3d777c306917e8d6db071d4abb70101e8219bc9fe8ec8c34cc879fc80de (10) arrived
2021-01-31T09:02:59.310557708Z: INFO: Skov: Block f3cd714ee54f64b6712e3e611e54b2fb437a44d0ad8d986e93db3f16b2cc8f26 (11) arrived
2021-01-31T10:22:36.773759908Z: INFO: Skov: Block a9c60438d1488a405c2f58e507d21c3a6ea54982eb2a8dab4bfe2eacadfe6896 (14) arrived
2021-01-31T11:43:09.540749780Z: INFO: Skov: Block bea5cb6c3e1f134b4c6ac513151670fa69405d2b5d31de0117e47f800b28bc1f (12) arrived
2021-01-31T12:20:32.743160518Z: INFO: Skov: Block e63770424c32517d83a8d857c81fb3bedfae3ea55370b01bfcdd523723444cfa (17) arrived
2021-01-31T13:29:56.600803212Z: INFO: Skov: Block 9bc1671857408ba107b81b98bb4a37c845ecbb75da4003c14bf6529f559f69f3 (4) arrived
2021-01-31T14:16:01.069830299Z: INFO: Skov: Block 9b11683c4166b39975ab313d861584179cd9fb5ddaf8b6b433225a032212835f (16) arrived
2021-01-31T15:13:55.616603071Z: INFO: Skov: Block a91bf8e1cb83b2859b1edfa3207b626bf8cbb188a869a5ca3761c533624bf5bf (5) arrived
2021-01-31T16:15:49.343715843Z: INFO: Skov: Block 6afd5560fb41df0a92f58c59195dd022bbc081b1516eb316ed26bf14abe25712 (3) arrived
2021-01-31T17:57:32.753199225Z: INFO: Skov: Block 0dbe3fc1d58e2933b5373a51644f7b279485b2a9c426ca30facf6dd39760510d (4) arrived
2021-01-31T18:02:19.643245864Z: INFO: Skov: Block 94a801cb7f66742b5ab76129d244734a93f49514f501f15167a0212124fcefff (4) arrived
2021-01-31T19:06:53.779347501Z: INFO: Skov: Block 037d8bf9b21533e24ae3e4b0a9d0b333f53dc8beb964339e7ae2431063dc593a (13) arrived
2021-01-31T20:40:32.209017020Z: INFO: Skov: Block 4d8d4ea624a53b9a5862fe9a25d615e93bc38f2e2d188a4546d7bd94c7586dbc (0) arrived
2021-01-31T21:36:46.131304726Z: INFO: Skov: Block 11e80f0acba28155f399db36f6eb8851467d462b6a47e53ae54850a25c0650d3 (3) arrived
2021-01-31T22:46:30.354815903Z: INFO: Skov: Block a056b0461742823efc2ea72ede06b4e696e94eba759ab21f25ef698aed25ced9 (17) arrived
2021-01-31T23:44:20.950860403Z: INFO: Skov: Block 1d5742a7527a399ce3b49e8602cec675f58975f9de4addb0682395ed78ecfc21 (5) arrived
2021-02-01T00:41:20.379833818Z: INFO: Skov: Block 8fe71659aaa95eeb5812b44b40306b33116b30275eb916ceba8fd8629ac5316c (3) arrived
2021-02-01T01:27:10.880423412Z: INFO: Skov: Block 82443289b72d4832263e573365db2f707b08c9b2038f0d977cfe70d2b83c7c13 (13) arrived
2021-02-01T02:31:02.514308241Z: INFO: Skov: Block 5cc7edcbd769e69aa1a9d8db1716d53e627290a1a572bfe45d9aaf70f2779757 (17) arrived
2021-02-01T03:33:11.970467998Z: INFO: Skov: Block 9061bf0c34937e2c1cf9fccb8ea72e8f98bf0771645eb16528d28b270c3a8675 (17) arrived
2021-02-01T04:06:23.445411385Z: INFO: Skov: Block 7ec207c13dd5dc67b99649dceb322359e871115b7b19991f7edc44dd41d0d79b (3) arrived
2021-02-01T05:59:44.918014610Z: INFO: Skov: Block 6a63a9a4a8614f24bb2fcbe96d7d396802be808f3fdba01146923e163039d210 (5) arrived
2021-02-01T06:28:46.381987158Z: INFO: Skov: Block 7c7710565097368e80d685f5e2bec93de7de07a9f9d1b25b1351e93d78206544 (18) arrived
2021-02-01T07:08:52.813317727Z: INFO: Skov: Block b6ce5a5cea997e1dd0a08fbc54124df64db820bf322e2394b6bbd7805737ccab (10) arrived
2021-02-01T08:12:42.179749308Z: INFO: Skov: Block 0c57928163d890f23a6054e79d7905ed5347df3f6beef9a76cb8e70c5bd6e74b (11) arrived
2021-02-01T09:32:17.555553682Z: INFO: Skov: Block 939c516d03c7178ccf2107f0ac131f18577f2c861f3c28b89aa84512c6496811 (15) arrived
2021-02-01T10:32:04.333450202Z: INFO: Skov: Block afd81c7d5ba4007ffeb83509e93a20c5bd9f7b000a78588edb95720d8c66f6ed (0) arrived
2021-02-01T11:48:18.013541073Z: INFO: Skov: Block 030a144e41294590687ec4561c8dc12b20888ab81fe733fb0de84ec1e5e19008 (2) arrived
2021-02-01T12:34:02.857372205Z: INFO: Skov: Block dfe4116d414797f0b5d1ebd7c742e72a900996d35be9209b8188bc9b7458b27e (5) arrived
2021-02-01T13:27:30.682609040Z: INFO: Skov: Block ce71d10d695cfe20ac2170dc029bcd753f43e49d3ee10c9b87be0bc312357e3d (2) arrived
2021-02-01T14:20:01.328254854Z: INFO: Skov: Block eb482be9b7799816e99520093fe9de20bd6e216939746c43ca514e4901ad9f99 (0) arrived
2021-02-01T15:02:14.911046927Z: INFO: Skov: Block d60259f47d389ef0c1c064bd92ec7c44b88da5330690ae347e6b396620cb910d (0) arrived
2021-02-01T16:34:01.538541682Z: INFO: Skov: Block bdf0695064a91849c910ed45e589c32281fae1d768c62da453ad02b44a06b5c9 (2) arrived
2021-02-01T17:53:57.206369448Z: INFO: Skov: Block 6ffd10941ae497f3c19fdaff0013e519ea2895dd330503aa251e1fad2d279449 (7) arrived
2021-02-01T18:34:34.649810283Z: INFO: Skov: Block 7e39890ec90bde52864ed8d9e00ba906e7db199f083d3090d7a895ac96f3982d (3) arrived
2021-02-01T19:29:35.742977387Z: INFO: Skov: Block da813add9b8d05510fc4c65f0b9a31362229b0719d064b637a6ce28e6c3a56f4 (18) arrived
2021-02-01T20:18:57.323548266Z: INFO: Skov: Block fc482993d01daeb2371fc9c97bc78f7faa7d2eaf5ea504cd9b0c590e49315d83 (12) arrived
2021-02-01T21:58:02.814074894Z: INFO: Skov: Block 140a93641c294187dc9b58add11172b4cabeeff97b5c7aaa0d6312f5d852530d (0) arrived
2021-02-01T22:17:40.739324666Z: INFO: Skov: Block 34502b99cd16140256cbaa67c9f2b56ee98380306f735b6d46cebdd722c0b14e (11) arrived
2021-02-01T23:32:56.775184422Z: INFO: Skov: Block 80c7141d76540dbd815d8e8a32cae679d707cae665973b6a3025baf9d5d5c382 (7) arrived
2021-02-02T00:03:37.071598903Z: INFO: Skov: Block fd94932a0c1b7f1e37941c74d29f6bf96c36ea7e4402e9abaeb256194be6fd74 (18) arrived
2021-02-02T01:49:33.721427898Z: INFO: Skov: Block d9768d22c359597d68f954f731f50e604ab2c789ab26af33182cc7aa333bd6bc (12) arrived
2021-02-02T02:39:26.085518812Z: INFO: Skov: Block 308ca4e7d03bf7a84425f54a97a4f034125656b4143da05183d5aba0f8b97004 (16) arrived
2021-02-02T03:29:50.320590540Z: INFO: Skov: Block a4e83feca8ce9f97b33c50267c66bc4bc06f10d4692e8c3a32c553b3d58fbe2b (3) arrived
2021-02-02T04:08:53.953278809Z: INFO: Skov: Block 0d8429d00577cba35419017777dd441f0cf70d306f0b1b2ad843663c49c4170e (14) arrived
2021-02-02T05:10:53.610514616Z: INFO: Skov: Block 727909fb181c7d9a01456504fa2aa2191cc0fd34c925f9c77ede6f4bb76a7199 (14) arrived
2021-02-02T06:48:21.990744467Z: INFO: Skov: Block 45385421c12881a2419b6cdc0b18d5703f3225eaebd21fb4014b57e9b30d124f (3) arrived
2021-02-02T07:03:40.184501753Z: INFO: Skov: Block 6ea98fa0f4a7f9f998cf274f844f950af4371e26fac0953881dde2727e496000 (15) arrived
2021-02-02T08:11:45.716935543Z: INFO: Skov: Block ef193b971a13e478637b8145242ee1af9a97b2a68a6ce06ff8c4e65ac2545e3d (0) arrived
2021-02-02T09:11:52.585761726Z: INFO: Skov: Block dfa73fd70da0447674dcef049981df2848125324cea9dc95cdc5f875f09b6fef (18) arrived
2021-02-02T10:47:50.863779559Z: INFO: Skov: Block d5d375d2745119e9148a84d65721a8b9e7245d3f3fa959516cb1717c07b442fa (2) arrived
2021-02-02T11:06:34.955155057Z: INFO: Skov: Block 240ad3fc590ae9072c8edd9528af0d5679d3b72e18fde93c93d812f93bbdd538 (0) arrived
2021-02-02T12:43:14.888434488Z: INFO: Skov: Block 3408d762a055523e877bdb5ddd6a9194b4f91ba0a747aa99a34f7125eb311118 (11) arrived
2021-02-02T13:23:02.960152496Z: INFO: Skov: Block 9482513b60d13088da8e6bbf422f2c308dfd778fd3af4297398adc7424db631f (1) arrived
2021-02-02T14:31:22.109121374Z: INFO: Skov: Block ff3b44cf87fd2c938ca9cadfaa56d9351b254ab00945b1575da0f3992f807e0c (2) arrived
2021-02-02T15:04:56.331752242Z: INFO: Skov: Block a7e52dc91120087c5db79aca545a46476a0c94c3866a298a862a1779bd6c2438 (3) arrived
2021-02-02T16:36:04.351042763Z: INFO: Skov: Block 1f5c155c6152bb5513872425b4c3d3faeb5e03a8b84ac4fc16d0b2021f3c11e4 (7) arrived
2021-02-02T17:46:49.530045973Z: INFO: Skov: Block 969deb4dc7fc897c07c44c8a4f29a8f5b49e23d7efe3c7bc2238913c87268d45 (3) arrived
2021-02-02T18:20:30.149991451Z: INFO: Skov: Block 2d17595ccd33f46afe49c9226dc4781837759f529d154b3ab0ff6e1e5eaaf635 (11) arrived
2021-02-02T19:53:45.816726463Z: INFO: Skov: Block 80ea64d906e8604c4c0647cc1e7ee0a10fccc96f348e189b1e51ca5821709db6 (14) arrived
2021-02-02T20:32:36.458578792Z: INFO: Skov: Block 7248923adecd3a7535f660b5a26b40cd0a617480ca187c49fd778ac06affb34d (15) arrived
2021-02-02T21:19:43.742219112Z: INFO: Skov: Block 54f8a1d6ecd3db71b421c9fcee6b2b7d82cdeb21e2ed805d23ce69fcbf2801f6 (17) arrived
2021-02-02T22:48:41.156919561Z: INFO: Skov: Block f80e72cc3f702601879ba723e04f63ba554b98dbf0fa2070c9613cdffc4be727 (9) arrived
2021-02-02T23:03:54.968387499Z: INFO: Skov: Block 441804b706d9bb4e4a42561a7ba9babdf971d8006e2d39083ed1467aa7d94987 (12) arrived
2021-02-03T00:42:53.095944867Z: INFO: Skov: Block cc96351bb0bdf41981b1bec76ea9a6ec35e45b0f806a44958edce73f75ae1ce6 (1) arrived
2021-02-03T01:37:48.680638880Z: INFO: Skov: Block 39e9c00ec2bd4724439dd47c38c7778820aa40041a78daa248583e2399e12840 (11) arrived
2021-02-03T02:28:12.544220557Z: INFO: Skov: Block 392c481034a53b38ab8020fa45f02673110cc99ebd7bf3acb2345e39582c572e (16) arrived
2021-02-03T03:27:05.310652045Z: INFO: Skov: Block 3405de117a06d48a9edae79fce923c955b1d4c123d0fb7a83e6a6615f5309600 (10) arrived
2021-02-03T04:34:55.829412876Z: INFO: Skov: Block 7d225cb8439613038f2bebcb06c07a77b75b4838fa0eb143d936b367af64f261 (0) arrived
2021-02-03T05:41:25.323177003Z: INFO: Skov: Block b3329fce44d10df08098cae37702194f3d0f3442c1013389913fbae690d0d7f7 (10) arrived
2021-02-03T06:55:04.763896890Z: INFO: Skov: Block 7c9600f6ee6fba60520bc007ec872139f0d725c5fe0a9a4a190727780cee0445 (7) arrived
2021-02-03T07:59:33.111949220Z: INFO: Skov: Block 59fb36fdb35686a6a3770339bbec96a5bb7f67395afd5765665b7ddbd5288fb5 (2) arrived
2021-02-03T08:38:08.993053205Z: INFO: Skov: Block 45b4e0a774b7c89b82af8ce6113e254644639e799ed7d523da6682d9020956aa (4) arrived
2021-02-03T09:05:45.183099119Z: INFO: Skov: Block f00a010f571b8176b9b30fb1665b7d3871b81822a423880e503865d8148c9ffe (8) arrived
2021-02-03T10:33:42.543528363Z: INFO: Skov: Block 15392d7d40a328cdac28623bda99585b3c9a74ed8f193a72a5e8bc434368dffc (4) arrived
2021-02-03T11:35:53.445687323Z: INFO: Skov: Block 0ffed3ec85341010269ad2963f3149344c94b4e7c59452544b942651bd951b82 (13) arrived
2021-02-03T12:38:05.450338354Z: INFO: Skov: Block d5001673c3c367b5130006aae9253c7ac0f0fa55fdabde04b54e7d7d124c443f (3) arrived
2021-02-03T13:15:05.117514421Z: INFO: Skov: Block 704c5052c67e8d9c970c0ae68ae6345140e93a04b1bee3d2aa8b24073ce3c452 (14) arrived
2021-02-03T14:33:17.427029644Z: INFO: Skov: Block b55daebc005ffbf95dbaf0801d4dd93a9cc41a86e90ad3da40b9d3f9b6aa888a (0) arrived
2021-02-03T15:26:55.087664397Z: INFO: Skov: Block 80569ad9f8f1a1b407f862574c4ed3bbb119be33a237df1e678573f13aa46f68 (18) arrived
2021-02-03T16:36:45.654923396Z: INFO: Skov: Block 78efda2437e2a6b9187ee772f4dd6742a3254290cb80b2a02a9a39181d0ea3bf (7) arrived
2021-02-03T17:38:48.104437274Z: INFO: Skov: Block 7bc20ed32054f20319e850793a38060b16b97681dcce56f7998f5d401a4e5439 (2) arrived
2021-02-03T18:49:27.838821392Z: INFO: Skov: Block 41a6792d68e0d571052ec949a2f448a2accf884e3f7cd832cfa7b56cbaf03a14 (13) arrived
2021-02-03T19:33:54.005528969Z: INFO: Skov: Block d0b0074c880a85d5d6c8db185e4c8813aeec2a671642cdba2abd1341f8d8c951 (17) arrived
2021-02-03T20:40:38.392821423Z: INFO: Skov: Block 7b999c901e3ccdf0b6fcc821d8657490e61607e09b34e0836ef6871922550256 (16) arrived
2021-02-03T21:19:26.569502941Z: INFO: Skov: Block 9d7967e3288792f69183a891b0e97a5e13ade715e64181b4aca3245a97f7fd38 (18) arrived
2021-02-03T22:30:46.572873503Z: INFO: Skov: Block c6f5ebf3c9d43036a68d3e4d0666018315504a720169e39e46b91e57783ec0dd (7) arrived
2021-02-03T23:14:38.494823267Z: INFO: Skov: Block 330f0dcbb8ae4360fe46fd5f9b02c92c38c359824a88a1532e5a28b2e0ba2fd9 (11) arrived
2021-02-04T00:22:51.449526568Z: INFO: Skov: Block 1c357bab46afd6c118f7e2116727f8ba3c380406b18038ea0e307792c2deec3d (14) arrived
2021-02-04T01:03:01.610669226Z: INFO: Skov: Block 7dc3e050ec93cd6129a7250c5de131e517c22e5d82074b35e81b1352baad91de (13) arrived
2021-02-04T02:50:54.647432734Z: INFO: Skov: Block 5306e94cb9d7f2ef39d540a18a6a02f8aae88f82ca77a8963b3390f7b2ce9a97 (13) arrived
2021-02-04T03:56:05.576182410Z: INFO: Skov: Block 440f8c2ef234b38e4dddbb974bab57b694774e6b5a1c8bdf2d4ef5e39ee54a2e (12) arrived
2021-02-04T04:36:48.955390483Z: INFO: Skov: Block 34ddd2cb656b310ed8c66af25505fd19d5303811be3ef9e8a32e8878de0a88d5 (3) arrived
2021-02-04T05:45:38.371085963Z: INFO: Skov: Block 4011269825c6370494e0868408d80ffc3dfc30d9d4e45eab155756d5255430c8 (3) arrived
2021-02-04T06:09:50.986029218Z: INFO: Skov: Block 90be9ae8bb91539e51d56e50b14b3a451b9e4a96b47c6bea14fdbf77d2990845 (2) arrived
2021-02-04T07:43:51.502118729Z: INFO: Skov: Block fbffecf909dbbfe162f45f9bf3622b163c481c2ef8f6a13d8f9fafbeecb48238 (12) arrived
2021-02-04T08:37:04.725765153Z: INFO: Skov: Block a69091d732c015c18d9f66202037b325d90d431fd40686c1571e69946fe72e23 (5) arrived
2021-02-04T09:57:39.639428337Z: INFO: Skov: Block 623d1841746383e663835212d4e2685964d7363e018b3ccc3c4e58604e3fd3f2 (8) arrived
2021-02-04T10:40:05.150255631Z: INFO: Skov: Block 05c239a5bee168dd922a2033112301c4c9178c4f91481f4319c18faa7101ff37 (4) arrived
2021-02-04T11:59:42.537870373Z: INFO: Skov: Block d5c49781ecc3b40ed76592d551273f0117487a833352d6deec9807755691eee2 (8) arrived
2021-02-04T12:14:58.810417962Z: INFO: Starting out of band catch-up
2021-02-04T12:14:58.823055342Z: INFO: Completed out of band catch-up
2021-02-04T12:54:54.298005579Z: INFO: Starting out of band catch-up
2021-02-04T12:54:54.305387554Z: INFO: Completed out of band catch-up
2021-02-04T12:16:03.092237079Z: INFO: Skov: Block 69238ce38f6683d80f53fbf2e3c026825380aeb683890c863ffd024bf6df879c (6) arrived
2021-02-04T13:19:23.850292302Z: INFO: Starting out of band catch-up
2021-02-04T13:19:23.860667145Z: INFO: Completed out of band catch-up
2021-02-04T13:46:46.154338218Z: INFO: Skov: Block 9d425d72ce35a77c91d029c3e764a4e1b84b885792908dc579ce068e450b913c (13) arrived
2021-02-04T14:18:13.921633652Z: INFO: Skov: Block e6893055c50547f07e9cdd67806e264ab66f90c5f308772289fcb379c4a616e7 (1) arrived
2021-02-04T15:49:01.997778265Z: INFO: Skov: Block 7f6014596df8b93dd7ad163753ff2cecb0351fcc790bb1b698f003c2bbc869c2 (14) arrived
2021-02-04T16:28:56.054851789Z: INFO: Skov: Block f87b83e87477a7061d7815af167141eea5191c8d988a237f32d6ded36d640973 (9) arrived
2021-02-04T17:26:48.007650601Z: INFO: Skov: Block db74fe0fbb7af2e4f0cf71c7afaa0e6074bbef2388377b1a353b0619d6ff99f5 (9) arrived
2021-02-04T18:47:58.143732361Z: INFO: Skov: Block 9ef25c106a883c2720139fba9b000aeebeccd011c3f58767777bdafaf28a264e (18) arrived
2021-02-04T19:03:37.712237609Z: INFO: Skov: Block 3f070039683b47ada8d1c412901d5de08d9496d5131f29aec0491d0cc75e0951 (16) arrived
2021-02-04T20:33:34.343185539Z: INFO: Skov: Block a917d909551c16dd62f29e8409a1c22191c175a7ffc6a087d1f561b3853b1b06 (3) arrived
2021-02-04T21:01:21.360800825Z: INFO: Skov: Block 8d972e10dba7e34b7fddc6f1a2c2f3ae575579c5d6347ca4554bdcbe5756fe28 (0) arrived
2021-02-04T22:48:07.567953767Z: INFO: Skov: Block 3b94de07b9682ba9f3c22208a3ac5ebcc4bd62e2176c51e9e1f693e11774905a (7) arrived
2021-02-04T23:15:46.462269666Z: INFO: Skov: Block c56fa8b7d6dd2c8cc9db7d1dc4ac7ddd2eeed406303e8092cb0dbc3be50b56f6 (15) arrived
2021-02-05T00:56:07.675380098Z: INFO: Skov: Block c6fd8481e88d09784e386e78e8f92595e4f5cce2b61e2d8b44587255ec8e9153 (6) arrived
2021-02-05T01:24:28.286106249Z: INFO: Skov: Block e50bdb4a54f4339598fde17d6d4d90a3da12a3d96225583e974d824e5d109d3d (6) arrived
2021-02-05T02:30:19.187004192Z: INFO: Skov: Block a579c5f20e891caa3207b6629200b6d0288c5667f3d3eaa7649bd5a111a60e89 (4) arrived
2021-02-05T03:56:02.584782067Z: INFO: Skov: Block d43d7eaadd05f25474b10634ba150cab24724a485665cef9898e3c7667f63d74 (8) arrived
2021-02-05T04:24:20.912906498Z: INFO: Skov: Block 025e930a0b14a271def4a8b7d108e8452729681a1507d436e94dff4b96b7b3c1 (2) arrived
2021-02-05T05:19:48.994345060Z: INFO: Skov: Block 8498ca391d0bd81587d1b1b13ca1393b3223be9754918452d9fe51f7de6a60d5 (0) arrived
2021-02-05T06:37:25.918421724Z: INFO: Skov: Block 0da2e009b6ba77b2a0c8f1e0f9970094961c3ba7467613ae0bbc021142c590c3 (1) arrived
2021-02-05T07:01:11.432113119Z: INFO: Skov: Block 59ed284e81670a2a5597fb06d8a59e4a36f63ea9f0399df0f51672e597342c38 (5) arrived
runtime:360
baked:0
