{"PERSISTED_NODE_ID":"09ae50998459b8f6","VERSION":"0.4.11"}
2021-02-07T12:01:28.504173884Z: INFO: Starting out of band catch-up
2021-02-07T12:01:28.516624289Z: INFO: Completed out of band catch-up
2021-02-07T12:52:15.820676057Z: INFO: Skov: Block c93a714692e9277e180db7cc7b8b787370b9dfbdeade01d2ebde24a474630cab (2) arrived
2021-02-07T13:57:43.357692608Z: INFO: Skov: Block 85104b9b1e90afdb2602fdc44124adb3774dc54a7189a00d1a9fa888be2859ab (16) arrived
2021-02-07T14:32:45.873026305Z: INFO: Skov: Block 4d9d5bed612f6959c477e5f3722f4623d9a2c07cfe825b2cf73e430a6d5e4869 (2) arrived
2021-02-07T15:13:36.356070816Z: INFO: Skov: Block 0f59895089e7b87fcb3056987f255c502fccacf79c5c3f309283496269c1c96d (9) arrived
2021-02-07T16:47:47.475958890Z: INFO: Skov: Block f76fa400bbaa96ba36f5f11f8d58f7ac9a6389c12e840b7a40d397a926aa6e7d (6) arrived
2021-02-07T17:20:40.630837177Z: INFO: Skov: Block cbcee64c213be2fba5286a0b3ab45ee980c58773a6b1ed2b6e432de27ad1e3a2 (14) arrived
2021-02-07T18:46:14.631705839Z: INFO: Skov: Block ae39b6aac9a0e75f0fac5ab7fe1da24da97fe2978e4bbc9fc7b21a84e31b9bc7 (14) arrived
2021-02-07T19:36:52.104031886Z: INFO: Skov: Block 64eebc535e7f4826edbd67741346628e124a7144230ca0b7efee62174474b892 (0) arrived
2021-02-07T20:58:43.316680174Z: INFO: Skov: Block c4b72dcba5900f9dc14b7cbd0503384b4dfdee9eb58698f4c638dbf97e535e79 (5) arrived
2021-02-07T21:39:55.077517868Z: INFO: Skov: Block ed90a6a519a420f22cb37924f8d0195c40f67b4d88e47debc79ef75fc9eeaffd (5) arrived
2021-02-07T22:49:50.017802880Z: INFO: Skov: Block 8581d4eff7df4d6b5eccb115baadaeb619a01120d21ce8ae0fdeff5a082f5e08 (7) arrived
2021-02-07T23:53:12.192051821Z: INFO: Skov: Block 86bfd637da30db10c378ace1ff26b9d9e18b4de7b6724f83ac6438c939efa39e (7) arrived
2021-02-08T00:32:59.389615738Z: INFO: Skov: Block d88f6331f45dd61f4c0187d4b1e4873298ed88c4f6f50a7901b5b0c254a4aa1f (18) arrived
2021-02-08T01:38:08.504124164Z: INFO: Skov: Block e7585784c2e49180ec01ccbd4fa3756a103da41d1fd501c5b236befd96dbf953 (9) arrived
2021-02-08T02:22:29.923796117Z: INFO: Skov: Block d00ba62a46bf2ad50f0126cddb549346e4d2ca9cafe6fffbc654630d37ac2504 (8) arrived
2021-02-08T03:52:55.288568060Z: INFO: Skov: Block 6ab598164a6a1c10d838fa3952300a6e41be3b16b341f5e020472af2a2b4d720 (7) arrived
2021-02-08T04:44:50.455437057Z: INFO: Skov: Block 79a2dc4b1d79f8c823c15eb8b112619d95d71f82b224a1f7f45cbf581eedfe82 (1) arrived
2021-02-08T05:09:46.051059612Z: INFO: Skov: Block effc14968daf17ea01f528c79baa74cc824c35ed5739994784a3994daddc9d88 (8) arrived
2021-02-08T06:31:55.787702178Z: INFO: Skov: Block f5c39cf49e8c07950c749733df43f3336945d6ebfa9662fb5a565da68c3fdf8d (5) arrived
2021-02-08T07:16:02.184150262Z: INFO: Skov: Block 6c26932b26f777df82a6ba920c6ed03f28702b9f5bf0dbb3763b2a43bb7b6838 (14) arrived
2021-02-08T08:53:19.436031343Z: INFO: Skov: Block 605377172cfc58f18cade0efde6e72efc3375232c7503b89ed3543e04b41b356 (2) arrived
2021-02-08T09:42:40.743767429Z: INFO: Skov: Block 21db162bfe151dd654639119c58bc1c0a60ee2689fc3055efcd68def787e6d6b (1) arrived
2021-02-08T10:59:59.432735111Z: INFO: Skov: Block d178b313231c3b4c2674699a42d0923d39105bc00ad74670f8db7616ff4d682f (2) arrived
2021-02-08T11:06:23.352027362Z: INFO: Skov: Block ebae405d9ae2e7f741dc7d6b18ba55a616b6764b9fec95dea8432e804e9e72e3 (8) arrived
2021-02-08T12:49:05.144019885Z: INFO: Skov: Block 6c32823cee58b701bde98991808e30c8bd05b88912dbe22c4e9d3ad21d4897a9 (3) arrived
2021-02-08T13:56:21.939801914Z: INFO: Skov: Block 0c444caadd0d73f4c7e3b33f29527d76fee24200492513a498b78a144c08bb89 (3) arrived
2021-02-08T14:32:29.025867933Z: INFO: Skov: Block 5f2c9d02e2730a1da1fc7417b099d7503bb422fe40b2536b7a384537ee7e027a (3) arrived
2021-02-08T15:57:43.353759364Z: INFO: Skov: Block d37b517dd8b5b33e3927b1c28044e8c8f47a0df714ee66eae60e05149b305f07 (13) arrived
2021-02-08T16:09:33.870940643Z: INFO: Skov: Block 2a93455fb08a4835390fa3651e11fd418fcb016e75995f667cb7908f829af6e7 (12) arrived
2021-02-08T17:26:03.299801012Z: INFO: Skov: Block 322b6fe52d40f9ffb95a931c17174d335a0dba64602ff4a640e924e0fba6480e (10) arrived
2021-02-08T18:08:29.532336296Z: INFO: Skov: Block ff805474a1533eedb2e99c2f6cb7be442f6298ac7bc589cff4d1d408099bcf12 (12) arrived
2021-02-08T19:38:07.394735985Z: INFO: Skov: Block 31cc1dee25a56eb81764c837936553879837421fa5ed4208afcc5cf3ccbd57d1 (17) arrived
2021-02-08T20:25:21.756508378Z: INFO: Skov: Block d5e2caead8a046bae661cc7c844980030577ec6e53fb9f5bbccd4c42992e492b (13) arrived
2021-02-08T21:33:20.914969750Z: INFO: Skov: Block 99fbd166dda5fe6a76e0bbd3d4912e83b2fe60499c64dbe7bd38205a0f9670a3 (8) arrived
2021-02-08T22:24:22.637295929Z: INFO: Skov: Block 3c6025b702ef379ba43865cb5c60ee2e0d2868b1124130c9c15c58b4f2fdd81c (5) arrived
2021-02-08T23:39:53.551814280Z: INFO: Skov: Block 9403872ff561977303cbc1d67fde58f6951e14a79f14e6f4bb81574515f2bda1 (7) arrived
2021-02-09T00:32:30.455799794Z: INFO: Skov: Block 1fe868a0436d4776a4d7ba98b419034cc01b6223b01f33f889dc5402c598d8f8 (2) arrived
2021-02-09T01:25:29.725069677Z: INFO: Skov: Block f80de497726fd73e39155fc2e814da77f48b8cd68ea4b7061f485181d09e35ca (14) arrived
2021-02-09T02:54:49.288702933Z: INFO: Skov: Block 1b659c8f0affbbac113d65c7bec66bd9dbe769e87a9f5a9d51269f1cffdd95b9 (4) arrived
2021-02-09T03:10:38.694883829Z: INFO: Skov: Block 40e22c6fde3f4ef0e7616459a7726c61137528f185fd04dac85cedc3a49d0591 (11) arrived
2021-02-09T04:59:02.430995294Z: INFO: Skov: Block 54a4a359f7034784a63c74daf86898738beaf814ed435b1127f04a4945589575 (9) arrived
2021-02-09T05:41:58.245010321Z: INFO: Skov: Block 8d39c240bf93d12be7dc6fd266041fee7b7c4bb7e8120fcfc15f46f7b62c4349 (18) arrived
2021-02-09T06:51:29.083137469Z: INFO: Skov: Block d7410dd5f3ae639edeca0622579bfcedc2dfeb5c8a7c9c31e37066d9a29b9e2d (13) arrived
2021-02-09T07:29:39.130572906Z: INFO: Skov: Block 00f2a49c28402ecd1e19e6a729048a367eeee5806e6ec3c3bf324764a371a19a (1) arrived
2021-02-09T08:33:08.207087455Z: INFO: Skov: Block 610739e13638ad4039dcc161660557733e4fd484f149d6879145484f26000296 (6) arrived
2021-02-09T09:26:59.735997582Z: INFO: Skov: Block 8b64e48e5bcccc048507576d6a238f7ce9ca6c7a3d4098d68695160960ead4fa (12) arrived
2021-02-09T10:35:01.092935634Z: INFO: Skov: Block 5e50aba8f9bd57c4a416b436bdff9313f37828b0ff979afe3c2bb555e12216d6 (1) arrived
2021-02-09T11:30:18.128225498Z: INFO: Skov: Block dc0a16be2e1fb6ce3ee446171fb9649623e7791446fe30f2e80172b7adeabc78 (9) arrived
2021-02-09T12:46:47.415627918Z: INFO: Skov: Block 7472b962fd2d616617ae9a19783f0bf4c247e1bf13e27da4800933668dfaaeca (11) arrived
2021-02-09T13:19:08.291713924Z: INFO: Skov: Block 4f563f01ddb859576c471fcf4d1f8e36d3220f41a24e44b2c94105f83fb58a86 (7) arrived
2021-02-09T14:41:24.092145108Z: INFO: Skov: Block 12c5274a9396814506d0fb03a71f80c7da368df7e2051b19a6a9b25e08381a2b (1) arrived
2021-02-09T15:18:08.231018220Z: INFO: Skov: Block 29e7b7bed88ce076973630f31299cceeb4e041fc189f7bcfe7dbda55a7b803fd (6) arrived
2021-02-09T16:10:50.432397066Z: INFO: Skov: Block 1baa5f02dac6187c7d8df7cc65b6788f5f5852c734ad5c4c9cf391936d2b7ecf (13) arrived
2021-02-09T17:53:46.331027669Z: INFO: Skov: Block 2b99a84afc83fcd80dee61b213b3459b67b4d41109d39e08fcf2cfe45208fc7c (4) arrived
2021-02-09T18:17:10.897482001Z: INFO: Skov: Block f644156ea23886a71f7cea09444c5061a3f5a922eb239da531af50c4183433a5 (4) arrived
2021-02-09T19:40:58.560674453Z: INFO: Skov: Block 2b5357439e1f21fa9a0054e212f973e063c4064346abbdf49bd5e4f30deab7ab (5) arrived
2021-02-09T20:41:02.976207796Z: INFO: Skov: Block 18629242910e1fa65f6818e59f7132860f412906b81cf38cd491463ba2613881 (13) arrived
2021-02-09T21:57:02.359305353Z: INFO: Skov: Block 97bdcb970094fd5185a201ca291741f73c5144a0d7c4d14fd55b2e9c7c19e678 (9) arrived
2021-02-09T22:11:23.049522563Z: INFO: Skov: Block e0925bfd82ef7bc5b64b7ffd809a043579856076d8cfb57162d71e1f87aaf466 (9) arrived
2021-02-09T23:39:01.905679289Z: INFO: Skov: Block 613f10dc869f633045e3329d6bcf6ec9e1f7de391d099758dfb356b4dd552658 (8) arrived
2021-02-10T00:50:24.440236357Z: INFO: Skov: Block 67d3b25e9efda665f360e16e8063be1ee3283195a33df3e4e735dca19e1aa781 (15) arrived
2021-02-10T01:53:27.144216065Z: INFO: Skov: Block a038d0d386092ce6171b2f343b7cf749b8360f4e51523a3cf4c97c53684ca644 (5) arrived
2021-02-10T02:18:27.928337152Z: INFO: Skov: Block 8636b7a87a5a80b5257b51e4d919968b3d029a77a291f897063160df248dc6cf (7) arrived
2021-02-10T03:55:35.293964595Z: INFO: Skov: Block c82330eb54d7ffece97d519fdd75b560582320a6f1fcdd4aafc5bd8663a97901 (0) arrived
2021-02-10T04:41:59.232776449Z: INFO: Skov: Block 87421f3fa9156225d3d8822db74143f61514fbee56cff20cfa860269761a1459 (11) arrived
2021-02-10T05:11:57.182825767Z: INFO: Skov: Block b76173487156a6b550b420a28d1e081270448998e78790228e551aafd1861985 (2) arrived
2021-02-10T06:51:06.344626670Z: INFO: Skov: Block 08e24f7454300016952d4025f1f2797e23f39d3f1bdf9c459d1330f3739543e5 (13) arrived
2021-02-10T07:19:35.385328578Z: INFO: Skov: Block 2861da77b4a7c481ef05b2071ba04e566fea7ad682f46ff4e9fb32e5a8ead823 (18) arrived
2021-02-10T08:21:28.518012146Z: INFO: Skov: Block 02ec975c27cc3b86d9a208003eb6e7ed583a5efcf7bb0917da0dbf2aa03ac4d7 (17) arrived
2021-02-10T09:19:35.099039022Z: INFO: Skov: Block 47ba7a7a317d114addb3822e9f1c4d02a282c05003be285554f92c6102b48b32 (3) arrived
2021-02-10T10:18:13.000374960Z: INFO: Skov: Block acea28bb268a0ee6a60beacf76405557e2ec69468ee10c7c8db0f135241ec711 (13) arrived
2021-02-10T11:08:20.941402842Z: INFO: Skov: Block cbacaaa422724bd7f23c5a4bfad439ebedce602ebe863c21d48293402ff775a4 (10) arrived
2021-02-10T12:50:49.426765183Z: INFO: Skov: Block b5d7ca8701e21d7f654ce3e3389912772a389a29a6ebf76d7e295949c8684b99 (14) arrived
2021-02-10T13:34:43.593374699Z: INFO: Skov: Block e091776ea246558b6ab6f91b10a975b790604cb85cbb0fb1d623706ca9b7b02e (1) arrived
2021-02-10T14:20:46.631735645Z: INFO: Skov: Block 67c78cc26a8b3540baafdb255923424e97665ba21aa73582a4f92285b1592b08 (2) arrived
2021-02-10T15:37:19.772672645Z: INFO: Skov: Block 7203c482c619d8fdc48c564f90008bcabafc92b810d798b8bac66192fa667212 (2) arrived
2021-02-10T16:48:12.982532647Z: INFO: Skov: Block ae7fd241a15c23703a88fb7df9bc188d36f276bf49f07b034cd06bf1721bfaab (7) arrived
2021-02-10T17:08:51.853490698Z: INFO: Skov: Block 1d980facf8ea82907253a992b87ed54a9e4c920ed10e7f4c57498c7bebb44dbf (5) arrived
2021-02-10T18:33:26.221417375Z: INFO: Skov: Block fc8ddf8d1e08ccf232947b893d81daeaeabb2334ebf772762dbddc6a4fc9af30 (9) arrived
2021-02-10T19:57:08.463785290Z: INFO: Skov: Block cdb249855e1544f58cd65a0000de2afc90925dec2309adb5c326da0a4923a9d5 (6) arrived
2021-02-10T20:51:36.174780413Z: INFO: Skov: Block 21101fe47d21e4cd8d53a6cce571cab45dbc38167ace08d72bb192cc10ed815e (13) arrived
2021-02-10T21:24:56.341365801Z: INFO: Skov: Block 96e2977dcadf42c408d927c1417a82cea34fe540cd6785d5f79469518ac261c9 (12) arrived
2021-02-10T22:29:24.205770917Z: INFO: Skov: Block 8aeb7eb96cfa61c703b7b79fdbd09b19f8f0b7cacef1fcae874bab6ef82ebf51 (5) arrived
2021-02-10T23:38:54.994243545Z: INFO: Skov: Block e48faed5dd0e0d7d7997f091f3f07edc5b545640cf0beb4b7a68805be0aabbdb (8) arrived
2021-02-11T00:13:52.192464791Z: INFO: Skov: Block 7009cb3db7ea15b2cffb4fb3a83867b29e7f13720fc21e589b74c9365db6ddcd (7) arrived
2021-02-11T01:37:41.348789145Z: INFO: Skov: Block 183d1078dd8c2ec2f573d85ef42e3a943a112a22ea23b25d0e954ba789182a44 (13) arrived
2021-02-11T02:00:27.154091966Z: INFO: Skov: Block ae76294334e9dae80d2c5c862696980b87d90ab9e162c95f261ae8e3b986d1bc (3) arrived
2021-02-11T03:57:02.601067775Z: INFO: Skov: Block b4d4dc33062ee3735eb12cc7bf64b483cf2386f55045ac391c680e27dcd15031 (4) arrived
2021-02-11T04:33:26.391283349Z: INFO: Skov: Block d17237428f782e73f1a62ece85ad66f041e72cc3c8308c67771809533cbce5c6 (5) arrived
2021-02-11T05:32:29.018348589Z: INFO: Skov: Block 82f3319641f6b5459b1ddbf26522502b584be5c6e7244650c3c46cb95350de47 (4) arrived
2021-02-11T06:36:39.957105650Z: INFO: Skov: Block 76f2e2d3ef28c1fc2efb3a91f2e1125a3881246812fb93a275bcc29bbec9b8b5 (3) arrived
2021-02-11T07:01:48.439412625Z: INFO: Skov: Block fde4fe38f6bf42a3d20ccc532273a4bc344fb16f2981b0720503a695c1469a1b (19) arrived
2021-02-11T08:47:29.880791859Z: INFO: Skov: Block 267068099e996033b073b1502950791bd7aaeefa5537e4c2c735ae731f772986 (6) arrived
2021-02-11T09:16:30.139203987Z: INFO: Skov: Block b07a560d36a98097fb333866611049eb5b9668805100cac6879a5f2d199194b8 (1) arrived
2021-02-11T10:45:40.453230340Z: INFO: Skov: Block 1c6a5fec3c2cba4babe869dd707200c75ab5fc527a21c96848fe6260a452d4b1 (10) arrived
2021-02-11T11:11:49.229784810Z: INFO: Skov: Block c81c7542c643e4f26d72ad5c2d321f9d3a18f4f019871001207135c625a82761 (6) arrived
2021-02-11T12:42:02.004706306Z: INFO: Skov: Block ca549e4a56261e0b0b9137793d29dca5c06cbc7af337da840da2a934a592f827 (7) arrived
2021-02-11T13:28:36.230048683Z: INFO: Skov: Block 00f3a0827c10352af3d5a81e5de0a1eab0ae26275a5c1b81c0d8b65b1beda08c (7) arrived
2021-02-11T14:32:33.452213183Z: INFO: Skov: Block 9701a81379b8289953030558c1762e2022a39b09da63400b4fd0786cdd867923 (4) arrived
2021-02-11T15:45:56.570263307Z: INFO: Skov: Block 05c0c1bed9ea3fd46bd6ce745f0262a664661add336b2892b1faaa3d7aaffdbc (9) arrived
2021-02-11T16:51:42.912022803Z: INFO: Skov: Block 5a72a7d84ca8bd40e45385d47f842985744a41578014545dff993451a328e80b (13) arrived
2021-02-11T17:40:25.186955669Z: INFO: Skov: Block 16a10911efb97696a3b04263791e237761af2b5b086ef2b0065d13fa1b8f68cd (4) arrived
2021-02-11T18:42:26.111242899Z: INFO: Skov: Block 69274f1bd88a41bfdc28a4f686ba395636ca497e683a93765bb78bad241bb9da (6) arrived
2021-02-11T19:40:01.477667225Z: INFO: Skov: Block 843fe055054e915d30c4c9d526d574406dfaac5b8211f7f9bd254f74ab956b75 (10) arrived
2021-02-11T20:20:05.843856855Z: INFO: Skov: Block 29fd0a9f7ebd74c5697ae0dc5ed22fde9188822a7680dfca54ee401b071dd326 (12) arrived
2021-02-11T21:32:39.612686507Z: INFO: Skov: Block 73e7b74de1a22589791713133c19be6a76d309f6bca314de68286f38a0f8191a (0) arrived
2021-02-11T22:41:00.156446104Z: INFO: Skov: Block 571411f04be31ba7cd22154c58eca4d0f2d71fbdba2781701bde84eab490ac08 (11) arrived
2021-02-11T23:36:23.874088413Z: INFO: Skov: Block 22e95c758f178f5f2eac1f88130ef8024a9559cfbe526d15d6b609e3c1fe3acc (19) arrived
2021-02-12T00:04:50.702261273Z: INFO: Skov: Block 1799788004da6791d2a88dc1a34d6a30b64c656911671edcc81da7bfdcfb023a (3) arrived
2021-02-12T01:07:20.722624173Z: INFO: Skov: Block 0dd58beb555e20a4223b40464ec10460ecc5f97281b1058c72000a3e8239ce38 (9) arrived
2021-02-12T02:42:11.464272477Z: INFO: Skov: Block c8ec29a0b793f708dc229b66939acc93fb417738b8c5f5e10fc2c74ce32707b7 (16) arrived
2021-02-12T03:59:22.464822478Z: INFO: Skov: Block ad7d1d2130aee6a8b6788720f9c9a0a6c19761023ef1a04140c8d2256083e804 (5) arrived
2021-02-12T04:59:59.016990190Z: INFO: Skov: Block 923d524e48fd7670014d1e643a80dd98aeda5dbcc19bbf2f84c56de3de223cef (6) arrived
2021-02-12T05:42:27.391705317Z: INFO: Skov: Block 87d0a8875d4b36f3bc573d03abfbc1de69bf1368eedbcabe1cf4a93da4c81270 (13) arrived
2021-02-12T06:19:29.727341058Z: INFO: Skov: Block 49708178a7707dbea91d410fbfa9bd40291e62dd0ef2153283e078f78af69516 (1) arrived
2021-02-12T07:56:09.761210571Z: INFO: Skov: Block f1e8fceda2a11849c08e3298a3f8209491b38d568e9d594dc031ed9487a40988 (18) arrived
2021-02-12T08:38:16.748059632Z: INFO: Skov: Block 524b60d036c5d1e808b3ed2ace5a86624c52ab0004fa4ec4a706b483b21a7d41 (7) arrived
2021-02-12T09:42:46.941179726Z: INFO: Skov: Block 54c291420d983d399c4f494469345053e143b2e2122cb6477365232233d3440e (2) arrived
2021-02-12T10:49:24.942442739Z: INFO: Skov: Block d135884bccfafdad5faa3e89ca974a7b9ac5008982a0e1259ff61252f02754d2 (15) arrived
2021-02-12T11:14:00.851050104Z: INFO: Skov: Block 35025c5b8b47312f9d7dc2af60b1ca7ac20d271a9de16169d862e6bce72be302 (17) arrived
2021-02-12T12:33:36.042671025Z: INFO: Skov: Block dfebf409085043314fe9ef8ae07865b61ee3f6cbe768b8df2cb3683d07977608 (9) arrived
2021-02-12T13:43:40.009076780Z: INFO: Skov: Block 1c63a865c030ec4a47ce26f215bb2e9f5868a012d30554eecee75e7e7a81dd75 (17) arrived
2021-02-12T14:12:14.665252927Z: INFO: Skov: Block c91568f3d103056d6fbdf1238970fd036efb7a223f3e4d7c32d47392085a5cc0 (19) arrived
2021-02-12T15:55:55.139321260Z: INFO: Skov: Block 2db94df5673506c32ea141abf85b56959c5f85e6a049b59bd5b3aa76ed50dfa5 (19) arrived
2021-02-12T16:55:28.286651074Z: INFO: Skov: Block 365f39a303a32bdcc36df95fbe982852cde9fb8b6cd0f53023015b7891a9d0e2 (12) arrived
2021-02-12T17:18:34.058283923Z: INFO: Skov: Block 959df242c6de068287477a6a2aec4766829299907e57784b1b8d5fb0dd7c82b0 (7) arrived
2021-02-12T18:24:36.990772399Z: INFO: Skov: Block 51fed9ee55ce1711bed007e20db90c238a47be3bfc3853b4f20937cdec5f63f5 (4) arrived
2021-02-12T19:11:17.731937358Z: INFO: Skov: Block 08367530d9f4cf26e34fc21d4194f247fe343921d7ed631756cb611eae71fa7d (5) arrived
2021-02-12T20:00:53.858467511Z: INFO: Skov: Block 9ee47793be3d6f9b2fd16882f74e068c602985513eb4342a8c31926520cef370 (7) arrived
2021-02-12T21:56:34.390382119Z: INFO: Skov: Block c392e3c42bdef7d2c862fb4b78d19ca25f0fdf317f58cfc9ea3d46a084d2f90a (7) arrived
2021-02-12T22:10:52.776770520Z: INFO: Skov: Block d3914558f8cd039405adeef1c1026b6b026c0419ce0430943d74495e9080825c (5) arrived
2021-02-12T23:16:07.293503484Z: INFO: Skov: Block 6e020042c419f57941e06fcb633f4ed450c3d3c979f4a39809ecb5bc7325ffad (10) arrived
2021-02-13T00:33:11.952079454Z: INFO: Skov: Block 88eaf2efbec3f255ef0abddfa724d54867a1c3181a39532e38341c76e32c1a3a (7) arrived
2021-02-13T01:30:24.253435593Z: INFO: Skov: Block 0ee5e4b1fd1ce3bb54c68aa791a2fd30854cd5ac681bac75f84c04b430dbff39 (7) arrived
2021-02-13T02:04:02.122658690Z: INFO: Skov: Block c84157b40ed6a7b09de43d9575049309f4d87bb16ea6b69e588db07ea7f57b40 (18) arrived
2021-02-13T03:33:41.269486450Z: INFO: Skov: Block 4546aab18b751357283869eb3ba006abad76a4428bc03761b89099aff9db0a09 (7) arrived
2021-02-13T04:20:59.669518669Z: INFO: Skov: Block b05c34b0b677ce864ba07e38284b303bad8514e2a2db2611acdabb3d576b8102 (6) arrived
2021-02-13T05:40:45.528649225Z: INFO: Skov: Block a6778e3d41123b81ef2293eebf4aac8c900cdb30c3c2c84614539e3d96f94763 (1) arrived
2021-02-13T06:42:02.405186784Z: INFO: Skov: Block db383ac4d61d510c4c7ebcced14781c128b5f260ed09094486f667f0c81b85cc (1) arrived
2021-02-13T07:25:44.172390515Z: INFO: Skov: Block 9bc7e14cfb4a5c54d991807cc74241f460e9fe9e5e1793d3f5d5e5ced7e2aaba (15) arrived
2021-02-13T08:48:29.298770349Z: INFO: Skov: Block a595b325c015bd3963e271f63b63dde132409b20e5b15bc628e67a220fafbe49 (1) arrived
2021-02-13T09:43:25.215838295Z: INFO: Skov: Block 797f739e8d90d1171fe3cc97d0c5d114dfae5c1f301766f9f2903713f43d952f (17) arrived
2021-02-13T10:25:36.109095205Z: INFO: Skov: Block 563602e95b6bb27f9d5b8171b8fbdbb1468399b682c4bb2c109dadc0dfb33437 (7) arrived
2021-02-13T11:56:12.865204731Z: INFO: Skov: Block d2a89e2cbc50024453985f2c4aa37bd5ac1a8091401e02e953e9d8f93a6bac93 (4) arrived
2021-02-13T12:57:41.527347462Z: INFO: Skov: Block b28f6dd7e0c26cb9f4f0285a20828b946b9c6e1dbb15dc2753cd189a78b33e11 (10) arrived
2021-02-13T13:00:54.379622381Z: INFO: Skov: Block 196231dcf4dac63a2957d0587044e0785ba75203c6bc60f789fe78dab44455f2 (17) arrived
2021-02-13T14:46:31.652213694Z: INFO: Skov: Block ac73edd645708edfdc70619e0045c1fbf009b30239edbd30e034770b4311b75c (10) arrived
2021-02-13T15:51:48.692604393Z: INFO: Skov: Block 57b6818712834cfd2d187c9aa577dcbecf9cfea7b0fb9357fc293d3095f2e664 (4) arrived
2021-02-13T16:26:09.288210081Z: INFO: Skov: Block 9108a6f479b1702d1521c47165fd30051617b759eae3ee63d746938fceff6dd8 (16) arrived
2021-02-13T17:57:19.308057641Z: INFO: Skov: Block 32c13d5f7d1fa9a3e3614c31c209c474bae120153f10b379dffa566f329ac339 (10) arrived
2021-02-13T18:27:48.712390748Z: INFO: Skov: Block 817b2fd9341357ee811498fc6f064a1c53b20e5e117c009e3548867478babef5 (12) arrived
2021-02-13T19:07:23.905134033Z: INFO: Skov: Block 0929b0b358773145ee3d7ef1657ca75e94372ea677c75fb0d277c0de0fe448a5 (10) arrived
2021-02-13T20:53:53.079499798Z: INFO: Skov: Block 2ccb8e67c3d5b334898e7cb6104bc489081693f50cf56bef51a5b32f8853c5d9 (9) arrived
2021-02-13T21:19:44.657443222Z: INFO: Skov: Block cde6da714b6415f80c9638b6d266a0d2c13ec940063edc0bcbb100c557e88eb6 (3) arrived
2021-02-13T22:13:54.149209971Z: INFO: Skov: Block 918e9e920c1c92e7a44466fabe18a05b24d70bd42ba9e9e730f7d77cf9415408 (6) arrived
2021-02-13T23:58:09.547658884Z: INFO: Skov: Block 6a539610f0f0831ce479ca6f9472dd87856c7b052bd69c09c1e7a4ee49e9885a (19) arrived
2021-02-14T00:30:24.640979873Z: INFO: Skov: Block d2d2b3e7f744a39f4c2f07e32320d14b18afdfbaf63e74d404dc0e5cb25c93fe (12) arrived
2021-02-14T01:43:52.489216281Z: INFO: Skov: Block d509666bcd557f42c76fd86b7d21b852ae9c9a07dda1d7ae92a5cf6e5462189d (7) arrived
2021-02-14T02:39:48.207529783Z: INFO: Skov: Block 771e5a8320c459b4eeab9d95e3815baa1869f9190d40d4e6336e64d6f323fba8 (0) arrived
2021-02-14T03:49:34.842849862Z: INFO: Skov: Block fc532827e5e4359b77302202c92352b1740b55866bf9c094c7ccc3a102c6a33a (1919) arrived
2021-02-14T04:17:28.672996302Z: INFO: Skov: Block 3ef507e14d4887329065789aa90f9ccdfebdea12643471315024e223a04022a5 (6) arrived
2021-02-14T05:57:54.855408579Z: INFO: Skov: Block d3548022502f69e98df88dbe44bc758fa26cb27844f0e54477c97333b80e9549 (6) arrived
2021-02-14T06:50:14.167503349Z: INFO: Skov: Block b0edee5b5f392d3e9aaef6e71afff1af86bb239d9d0e203f3b3935705764df9e (0) arrived
2021-02-14T07:06:16.535349946Z: INFO: Skov: Block 17d45ed0b8f0a74e44f1edce2904d78189bbf78af6695c1be0a58fcd8bdf8c66 (0) arrived
2021-02-14T08:50:27.341009052Z: INFO: Skov: Block 45a798556e832f6b807188e83fb3617dfd5e07638c6128db7b3ad5de812380a4 (5) arrived
2021-02-14T09:20:53.284655937Z: INFO: Skov: Block cd4d9f12dcddadf6491685eade9a819497d61ace2f7aa0ed41f6e665b8cebc26 (1) arrived
2021-02-14T10:25:53.868270815Z: INFO: Skov: Block 5a4222021a6cd132cef8367aedb2a8049448b2333e88bd65823edcd9646d668a (12) arrived
2021-02-14T11:30:07.869760772Z: INFO: Skov: Block 60de07e38cb7a0110dee9b8ae151d4507030839011b66dcc3006b1a5fb9c6aa1 (10) arrived
2021-02-14T12:36:45.403154286Z: INFO: Skov: Block b0ceb8553c47298dd1f76dd8dbecb2271c391788845cc1176046b05b713a894a (13) arrived
2021-02-14T13:49:37.490786783Z: INFO: Skov: Block 02d071f09d88b993a6547151fc3171885a61cef6cb42761ecdd0fafce83ff162 (9) arrived
2021-02-14T14:47:49.557217666Z: INFO: Skov: Block f2b1e8b194f384b21ac8c93e668fd8102c99dbb6131efd2db2e406ad2dbf6663 (10) arrived
2021-02-14T15:44:22.992008197Z: INFO: Skov: Block 7849aeac7933ed9934125b30c5217895c7df49dbd423ef7fd65b5e45f618b334 (10) arrived
2021-02-14T16:02:52.797307211Z: INFO: Skov: Block 87a68a7dda6e5746d8ba01442d48a9ea583727791235d5ffd60aac43d52fc43e (4) arrived
2021-02-14T17:48:19.347755501Z: INFO: Skov: Block 0f7390e89aa01452fb15c0225565054c7b546b1d655df3a4f212acb4bcee1289 (1) arrived
2021-02-14T18:41:24.958684912Z: INFO: Skov: Block 2ad45cbfdd63b46b680061158c1b6f410935eabf4e43d07d85dbaf703ef6dc68 (5) arrived
2021-02-14T19:52:17.654532654Z: INFO: Skov: Block 63374204a96463899473a285b68e3a3db6ba3ea9c81a8f87b53998e2371b3301 (18) arrived
2021-02-14T20:57:11.536151883Z: INFO: Skov: Block a1c2923e26ea969af853788a8ed96e5eed897bda9bc9f93a4be890e15a9c1a06 (17) arrived
2021-02-14T21:54:50.462849201Z: INFO: Skov: Block adb9159ddd1a5a87094ac39412c36572d241c338b1bb2d31106e3de08676d02f (6) arrived
2021-02-14T22:27:51.105777203Z: INFO: Skov: Block 154a6a9a0896973a0191be459631211b8abcc49f09b4bdeef830844a4dacfab6 (15) arrived
2021-02-14T23:55:39.596280530Z: INFO: Skov: Block 3397276685b3a16eec0894d6c07b1f9e30141ce0ac90875af853f69fde0f7584 (7) arrived
2021-02-15T00:06:25.749114186Z: INFO: Skov: Block 3752d5be840c185b583786cc6efe683f5d1188a8cf471eceaee52ef0cf84d677 (2) arrived
2021-02-15T01:18:57.362939739Z: INFO: Skov: Block a81a60fae6c3764faf8801d458886e8974f893eb5a1b9d6fb397cb3ced358305 (14) arrived
2021-02-15T02:44:34.053141303Z: INFO: Skov: Block 46ea38f8be491e94a3286b97f8322ddd7dd25eab327c0173ebf43a848ccff90c (13) arrived
2021-02-15T03:08:18.423551271Z: INFO: Skov: Block a80d98b10a9ac20f07c0342e8a31486384e218f6613ec46b7d37b21ab4d50b80 (6) arrived
2021-02-15T04:03:45.709741223Z: INFO: Skov: Block 2f42219014fe5d6c092d9dab27beef2b6572d19c3afbb4a24b738597bae91bc5 (4) arrived
2021-02-15T05:36:47.673630766Z: INFO: Skov: Block 8ca1695214ffe561ab36b86f7a254db329031903c13864ccaa134080e49087f5 (15) arrived
2021-02-15T06:55:35.144650889Z: INFO: Skov: Block 4dea1ad69f332d952a5c110be26f9a5d655573011174b10cc9dee1bb03d54811 (10) arrived
2021-02-15T07:49:48.271419869Z: INFO: Skov: Block f2f3630e94c829ae04363927abebfeacf5a164961441061d8601af982b79be40 (13) arrived
2021-02-15T08:02:20.609766571Z: INFO: Skov: Block 9e9882c0ca486afb13a3f04557790c5272a37db75e500cafd8290a959f10a58f (0) arrived
2021-02-15T09:17:48.216010945Z: INFO: Skov: Block 45ba01ff7f4ca8ead2e1a2917af0f674b7970221db8ffca898d2c1b9b2191f5e (4) arrived
2021-02-15T10:21:31.028511248Z: INFO: Skov: Block 9f4328994c70c87cff9d2e23065fb793d645616ade8160325aca898b12df85c6 (8) arrived
2021-02-15T11:41:20.408497744Z: INFO: Skov: Block afe74d1ca18ebc9ef392f97c82fa27c8f2753d944244e5eb9014dce4bd0c112b (19) arrived
2021-02-15T12:35:31.683093889Z: INFO: Skov: Block 4ca6323d0c49f8a88ed874c3100037474c2cb93cd381b0f960133d9b6c9d2366 (5) arrived
2021-02-15T13:49:51.528627003Z: INFO: Skov: Block f62cc056c9ef379c89ed2a5209d828c2e2d4b2360e80fb87e141e5dd2f49c3fb (14) arrived
2021-02-15T14:59:57.153207030Z: INFO: Skov: Block 2b06bab75a84610281bdde90d7ce66b7148286083a1c2b6f14e887a43d6a6202 (19) arrived
2021-02-15T15:50:51.988427213Z: INFO: Skov: Block f1e4dabae444a8c979dd30813f6aa437508b6aef829be9786fc70653db8964cf (0) arrived
2021-02-15T16:01:08.592634162Z: INFO: Skov: Block 996240811ddac523da73cf02f3add098a40c651e9ab7a22fed95a6d03dba7344 (11) arrived
2021-02-15T17:38:49.795155305Z: INFO: Skov: Block 63b225037e672df5c807474aafe52e47f283cf93b1a3664ad4068ce373c93867 (12) arrived
2021-02-15T18:01:51.357376764Z: INFO: Skov: Block 9de92fd64a38c51b99002390068c6bc56da2c3d42f00e0764476beb7c0631788 (16) arrived
2021-02-15T19:48:39.880640014Z: INFO: Skov: Block 2e8d431b9e2843c609df8bf6ee681ff7718482b57d8e36c4cbdccbb0c25010fd (17) arrived
2021-02-15T20:25:05.663610569Z: INFO: Skov: Block 0d5f57bf72de04649132e9b28870b21be0d78225846bd399908d94ce890ebaaa (11) arrived
2021-02-15T21:11:15.906452560Z: INFO: Skov: Block 84224a403fa0e1cc4930bb7bb17321cf7e36c4876aa4a5281e02ab5ec67d9dc5 (15) arrived
2021-02-15T22:26:13.278973687Z: INFO: Skov: Block 8a7bcf6efd3828e252f82f295927b6bc7042c0ce4737232c4a2dbac3c83beda6 (1) arrived
2021-02-15T23:00:41.628350308Z: INFO: Skov: Block 473f0a58cbb1fbb084f423c723a4ef48bc5b11b1fc7a31f4fe5b2fc86a61a9dd (5) arrived
2021-02-16T00:25:29.855100255Z: INFO: Skov: Block c77f2600f19be407703964c7900c5206c47ebe6707513cd258b0a702cf70a01e (12) arrived
2021-02-16T01:52:16.870413114Z: INFO: Skov: Block 0b48d63728b484a06dbfdf48c421810c48e3a3be15858b3526e3cd44f3e9a2c6 (9) arrived
2021-02-16T02:18:12.086828780Z: INFO: Skov: Block 8f10d2b6dac68837496776d8f0c6d6ef1a29d0a20d3b13dbae6b2981680ab461 (5) arrived
2021-02-16T03:27:35.793201785Z: INFO: Skov: Block f93c10c97392eae8eff03fbf5f63ea830368f95cc485a98690160be353e710ac (0) arrived
2021-02-16T04:36:59.760226102Z: INFO: Skov: Block b5dda64084ca7a6fa158ad880a363022ef7b2827ed0302033b339488f859bb86 (7) arrived
2021-02-16T05:31:16.283502456Z: INFO: Skov: Block f7017ae33e1bc1c836802ffc7cc6ae8503ded85bdcbc193162f68e48ed39ff54 (9) arrived
2021-02-16T06:14:01.869671353Z: INFO: Skov: Block a63517dee8a51ea2ab8aa34741be725d4f2b904b01e9219d8279ffee0dc38f44 (1) arrived
2021-02-16T07:36:20.378431996Z: INFO: Skov: Block 96f4a9f33db89b4a7a3eb70f5869c77da897f626456c3f136c4c2ff45a3281ad (2) arrived
2021-02-16T08:36:01.555050220Z: INFO: Skov: Block 694362ed4cd2b9e97b2f337d053f14c57045d39706cf71b6da2b74857d9efa4f (8) arrived
2021-02-16T09:12:30.405394681Z: INFO: Skov: Block 8e1b1657de973e8982e12a0e19cb3e5142b558f793c122b03e5cf9f5587a8af5 (5) arrived
2021-02-16T10:24:12.814177010Z: INFO: Skov: Block 3a0817cd3c80e274f4fb755cb60f6d1b6865151834a357a55d4a405923b37adb (16) arrived
2021-02-16T11:15:02.029640512Z: INFO: Skov: Block 3a012ea373a232a6a949244b6334533d9f126f9a67294884ff0898033ec17919 (11) arrived
2021-02-16T12:01:34.895401905Z: INFO: Skov: Block d85fd66102c3d27da7547d08b0cf2f64757be77fe3c61abd427bef9c00a2711d (11) arrived
2021-02-16T13:09:43.877355954Z: INFO: Skov: Block 0e0dc5c6d7e54208f1b1382f14ae9a775ab75ee759bc0e720549cc05ad4750b8 (14) arrived
2021-02-16T14:27:24.706395394Z: INFO: Skov: Block 0482705e32eee3d864871fa7ecdf6cc239a34d5093f75fb9bba68b9baa1c1f52 (2) arrived
2021-02-16T15:50:53.325733019Z: INFO: Skov: Block 4a708ab49df813cc33f0cc533ed581cdcca532b3ae5badfc325a2bd98929b416 (16) arrived
2021-02-16T16:35:46.274842392Z: INFO: Skov: Block 16961e8a26ca58404df3ab0754c90650de56fe8ca81c9e8fd1864e74e4bc3ff3 (1675) arrived
2021-02-16T17:32:54.871915793Z: INFO: Skov: Block 5d43704ca464df0e08e0c2ab280a11d0e45cf88ea43f7993c5a4db1648a1f613 (16) arrived
2021-02-16T18:39:26.927937099Z: INFO: Skov: Block 0bc91bec6333abd1be5267ac7912e87008fae9969bd0cde49e399beca1b529e3 (19) arrived
2021-02-16T19:34:10.505493682Z: INFO: Skov: Block cbe942b64d5eae0133c7b0d5b263ef03c5e9bf2ec5558d5f313262e44c89278a (10) arrived
2021-02-16T20:42:05.132953020Z: INFO: Skov: Block 26a231a3a721712c9e996b2e398e386c403066aed694354c6a92338dc807eb3e (16) arrived
2021-02-16T21:47:14.096558411Z: INFO: Skov: Block 207a9e008115580271116792fba5d58c9a75e4f11c2f99ad67817d6c2abe71d7 (1) arrived
2021-02-16T22:11:43.637826283Z: INFO: Skov: Block 0a03a0d149fa9c373a6f0641da1e371d16a40ac9b1c1b1f905929bee001e8cd4 (6) arrived
2021-02-16T23:40:17.659967434Z: INFO: Skov: Block 66e7aee74f4d450b9fa73991419058ac67ee6d3cab81f716b840472ab106208b (14) arrived
2021-02-17T00:26:02.577900809Z: INFO: Skov: Block 715104c99bea4fe724bd30340280e134f3d0632205fe20c00b629550930b8e95 (4) arrived
2021-02-17T01:17:11.817449263Z: INFO: Skov: Block 21e026e00983cf16eeca71b360b0e7ba79bafe445b817eb85e31d5b8695dc87e (2) arrived
2021-02-17T02:18:27.883702149Z: INFO: Skov: Block 069ec7c1824818ab8298cf0d9ebe2f888ad35ca4fc0160f00113fc1a65b2d52f (17) arrived
2021-02-17T03:39:53.144003233Z: INFO: Skov: Block 9d4a4d2a66a0b72219d7e34120bb0fb78700ad353c2d65a91013bd4d0be1b664 (8) arrived
2021-02-17T04:07:09.065142897Z: INFO: Skov: Block 916fb1b43ace7283f2568fba220fbb41523d9137e3c03c9692b0388c34b849f1 (12) arrived
2021-02-17T05:53:39.670600565Z: INFO: Skov: Block f62ad627d4821137879dac1b98d9f905529106d212a30fddd672b0dc57f7c7bd (1) arrived
2021-02-17T06:11:57.269758953Z: INFO: Skov: Block d772d22a77326c3c716b1d99c9c4b6a4af3c933c18aefff19bbddc738142c348 (14) arrived
2021-02-17T07:15:37.781450571Z: INFO: Skov: Block 7b996fc8a5df10f5b6d0b9a7263453cb8fe521d0d065c81d0d8fe0da8b11e353 (13) arrived
2021-02-17T08:11:40.144022901Z: INFO: Skov: Block 551ea2850cfdb558d9437080f6a686d46d07ee3224471f2ae8f13af376074932 (10) arrived
2021-02-17T09:59:56.162084218Z: INFO: Skov: Block 0adeb387fd1d71afcee1e63aa32ac79bb4344c5a932c6ae60c8bee5660361274 (15) arrived
2021-02-17T10:45:22.769705178Z: INFO: Skov: Block 61b528cb788860267d3089791f5e7f13784d123c03a23122dfc8e8b3f15639b4 (6) arrived
2021-02-17T11:10:22.465434463Z: INFO: Skov: Block b578e39bedd887b45e390176f7789e147347f6ffe3aa35797e7bd8579de6d52c (5419) arrived
2021-02-17T12:10:11.375327171Z: INFO: Skov: Block 69a229683b6b03b96b5a62dc8a5dbde15ce2057a53e8cf9846a950ef548989bf (14) arrived
2021-02-17T13:25:23.331522136Z: INFO: Skov: Block d2f4bb66af6d1cd64d35d0736366edf8779750d445a14105c2cb745d66d455a9 (10) arrived
2021-02-17T14:14:12.290791679Z: INFO: Skov: Block 051b2359c35370cb63c3abc8c96d905fef979278c918cda73476d8bc9755fcf2 (11) arrived
2021-02-17T15:14:54.231041928Z: INFO: Skov: Block 21e9c1bf6f9d4c41f2dad0c8b74ffb23d36d4787cdc9aff08fe67b33da7462d5 (2) arrived
2021-02-17T16:08:04.007269052Z: INFO: Skov: Block 66eb99e101c8bca8505bbdf3342b96f15be61d484f278a865ebf51f5a1dccceb (13) arrived
2021-02-17T17:48:31.632813491Z: INFO: Skov: Block 3a7ac65850a5b2d55ddb830a6fc336763f4836ed303daf8cc5d2b3ae6e3e2084 (19) arrived
2021-02-17T18:43:08.123762264Z: INFO: Skov: Block 12a1ae0ffc799b672b0c8762cef2c3dc8ba733c19072a5373fdc6b40892070cd (11) arrived
2021-02-17T19:23:58.185065645Z: INFO: Skov: Block af46d7732ba068118b97b9984669a949d5fec27f5405cafccabb8adf7917dfb9 (12) arrived
2021-02-17T20:53:19.874873626Z: INFO: Skov: Block 9c90121be6997d8454a5605624ce9c1561465e3c0eb4bcf13c4e877d1a8dbf18 (16) arrived
2021-02-17T21:45:57.799962614Z: INFO: Skov: Block 12356dbaa9e98c37cd021b7f9561ee0f211ae5d990c99c88b1a4debf92b94896 (1) arrived
2021-02-17T22:55:44.244677713Z: INFO: Skov: Block 4be6fabad7f82556317905e88d4ae27a186779b845786add5d4df10e895ac78a (3) arrived
2021-02-17T23:41:12.888089037Z: INFO: Skov: Block c8d9f40cba1a3079a4b624195cdbe6c0d0cc597f97fea24c1db24bff4da21088 (18) arrived
2021-02-18T00:23:54.866854123Z: INFO: Skov: Block 099aff7ba4a74739021e6e165aa856d31524cb116e596ef3f50cf3a1143a8b45 (0) arrived
2021-02-18T01:11:43.583610451Z: INFO: Skov: Block a13e94deb6e8f79a041ae642c9a72f3a113b5de94b4f7520277f9854f7aeff70 (11) arrived
2021-02-18T02:17:13.864581097Z: INFO: Skov: Block 1fdfc8d6e3850809d811e49cffce22cf5db2d9c266c84d46fdec77f3e64f101c (4) arrived
2021-02-18T03:47:10.738063693Z: INFO: Skov: Block 26930b3b9539b12ca9019084556a59acae3ebe49d3bc9d73707d1e8b63f485ae (7) arrived
2021-02-18T04:02:28.696160878Z: INFO: Skov: Block d88355c78a40c0e4f77d2d372227ae148d4fd141f0069c8132b06855c773e9af (12) arrived
2021-02-18T05:02:12.720950388Z: INFO: Skov: Block d470e1fbdab47cb4da187535a344633439fd2c35d442805a7377515d5c429977 (4) arrived
2021-02-18T06:44:56.553866579Z: INFO: Skov: Block 8c83286145f891b95b0ef9c08ee2db0c62a57805b251b7a6bd6416057db44158 (17) arrived
2021-02-18T07:24:26.557312240Z: INFO: Skov: Block 2fce842fc4d8d7a6b8e4ded40530c65a0659e85eceffe7410f4de1d8634911f6 (0) arrived
2021-02-18T08:57:05.861262310Z: INFO: Skov: Block 9a22a5f996aac94d72558278d29fc84d49ef352100cb160b8e7d15fb33a183f6 (1) arrived
2021-02-18T09:20:01.214565147Z: INFO: Skov: Block 8a644ec2ffbf380c9e3fb6a1b5c1a9088c808b3bf388ec526446ac4bae2fa608 (3) arrived
2021-02-18T10:39:08.282905426Z: INFO: Skov: Block 4521de1381ffbbc627531bb28ed8ccba3c3798329fec820e1b26a09786dcb5a4 (15) arrived
2021-02-18T11:57:47.400415195Z: INFO: Skov: Block be08c9b1479b118ee841fd2549026d5cc81c956316beba6e6d7d345d532491a6 (15) arrived
2021-02-18T12:14:37.685185892Z: INFO: Skov: Block af4a18aefc590eb1ff7f0a681ea2e2e3b9e1e0a2d66dbb5a4e7e5c80ba647fe8 (6) arrived
2021-02-18T13:18:40.700606708Z: INFO: Skov: Block 657eef656b060b0ffde3e8473f4703a1db19e08b7255b33751c50e7cb5828a44 (5) arrived
2021-02-18T14:00:26.998015694Z: INFO: Skov: Block 4cb1cc06fb7604a214284f2e0feced359017be85c6397e4fb4e5174e47b237c9 (15) arrived
2021-02-18T15:01:26.705616178Z: INFO: Skov: Block fc643db64513f5c177993a26ad28fc89cd4b9bc0db649aa5344d2acde78c7a33 (9) arrived
2021-02-18T16:52:02.206314637Z: INFO: Skov: Block 40a23333b7f4e45ac55507e365421aeb574f791e8226efdc58aea19bc1620f0b (11) arrived
2021-02-18T17:50:27.081213353Z: INFO: Skov: Block 9fd6433a4ac257208704d5f2df8fb7f13c5e31b451c99a8aba9a7ab8cb3bfd5c (3) arrived
2021-02-18T18:23:09.951124387Z: INFO: Skov: Block e61817a0bce792a2055a71fb66ab391e774ceaaa2e01e7faada4d05fe6456475 (11) arrived
2021-02-18T19:39:30.765740310Z: INFO: Skov: Block e77e00abcfa3cbdca91289e051f13bc4e1a09e5b168e0bbd9343e35c2e86bf6a (0) arrived
2021-02-18T20:40:08.992969943Z: INFO: Skov: Block 557387f2700af3273aff2bdb2f8461d7e6c828cf401dc6e8ba78e921b3aad324 (1) arrived
2021-02-18T21:07:02.970727935Z: INFO: Skov: Block 7b4c140ec4903f54e2e1690aa66d888a47bd2bd25a7699f4406bc266a1cac57f (14) arrived
2021-02-18T22:41:26.327067043Z: INFO: Skov: Block 743051cf91e6d38f7dfce546689242f24c77eebc369cdcb2624f092aacef0a82 (14) arrived
2021-02-18T23:17:23.816975030Z: INFO: Skov: Block ccdd410af4042d3b3890971b9dea13318d3269ef1adb416cfa0b6e0861080140 (0) arrived
2021-02-19T00:07:14.895628523Z: INFO: Skov: Block 9a05c16cd6966aa11c3df7060063282d040a0f83b4355584bc13a681684594f4 (5) arrived
2021-02-19T01:31:10.797229553Z: INFO: Skov: Block c651d2bf43ac98c893931def3c3115c40daa9cd9c10d098e758139cece44f4ae (13) arrived
2021-02-19T02:52:09.291288867Z: INFO: Skov: Block 583ce886d5d0f27988abc292028c95881fc2a285e928ace5fb2f2b0134c1216d (12) arrived
2021-02-19T03:42:55.386600412Z: INFO: Skov: Block 579fe431400ff394eac509179a31e79f6bb346f77ab8a3180bd07ce83121f89a (1) arrived
2021-02-19T04:07:08.735091113Z: INFO: Skov: Block 1ff051db9b972735183a8fd6b8358042e42074b4eb84da1cff2af18e25f34122 (16) arrived
2021-02-19T05:25:17.075380243Z: INFO: Skov: Block e531ea71d4935e13aeeda86987f592b9b4ae37378531e1d35b24694f91cd4133 (3) arrived
2021-02-19T06:26:02.076803134Z: INFO: Skov: Block 6e7d0f4640df6219cd60516b295380ad0f27eead19bdd0b0954497fc2e876e03 (12) arrived
2021-02-19T07:48:56.824199164Z: INFO: Skov: Block 3422f75200cda71046175af7c0a9e8d1c4625238aa2bd31bac3d731a8b0994c8 (19) arrived
2021-02-19T08:24:30.930892459Z: INFO: Skov: Block 404a57bd1267c811b7aa9fea25151fbf7421020757d7d6c49aa7326bd466bad9 (11) arrived
2021-02-19T09:18:00.096174519Z: INFO: Skov: Block 92193d61462b94fac97080e3720dc099c1102b6698edecbc2ae647910348a063 (4) arrived
2021-02-19T10:15:34.686265127Z: INFO: Skov: Block 086c322c2389f2ee5c48d800d55a0017cbc30e21892b358de855bab9353e9e2a (19) arrived
2021-02-19T11:24:15.818085096Z: INFO: Skov: Block 6d772ab1384174263bda435b16f5688b3a2d910be316113281b9ab0b464b06e3 (16) arrived
2021-02-19T12:32:49.766601474Z: INFO: Skov: Block 3051adb3ca6c4fc524117e6ca0111959a1738631cffda313f5d82f4fb96ac019 (15) arrived
2021-02-19T13:24:53.397399716Z: INFO: Skov: Block a85015f960b4d5447298945dcdf6b0caa2cdf4a030c92314f69f471ecbac1e45 (11) arrived
2021-02-19T14:03:09.242786937Z: INFO: Skov: Block c1bcb0a69ff9d1a728f687e95d281a84d88079d1eb6b4949b4bd41133117adfe (2) arrived
2021-02-19T15:34:49.945411319Z: INFO: Skov: Block 366c5277e5d47714569c1934fcf905260c325b143d8d6ddabebe645b4ace429d (1) arrived
2021-02-19T16:25:47.402827885Z: INFO: Skov: Block 21e623bd95f2c4456b91d0578dfa27c27126ddabbeab42c956f1481045e4ac46 (5) arrived
2021-02-19T17:59:16.966400223Z: INFO: Skov: Block c0d9b9bd7d0837332349403b4b295643edc21d0605e8d047c9f0a16d64f86b64 (18) arrived
2021-02-19T18:46:34.267283665Z: INFO: Skov: Block 4985487e362340a6d7cf0522c8c1525dacb514796dbfbc5cb2f53e7ae4b9752c (1) arrived
2021-02-19T19:33:34.972418764Z: INFO: Skov: Block d754dccd0e30a2f1b2015c12ed6171fe653d770310839696daee12961bfd81a7 (5) arrived
2021-02-19T20:12:24.278548081Z: INFO: Skov: Block daef72d1f47749238323ec477d93e9979542bf4328c288ed3ece28f07308c252 (9) arrived
2021-02-19T21:29:46.828931973Z: INFO: Skov: Block 18ee54fe60770c46f64becd2dbc269f4cf23658c13d0862c5298ccf789d076ee (17) arrived
2021-02-19T22:56:17.234512614Z: INFO: Skov: Block 6b494f3f95e58ed663b6c8cc66b45b8442283889a0cc3a7286c220ecd9cde05c (4) arrived
2021-02-19T23:42:15.697140106Z: INFO: Skov: Block 688ece080ca2d00f2e6ff348916e4e30e6c1b9f6ff79ec7cade2550356b5ef10 (1) arrived
2021-02-20T00:53:45.355100813Z: INFO: Skov: Block ed4a9420d1ceb10704d63727982a61cf4be8950b3b237bed1bdd634981ac7f5b (18) arrived
2021-02-20T01:12:27.839689588Z: INFO: Skov: Block 74e2a0cc69fe4c599fab573f9381706661c4f22ca3d2c15493fa98b0508182ab (18) arrived
2021-02-20T02:47:51.047023630Z: INFO: Skov: Block a5ae34faeaed150363d34b888452035a701046fbbfa36bfd30e456892c0778a8 (1) arrived
2021-02-20T03:31:13.512295730Z: INFO: Skov: Block 72dddc4fd8e06f476e0c5e9d26e1d9ebdccbdddbbcb0b16569b2f6eadd985b08 (17) arrived
2021-02-20T04:26:50.084469513Z: INFO: Skov: Block f9b710aa10e687fd3b3f27c40eb74c9c9ebaab05c79518605ac42b98272c60ca (13) arrived
2021-02-20T05:13:43.792241282Z: INFO: Skov: Block 476514cb5cda370994a8640359b8b01e0fb38a46b70df4054a515e6d8c13893d (1184) arrived
2021-02-20T06:22:19.503153102Z: INFO: Skov: Block 8541b29224d6c53bd1b3d8670a3187c165fcc2cc3d2af256c5586fe3e66e2fac (11) arrived
2021-02-20T07:27:57.310646809Z: INFO: Skov: Block e69313d671f0111441a485238de09de3717b99bde1bf1752adca1c252148f1df (6) arrived
2021-02-20T08:13:02.609087195Z: INFO: Skov: Block bb83eea250a87524c4a31249071abdce239ce4b2c7690ca22440bf47bb243849 (16) arrived
runtime:309
baked:0
