{"PERSISTED_NODE_ID":"09ae50998459b8f6","VERSION":"0.4.11"}
2021-02-07T12:01:28.504173884Z: INFO: Starting out of band catch-up
2021-02-07T12:01:28.516624289Z: INFO: Completed out of band catch-up
2021-02-07T12:55:51.835701156Z: INFO: Skov: Block aeea07b36a5b518ea74c1422bd4f05ac07112b5a1a134d440d350362b4a90023 (4) arrived
2021-02-07T13:20:54.480121508Z: INFO: Skov: Block 80eb077ef3e8c28a96bce217ef2fbdc8ef9c9f70654c44c053fb3e2bc8e63a2c (6) arrived
2021-02-07T14:16:58.026832467Z: INFO: Skov: Block 26e2adb9cacca27811d67e2724ac4f1cc77f7be156e49f6c0fa5673c96cdc2b3 (0) arrived
2021-02-07T15:06:04.979108424Z: INFO: Skov: Block 9fd99afbe8a863164feef7e54d2bd9a15e2b1c0e6fb2c42b7b5ff0218b0dd476 (4) arrived
2021-02-07T16:35:41.344844484Z: INFO: Skov: Block fb6af50c4569b73aad4645a412573c15f08ec0eb5ecb83e0cec4a23aacce6cd3 (3) arrived
2021-02-07T17:28:02.215306620Z: INFO: Skov: Block cc5f5a662e69c2e1afce6ea69f063fa8c71020c389bc4f31f56b087196b46dfb (11) arrived
2021-02-07T18:49:06.485337289Z: INFO: Skov: Block 7a97f050ce95bce8c9b233cdcec151d400c837a39511c1bb8546f9f85ff2357f (12) arrived
2021-02-07T19:48:43.703320851Z: INFO: Skov: Block 7fa9bf01df6f9212f109e415929b03a96878256557e8e273cb41cc656a47dc9f (4) arrived
2021-02-07T20:55:42.982618549Z: INFO: Skov: Block c5f20209b5ed780dbe1d1a31a411628f1cef4b57acb354c50c7d894f044321c5 (5) arrived
2021-02-07T21:45:59.709223406Z: INFO: Skov: Block 3440b2ce40a0dd14169f0cd9c801c23d3d18cb0efca7baf7e3d5bebe6c235758 (18) arrived
2021-02-07T22:43:07.942307253Z: INFO: Skov: Block e14fc329e1be61d11817cfce74c96f1c61af07ed6a0d06c234997afb2efd237c (11) arrived
2021-02-07T23:00:50.324918126Z: INFO: Skov: Block a60c3c5ee9445ee6cdb62cd4d5bdd8a744cf646b0b33d1831ae0bdfd598b3e4c (17) arrived
2021-02-08T00:57:49.891749733Z: INFO: Skov: Block c880816ab2ce3d15b159f00d9a68b90321538bfe3b247cd56b6a1e5661ff296f (15) arrived
2021-02-08T01:57:21.604018749Z: INFO: Skov: Block 2dcd4fa41565878f29ef7771774dbdbb6a231d63ec1238aa484950b1de4c9d22 (0) arrived
2021-02-08T02:17:44.173583907Z: INFO: Skov: Block aef920124bae1065b8c5d4e0b9ddfa2593e0340808c67d672e39345636eb5450 (8) arrived
2021-02-08T03:54:26.304735111Z: INFO: Skov: Block 79cb259c3f6f28c018ee87e83b9a4ab72735f5e52c0b3737fbf898187a7f04b8 (4) arrived
2021-02-08T04:11:33.655702818Z: INFO: Skov: Block fa9fc22aa476b1d4394ae1fe83d1b765a42374b957f0a93ff2978892fceeda8c (1) arrived
2021-02-08T05:28:37.102392219Z: INFO: Skov: Block f1553ee57c65c1a85cd2a176e9c007d5c715da2d832a821906fc25ce4dafa13e (12) arrived
2021-02-08T06:18:22.583994096Z: INFO: Skov: Block 36083b1784fc10a543a3656176a393ad5939450313e36a2a6f014602b419e370 (16) arrived
2021-02-08T07:15:39.266299034Z: INFO: Skov: Block 2ac0eaaecd92b39c4989c006f252ad3c2bd6c22b92c07ad54c89a7bacd73fcc1 (9) arrived
2021-02-08T08:38:57.999778540Z: INFO: Skov: Block 32cc088fa84f0b65cf7e9d3882521d30c680ab2567c787bf4918d480a98b5043 (12) arrived
2021-02-08T09:59:14.322150263Z: INFO: Skov: Block d80300f5d6681dd3789322c30c949b2474549c167ca335825184a6c7100c0a4e (4) arrived
2021-02-08T10:50:12.931465695Z: INFO: Skov: Block a243431bf4ccd00e64510e304f02c294598846e47347f36f85d249116aea4673 (0) arrived
2021-02-08T11:26:52.324782753Z: INFO: Skov: Block eb1bdaa48a657b706faed0a05cc65d7cd4dd83d71545a79a066cdbdaba92e997 (1) arrived
2021-02-08T12:23:08.938022017Z: INFO: Skov: Block 81de72ee79b0e3ad884b3caa5ffe28030f37069ac41ad3301df9ec2833db2ea5 (8) arrived
2021-02-08T13:31:07.647470557Z: INFO: Skov: Block 8132536a549e787f2dbbce18938e4cebde75aeca6c89fe9a814f7053dc82cc5f (15) arrived
2021-02-08T14:53:06.816999007Z: INFO: Skov: Block efd725ef2edec0996ca4e7eb1ae86fb5f96932bc9dc67d2ca03a744fcd4e2bd9 (15) arrived
2021-02-08T15:41:24.729075205Z: INFO: Skov: Block 9e80a861f067817216050578f198e3802b089132c8c40c68d567f54acda07304 (18) arrived
2021-02-08T16:09:01.336342117Z: INFO: Skov: Block 180c6ccce66bb16e5fc0c3da246a79207d5ded050a70bb25640b8df2d60adf12 (2) arrived
2021-02-08T17:16:40.024360992Z: INFO: Skov: Block 9306511dc08ef433590ce78454adbcf0f8b2abe548277192f4ff4451916fcf39 (3) arrived
2021-02-08T18:27:52.362191918Z: INFO: Skov: Block 68c45de0b1d81f3025098083c7f9bb3eb6d04de06085a9182e6a27068f81956d (14) arrived
2021-02-08T19:53:54.027520935Z: INFO: Skov: Block b65e39e665d03d32f7716fdb0c2fc23ca4e2ed169c706800697c631d84371df2 (14) arrived
2021-02-08T20:44:55.567526268Z: INFO: Skov: Block 32bc47c5741fb69259cb2b375de3daee8af979fe20c55deb5a59f03d1696821d (17) arrived
2021-02-08T21:42:35.059414925Z: INFO: Skov: Block 569d3f75679a9f840c7ca11197db881081683835e1ebcc84a9b08318179866ea (2) arrived
2021-02-08T22:44:36.067485665Z: INFO: Skov: Block d4d17702f05fc1613595f8648ad7d796b27f4d84852d1d3db0c9ef6969f2d8ce (11) arrived
2021-02-08T23:26:03.341172083Z: INFO: Skov: Block e8a1419d6c45933b7e6584fe852a0ee4cefd996fd71aa9889441cccc5ded9fc6 (13) arrived
2021-02-09T00:20:22.511234562Z: INFO: Skov: Block 7d11febb42fa442b4cbc216a0fe283544b44549fa5859947be0588392a73dd87 (12) arrived
2021-02-09T01:25:46.570426597Z: INFO: Skov: Block 9ff4daf6075a96cd16875a599c4605018a40ece35395cbf0289d1d1fb6c5c4e6 (16) arrived
2021-02-09T02:34:52.323776457Z: INFO: Skov: Block d6f60efd7446f6530537aa06143b75d60540f71f6c7a890e1cff5d46723f0bb4 (6) arrived
2021-02-09T03:52:18.968464257Z: INFO: Skov: Block f1967e881b0914b59e04cfd44469a9808baaeb8a71c05eb917c28f3fb406263d (4) arrived
2021-02-09T04:38:40.326526758Z: INFO: Skov: Block 393055ebaffe8c16eb6fc13232d6717ff353ab6ed64534bb65cf868690d56c03 (7) arrived
2021-02-09T05:53:56.163311675Z: INFO: Skov: Block 839a29dd04290ec6265aeb839ab01ff9124a1ead4c86a096c175927ec410d8f5 (9) arrived
2021-02-09T06:12:44.585622981Z: INFO: Skov: Block c1752c470e1985abc3ba1b1ccdd19fb1c981ad0c61ab6a2418ea91b4aa2ea207 (13) arrived
2021-02-09T07:07:49.506404423Z: INFO: Skov: Block 4fd9992f73db4785ac32916fa4527afadc0044c48f0e50e662a12bdaccddb7f1 (2) arrived
2021-02-09T08:37:01.593721726Z: INFO: Skov: Block bcd2f7796713ef1f87f30c86210060e1834f15b5db3eea3e913b723d38d7c66a (8) arrived
2021-02-09T09:25:40.383750295Z: INFO: Skov: Block d097ea8fe4015e616f5bacf97c70b6897b014772cf6a73694448bd61c70dfd41 (15) arrived
2021-02-09T10:20:52.395376764Z: INFO: Skov: Block e2b155d1abd122e14d617584d3513b26d3e0fc40f0e5d933cf2266067068647f (16) arrived
2021-02-09T11:33:43.529442288Z: INFO: Skov: Block 8b1a7d4f70d6c6c407d3522a68e377de41f7923a5cafb1b78233c2d8cf4a37bf (4) arrived
2021-02-09T12:22:17.459770438Z: INFO: Skov: Block 8a90ecba2ec7d2b748873c0bedc6617fdb75e686192d51d1da15b896f0bfbfb3 (13) arrived
2021-02-09T13:28:23.050271967Z: INFO: Skov: Block 90f71d76d5aadab7b095c302ac38ef145b78554d26125769b0e3d2e487f5c757 (8) arrived
2021-02-09T14:04:48.732735093Z: INFO: Skov: Block f0be3d0b849aa363564127837d3bdf7dc6b21dcd689f6ea3d1636f94f77d80a5 (17) arrived
2021-02-09T15:46:41.006872992Z: INFO: Skov: Block 2c494f6463301c9c5d100c7e537c6fda752c0d6d986fbbaf04d2ea4b07420e67 (18) arrived
2021-02-09T16:25:21.850632675Z: INFO: Skov: Block 5320f856dea9e696fac167c02ef32a849fa55844cfd8d638cbe7ccbd70847d44 (15) arrived
2021-02-09T17:29:19.396917565Z: INFO: Skov: Block f50a82009353f675505a5a92377b0c0ced104c23988a3f58c405662363f5e081 (8) arrived
2021-02-09T18:48:07.630638843Z: INFO: Skov: Block 68567690a5ae4bddcc0ce676e524dd9fb1b0e3231cab0e9b458ebb36ea42a56a (0) arrived
2021-02-09T19:49:26.249884568Z: INFO: Skov: Block 7409e0b34bc4b6117f8f9da97dfea720757b80cd546aa2a10a1b3245e23de291 (9) arrived
2021-02-09T20:05:30.040159341Z: INFO: Skov: Block b472a0fb08bf250cbfd189aa4806a5b786d17144ebb0b97400c540968637d503 (0) arrived
2021-02-09T21:33:58.965344105Z: INFO: Skov: Block c3f72b568817c1bbf87770d9d95ce3834f075b9bb42f7f251d655339fd6a0eb7 (13) arrived
2021-02-09T22:20:59.682704163Z: INFO: Skov: Block be4c3253efa819cef9b8101af9ba03e230bf8c53f919fdec170481a8f51692f3 (17) arrived
2021-02-09T23:45:08.820855939Z: INFO: Skov: Block 26f94f0d225ab4a21e8c53625da2f32a77ce347d0b60b5fab0e3f4957a8c4822 (11) arrived
2021-02-10T00:50:22.821480132Z: INFO: Skov: Block 083db4a59253ee3267b347bb4a1b08c269cda75bb6da92d18d4b89bd54a0a71c (1) arrived
2021-02-10T01:57:56.434499541Z: INFO: Skov: Block 7847f4d0770b04576c613a0b148f2d5451410c02e04a59a1ee79a1123fe3d614 (12) arrived
2021-02-10T02:31:58.863676169Z: INFO: Skov: Block bbc2bf3e360984cf913011cefd2414353f4332b340bf45dee498d73b566e652b (6) arrived
2021-02-10T03:05:28.654263117Z: INFO: Skov: Block f6edbe0c336ab3d0188d2d334aac71cec93b7e86145d437e06a15667d5733907 (1) arrived
2021-02-10T04:22:29.714051172Z: INFO: Skov: Block 24efcf18f6991d94db932335c3b7488ea4ba568a43424f2153e0bbd2f4bafcc6 (17) arrived
2021-02-10T05:36:58.563701222Z: INFO: Skov: Block 156068c328abcd2a86c6bd97c06d818ce005a4339807cde921fde826e845b054 (1) arrived
2021-02-10T06:37:32.107780179Z: INFO: Skov: Block 3379c0dcb29f90b47511331c96c404c41aaaa27e35ecf8835bb55bba9672cbd8 (13) arrived
2021-02-10T07:40:20.446576735Z: INFO: Skov: Block 77398faaa90915f1fa76189db242d902c42d24ffe58e9bd34d52a13d37510dc5 (9) arrived
2021-02-10T08:31:55.122708806Z: INFO: Skov: Block c6361a625af3a0cf6357b1d69318d16fd19026d5145c20520ff936ed2146d930 (7) arrived
2021-02-10T09:45:52.702388492Z: INFO: Skov: Block 4f6b3074c576be69ae916b6ebfc595da53ebc66fc2fe80febc90cd0f1b70db42 (1931) arrived
2021-02-10T10:48:59.480909258Z: INFO: Skov: Block 3b3da57725b071b88961f5bcc8010fd80f9d0fcbf26ff02c2236c906efaba8ee (0) arrived
2021-02-10T11:05:53.575248903Z: INFO: Skov: Block 5ccc3344c8a6e1917aed4dfd87225269f3d52097faeb610c17e6acde67807be8 (11) arrived
2021-02-10T12:42:22.283764127Z: INFO: Skov: Block 8fe18a7e43b65dd7231caef7528f69e9599de9e621fdb4c7b5a5ece64092f902 (7) arrived
2021-02-10T13:52:45.073160061Z: INFO: Skov: Block 82bd20e448c41867b76bdc7ef12b91eb8baf045d11c0e7e93dd7389ebf16b3c7 (7) arrived
2021-02-10T14:40:12.959590309Z: INFO: Skov: Block 85828ac8b0f237cb62d0b488c73534629d718af2dfe15e1930e00089865ad794 (13) arrived
2021-02-10T15:28:18.892952162Z: INFO: Skov: Block 0789e0af039267878df2e4d330773ef8092f628e61ba9abcadc391f0aac5beda (3) arrived
2021-02-10T16:16:53.999282415Z: INFO: Skov: Block 8b2070d56c471c3b5db02033cf0033c76f0c5666489f37e04bc9fed6180068ff (17) arrived
2021-02-10T17:27:48.975421127Z: INFO: Skov: Block 2cc813ce9259f7cb93258881fed3737e543381c1c450ad0138513d8837caee30 (10) arrived
2021-02-10T18:44:28.992925860Z: INFO: Skov: Block 9a1c2895e712a698c04f3a17b4d8b83d01248f4da2b4552f6f6c7523d4a7375a (13) arrived
2021-02-10T19:33:02.322107619Z: INFO: Skov: Block 0f715bdc11c2ceb1454e2466d81368ec219ff7b8af303f8e7c2edb05ea8229aa (14) arrived
2021-02-10T20:38:21.874503745Z: INFO: Skov: Block 45addd5eb884d81d9cda12f191db152e6df4572b0af3f1ab72fd542ebd6af447 (11) arrived
2021-02-10T21:41:31.567188330Z: INFO: Skov: Block e3c0e7c6c7c71a975078985623df2982b7e53e4b81ada6ae47bc76ebf9b847d2 (5) arrived
2021-02-10T22:59:52.523592093Z: INFO: Skov: Block a14591945afecbcd30f08afbf73aefd8deae8114fc509571a18ff5e51fc43027 (10) arrived
2021-02-10T23:59:41.936982005Z: INFO: Skov: Block d2122dc7c1777ad85c8bfc2907ced0ef9e85c423eb2da760c869d59e05852cee (16) arrived
2021-02-11T00:00:27.112742519Z: INFO: Skov: Block cff3838f1491f2c08c6c3d576df7f6f2b944a8792407b2083ac5a79ad1a54e21 (17) arrived
2021-02-11T01:52:32.874678011Z: INFO: Skov: Block 00bc8d92fe3fba549b778b910854a07b87cbbcb20d8cba3bc25a5adebda0a2ed (17) arrived
2021-02-11T02:42:33.301947455Z: INFO: Skov: Block 30354556a895a79a8d7cf6f89bea26a9bbd6fdb9756b3b44b3921f4582b3910d (19) arrived
2021-02-11T03:00:51.568202862Z: INFO: Skov: Block f77ddae0108bb14ca8ff3f082b011795daaf88128faaa9122a62101f75594524 (7) arrived
2021-02-11T04:38:58.094151774Z: INFO: Skov: Block 25c95adb8ea150c0d9b7e5d90807c52ea6d10833f6fec10fffc31d44b8b20a5e (12) arrived
2021-02-11T05:06:40.357515858Z: INFO: Skov: Block bf2177aac012bab343ba18b0c1741cd3beabf5c6eef8954771533475030a357d (18) arrived
2021-02-11T06:25:14.288046498Z: INFO: Skov: Block 3e748bf90313586d3bb7fcc0915a2c07e5382e12dba7daa94a79e64ae2620859 (9) arrived
2021-02-11T07:57:13.649878071Z: INFO: Skov: Block 47c8d502b45cf7698ca5eff5df89a4308cae33795ef35cb394eb078a47fbecf9 (14) arrived
2021-02-11T08:57:00.139804764Z: INFO: Skov: Block 54d52427bd8b4d7671c8bbd42ce23b2da10df88e7f726f71a0049088e589508d (14) arrived
2021-02-11T09:26:48.037559705Z: INFO: Skov: Block 360d699b5e3e083826e8ec08f47a97da5f1be39c28503f2b29279ab836f8ce78 (2) arrived
2021-02-11T10:19:37.678022278Z: INFO: Skov: Block bf1adbaeaabfc4a9e967733e66e804a11d4bbb7d4e823f9cb121579aa0a54827 (7) arrived
2021-02-11T11:25:32.846227582Z: INFO: Skov: Block 7bdcecc1775e8947484e301b3e65ce8e30ede55be57fdf98eb40f84fed543ce6 (3) arrived
2021-02-11T12:21:03.578868691Z: INFO: Skov: Block 1713d5262fccc6cc334eb42244840410bd143c9544269ad8b32fc06a0a6c87d4 (1) arrived
2021-02-11T13:54:05.722362953Z: INFO: Skov: Block 9a2ca376fda45ac2b90e0af363bbdc374173c57ab0820529bb6533383c7a11b4 (0) arrived
2021-02-11T14:43:01.083517751Z: INFO: Skov: Block 090ec7c10ddddd5c132c1aae96b7eb71a300bbb61d4c8ea6c89132eb546a387f (10) arrived
2021-02-11T15:40:40.314809063Z: INFO: Skov: Block 93087a5bfb185644cc922eb1f442efb4f6d9e36106fb10fa26ab979e505dc0da (16) arrived
2021-02-11T16:25:31.233560815Z: INFO: Skov: Block f1e3845140dc7020e904e3bd85c087c30ddfd3d9d7b0a1a924df0f356c8236ef (2) arrived
2021-02-11T17:39:12.746435170Z: INFO: Skov: Block 14c5eaf9504fb1b8d4108b77a861807d3654c5f67b48127399f220846d32eea4 (17) arrived
2021-02-11T18:32:33.074303646Z: INFO: Skov: Block 8e584c600f92e874d2812ab260dfdf7751c6502c320d02239a458636caa3197d (4) arrived
2021-02-11T19:41:43.922132816Z: INFO: Skov: Block 83ed85e0dc322cf2bcf2628f7e692c6539cd875ac213c9bcac624acacbca3b98 (16) arrived
2021-02-11T20:23:08.902700032Z: INFO: Skov: Block 3d3963d136e696bde1606f680b5734ccb0407cd69a8cabd43c6cfbf4d3520d6d (11) arrived
2021-02-11T21:20:51.906794135Z: INFO: Skov: Block 55a1612b02de049d241297f8a96ab10d0cf0163977b4f9387c206e938b99feb6 (19) arrived
2021-02-11T22:31:46.195878888Z: INFO: Skov: Block 32166cd5bfd1118eaeb5e125e176a5ad2dcb5b56d9825ced400d7b024c9db0a3 (14) arrived
2021-02-11T23:48:04.958312626Z: INFO: Skov: Block bac9f461c2bc0ff6024e15577ddcbea975a587499b9f22e5f26dde5e0b0cc120 (16) arrived
2021-02-12T00:49:00.465474327Z: INFO: Skov: Block 2debb14c810c99c255d17cfb32ba4dd7d968167ad3281e49aba345aea180f7b9 (2) arrived
2021-02-12T01:48:23.778848172Z: INFO: Skov: Block f5f175ac46266471d311fd961709c8000abe7f5786d0afe08b98881b803b13d8 (12) arrived
2021-02-12T02:29:55.783916252Z: INFO: Skov: Block 972d600b14f41ec4cb5fef0fddf7016605b0aac0b5427e2acf5c73ed0d885051 (5) arrived
2021-02-12T03:41:58.859895151Z: INFO: Skov: Block f7bc611c2ac3325e03a0e795c8aa8650ae3c731879c296924a3c376879ac0a61 (7) arrived
2021-02-12T04:30:43.338863919Z: INFO: Skov: Block ed7bed81223a541c5e8c00d4389ae9ebdb46eb7dacde897c4160dfe1aa5e5a6a (11) arrived
2021-02-12T05:49:10.646820783Z: INFO: Skov: Block 7aaa31690660f1746258345b1a24b81999ce6c596dcd7a2d75de4af301f5e472 (6) arrived
2021-02-12T06:06:45.363624354Z: INFO: Skov: Block 70780c5205044f5441a80de3d4d8825feacdc92afaef403a497cf0812e4f3111 (11) arrived
2021-02-12T07:28:04.078438269Z: INFO: Skov: Block 4d27526e28a1574767b4fa063cfea52575176fef444818edeb1bec80e283fdd2 (799) arrived
2021-02-12T08:38:19.428810194Z: INFO: Skov: Block e7697248a497939df6aee145dfc307fad7c04b4bd20c6997f3803595c987c21a (1) arrived
2021-02-12T09:22:11.240350743Z: INFO: Skov: Block 4e79bd524f40497f1772229e6ad0ecc064e1a0f26d2068fac8536cf5fe1ed92d (2) arrived
2021-02-12T10:57:40.891444829Z: INFO: Skov: Block bec770ec26831d80b979331fe3adaad1d2ed000b97620234459eacd3f7a91a4e (1) arrived
2021-02-12T11:10:35.952334121Z: INFO: Skov: Block 10803557aa16d6bea8088cf5061523085e18bd8ecb08a2c715bb4d21712fcc7b (4) arrived
2021-02-12T12:50:56.804791409Z: INFO: Skov: Block 866eb3d10057a5ebcdc0346b56ab422ac259aade41796c75f217a2e340afe1ac (17) arrived
2021-02-12T13:04:21.613312243Z: INFO: Skov: Block 4c16162977fba7c77be1a0d48b66c8dd6bb8360494bcc7cebe9fc4e9de72e88d (1) arrived
2021-02-12T14:27:35.638962602Z: INFO: Skov: Block 690462f50630fa15d4a7b5749dc2486cf1516f967a98c513b489e8734ac0c4ba (12) arrived
2021-02-12T15:58:52.153372655Z: INFO: Skov: Block 3d5ba4f7c1b53b0afac47e3f7a597081af4c5cbb3477cd0e76bbc5a26a4d2d1a (3) arrived
2021-02-12T16:46:53.172322775Z: INFO: Skov: Block ffe2a4e098500a058b99d46ccead8fe96645568c8db5f0b59964d40a4fe4f2c1 (1) arrived
2021-02-12T17:19:10.902323450Z: INFO: Skov: Block 58b39bd5fcad53a429a243abc306aa36bc0527d260378764bc444413118363ab (11) arrived
2021-02-12T18:57:14.974815278Z: INFO: Skov: Block fc1e266b02ae632119d1ec1cac814844ce93ec29ee0d7519829fab63503df4d9 (7) arrived
2021-02-12T19:08:38.068238965Z: INFO: Skov: Block 3eeaf9e1d74b67d28fd779670c82fd4eae1182a84b46321ba5bac50e1e75fbff (10) arrived
2021-02-12T20:37:09.048568612Z: INFO: Skov: Block 1440dac76bd57dc5101c73d5533b2f088c31c4f9ed225cb61b8ee49b32a2a580 (15) arrived
2021-02-12T21:42:15.052912662Z: INFO: Skov: Block e0792d24ff68826b5d1f0b3db63b42947e9d4bd46d7c79d78b1faaef6577872f (16) arrived
2021-02-12T22:36:03.020803728Z: INFO: Skov: Block ac0af0dceeeb51ee986f18fca66765837e376a884e02275dcfc7c0c0433bd886 (15) arrived
2021-02-12T23:53:21.931225006Z: INFO: Skov: Block f27b8adaf27c0e74908d1b145bc79d4927ee5c084adb1b38f067498aa1023a7b (18) arrived
2021-02-13T00:53:44.590204515Z: INFO: Skov: Block 5ac7e79c886f24c2b431ebc183ee5493c854c9a6e28174b3969bb3a51df35885 (8) arrived
2021-02-13T01:52:45.518299692Z: INFO: Skov: Block 6e33cce1bd8fb90f3e8312e553f756add4253737615f311a85dd84da2ca17e8a (5) arrived
2021-02-13T02:14:35.613575083Z: INFO: Skov: Block 3cd51bb28fdc1cdaaec18dab6d1857c8ad83b68fbd601efd61b8e5270305e376 (16) arrived
2021-02-13T03:13:18.523711072Z: INFO: Skov: Block bc51834df37be0d664ae2ef691ada5df378e83ff29f8223d0a5c3e96b6e295e5 (10) arrived
2021-02-13T04:08:16.631122995Z: INFO: Skov: Block d5c2eb7bf78766146cac4d7547d17912f6f676c96adb8ed379f748c299a25d3f (16) arrived
2021-02-13T05:50:51.539258194Z: INFO: Skov: Block 76917de3b8da765eed8e7141b93c1d31f17cec221e323e4f03a1b49d3eb1ede1 (0) arrived
2021-02-13T06:14:41.016508831Z: INFO: Skov: Block 6cbd0d5f0d34ac35c9e60746cd62e9b85f9cbe14c83461c319d2c3f710916c79 (9) arrived
2021-02-13T07:55:11.655020833Z: INFO: Skov: Block 98a2f7d85716b2ca8e50a85e6f9205a4e50d8f03cd7c70c3b79acc993ef4e8d1 (12) arrived
2021-02-13T08:37:30.312137707Z: INFO: Skov: Block c7bfa0d78c2ca24b2f3e6956e77ed06b1294fd51ad063762ae72f9bc369b7ca7 (19) arrived
2021-02-13T09:42:59.588677462Z: INFO: Skov: Block ddd6a2114a4300b239d60f223eebcfd468df1fbfb931bf2250b5ab383cd6815f (18) arrived
2021-02-13T10:19:46.247675135Z: INFO: Skov: Block 5cc5bd64a7cecf7730464aaeda234daa2b04ce93d016c4219fae78c23c06276d (5) arrived
2021-02-13T11:17:05.108869470Z: INFO: Skov: Block c156287d2ff335eaacca0095ca9247f9fbde6369dc15f61f05b0953cda018d0c (14) arrived
2021-02-13T12:39:59.656384847Z: INFO: Skov: Block 489157676b7a78bf41153c37b96af101224d1643ba0aa9892b5a9de37b1c4dbd (14) arrived
2021-02-13T13:44:58.089124568Z: INFO: Skov: Block d7ea5cc8b8747294c30651942634bd9fc67132e3b94976ee4e45d2097563a01c (5) arrived
2021-02-13T14:57:55.739515541Z: INFO: Skov: Block 21104575679e4924dce935831fc7847b4f3d6867ed8b05592dc24400700276f8 (8) arrived
2021-02-13T15:29:31.597077392Z: INFO: Skov: Block e87a35fa7ac3edc424279706d62039028014cfeb66da6d1db4abab921f5abb98 (8) arrived
2021-02-13T16:39:17.160395514Z: INFO: Skov: Block ca4eca578943e25d0c367a967dcecca8bfd6e8a819dc78a32075998be1923573 (13) arrived
2021-02-13T17:51:56.725032884Z: INFO: Skov: Block 6633c5d5b49f9f6028f29ed7d1737024c84054ab7d534ed36eba074408877c3d (18) arrived
2021-02-13T18:18:39.621786790Z: INFO: Skov: Block b1748805730058253c4c2912cd1c35e76bbe33d8a3e6f1cdd65c63bdd1537fc4 (12) arrived
2021-02-13T19:17:57.805969301Z: INFO: Skov: Block 4f702b3457f659df18a623b398876430db37877a28083b205b96dcaf46020bfa (4) arrived
2021-02-13T20:01:53.977487424Z: INFO: Skov: Block 769bc4203012bad9e10433c46de9349ceb5f0a1b603a9fca2cf51b8d09152554 (15) arrived
2021-02-13T21:58:03.721998933Z: INFO: Skov: Block 727b8d1fe8cb42eb4f82a023daad921fbdf8fdae4ed153f875f80b4eb78c1103 (16) arrived
2021-02-13T22:25:06.540286644Z: INFO: Skov: Block ffb72113d959d1ff716acb33fd4eac4f007c90acb8e4644c9a81dbae30f9f9f1 (3) arrived
2021-02-13T23:33:40.217684358Z: INFO: Skov: Block 9ae4fe1d7bd4f8a0dd1dea81d01ac4bf45acd41b33fdce00bdcef9c88459311f (13) arrived
2021-02-14T00:47:56.179777413Z: INFO: Skov: Block 32683cf09734f19ae5455e93a1e5bbca5acbe8defa8dcf083d328d351f770d80 (14) arrived
2021-02-14T01:14:10.769524912Z: INFO: Skov: Block 362b8b86bebace2c167702182481f69f96b25b70b7f93abe099d40399eb9c032 (5) arrived
2021-02-14T02:02:04.885137499Z: INFO: Skov: Block 48b1457e8732f340fb578abdae5bbabc1fa02b890ce378edc192f3ef074eeecd (14) arrived
2021-02-14T03:50:34.569355221Z: INFO: Skov: Block dff85ae6e8d19caf670c04a6a6fcb087e70cf9c5ab1b3bc33187c80586c8a29d (11) arrived
2021-02-14T04:46:45.093291503Z: INFO: Skov: Block 0316b1825e5de7eab6b47b28a2b0fad5de661e479cd86663f0f0448be2e5b4c8 (5) arrived
2021-02-14T05:43:46.944326936Z: INFO: Skov: Block 08d65548cf9511ad9762eadb1e1ecabb95ce9e5d0c758bc8c77369c79637457a (3) arrived
2021-02-14T06:08:53.917702492Z: INFO: Skov: Block d41218bec3b398efbca024455be94aa4ff7c463bdf49dc2219b41fd12723d70d (7) arrived
2021-02-14T07:21:48.823557820Z: INFO: Skov: Block 41f0f68e77275e5fc61fce88b7074fbc762fc01e4fc4b631b48c388c3d803771 (16) arrived
2021-02-14T08:28:01.020282803Z: INFO: Skov: Block 7e0f14c2c2d6bc8879d930e139a53dae264f596d98371bf24e46a7142bf51c53 (16) arrived
2021-02-14T09:27:56.488324767Z: INFO: Skov: Block 458d67d4d720f02ff19fd8682d0ad1194b23a079d39e075ec0eaef38af0266de (3) arrived
2021-02-14T10:17:39.517717973Z: INFO: Skov: Block 17db2ffc86931412a23ba8daa26594a30dfe77e2ec7d982219adbee8bf90b70b (1) arrived
2021-02-14T11:51:19.920997961Z: INFO: Skov: Block 2e20fa86322dc6635219da13d29f92b471fde11d2d4e557729171829956ddf98 (7) arrived
2021-02-14T12:22:31.783224797Z: INFO: Skov: Block 36aa534c6abb79f9b45f8307eb93616424895e482207947febf4c031600b18c9 (2) arrived
2021-02-14T13:08:54.779932422Z: INFO: Skov: Block e6e12c9ecb0ab99e916e46063c69fd080c106defe2ea8081f05d18bc681c5a1b (3) arrived
2021-02-14T14:33:18.758463261Z: INFO: Skov: Block 7c1d356eb4e8c96142ab4235dfe6202b4480bfd49d528e610ace6950f045e3e1 (13) arrived
2021-02-14T15:53:47.611689218Z: INFO: Skov: Block 26f1460cfab22d917e87cbe0436d9b813e7df3c6b7257ba22bb70a51aaeb0486 (17) arrived
2021-02-14T16:35:20.935632864Z: INFO: Skov: Block 915ce36e2bf8a081b00134446baea7fc5e79d7af87f5731ea433c3e76d8ec096 (0) arrived
2021-02-14T17:04:45.127293465Z: INFO: Skov: Block b6dabd319987d95fd2a49f0ac7709b1707e082482726ab6fdad8a4a563a974a9 (18) arrived
2021-02-14T18:44:50.873405188Z: INFO: Skov: Block 6f08c85da9a9112fcc9eb3aefd2c33a226e43de6ce0ce4a5e13b6e24a0c9b003 (5) arrived
2021-02-14T19:09:34.387497349Z: INFO: Skov: Block dc190c26de2c0106adf0587991c651bf4cfa382ac61ccfaba0a44064894301f8 (9) arrived
2021-02-14T20:50:25.828545822Z: INFO: Skov: Block 34acf98f91f226392d8c67c618d5b575018167b443a7a34339573209a62d3351 (4) arrived
2021-02-14T21:10:27.700829140Z: INFO: Skov: Block 2c8aadbe1af6a6e67929808259046ed42e0d93298dea63d7f7fb69dca9f105d4 (8) arrived
2021-02-14T22:57:29.997110309Z: INFO: Skov: Block cbf93295668a834c54348eb93d652daacc2fdca1bcb8c8ef3ba43c540ba7de7e (17) arrived
2021-02-14T23:32:02.655819764Z: INFO: Skov: Block 48146687c969c1c754962fe4aaa369bef182173b253478460370f3a4ba83d214 (10) arrived
2021-02-15T00:34:13.324290974Z: INFO: Skov: Block 649f0b44103932db18db40554bf91af5931f2b5ca194fa59984709724d37e9b1 (11) arrived
2021-02-15T01:26:33.032734532Z: INFO: Skov: Block bf5a806087115b5f55121d2a224f6f8ab7d1a573915829f0f5416144e61e9a1f (0) arrived
2021-02-15T02:11:30.223052364Z: INFO: Skov: Block 2836c83506a77afdce7ee51e24fd3de19f5ee1308d4c32d3fa43e350a5da5e8d (11) arrived
2021-02-15T03:44:35.900546128Z: INFO: Skov: Block 340c2a79acad37a738335400c8aeb7ea9bbf166a6d91b66e6812cdbd8aefa047 (18) arrived
2021-02-15T04:09:33.588140020Z: INFO: Skov: Block a0446b596fae00c18875f6a27728a1e216734d0cb3e58afa5ad8740e9e0c45b6 (4) arrived
2021-02-15T05:20:50.067418418Z: INFO: Skov: Block fbc2c7059daebcf4ecd4b45f57764cbc223ae066e65f1837e9133ba00640de24 (4) arrived
2021-02-15T06:57:26.266841448Z: INFO: Skov: Block 704c0dad2c3db22aa64b1afba8816bea396e430167519791f6df58f1697a380e (11) arrived
2021-02-15T07:59:57.326667599Z: INFO: Skov: Block 4e7a29d957c74f0a6648e6e962ae3601664a200c1ef9c7983968ddc0ed7bb194 (9) arrived
2021-02-15T08:50:08.490271145Z: INFO: Skov: Block cfd9d5bff14fe1b28e20647704bd333ce201d6812811d50aac673fd07cf835b7 (5) arrived
2021-02-15T09:28:42.202389978Z: INFO: Skov: Block c4dc883f09acae969387a7626b7f712b6dac52877f68f0750f02180808a0e5e3 (14) arrived
2021-02-15T10:27:45.015147679Z: INFO: Skov: Block 7b262076d14f5d9d98369c1c05b67199b5bb7a905bb8ad0631645111e4c59499 (9) arrived
2021-02-15T11:14:13.971145236Z: INFO: Skov: Block eee8f12f96f53ad47e25e1fc7c3fb84e088b669312a58b3ef08bd50260678d8d (9) arrived
2021-02-15T12:53:34.368161416Z: INFO: Skov: Block bbc07da630954d7720bf0dc09d9d2adb7ba5882204a0c3af948a759cfdfe0018 (7) arrived
2021-02-15T13:16:35.824148573Z: INFO: Skov: Block 20b64440186c69d6437b74f0994d721270583bed269c0e8e9a7ca2dadb67a2eb (5) arrived
2021-02-15T14:48:45.628014699Z: INFO: Skov: Block 46568036d7530377e293156ddf3da82928a3cd2d25465fe93d2bed2e6c255bed (6) arrived
2021-02-15T15:51:47.178696513Z: INFO: Skov: Block ad1c4af2f7187cb4f128e5bf0d2e9c25ae8601db683d3f7a5e52881c51a3e86f (3) arrived
2021-02-15T16:55:29.850344966Z: INFO: Skov: Block 357ad1bca75ece2a9909ade201d4db3937698ef2f97e0e31c451f86f8f635e6e (14) arrived
2021-02-15T17:31:47.516052484Z: INFO: Skov: Block 48860f087c386b29386f2240e07aa026366b4c7374e426b39bf1ebad0dc33d5d (15) arrived
2021-02-15T18:04:53.479483697Z: INFO: Skov: Block 8f4e2c3f907e1174c3761a229886172519df8343f71f49bb9b5bf2ed57ae13fd (5) arrived
2021-02-15T19:03:23.223699381Z: INFO: Skov: Block 06dec74a4d06baa6a3d9cd4c8da67966bd5b6edf257da385c72e1eb5b39d13ea (7) arrived
2021-02-15T20:59:04.910505116Z: INFO: Skov: Block 35fbb7489402c469a70f7cf892dcdfe69bfa6878b67e3392acc7c7bb1f133d18 (1) arrived
2021-02-15T21:20:33.760681108Z: INFO: Skov: Block ceedb3e929a927793bfa5c01852ac3bf067886fef8e62ce119cb7277b2905f6e (16) arrived
2021-02-15T22:35:54.320599335Z: INFO: Skov: Block 50d13bff1996aa5b2e38d4f1b9402676a767b32a69b868869eb4ffd5aff1c4c6 (19) arrived
2021-02-15T23:03:20.866405029Z: INFO: Skov: Block 6b23131c70f03c2ed9e45ed1865f90bf253d31d65c14ba5e65afd47e7c9a88c3 (14) arrived
2021-02-16T00:28:18.166879156Z: INFO: Skov: Block c8dfbd9c2d37c75ec478e6515641ccb9ef33742f193ba56c7cab0c97988b5b92 (9) arrived
2021-02-16T01:32:22.876233234Z: INFO: Skov: Block 449e4f5e90b73b47278e937881098fcbc19b1c98f62477754697f54201e40902 (3) arrived
2021-02-16T02:19:58.161859766Z: INFO: Skov: Block 0868fc2ef5a2e058e9e255795078f3670841291494ea27172e75947cfa8696d0 (0) arrived
2021-02-16T03:54:36.150862764Z: INFO: Skov: Block ac7a5fa91fd006ccfd4010880975edf4de32ccfec58f95faf20f6ed37d67e9b1 (1) arrived
2021-02-16T04:53:15.925511303Z: INFO: Skov: Block 1f533052f04c6bb1b1274d9c3a4a9838b42c40363cf6c3c4dce7642be21e372e (4) arrived
2021-02-16T05:45:56.621158697Z: INFO: Skov: Block 8ccd6671e7911d7e1898e6175370d166600c703ac43e6d45953512050737bbf5 (3) arrived
2021-02-16T06:35:17.881780848Z: INFO: Skov: Block f05e1eff49bc858b8470c3500f521cf6f0513e3db574a6910bdc3344bacd908f (0) arrived
2021-02-16T07:24:37.910052334Z: INFO: Skov: Block e52c46536a72022a3148472dacf72b6156b61dd0952318db3061d8e80463368d (15) arrived
2021-02-16T08:56:57.736701796Z: INFO: Skov: Block efc19b0ee343a6d843aa4eb41b06b958de738430e032c6a37b8ce4a72e54689f (4) arrived
2021-02-16T09:01:16.801439329Z: INFO: Skov: Block 821e1c66d1ba2bb40dee757053059b41a86c97a1b15e4de0c71f3848522e6e47 (13) arrived
2021-02-16T10:02:16.909372854Z: INFO: Skov: Block 099459af34c62f0e04418c2681b4d9bd288fce925c8f772d198e448d635528ef (2) arrived
2021-02-16T11:45:00.678626662Z: INFO: Skov: Block 781415885947b7acb882bcb61d63bb7cd4c3e66dfddec9f3da9e893dda3d603b (17) arrived
2021-02-16T12:14:15.771262593Z: INFO: Skov: Block 4489089d4f5534bcfe515d17c37c0b92ff5fd41382eaa489279ea1902452bc95 (18) arrived
2021-02-16T13:22:11.962553466Z: INFO: Skov: Block cdfb80fa0b8da181c0c05b7b668c029402ccf4094023e90c4c294ce8abdf0fa7 (4) arrived
2021-02-16T14:52:48.494090012Z: INFO: Skov: Block 47b783f7766bb7c6754fc728e73d1134fc7423ad25af55c4d1b73da8fef8b8f9 (18) arrived
2021-02-16T15:18:45.864408164Z: INFO: Skov: Block d83afdfb9fb248d9b64e3749256bcfaf78b74b66e8cd39918f8b3ef87f6b57ad (11) arrived
2021-02-16T16:46:46.177117454Z: INFO: Skov: Block 57afd07f79f4403c739a186089d62ec788077337f7b6695c0d7dc1bfd2187e59 (9) arrived
2021-02-16T17:06:30.827879533Z: INFO: Skov: Block 59c1bec4049f69c0ec88c9ee904abf616b7025033622c970917f6e241837ccbd (11) arrived
2021-02-16T18:24:55.713442686Z: INFO: Skov: Block c9423128956ce297ef217b655aa19a2592cef9a3dff224505d7a33f07b857e5c (11) arrived
2021-02-16T19:47:18.361811426Z: INFO: Skov: Block 3ed4bfc6d1ac13f5707c9c533b596146fe6a62074d09d12de1741e8227f90a53 (13) arrived
2021-02-16T20:04:18.189457896Z: INFO: Skov: Block 839598b75cc30f208bb28b3bd1fbc5d16dfb9acdd7f46fd844090dde27bb5677 (5) arrived
2021-02-16T21:55:50.307375121Z: INFO: Skov: Block 4402140e0a6c1a3f35bb9356c83281ee7f587b1b50a789c87a89b79174144324 (15) arrived
2021-02-16T22:17:24.601476612Z: INFO: Skov: Block 9a54143756d9ce322751f1975cedd70c8fd4b72b3a32d9fefb8b1b4c9e74c16b (7) arrived
2021-02-16T23:16:33.691196961Z: INFO: Skov: Block 4ba646765b7130907a4f8fd1fa4aad4c0e8f48af3c68807b3e1409432212eaee (17) arrived
2021-02-17T00:35:07.238233742Z: INFO: Skov: Block 2797e73b2312d9866af225f1799e6e88e0d26f376418e8c62b323e7e3058245f (10) arrived
2021-02-17T01:47:28.569353107Z: INFO: Skov: Block f6b5a2683938e053c0d775cf6094a7dbaa38143274e779c6adf2426f85d6e9f9 (19) arrived
2021-02-17T02:16:45.273848498Z: INFO: Skov: Block a1287ce6261855432d1db22410e8572f73c62f2a77ffa68d1c5dc0fc4069bcd2 (2) arrived
2021-02-17T03:17:30.937902647Z: INFO: Skov: Block 9eeaef30e0afbc7a8aa6c2bd83d4e90c0172389b9180023f2565614fa1120aef (19) arrived
2021-02-17T04:12:13.876225259Z: INFO: Skov: Block a1f2ee42c204e8121729e45c995a1a4a615d47494ff2826625a8c8be591caf73 (8) arrived
2021-02-17T05:03:21.967580626Z: INFO: Skov: Block 89b79c9b323ce812aca473ab3d60e95f9b03479bd38899575718070647f84516 (899) arrived
2021-02-17T06:40:53.950231389Z: INFO: Skov: Block 78d46c0ce6478b111228fcd7941ac9c0cf1f0beb195d1a0fb6253f8dae4648ab (12) arrived
2021-02-17T07:42:10.162353788Z: INFO: Skov: Block acb71becd6ba5262b52365a36839dc5424d3e5dca421b0149bb75d4057957a8a (10) arrived
2021-02-17T08:16:00.862331188Z: INFO: Skov: Block bc5e8fdab691765347672e31d79237f7f8f5b1ee4d9c00778169baf56be98468 (9) arrived
2021-02-17T09:14:06.410104330Z: INFO: Skov: Block 3221ca64d1743eb47cd26129dbf93e11715252cccb4e39cceb52ae3e0f7beb78 (6) arrived
2021-02-17T10:38:33.616774287Z: INFO: Skov: Block fd727d212482ea0aa7bf54f06b5daf4e695b255b414da2fdeaf1776e24ebf189 (17) arrived
2021-02-17T11:33:52.460818885Z: INFO: Skov: Block e1943477a8127fdebfc7f697f2fb8719bb421677c181caa146a5cc2a3709c83f (17) arrived
2021-02-17T12:41:41.712654301Z: INFO: Skov: Block 5b288ad145fe83493118ba8467f6552ddcd8aaa5dafa10cb75a79bb99824a013 (6) arrived
2021-02-17T13:21:50.807926009Z: INFO: Skov: Block eac25323a84a33e45b71782f55e8c9d09360a152e38d70a7590deb86b7e37769 (0) arrived
2021-02-17T14:54:00.096023398Z: INFO: Skov: Block 998c7fe7e13a380e145700856dc9106a8f91eecedacbe3c37dcc59c621eea82f (10) arrived
2021-02-17T15:24:52.710605788Z: INFO: Skov: Block 5b84fcd0c3df402de42ccc59ba6f4fed76da92d4593d1a64c1b5dfe88056efd9 (0) arrived
2021-02-17T16:16:40.871987107Z: INFO: Skov: Block 296503eb4c7b2a0d4657a2040f1bcdc387c3e82a7bdfc4fc39b7b75f3341231a (16) arrived
2021-02-17T17:35:53.990866475Z: INFO: Skov: Block 00c3171c18d14e8dd6bfe2bcd89f979f8652106d0370832157aa3021b7db3761 (781) arrived
2021-02-17T18:48:38.548244479Z: INFO: Skov: Block 0d7b0b16a2e1a6855e53759b2c5a6b164c52278e9b450941d3c9a8faaac23c8f (7) arrived
2021-02-17T19:35:39.626836198Z: INFO: Skov: Block 21afdf85fa09caa93949131579e4f6514442fccc3a5dec2bd5b2a0b9dd647cca (5) arrived
2021-02-17T20:05:58.660163230Z: INFO: Skov: Block 916de2f98230b7d0e02dc96ce88dfac15bb4e4fdb44f9a7438c73add792448c2 (17) arrived
2021-02-17T21:51:37.583079143Z: INFO: Skov: Block 2c502aa783f6073b3dc8060709312626bb76911c2a217858301d5ff5a7b0b956 (13) arrived
2021-02-17T22:12:28.159401530Z: INFO: Skov: Block 63fd6baae495299977c7af7bd3d8b567b2b2b66d94abc823afba41d1b4270795 (15) arrived
2021-02-17T23:09:39.019105069Z: INFO: Skov: Block 79dc027d9aeddf08dff66160a2aadbd3355063284d6aeeceeb6be5f571346205 (12) arrived
2021-02-18T00:42:39.596995054Z: INFO: Skov: Block 2deefca16568f32d9b35447a7d0f70bbfa464514e7594017f45d31a81ca510ab (17) arrived
2021-02-18T01:57:41.796695240Z: INFO: Skov: Block 37d774482cce1254360ea79b96cef2579aeb5e44086f0421d8aac2edb381b617 (13) arrived
2021-02-18T02:38:58.385302802Z: INFO: Skov: Block 78846d482630963d55c968929d3a16bc14204b47000d96624f247f5bdd04b725 (11) arrived
2021-02-18T03:15:15.234652914Z: INFO: Skov: Block 6db9ec7b58a88f27a0b3fb1338b8e64742c79fa70c951120337ecc0c9217d6fe (8) arrived
2021-02-18T04:30:37.856579826Z: INFO: Skov: Block f27399302b053cb02a561e8746811cf8ffc7ad96a4de662115dbc965a8393717 (14) arrived
2021-02-18T05:40:35.923284975Z: INFO: Skov: Block 205624dc19903a81d2797c10dc71061948c15984a914d208288dd79f67cabf6e (11) arrived
2021-02-18T06:33:21.971897325Z: INFO: Skov: Block 21e3e44d8cd98351fba19d71d47c9d2b056fec170457d76d7aaf1c5bba88b03f (12) arrived
2021-02-18T07:15:50.566167339Z: INFO: Skov: Block f0aa7ceadd20f8fb9bb2d7cd4324711deaab4d845526b8ba34c568c9b0536a12 (46) arrived
2021-02-18T08:12:31.591034353Z: INFO: Skov: Block ed9ebdd11cd85d6ae3fd2786f71e2d2077f9e9cf20a8ae9266d1fb8acef1ac46 (5) arrived
2021-02-18T09:43:45.099214911Z: INFO: Skov: Block b95ab2b97a6a235501da8a8ffae3449d52107f260593b4faf7512d478eb7e4e3 (1) arrived
2021-02-18T10:28:17.002237921Z: INFO: Skov: Block 77f4f9f296b00e920f23f2e2952acb3aa1f22d598a3d3e73fedf3cecb11ae0fc (3) arrived
2021-02-18T11:02:00.418990775Z: INFO: Skov: Block d0613b8cf6788ebfb6c59857b8306639681e74df46d1e88bc894c45497ebb1ee (10) arrived
2021-02-18T12:47:04.844672614Z: INFO: Skov: Block 601613b61e3a6cbc2627d8365f8354853bdc6626cc99826f87be46d50a585610 (17) arrived
2021-02-18T13:41:36.683734860Z: INFO: Skov: Block 4a5f93230d1af4d5b16059db35f11c670a614091d25b2d39a6230a82aed04b2b (19) arrived
2021-02-18T14:51:34.123203092Z: INFO: Skov: Block d830f04f56eecf71972292d3effe4f98ff78012c14f5d12e78fc7b25a20e2c35 (1) arrived
2021-02-18T15:23:17.876565749Z: INFO: Skov: Block 18b83d7619848bce77a0cad20b6cb2dfa48f52c422f4a357120ee1787e3d97f0 (1464) arrived
2021-02-18T16:27:35.418185263Z: INFO: Skov: Block 252989733847b72134e57610508e25c479e07d1d0e13f0e56be1ff52f9030b91 (6) arrived
2021-02-18T17:03:49.875773032Z: INFO: Skov: Block 020b788f844cae8c698dec9ce086444c34cafa0c8c191340fdf89ef5ee5a85da (2) arrived
2021-02-18T18:56:47.394732547Z: INFO: Skov: Block 5aa914a5c0f15f9ecae8468179fd7ef433fe6ec69090ca4b15cb280b7d2fd9f9 (10) arrived
2021-02-18T19:35:34.333877011Z: INFO: Skov: Block 3dc828b0f6afd2a09f980fe196265c0c001b042a415a693533bb3585bef7c0ef (11) arrived
2021-02-18T20:50:36.664911655Z: INFO: Skov: Block f00e602ba5631c443d48bc1aeb76a0295b1c63dde1fb500c0c79e2c653d73097 (19) arrived
2021-02-18T21:16:30.139301009Z: INFO: Skov: Block 5b02ca20c52cfc57d795c184cf130024eb5b0108ab56f42d73e5f59f680164e4 (17) arrived
2021-02-18T22:52:56.588812377Z: INFO: Skov: Block 62c83d6ce5d789bae5e00d2dc52849556b5c5d41118a28964366941a04fec4ad (15) arrived
2021-02-18T23:04:00.240020871Z: INFO: Skov: Block d55f394339fa36366955b4c092a149b34b6e50da246c5c9f2a856232427016fb (6) arrived
2021-02-19T00:24:11.270053931Z: INFO: Skov: Block f0b9e1fe3f949c95b2a8a4717e9d5275ce06aa90d2ded368ef49efd92b79ae24 (15) arrived
2021-02-19T01:53:59.512518097Z: INFO: Skov: Block ec1149564dab36dcf96c1cc1ea2dc93ea0821911caa3e9dd8a28ff0f46d7e1b0 (10) arrived
2021-02-19T02:03:47.524281150Z: INFO: Skov: Block 996b1e89b1a035ae3fb1e618fe34347823b74981f3d60446e6fbd08a25c3eb9a (3) arrived
2021-02-19T03:03:37.275387164Z: INFO: Skov: Block 5cce128f1db0214260da869eda6d5b9a99a33d06468fb87c2da1691023de9d65 (13) arrived
2021-02-19T04:42:49.719318528Z: INFO: Skov: Block 5fa5a06cf047b67e95ad57c4097b952a5a7d3fd3e6e39cf95b77bc254ec4b308 (2) arrived
2021-02-19T05:45:02.621090812Z: INFO: Skov: Block e3604ede8e553c4f86dc11f0216b6066d25f4b5086191401f8e4cc595787f938 (11) arrived
2021-02-19T06:06:44.066815244Z: INFO: Skov: Block 64d60823a9be5157ad03fc231d2a7d151dc32ef73f3c9454e6d8015b39f1edeb (11) arrived
2021-02-19T07:39:54.098417760Z: INFO: Skov: Block 02ebdee86becf25e291d94e264b3a2213d62405f0e1a22b96ff891ca688f06fb (13) arrived
2021-02-19T08:22:01.715421524Z: INFO: Skov: Block 7e886a4ba81e448120e267a4cc4f7b6e54efa7ab7e4c8f5e3f19f7ef38ac2f34 (4) arrived
2021-02-19T09:36:22.024350711Z: INFO: Skov: Block b7c82fc2a4dd826c89de13f2ecdf20a8ea952993448dec394e344204ad414033 (11) arrived
2021-02-19T10:59:44.576592912Z: INFO: Skov: Block d8bc7db8be6a7c8132f57b6dceb5c533437673f1bb48c6d4f8cdf939b28dd0d0 (15) arrived
2021-02-19T11:37:31.999767972Z: INFO: Skov: Block a520aaca2d2996f5d725a5c6bcf017e06988875fe0dd7e685e648c5eb07fa569 (14) arrived
2021-02-19T12:57:16.683466739Z: INFO: Skov: Block 3aca10b235b92cf6cce6812fd3dbdb65df5509c83751abe68f70f312ee72290e (6) arrived
2021-02-19T13:41:34.456506804Z: INFO: Skov: Block fc0ff544a9506c41eeb868b97b4927f33f6b1f4c771e4387f5dbaefbcc7472a9 (14) arrived
2021-02-19T14:48:05.372713596Z: INFO: Skov: Block f316f2e70f93e39a40a999565f7cf1fcf9fa82a03f6af917c629ed9fda1acc9c (4) arrived
2021-02-19T15:51:58.834246559Z: INFO: Skov: Block c307ea89cd49a1e8cc5be70ee388097dbe06b06f6aadc2f9b51f777c85c604b0 (12) arrived
2021-02-19T16:05:28.792119878Z: INFO: Skov: Block af5c037ec437ad116c1893f71569d0fb9b5b88ca3b006ef10fe24424ba40257e (9) arrived
2021-02-19T17:17:58.012715627Z: INFO: Skov: Block f1fad61fd498d8064231040463cf2206a06747446a0182e19383197f8215d4e7 (14) arrived
2021-02-19T18:34:59.723950345Z: INFO: Skov: Block 990c9af61ae5b5d85c5342e861d81dfecb4fe8d12c8ecee15420b0c61801463f (16) arrived
2021-02-19T19:29:58.804472163Z: INFO: Skov: Block 1ac12c95b6f83448f82a8ac4880a2895de8622dd30ff8e7c7ff56f2b1d8d87db (46) arrived
2021-02-19T20:11:48.202709400Z: INFO: Skov: Block e0023a1cbb7432fa5c93030539a87b8a9224669f6b0a87e44a241536acb075c1 (3) arrived
2021-02-19T21:17:10.015042165Z: INFO: Skov: Block daaf992ed1e4fc8654cba8453e2a52789cffcbfed91674804b7f8a4d9223fe43 (10) arrived
2021-02-19T22:37:33.549297633Z: INFO: Skov: Block d13b7fe29dd93f3aebc5e5ca60d9cc7c71845de2686d7f848efdee328d4b60fb (9) arrived
2021-02-19T23:14:33.152063456Z: INFO: Skov: Block 0da34bef60cd1b57989ec17cdefba6ae3c75998e7b15f82d621e61aa75fa3f13 (6225) arrived
2021-02-20T00:02:18.174244259Z: INFO: Skov: Block f4d2f8319ec252142934d8b08c24ec99a79456b9af4b0b802087fee6452d51e5 (10) arrived
2021-02-20T01:07:12.376846050Z: INFO: Skov: Block c2f95575a5a82bf83151846888923c79959304e6ccb417b396a07bf954d8400b (14) arrived
2021-02-20T02:13:12.725929320Z: INFO: Skov: Block b42be2aab6e8f3bc8fb2a032514772c1045b37ca7e03e4bbea39c539c648302d (16) arrived
2021-02-20T03:42:56.116793030Z: INFO: Skov: Block 74153defad1557936c11caae6285f5dbb6ca922c097304ffa4a2a5a4c3cdaeee (12) arrived
2021-02-20T04:23:26.411618553Z: INFO: Skov: Block 08b01853750aae6b1102ecbb26740b4446e7683d048ec11197f2253147131329 (19) arrived
2021-02-20T05:37:30.275697318Z: INFO: Skov: Block db2ffeefadf8afdf335da9c9fd8474c784c9cb1b96f6b520e0cee15709106538 (2) arrived
2021-02-20T06:27:28.101492035Z: INFO: Skov: Block a1b0ce30bd13d65ace6ce7eac00b7fe98edb8baa3296e722566acf9882d96f65 (1) arrived
2021-02-20T07:13:24.856720594Z: INFO: Skov: Block b12d6b37a40079d86b5d3565966b80095b2715d1c7f3625afb2981c8d3372900 (18) arrived
2021-02-20T08:33:56.427393218Z: INFO: Starting out of band catch-up
2021-02-20T08:34:12.686145259Z: INFO: Starting out of band catch-up
2021-02-20T08:34:12.690768079Z: INFO: Completed out of band catch-up
2021-02-20T08:58:18.763353145Z: INFO: Skov: Block 2133a68b6a9e56bc432a1b9bca88d001b3469ad523ad404bea85fea34e20caaa (17) arrived
2021-02-20T09:50:33.774885288Z: INFO: Skov: Block f2a2ec2e2a92a5c5f2b20c97017690e303c17326c616787ccbd512e69bad8336 (9) arrived
2021-02-20T10:12:13.343429756Z: INFO: Skov: Block 2e5b5b26c443a7c30e8e91d98b48fb92428f306a54c836eb1e47617b3db92feb (13) arrived
2021-02-20T11:20:55.664258653Z: INFO: Skov: Block 853422064391b811d1522d80dd34d4c04169d9badeedd192f242e512359f3be0 (14) arrived
2021-02-20T12:46:30.600348976Z: INFO: Skov: Block d1739ed93f19bffa335950d923e011d28d4ff3cc3775f3f073fd5b9b53d2036c (15) arrived
2021-02-20T13:47:39.241273351Z: INFO: Skov: Block 6b10e2b9f88817c4d3b184841d2a8b3ee314c0d075698c7c101f29a1b653f837 (2) arrived
2021-02-20T14:26:42.254651398Z: INFO: Skov: Block e8272f3de67c9de33ee0d318731c6c499e09231d5139060c5d907e694d213743 (5) arrived
2021-02-20T15:15:51.676908907Z: INFO: Skov: Block 45059c804e0e9675e1c71bbdbcafd519c91a9dcf51803f68f4681b8885254fb7 (6) arrived
2021-02-20T16:30:18.267934590Z: INFO: Skov: Block bd6001fed9437aa6f5bb5361c58c04469ad5f4c8a101609bf8cbbb072dae9e99 (8) arrived
2021-02-20T17:01:05.543262129Z: INFO: Skov: Block 29b039fc87d973aab912b791963d670d3469c4ece0d2b8f044938caf0bbf9b20 (8) arrived
2021-02-20T18:04:44.283834025Z: INFO: Skov: Block 2f068ba3fc98d071f4ca24296ceb31f088a5c1a9a080031dd82523d787675ca3 (11) arrived
2021-02-20T19:05:09.520992344Z: INFO: Skov: Block def8bf028b43e8d14012b753cbcb84409dec5358b4f18b9a9587664f8c333f71 (5) arrived
2021-02-20T20:56:13.816366939Z: INFO: Skov: Block 1f455cdea20ed93160074dd226583e9f8b4568ceb395a680936f55123c7de460 (5) arrived
2021-02-20T21:48:32.287958251Z: INFO: Skov: Block 65f5e8c51d7854e76aa6bec087bb90da5c3784e21ba4fda5908e113c09165bec (6) arrived
2021-02-20T22:23:57.338917141Z: INFO: Skov: Block 0540f8db873dada3ed1adfa0035a48a5d3f7696b3be208ebf262b889039e23be (5) arrived
2021-02-20T23:53:39.424070626Z: INFO: Skov: Block 16b6b943da28473782ba02570995010f76b730f485b34d2574dfd435776e7b2f (13) arrived
2021-02-21T00:22:31.603774911Z: INFO: Skov: Block 6ebbd42c888edec520222aeb8454e64952a75fbb5b8e96e4a20a976a8e6f8de4 (14) arrived
2021-02-21T01:58:54.142599740Z: INFO: Skov: Block a5cc5422a90755cf973a6b398d5739a0ae85340fd1967907a7522493d43546ac (18) arrived
2021-02-21T02:52:26.095514512Z: INFO: Skov: Block 8bfb5c6d188609d39c8f5444c62d7a39539eb84656b948e8f6d9a277d7a01640 (14) arrived
2021-02-21T03:49:32.577016008Z: INFO: Skov: Block 55ec79fb3b6ad18d14134682b64bdf79fe5d18d9db64cea288dd9f0aaf5db94e (19) arrived
2021-02-21T04:18:01.701697356Z: INFO: Skov: Block 21413a5b423bda000b4a78bf05b3f86201486f3c4a6fa7f7cbe688ea509625b2 (1) arrived
2021-02-21T05:19:20.634833750Z: INFO: Skov: Block 8ac8a8501fa0fe1086544ffc76926189bd72fb6aa53966a67e02e2158789112f (13) arrived
2021-02-21T06:40:08.872568893Z: INFO: Skov: Block 12afb8b06703b34f82b8ede03dee91e52494256279fa0eed5066c2367ed6da3b (13) arrived
2021-02-21T07:25:01.379079498Z: INFO: Skov: Block 3fbd8bcc7dcb074e888b9a6102e14aac2a06398c880fb0a3faa7b75b525350e3 (10) arrived
2021-02-21T08:37:38.894251845Z: INFO: Skov: Block 858edbb1a28c416e9476ba3bc076893e2a84b3022d2ee32b1431bfc240d3be77 (8) arrived
2021-02-21T09:12:22.521486933Z: INFO: Skov: Block ae360ff75b1f391f09d86f76e659fa680c43aa1fbfa86999f6a18fe6f228cbc6 (13) arrived
2021-02-21T10:04:12.224278519Z: INFO: Skov: Block a51aecd8ad800ec6f66883368c6359e15834c65928fd1e3916d3d8729162fcca (11) arrived
2021-02-21T11:19:32.013507255Z: INFO: Skov: Block 094b846dd291a723caec93538ddd0e4381cbe2046ba147fa45bfe7bff5072d04 (2) arrived
2021-02-21T12:32:02.762487905Z: INFO: Skov: Block 6a340c2d717e964a3044901f8258d450df374a529186ff05e9f43240e25aabfe (0) arrived
2021-02-21T13:44:07.197257071Z: INFO: Skov: Block 995d1b30f6f5bf5941ec8c92e6c19a5974737ebdfdb73b7b8c20debd92fbe021 (6225) arrived
2021-02-21T14:50:58.973566440Z: INFO: Skov: Block b2513144ba9041ee47ccf94e4e344965b9cec94400e5af9885dbffafacc2bc93 (5) arrived
2021-02-21T15:42:32.603976339Z: INFO: Skov: Block bfffdc3b32038f84a6672a81c770d0abb587b49bcb12b37da57a0b313a1930af (14) arrived
2021-02-21T16:18:37.448068792Z: INFO: Skov: Block 287a047e8708de0277f5ea559fc58bc3383f04af735f088aabb42ca1a92478a5 (3) arrived
2021-02-21T17:42:02.077322720Z: INFO: Skov: Block e35a672a86ba6c70aa1663d132e626cb58635609adc978f6d6cc198302ffbdad (19) arrived
2021-02-21T18:48:31.819912516Z: INFO: Skov: Block 6e1dbfc7635d6af7171457ff5392ba5e12928d3111de10f879014f585a270067 (7) arrived
2021-02-21T19:12:05.961210134Z: INFO: Skov: Block b2292b2fcab81fc356e79b216d53bdddf58d9f47babf481549009b7de89c78c7 (16) arrived
2021-02-21T20:20:02.707185124Z: INFO: Skov: Block 610a1e0e6343c2d3495bc15b1d6c0d2ee6aa0c7c53514c15893e3e3059a1a721 (15) arrived
2021-02-21T21:22:56.242720078Z: INFO: Skov: Block 71e68c497d9cac2f13ea3cfa6d5036c261b3aecd009876df7436bc6f52a03629 (10) arrived
2021-02-21T22:05:11.662546703Z: INFO: Skov: Block 7962833d47da4573ac4d60b2f5a3a8865222d2ca808ed001be2f34e74be976e1 (16) arrived
2021-02-21T23:25:52.619690380Z: INFO: Skov: Block b1e565ea7a461fe65bba90b1f73e9058baa61a91b829c4466a2d6c32dc7ee15b (3) arrived
2021-02-22T00:10:12.661681995Z: INFO: Skov: Block 8d0d1f8f25f01811a54f2877b52f8b251205a46404ee51225aae277f1a1a1ce0 (0) arrived
2021-02-22T01:27:23.739704458Z: INFO: Skov: Block 1a39148b7f17e77e59e72e09703671ca330d4a5cc422c6edc4ce9bcdad172349 (9) arrived
2021-02-22T02:05:07.572079441Z: INFO: Skov: Block d16d1d3a5ff5d3b36577d76117a70fe16c8e75f1aaabb0bfa589f08ea002e9d4 (8) arrived
2021-02-22T03:38:49.933152845Z: INFO: Skov: Block 3ab4d8383cf5605f95c8245525388ea5a2beab83b60875189b6437eff8f87c5b (15) arrived
2021-02-22T04:47:11.058710244Z: INFO: Skov: Block 98e7ec0ea55ddf54f0ea47e2f284e8a44cb595b008d29da7c2ec6732f1191582 (17) arrived
2021-02-22T05:48:47.414249926Z: INFO: Skov: Block 3f57ed6261af32f269b428d6a38a13cd0212809023952d261ac1b8481e2e99d1 (19) arrived
2021-02-22T06:49:31.058602848Z: INFO: Skov: Block e6ed67c8720b320a101792b5f6e988b0b13c680be6df838562fc960617c79886 (9) arrived
2021-02-22T07:11:31.311056548Z: INFO: Skov: Block 9e67f8bd9049990718f4c83a4499f0792ef9892d25551161c23dbd52a50d5cbd (18) arrived
2021-02-22T08:09:42.547880505Z: INFO: Skov: Block 6cc996cff6beb801fd48caa1425b91354c6a69dbb4a7903463b55738d0b0ed45 (0) arrived
2021-02-22T09:55:20.970920200Z: INFO: Skov: Block b44d64543bdaed5f917e18ab66748675bb266144726a0f69bb37ace4cb37e49c (13) arrived
2021-02-22T10:51:05.307916239Z: INFO: Skov: Block c18577be30c8d028d5160db34da69184836fd35696833fa54d5dd1c4d5ea5384 (3) arrived
2021-02-22T11:13:27.281504326Z: INFO: Skov: Block 1577626932f2d4f30473a1aa893bcb59ccc804eb024513c7f2124e2fc881b3fa (0) arrived
2021-02-22T12:53:01.513920429Z: INFO: Skov: Block 73105c4828bb96919e82524a6315c39707ac9dac3930d70d65a52badb288aa6b (0) arrived
2021-02-22T13:24:21.567680127Z: INFO: Skov: Block c810dd132097cdd1ddb5ec40dd55ce21cd58d8cc2fb709619898dc24a089c168 (3) arrived
2021-02-22T14:54:38.036370797Z: INFO: Skov: Block d6a48c11a30fad3980ac78d169f1002113ec9f81ad244e02f583307f73bdd219 (2) arrived
2021-02-22T15:51:18.861938387Z: INFO: Skov: Block 60cb992d7a4eee715a8d1d8e2c72e0abe921c8ee9c121af36f52812d12eafa1a (16) arrived
2021-02-22T16:18:24.533663428Z: INFO: Skov: Block 44b276328778449f43cc81fc49f29c38c02e87dbf56e5866d643c0809b54b3ba (12) arrived
2021-02-22T17:35:37.896196365Z: INFO: Skov: Block 2ad1e495a7fcc3a8583e9c5feb43733affde1a4b29897dfd1ce58f015cbf9ee9 (15) arrived
2021-02-22T18:59:42.648968631Z: INFO: Skov: Block 8ada0119ca1126882b45b58554c268952456d0df8311d3e91216774e85c0c439 (13) arrived
2021-02-22T19:38:58.574839254Z: INFO: Skov: Block 8b4d6d4f5b0bce111ec7140df303d5965eaef63cf420e6748b8f016cf048c688 (7) arrived
2021-02-22T20:26:57.884271083Z: INFO: Skov: Block 45b5316f188583298b991a37ef8f0ef3bc3cc3b6a50c6e5fdc7f0679996fe341 (11) arrived
2021-02-22T21:00:11.971469801Z: INFO: Skov: Block 679413fa5cb0a482dea928651135b21dc7c1426baf9ab534b8d2be7f640fa67d (6) arrived
2021-02-22T22:44:56.461821621Z: INFO: Skov: Block def2c9deea53ffbf27e8752a2b9a462685dd4416be526174a726e9066fe1bdc5 (7) arrived
2021-02-22T23:17:36.136752035Z: INFO: Skov: Block 6cb909c641a544d58f94785274a8726808995410d3fe09a063e1538fabdc220a (6) arrived
2021-02-23T00:40:45.302576324Z: INFO: Skov: Block fc6c0e214f3afcabc09553f8db09035d4b6c8bc5a88efbc15647297880e8696c (11) arrived
2021-02-23T01:11:59.577291160Z: INFO: Skov: Block 2e0afd297ec4a928fd89c37d3a9e6330bf4d8dc57a9e928bdb192fefbbf902c3 (3) arrived
2021-02-23T02:48:40.700130287Z: INFO: Skov: Block 810d776f7d73f93fa5c67c2a87bb9a369ccbab862f330d21cde3936eb8dd7a1c (17) arrived
2021-02-23T03:01:36.003237628Z: INFO: Skov: Block d3f393b81c4f1cefd2dae3655bf2107cd4ddf9ec884b4409de9079128e6bc880 (13) arrived
2021-02-23T04:57:21.761033247Z: INFO: Skov: Block d125cad26afa83c4f73cc8fa5f1932a74f0e98bb956dc09c19c538b8482879d8 (10) arrived
2021-02-23T05:04:24.629637937Z: INFO: Skov: Block b94b3e8e25a3d3fda42b3c4c2122d482f0c87c72e4cf90fcecc01d284d2fc367 (5) arrived
2021-02-23T06:45:11.049500903Z: INFO: Skov: Block fef73e9552a835e292a4522674f4054e68a69b431b80db8b9fdf25b5453f1f21 (7) arrived
2021-02-23T07:06:32.269425274Z: INFO: Skov: Block 1733e14037e9204a6c21df77401f9a50de9e9afcd74828e9810ab1091e368f58 (9) arrived
2021-02-23T08:43:56.779772558Z: INFO: Skov: Block 3d635ec1125c86d07c2818f272dde12b9eeb467a8427e785c6f662ef73766b46 (10) arrived
2021-02-23T09:06:53.606349609Z: INFO: Skov: Block d500b5badc39feb5042f5ea10eed656601dc69598d2a4d1a2d0e5e9f7d3f4c86 (11) arrived
2021-02-23T10:16:13.457227184Z: INFO: Skov: Block b6a6a351f5ec2115f6ec8f5dbcd37223c6913f6b63cc020df69ee9684c84b4b8 (9) arrived
2021-02-23T11:02:07.895764364Z: INFO: Skov: Block 49cdfd952d415c75f281e37754803f73aab0267bf6439a2897fa4edd47e2dc6d (19) arrived
2021-02-23T12:26:52.276535528Z: INFO: Skov: Block bf5634eab7344a1d8fe6d589a7102a5d8322c63f7a1ff099653869b63d92a4fb (17) arrived
2021-02-23T13:31:00.188752176Z: INFO: Skov: Block bf0054aa096b0d3bf9abd1f383850772aa6bb40c33b2fbab4746edb9aa75c10a (11) arrived
2021-02-23T14:02:56.048924864Z: INFO: Skov: Block 94a040e0c9782b365537170b6a8f7cf6979c2c6ecf88972823fee2f45adfd559 (10) arrived
2021-02-23T15:38:42.548955535Z: INFO: Skov: Block 81ce4d4c65f8151c001fdc528700261926a65efbba6d3ab6976c8b61d2278998 (17) arrived
2021-02-23T16:08:09.190506183Z: INFO: Skov: Block dcf3df8977942b2ab5e6e646334ffe78ef282f929789ecba15db7fe247b2192c (13) arrived
2021-02-23T17:18:16.400088114Z: INFO: Skov: Block 8ba58bbb8ea0ef038dcb1deafa502181428bb82f7a8fac8ba62cfb0a48fe1d5f (3) arrived
2021-02-23T18:35:10.894727948Z: INFO: Skov: Block 71498a42be6f30b1652996fcb2b572ff8f2883ba74e6bcb11b2ea2c1f0c107a4 (14) arrived
2021-02-23T19:29:49.047652954Z: INFO: Skov: Block 016185b02b4502782cb64a6bcb10e1688a18a399a9637eee404a439557f76bf3 (9) arrived
2021-02-23T20:57:12.570299984Z: INFO: Skov: Block a5fa112a20de07969fab7447fffa3836e016f6ef747749354b38c148c62af84f (6) arrived
2021-02-23T21:16:51.714537860Z: INFO: Skov: Block 0bb3ce4c521a56d2959d0aef667bc5dc3cf2818d9fb5e67a9482874bb01a584f (11) arrived
2021-02-23T22:38:34.470719161Z: INFO: Skov: Block 1f80b1dc02cdc4fa20b9a7793aec5763d6fca3c838de0adf9177479f054976b7 (3) arrived
2021-02-23T23:34:59.249930254Z: INFO: Skov: Block 546dd7b16574cf2210e501fa49d0223a3fa86a043bf59e6677569c9582ee7543 (9) arrived
2021-02-24T00:58:19.279391500Z: INFO: Skov: Block 4ae8324fda415157ce550a4b16de4ca2c42492643717ea89c1bd7185cd8ffe09 (8) arrived
2021-02-24T01:35:39.481456826Z: INFO: Skov: Block 3a8a4cd60bee907c67bb3cff949f0464d6377b412f031c53da0a37b1023e7c3c (17) arrived
2021-02-24T02:17:55.472373976Z: INFO: Skov: Block 27ce200d4a55bf4486a93b68c4732270d8011db0aedb990ddcd822eefb3792be (17) arrived
2021-02-24T03:40:31.830451500Z: INFO: Skov: Block aec3989d9914e941f2dfa89150f9d5188a2cd2884a166856af7ddb53468a5c37 (13) arrived
2021-02-24T04:50:38.462336403Z: INFO: Skov: Block 4e3c200c9720aff5f605444491e85af033429619620210bfa8ba98b0c16b5c0f (3) arrived
2021-02-24T05:49:32.189494258Z: INFO: Skov: Block d7591f8820e40ff8558729676bb2ed1a906552e29310e2117ee296f505ac5a25 (7) arrived
2021-02-24T06:37:54.541753741Z: INFO: Skov: Block cbecf8de493f0adc27578837e4c031848000c20774f882e814bc3b8f2f424364 (16) arrived
2021-02-24T07:42:05.129570555Z: INFO: Skov: Block 2f4f5c0f761cbeb2cf097bdc8804c65e8600b8a5639da7d0d10c01c8bc892ead (14) arrived
2021-02-24T08:56:37.304282202Z: INFO: Skov: Block cd1d12267cd644ccf36ef2286d307c3b25fc3c6ec57982c9b7ba6975f374dbcb (16) arrived
2021-02-24T09:40:49.002567123Z: INFO: Skov: Block 1d7544c4ca4428de8090755d0236aa91c07d5064e6b7e1900fd7a5e1c7725084 (0) arrived
2021-02-24T10:52:39.288327557Z: INFO: Skov: Block 75b0ff6535e20bbacfb490ef7991770578a87da6eeb0a6b2df030b7dad7797fb (19) arrived
2021-02-24T11:55:39.765788747Z: INFO: Skov: Block 08a107cad57602caf537b2adebc7ebb45b5a558be80a368ea585571411c4cec2 (5) arrived
2021-02-24T12:46:24.807106649Z: INFO: Skov: Block bbebe34a31cc5e534db9eaecc89efbefd29242bc857e9e561170061e14bb4df3 (9) arrived
2021-02-24T13:15:54.237354399Z: INFO: Skov: Block 177e6d53c82c4abbeb34c010be6068b54dff01408e79a4984352c5efc19f5787 (8) arrived
2021-02-24T14:15:41.986187519Z: INFO: Skov: Block 8ab147f4cc4db5e7625704adf821ca000fbc7571be09c8e3df9fd307f7c2c5f6 (3) arrived
2021-02-24T15:24:49.787779597Z: INFO: Skov: Block c332ae263a95a84d8182636f230aea5ea632a5c83755c580b4b4f96df18b3333 (19) arrived
2021-02-24T16:52:05.414363483Z: INFO: Skov: Block d1a8e8fd3d061a807307c61030cf10490f25a00e6e70d490b13ff4d443a50710 (13) arrived
2021-02-24T17:15:41.816488118Z: INFO: Skov: Block 5ff64dbfb0f9ea5e5ca363b9330352f63cf56fe24379b7813b2aea5e3e028e37 (18) arrived
2021-02-24T18:20:53.670919352Z: INFO: Skov: Block fed668b0368128f7d01532d8db911e9aafe8013f1989d6b7c29b277913e1ff7d (10) arrived
2021-02-24T19:09:14.765077991Z: INFO: Skov: Block 1d1a9cb23b8509832978a75010cfe55b08bc162d5029d99ad8261b8fa18ce4f0 (13) arrived
2021-02-24T20:29:55.627131771Z: INFO: Skov: Block da65fed3cdf25fbf89b417e0ff0fbd242a821379f199b7b1669158d0bc5af590 (14) arrived
2021-02-24T21:35:04.348419000Z: INFO: Skov: Block d40045e690b24bdcd2fdd625cc6320e4f248069811b1bc413ff3b21be4ef0ecc (16) arrived
2021-02-24T22:19:26.126209854Z: INFO: Skov: Block a393066dd7b429ef368e5d2cd9e062b1173fcd2dbf866815017eccbe5f42883a (10) arrived
2021-02-24T23:42:13.545889802Z: INFO: Skov: Block 7ab288951237f92fbb31d35fed8eac55b766b8e4cfcd9488b7a7bfdcb3a12517 (1) arrived
2021-02-25T00:24:20.821941681Z: INFO: Skov: Block d246423234577da73fd9329de5819a500bf9dc79135fe72a35d271331ad40910 (17) arrived
2021-02-25T01:11:28.084646730Z: INFO: Skov: Block 461a5038da12d52c5d1bb4181273da3074d19815a14dbb4347ac668be7afcc66 (16) arrived
2021-02-25T02:30:20.129639911Z: INFO: Skov: Block 34bbf9f28cbcd87c2a7375d52e1fbd83e84be7a2f4c89dd8409c32122f3239f9 (4) arrived
2021-02-25T03:01:15.768970007Z: INFO: Skov: Block 4a3ec6c9750a6de95967a0ffa9e3df214feb09cc982919aefb90850ca319b2a7 (18) arrived
2021-02-25T04:30:02.488917903Z: INFO: Skov: Block 45f65a8d820bd5d1f88652961f8e35fdc0028a17ab6defa1883140bf15a645f6 (1) arrived
2021-02-25T05:21:27.204907655Z: INFO: Skov: Block a5e15be5af7de8f02890cd4e15d5b729f64788e26103821fd56a2acba5365f82 (10) arrived
2021-02-25T06:44:31.201156287Z: INFO: Skov: Block 5ce39fd57511fadc38cb7c4436ee142170db213c7319d84586562647c9b4fed8 (14) arrived
2021-02-25T07:01:08.382736715Z: INFO: Skov: Block 6b0e45c4b176aba3dfc487f0a5a4ff3fdf3642baf360fc3d227296fe69cc166d (1) arrived
2021-02-25T08:29:32.500806301Z: INFO: Skov: Block a705a8da6a6d195a09ac967254512d49bcc2b625791915ddf3c1473d113ecdd3 (1) arrived
2021-02-25T09:01:46.015111587Z: INFO: Skov: Block b2fcfba2d5f0a1a83c0f1b81ce5fa4b4c630845b0c8a158d431ed1393c0679f5 (11) arrived
2021-02-25T10:06:03.294039732Z: INFO: Skov: Block 5dd6a93fe3dd24b92566c3df4304604a9a13a3dcc204824c4dae3d84dff96210 (11) arrived
2021-02-25T11:23:21.549553108Z: INFO: Skov: Block 6ec2dcd8dd9e229ad05fdb76ac46c21f66fe3a9ed0f62927a21bf036662a0052 (1) arrived
2021-02-25T12:34:31.009071848Z: INFO: Skov: Block c92363ee76af8cc7d3400ed8c569dc63120ab95cb68857568cc33570c23c75d6 (8) arrived
2021-02-25T13:04:52.143407993Z: INFO: Skov: Block f0e04bd5d43c0b6337e6ffe0900a88205694050a1ad1f5470d61df7c30f11d4b (11) arrived
2021-02-25T14:09:04.988843176Z: INFO: Skov: Block 23d1a62c36ecbfebfd460eb4463d27ce703b59ff60e78c93cc2a3649c91895dc (10) arrived
2021-02-25T15:14:01.177567899Z: INFO: Skov: Block de13390592f11140d8dfa70b44736f31ee51db587e13ac13869a9db59146c2ae (6) arrived
2021-02-25T16:02:40.868383043Z: INFO: Skov: Block f31e0d35baa9db4bbf3bb05b8efb278eec72b1f97466848ff30feb3b2c38957d (18) arrived
2021-02-25T17:07:04.081839168Z: INFO: Skov: Block d98a030b73a8795602fe4847b2f1a81e9d574b3eeab2587b0246b5e3294422db (13) arrived
2021-02-25T18:25:01.320084628Z: INFO: Skov: Block f373af51b444c6306036d89b825dec2c463938407d5187ae4d17464616bb2877 (10) arrived
2021-02-25T19:55:16.161275185Z: INFO: Skov: Block 8c1ddfae2d2d3c54df90e5a64756f5f13b7d7c9384f97aa45c8d0e25d0065ecc (15) arrived
2021-02-25T20:28:21.410753562Z: INFO: Skov: Block 4a3d06d3ff8a7f59c69e2cbef92a829652d59bc73e296d81e28ddad412e3e458 (6) arrived
2021-02-25T21:29:19.920328501Z: INFO: Skov: Block 5fa684be416d912f58effce48de99e67367a0f3bd9af8e73b857e265184e2f5c (14) arrived
2021-02-25T22:18:26.828674083Z: INFO: Skov: Block e171025290332f2f3b73377c27931ee119626fdd0e723c06840a7683c2af5b90 (6225) arrived
2021-02-25T23:33:18.799167192Z: INFO: Skov: Block 1a6f4c3bf3c04f2544d00c6365a1af5d14bd6926806293d9c1b5bd44c4559f3c (13) arrived
2021-02-26T00:38:19.242762284Z: INFO: Skov: Block 1a2c22e4fb4d93af6afec79d84df6a82a8a743cdab6851909d6adba20b828667 (0) arrived
2021-02-26T01:38:34.580385533Z: INFO: Skov: Block 6a436e4b5feb4c4dfedc2a48f6b47335de1ccdf33782d5dec61373eb3dea0c9c (18) arrived
2021-02-26T02:49:48.385800605Z: INFO: Skov: Block b50ef370a73fb69640a920a7d89d6daedee19d5974bfe35520c6c69bbdc19263 (8) arrived
2021-02-26T03:17:17.680621103Z: INFO: Skov: Block 0c1853bee402dc7d2d8c2752d905552517bd08afc3723af0d485e244c7af35e8 (0) arrived
2021-02-26T04:36:58.356723643Z: INFO: Skov: Block 8b0eaac83fb892a8b5e9ba3e907b9dee82919204393676afedceebfebc0d90f9 (4) arrived
2021-02-26T05:25:30.047637472Z: INFO: Skov: Block e1d61f6fdbdbfd2bc6eed8ea4905d4fe06a188e4ed3c3aa708f3ffb9f8dd531a (7) arrived
2021-02-26T06:09:52.237041778Z: INFO: Skov: Block 8bff4f41a27aa0892d9f58a15994545a525c3a0bacfc2675c0a3abdbe9a2b3e9 (13) arrived
2021-02-26T07:36:42.762743832Z: INFO: Skov: Block a99e63de68222cd56f278edb1adfa22354df2f55a43599815178909249680c99 (9) arrived
2021-02-26T08:38:37.060699235Z: INFO: Skov: Block 98396df2ce8693bc220561e58e2e9c13bc4d283265f8963e5555b7a4f738c96a (19) arrived
2021-02-26T09:29:47.151472686Z: INFO: Skov: Block 4a52cec12f794150cd41c05edec8704e75169bd6f7c95d506c39e4dea2d0f7c0 (12) arrived
2021-02-26T10:34:26.821780605Z: INFO: Skov: Block e9891e98c3ce64357e574c8545e43a0cc06858bf872d45242d0d6ed0632e3bd7 (3) arrived
2021-02-26T11:40:12.714887749Z: INFO: Skov: Block 98b1939c71a934bf84269e071d3413f18bb2a66459a88e08edfb92727c7265c7 (1) arrived
2021-02-26T12:22:58.320930299Z: INFO: Skov: Block 155e1b61d8bd181ea58fb1f83b2250f18cfac472808efd75f41145022fefb4ee (17) arrived
2021-02-26T13:38:22.968633876Z: INFO: Skov: Block ee1ee852b11af36c3f32303fb167858fecf2232f1d84288380d7f92b9e10524e (15) arrived
2021-02-26T14:09:58.953955567Z: INFO: Skov: Block 67fe0c50af78a18e9309a71eae6fc3013c18290bd7ad7c4d8baa65d132b44526 (12) arrived
2021-02-26T15:42:19.652876854Z: INFO: Skov: Block 9301ffc751a8a64b12079f451b4a4ef95bf88339dd15cd4e96fefa113a6e90c3 (4) arrived
2021-02-26T16:28:33.000934260Z: INFO: Skov: Block 4ce650c4bd3bf3fe35fafa0134ccee0b5aefa84a63b0eabdc6b7b848e0132a3c (1) arrived
2021-02-26T17:58:57.083337748Z: INFO: Skov: Block c6e9afdb68242beaf3ad5c807b5c3713bd45b6531823db3d1b38ca79c30667c6 (16) arrived
2021-02-26T18:48:19.725123128Z: INFO: Skov: Block 3b68078e42f46eb093c0ca7661d8528116bd20068f82e03363ea27e51403ceb4 (6) arrived
2021-02-26T19:34:58.549096896Z: INFO: Skov: Block a1678a2770870325f09decd29634fa7d14e716057512c0cb7e6f715605c3a0d8 (3) arrived
2021-02-26T20:59:06.062431004Z: INFO: Skov: Block 4207912ea5d962f971c461b51e35a514cf57f9a65118c53037e73596414f0616 (12) arrived
2021-02-26T21:37:48.035001437Z: INFO: Skov: Block 89ee559e5f1c9f188d701a381eb105d1f1cb8b1b9966b5964b5606cb0ff18ac6 (7) arrived
2021-02-26T22:48:17.511425449Z: INFO: Skov: Block c6c5c06f505bfd79b96ca8636a5c6f99739c830f8c37fe62a98cf5f47c25a707 (5) arrived
2021-02-26T23:26:46.965972179Z: INFO: Skov: Block fe4c063f5335f4ca8ee169fa25f1358d3dac64ead169c4b1875c77601fca87b0 (2) arrived
2021-02-27T00:42:39.062796158Z: INFO: Skov: Block 485122a3f7e16605c6ca16dba77077649b6d0ded8f63c88f4b8314c0c3a7ec9f (7) arrived
2021-02-27T01:02:09.605982060Z: INFO: Skov: Block 29262a656b2452b3dc9b613fa18c1e42c153f1a6ac7689cb0890516900aa0fcc (9) arrived
2021-02-27T02:09:59.542366862Z: INFO: Skov: Block 98248b8456f0e4f3650bfb14c2b1d0d36d72c07d622a863e06096b203be45a00 (8) arrived
2021-02-27T03:55:34.541040793Z: INFO: Skov: Block b264354718a03f353288f2df53c398912db6693ed55a8dc37347d5a14c6ac443 (17) arrived
2021-02-27T04:41:27.065327428Z: INFO: Skov: Block b78a7254d10360de2614cd5e8a812897f0e77d77b8720151e3940fa15ad36960 (15) arrived
2021-02-27T05:04:37.374279779Z: INFO: Skov: Block c998f3a4daa3e4450e066b146dafaefd568fec0da8aad3eacb181f84ac8ce89c (6225) arrived
2021-02-27T06:01:30.889520804Z: INFO: Skov: Block c41b881c11f74a6fc8bd11d4493a8bef13044ec499fe1045355feab8596a9180 (15) arrived
2021-02-27T07:11:39.772558506Z: INFO: Skov: Block a4757eecc6b53e3fb24578005bb37ba5e405431ede5b7ecdd824e0afdeac015d (3) arrived
2021-02-27T08:53:48.571222047Z: INFO: Skov: Block 89a8ab380e4b94f6a2cd052baa7ddf411454f6c4d155ad2d6d6bd8707701fac2 (1) arrived
2021-02-27T09:23:21.257631840Z: INFO: Skov: Block 0991b8318aabcb9b0188075f0e77e15e362d8d91efc0f6335c2904cac9fa3d00 (18) arrived
2021-02-27T10:04:17.710651287Z: INFO: Skov: Block 0f23226276a96606fb3835b7647518d4526b86efe48e906c1032b5c1ca42204b (3) arrived
2021-02-27T11:39:25.575871117Z: INFO: Skov: Block 2769755aa2b593861ef6991550668b2d531fc6d9e399bf1ca72c2db87070c64c (3073) arrived
2021-02-27T12:10:35.765561517Z: INFO: Skov: Block 7938a08b6c1f54537b2b475f35529af713b76f054634c93d64dd35ed4e481d79 (11) arrived
2021-02-27T13:29:08.109700638Z: INFO: Skov: Block 361408caedaec7c16b7be79bcf9064bac002f9f0028aa3e65b95fbf954c37870 (12) arrived
2021-02-27T14:50:41.621724166Z: INFO: Skov: Block 61492c5343da66df057e0d9b9dcf58243663a145a1e3ab4a666307bb02630a36 (10) arrived
2021-02-27T15:07:56.249871109Z: INFO: Skov: Block 47d6cdb3aaacda581558dc1cf49e3510f0f20cae099f6dfd744b443775c1d1ee (7) arrived
2021-02-27T16:42:19.485025963Z: INFO: Skov: Block 00c7ca122b63b17919ce8c041ff6e0ce70fba0a3a432d27c46e4c4f6af3084f0 (11) arrived
2021-02-27T17:31:21.783155396Z: INFO: Skov: Block 3630b68b28b6579c8a293eaaaff39bfe3e62a0ffde792283edd1cb80d5428120 (14) arrived
2021-02-27T18:05:33.930695414Z: INFO: Skov: Block 6746ba01a81948276c4aba318ada0908ceb2a1ed4b417bafb2ff182030e2605f (16) arrived
2021-02-27T19:40:41.585687751Z: INFO: Skov: Block d06902d9cd3a3004e467b9b09a885c5beee83e3ec34a19f8202bfc0d3fa6e926 (14) arrived
2021-02-27T20:32:07.512083718Z: INFO: Skov: Block 49c5017c53f2991199ebfe7acfd1cb39ff967d7efdd7e5fe8ebc4c31f6dfdfe7 (7) arrived
2021-02-27T21:02:16.397470315Z: INFO: Skov: Block c514240838555c9d30a399ff7f372b139b360f6b026efacf96bb55c11630cb22 (19) arrived
2021-02-27T22:18:56.519627582Z: INFO: Skov: Block 3069b91a98843dce4d28b94d1d04a7eabcafbd4ca5d2c42cc6ee9d51f22126c8 (2) arrived
2021-02-27T23:24:17.341351645Z: INFO: Skov: Block 289d0f92f00480c3bf59d3625d006cdfe374ab1540a90610ae6837037c9d83e3 (8) arrived
2021-02-28T00:54:03.740254766Z: INFO: Skov: Block df2f39df9938bca5da9452ff6a8490fe82ab7ab3b39e756d093632107c50a6f4 (6225) arrived
2021-02-28T01:35:54.382232416Z: INFO: Skov: Block 542ad13af2c2f47a32ced5df0fba2236d61abc79740c9605990b6bf1ea2b1811 (6) arrived
2021-02-28T02:40:55.678013378Z: INFO: Skov: Block 28b34211b2e80e6be394291dd2ff4f3ac3a859df57f84ace56884489c4d7d1ab (18) arrived
2021-02-28T03:04:34.240490864Z: INFO: Skov: Block bf3306d592754e2ef7e98cdc104ed42027ec82a9f553c847aeb148f9535a3557 (6) arrived
2021-02-28T04:01:04.098943889Z: INFO: Skov: Block 9a4d2507d24d70f331d984afa89064581fbd0a33ebaf3400a742dd574f07d3cc (11) arrived
2021-02-28T05:11:37.511583309Z: INFO: Skov: Block ed715d68d922a3b82f0b3fa7003289b1c7135601e687f1501639c522c3083452 (19) arrived
2021-02-28T06:01:38.289614484Z: INFO: Skov: Block 8bcc6095f2586dca3ac910f215f36a8ca8a9a39b005cb80bb1d22ca21351d257 (9) arrived
2021-02-28T07:34:01.114612435Z: INFO: Skov: Block 446a7843fc27fc16a977f6b4a77b711b848195f640c27a8efb5f45da2f641664 (4) arrived
2021-02-28T08:22:02.251686324Z: INFO: Skov: Block 8177470c063327267ced5fdf9870edf72be1eccdc5b7b1e95f780d0dc2472bdb (16) arrived
2021-02-28T09:58:21.347150891Z: INFO: Skov: Block 0ff94fdd5ce09c78b4e3d3509133556d103e5de16c260160f042bb96583622d9 (18) arrived
2021-02-28T10:53:54.693039414Z: INFO: Skov: Block 2c2fda3cffbea1ae1226f05c7f6b0ef3bffea7d317814583af7c8e32566dff8f (19) arrived
2021-02-28T11:08:06.040272631Z: INFO: Skov: Block 759634497e622dc3353a41a7d2e333d5fb64e152ccb6c8b52e6eba0a1d7656d9 (8) arrived
2021-02-28T12:20:42.670936901Z: INFO: Skov: Block 151325a9c60b23b311e97c8f3349886a1c354bb4492c11b248209bdcadb1dd33 (10) arrived
2021-02-28T13:39:33.929662397Z: INFO: Skov: Block ce15eba090895e499d9397d067d7b5d744df5c9e9615f73e96a0421e648c7655 (18) arrived
2021-02-28T14:03:53.094459436Z: INFO: Skov: Block 671410e926c5299a3967fbb7b0dab39c35a89d4e11fc9b0081de35033916a390 (11) arrived
2021-02-28T15:50:25.549583531Z: INFO: Skov: Block cdbf545ce2e75387a631adac2785f71d340a17f6fce9f40574cdf8dc2a7834f9 (18) arrived
2021-02-28T16:59:49.796847972Z: INFO: Skov: Block acfcbeb6b942beeaf6f555431c93a1e8a05014004ebfed3b54ed8eed2341f563 (11) arrived
2021-02-28T17:09:51.659993965Z: INFO: Skov: Block 22d1fe98babbc2bc38911c27c4962900bd4051289ec332e338ccc89b033e780c (11) arrived
2021-02-28T18:32:21.108650113Z: INFO: Skov: Block cc39646d8c000f4089c8b5895942eee65fb9d85673ccdf66c70520285ba7166b (8) arrived
2021-02-28T19:32:30.855250925Z: INFO: Skov: Block a0a9e2a3dbd6614e9a6037dec571883e10db9bd2fa9656b66bf3dccc1b056e80 (15) arrived
2021-02-28T20:05:12.788207361Z: INFO: Skov: Block d2e5eb63c718b9ac68e9ee2e0c356816701b733276934125c81b563e7a512abc (11) arrived
2021-02-28T21:20:13.504818057Z: INFO: Skov: Block 9b0e924250c90fae887f976352a6aeddb69ab714b6bd4551aad40df2bf76a39b (8) arrived
2021-02-28T22:44:49.707910909Z: INFO: Skov: Block 2b292b7623fda1a4013355c27e8e5ebf78044036bba4b78c9cb4b0f92e2d5635 (6) arrived
2021-02-28T23:54:07.067804947Z: INFO: Skov: Block c23058f85a698a594ac61f793df143b5b03750625fbae5815a04987e17df2c67 (18) arrived
2021-03-01T00:12:06.400665654Z: INFO: Skov: Block 188587cc4423419c7d9a142ed611d563559af9382237ef2ccf8f0ea14fe8b5d2 (4) arrived
2021-03-01T01:36:27.529866839Z: INFO: Skov: Block 5dacd83992dccd79e7d84a908a5f8f4a1e04fa07080e02143496db0cb6b4f5a5 (9) arrived
2021-03-01T02:42:45.543948217Z: INFO: Skov: Block 4a789ad316c8225519afacb12886a25ae8248a323659d08b2ef97ebdb99c73f5 (1) arrived
2021-03-01T03:31:08.038755982Z: INFO: Skov: Block b17395ffb386207921e24de244b472357d130df897c0828a8398e455c82145a4 (3034) arrived
2021-03-01T04:36:26.066623001Z: INFO: Skov: Block fbd1d59c052a1393655e3e15dc661b241f907ff6aab58462e13e1c1487f7efd6 (11) arrived
2021-03-01T05:18:04.859200419Z: INFO: Skov: Block 0e92bd386b9c58e51605ac666f45b32ace7014132f91263610bc13301db93b34 (1) arrived
2021-03-01T06:51:20.043282383Z: INFO: Skov: Block 7b674ac83137c53bb62f5a13fd8814555c3fbb0a07299bbea45889df55551264 (6) arrived
2021-03-01T07:50:24.998212177Z: INFO: Skov: Block 9470251a9f7811cb5673cecc626d6c7d19ed1f1c0feea7fdee95195383fdc065 (4) arrived
2021-03-01T08:01:19.813427416Z: INFO: Skov: Block 1978680e8237ccf5af6fe8e81bc66ff0c38fd753af3fc0b677e2564a049723b2 (13) arrived
2021-03-01T09:17:10.618880477Z: INFO: Skov: Block a7bfbdce186adb046c5978715b7fa9d1c6272ed78c94945fe2dadbd1bbc4f169 (2) arrived
2021-03-01T10:39:10.543320611Z: INFO: Skov: Block 5ceecd94ebf0cae94c22720fc4002904515ecfd95d9655423bee92b1b06f1222 (19) arrived
2021-03-01T11:01:28.799319893Z: INFO: Skov: Block b17f48d8c67b21ca5a9b228c50faa2cffe4d6d6278d136381efbfde985487c93 (9) arrived
2021-03-01T12:30:49.685522080Z: INFO: Skov: Block 23a65e3a645905b83db6d970b09ae6e9031a39a61d904c281db696e60d9d281c (15) arrived
2021-03-01T13:53:06.216364632Z: INFO: Skov: Block fd7909378313cf5b09c5b45e93de8aa13288e73287475b2f177d566eb31955ca (16) arrived
2021-03-01T14:39:41.209045277Z: INFO: Skov: Block e1b0bcbb253cf57944367f2235da8b16b2d836f8fd2992b1b847cf75387588dc (16) arrived
2021-03-01T15:47:49.070272450Z: INFO: Skov: Block 5c2e71b0d127e336ee53211939994af727474f1975647398cddc5537d1879536 (9) arrived
2021-03-01T16:34:32.855075076Z: INFO: Skov: Block 661e2ae6eec37b23222cadd77c603456a059c891fee05ba47743d6eea3c882a6 (8) arrived
2021-03-01T17:24:13.883116335Z: INFO: Skov: Block 918a2f5f383a1dd72e7833b7368e7caf5a2fa8dddd62d2a16f343edf01ebd0f8 (13) arrived
2021-03-01T18:45:08.591881828Z: INFO: Skov: Block 34a119ace5e6b3c6f8d19ecbda6b8b337877d5953b3a18dc4c02713bc95dcc38 (17) arrived
2021-03-01T19:11:26.812017502Z: INFO: Skov: Block 734609a4988550c4cab961b3ba0e2cdce5875030a89f8e3833656c476b7c5172 (0) arrived
2021-03-01T20:15:01.996658746Z: INFO: Skov: Block 70fae755e0b62b0ed69e3fea4b7a52e32704895bc5ba6beb624508cb55ad6a4d (13) arrived
2021-03-01T21:14:46.111739872Z: INFO: Skov: Block 928696585ae47fea66fac2f03b6c3c4a5de768c554ef3712270819a73f657d5c (17) arrived
2021-03-01T22:42:32.741558006Z: INFO: Skov: Block 31c100ae92f68af7c780c3dad8209df504cf0f4a4725b8ede03db555b7be7526 (1) arrived
2021-03-01T23:38:56.841278638Z: INFO: Skov: Block d7813779e8bca91e5ff3fc03d4de176faaff8d9ca0b62cbba205c0bf7b0cc09b (14) arrived
2021-03-02T00:51:07.411106540Z: INFO: Skov: Block 085ef139aa1747b26746f3e7810a1c3ea65ab48deaa30b9a915259b96ae70fe2 (19) arrived
2021-03-02T01:22:58.297980560Z: INFO: Skov: Block 884ac63c91c679ff71f93f8296213ec365e40d4ba68706e0c38449fa547bcf24 (17) arrived
2021-03-02T02:56:04.718128953Z: INFO: Skov: Block a473abb736c2a8cccc0e147b1d923198d5e5058154b1ede2e9d792bb5ec03777 (4) arrived
2021-03-02T03:27:32.541007288Z: INFO: Skov: Block 5e1b75c6e8f8324c9d26c6bf89d6168ca74c797718fb2269c396ee94400cdfb0 (1) arrived
2021-03-02T04:34:36.500582625Z: INFO: Skov: Block e46bb922096cf68092a410fc2b22f6aa32de6ee1f21e5505c475033640f5d11a (11) arrived
2021-03-02T05:26:54.612154692Z: INFO: Skov: Block 4c35cb2a826a78400db702ec7837e570e4133a277e336ea0d1f8cb1772e8f2b6 (6) arrived
2021-03-02T06:44:23.282093255Z: INFO: Skov: Block eb8ffcbcbc229e0a46b29b0cd043700edcdbdc68d76853484205e20141a0bec1 (17) arrived
2021-03-02T07:47:29.739116059Z: INFO: Skov: Block 8f5388de54aba8073bf02e6371bead41c7d624707039e1303cdc407e69f23e32 (14) arrived
2021-03-02T08:15:51.273278620Z: INFO: Skov: Block d7a33323a2f990fd243255c2ed8b7be75076cb502816b64423e8215e5997d1db (15) arrived
2021-03-02T09:58:12.735377787Z: INFO: Skov: Block da5e2fac7bb1e58b4dae7f76693563668825e2a2144e5026c1532c5c994cfc50 (16) arrived
2021-03-02T10:21:31.077677095Z: INFO: Skov: Block 889e581e86c319d826187ceab6dc410085ed2896b67f79c96342f66f0ee36ca8 (0) arrived
2021-03-02T11:53:10.835276050Z: INFO: Skov: Block 74d17a9cc0d3435e519727d6018522cc0893e745f458f505a81dac4d1664f2c5 (8) arrived
2021-03-02T12:00:59.870882671Z: INFO: Skov: Block b18d8c94f09e8e9e2e6e897197f181ca2bef738d49da0451a335b5354eac5809 (8) arrived
2021-03-02T13:30:02.589938456Z: INFO: Skov: Block 55b25330e4378d61395a5400e09e48d491fe12e7a4fd2005f17dc00ed75af5c3 (3) arrived
2021-03-02T14:36:10.220508819Z: INFO: Skov: Block ecf5fba1f1046610fef2068a5f26dc9f86d459ccf6d2fc96e1a6edfe457635f0 (13) arrived
2021-03-02T15:45:30.316835300Z: INFO: Skov: Block bbb3f49ee2af140a3dfa1c576dbc0bf7e5d8c458b6435cd439283704bc172cdc (14) arrived
2021-03-02T16:59:43.166248191Z: INFO: Skov: Block 93bc9eadc1be7710d5dde2e02bb366d55778196869c2cbf6df028be9c95d3b44 (18) arrived
2021-03-02T17:14:26.685601956Z: INFO: Skov: Block ab855638665ad3c5f49abcdf6196b1b4c09996c02c97bd1217e35f54a3ae7b48 (13) arrived
2021-03-02T18:09:10.372672227Z: INFO: Skov: Block 1a36e2c09295ba9ef0e3a7053b4798eeefc51019c95bee63e390fef93d1c42c7 (4) arrived
2021-03-02T19:40:23.532554784Z: INFO: Skov: Block 26e6b08df960f9b0c7964c85511adf71cdd5235395be7c499a9ca6332cc8b35b (11) arrived
2021-03-02T20:56:31.552779702Z: INFO: Skov: Block c26daca8cd9ff79ac0aec5f5cacba2f091872b3ca5821aaf8385197bc8a20569 (4) arrived
2021-03-02T21:46:39.057968706Z: INFO: Skov: Block 5b136e5d0c3f3e40c6f0180053001f2355dddff95f103153fbd09b89d13723f7 (3) arrived
2021-03-02T22:11:57.094980363Z: INFO: Skov: Block 95398b41dcdd9ffb71f69d52604c22464306fd9019ed951515035844f18155c1 (17) arrived
2021-03-02T23:35:28.945886673Z: INFO: Skov: Block d1d458c5b43cbd689905a80849c6c2777e1ce1e6a73f16c7bc9264b462610009 (18) arrived
2021-03-03T00:21:01.794672697Z: INFO: Skov: Block 52567b9b597b5e16a5013f553983514809b0e3d04c1fb2d4d806688208282d10 (1) arrived
2021-03-03T01:42:03.090376914Z: INFO: Skov: Block 3b3946fad91ba842e29b3616a8ff3ee9f4e0f5bdbe5e49f6b4fe5d32111756f7 (18) arrived
2021-03-03T02:58:07.355150692Z: INFO: Skov: Block a9f7c9293bf34db7bf585bacdff478f983e29954da8ea8db6b6ec3569d1b55c2 (12) arrived
2021-03-03T03:16:00.627798929Z: INFO: Skov: Block ff38586f467b6a7a75783c46456a43636ba70cf6735606dffeb517a416bbbe5d (12) arrived
2021-03-03T04:37:41.647143260Z: INFO: Skov: Block 13382e6731a875fc54972c090708762a526349773a73db39f56bdb5f9e2abe3b (13) arrived
2021-03-03T05:17:04.080221673Z: INFO: Skov: Block cd2861bd89889b161cfa9fb886269432e318b8fda777f69b4610c6954f58759c (10) arrived
2021-03-03T06:35:05.258295250Z: INFO: Skov: Block 266197e73e24b577ff2eef65a892823558467060a929e739d28ace43138f260e (6) arrived
2021-03-03T07:38:29.961527881Z: INFO: Skov: Block c50fd8d6e0677fa236f91297ac730cba2593faa9c223add0dc12c9cb3086a187 (10) arrived
2021-03-03T08:20:15.232941546Z: INFO: Skov: Block 7ab05974079e06c2fd78b9ed001d70e6b65b8a917f1dcfd10bc19182fc527b74 (16) arrived
2021-03-03T09:47:53.510536012Z: INFO: Skov: Block ff175ebf7cb67a80e8a843f3808a3b1e8fa108f0b96993f107fa0732ff461e99 (14) arrived
2021-03-03T10:47:09.551715838Z: INFO: Skov: Block 16f1088d8ed8b3f5414022948d99d6319acd6c7b34357cf72e262a6bc5e20ef5 (15) arrived
2021-03-03T11:45:30.275543616Z: INFO: Skov: Block a4afebe7a57cba91e28c71a9ff4327975ad4d52080f34fdfccfbe9309348050d (11) arrived
2021-03-03T12:27:34.861044039Z: INFO: Skov: Block ebad08eec36528919a1fbe2c05ed3b434503e6e98f9ae1bfe33630f249b648e6 (4) arrived
2021-03-03T13:57:46.457394242Z: INFO: Skov: Block e5a7d1556711a8f504fe682babfffdf71b5a25078eef1bf4ecfafa28f73ce7be (17) arrived
2021-03-03T14:01:10.576322420Z: INFO: Skov: Block ca64420ac55268f1275fafc2feff6eff3be658dce10d4ff19a3498a009637822 (11) arrived
2021-03-03T15:00:54.332502780Z: INFO: Skov: Block 13e97ca90f326eaf01b502f0f6b0f99d714bf2cb72fe4c37ac62ca153d621032 (10) arrived
2021-03-03T16:43:43.741448627Z: INFO: Skov: Block 60efa912aacc9102710993689db4b50d7b531fdc5ff782a64d556c8cdf2addfb (4) arrived
2021-03-03T17:02:50.583998022Z: INFO: Skov: Block b4b3ee927353e93918acb162662c78e5b3bd7ce3f54262c077470e6b625640c0 (9) arrived
2021-03-03T18:01:34.822071407Z: INFO: Skov: Block d794f6e88141d720f33864862ff74fe60f04981b94d3bf84060ff4d7e2bf221a (18) arrived
2021-03-03T19:52:25.145640672Z: INFO: Skov: Block be127ae5907000d2f67b2a0743df57b37d7aabb0cd966ac5166c21dfb0c6b130 (0) arrived
runtime:584
baked:0
