{
  "external_ip": "95.216.152.238",
  "internal_ip": null,
  "cpu_name": "cpu0",
  "disk_types": [
    "SSD",
    "SSD"
  ],
  "uptime": 11453017,
  "total_memory": 1986056,
  "free_memory": 506608,
  "platform": "x86_64-unknown-linux-musl",
  "os": "Ubuntu 20.04.1 LTS",
  "processes": [
    "agetty",
    "systemd-udevd",
    "screen",
    "docker-proxy",
    "bash",
    "bash",
    "dbus-daemon",
    "systemd-udevd",
    "schnorrmpc",
    "docker-proxy",
    "accounts-daemon",
    "systemd-udevd",
    "bash",
    "irqbalance",
    "systemd-journald",
    "systemd-logind",
    "cron",
    "systemd-networkd",
    "qemu-ga",
    "init",
    "docker-proxy",
    "concordium-node",
    "bash",
    "SCREEN",
    "systemd",
    "docker-proxy",
    "pm2-logrotate",
    "systemd-udevd",
    "(sd-pam)",
    "containerd",
    "systemd-udevd",
    "systemd-udevd",
    "concordium-node",
    "-bash",
    "watchtower",
    "agetty",
    "wanchain-js-storeman-linux",
    "bash",
    "sshd -D [listener] 0 of 10-100 startups",
    "systemd-udevd",
    "retrieve_minified_logs-linux-v2",
    "systemd-udevd",
    "systemd-udevd",
    "bash",
    "node",
    "containerd-shim",
    "polkitd",
    "containerd-shim",
    "systemd-udevd",
    "rsyslogd",
    "python3",
    "containerd-shim",
    "bpfilter_umh",
    "docker-proxy",
    "node-collector",
    "atd",
    "docker",
    "systemd-udevd",
    "bash",
    "systemd-timesyncd",
    "systemd-udevd",
    "systemd-udevd",
    "sh",
    "python3",
    "sshd: cryptodzh [priv]",
    "less",
    "systemd-resolved",
    "0",
    "python3",
    "dockerd"
  ]
}