{
  "external_ip": "159.65.139.118",
  "internal_ip": null,
  "cpu_name": "cpu0",
  "disk_types": [],
  "uptime": 2941523,
  "total_memory": 4030708,
  "free_memory": 2874276,
  "platform": "x86_64-unknown-linux-musl",
  "os": "Ubuntu 20.04.1 LTS",
  "processes": [
    "python3",
    "sshd: kava [priv]",
    "sshd: kava [priv]",
    "init",
    "node-collector",
    "agetty",
    "sftp-server",
    "atd",
    "retrieve_minified_logs-linux-v1",
    "-bash",
    "docker",
    "(sd-pam)",
    "sshd: [net]",
    "containerd",
    "docker-proxy",
    "accounts-daemon",
    "agetty",
    "python3",
    "systemd-udevd",
    "systemd",
    "snapd",
    "systemd-timesyncd",
    "1",
    "sshd -D [listener] 1 of 10-100 startups",
    "irqbalance",
    "sshd: [accepted]",
    "docker-proxy",
    "systemd-resolved",
    "rsyslogd",
    "cron",
    "dbus-daemon",
    "concordium-node",
    "bash",
    "dockerd",
    "containerd-shim-runc-v2",
    "bpfilter_umh",
    "bash",
    "systemd-logind",
    "multipathd",
    "polkitd",
    "python3",
    "systemd-networkd",
    "systemd-journald",
    "sshd: kava@notty"
  ]
}