spawn ./concordium-client --grpc-ip 127.0.0.01 --grpc-port 10000 transaction send-gtu-encrypted --receiver 3ovmgsXBQ3u69pnJ9SRjsFcGfJewCfzChCXPCosHG2oEzqf1ft --amount 0.1 --sender 35xLMXWrmdL5k4TQ9bqV9nkeuVGT5NLXxzauxyfFbKZ2e1r3mn --no-confirm
Using default energy amount of 30070 NRG.
Enter password for decrypting the secret encryption key:63668990
 
Transferring 0.100000 GTU from encrypted balance of account '35xLMXWrmdL5k4TQ9bqV9nkeuVGT5NLXxzauxyfFbKZ2e1r3mn' (Namek2) to '3ovmgsXBQ3u69pnJ9SRjsFcGfJewCfzChCXPCosHG2oEzqf1ft' (Namek).
Allowing up to 30070 NRG to be spent as transaction fee.
Transaction expires at Sat,  6 Feb 2021 05:10:03 UTC.
Enter password for signing key:63668990
 
[92mTransaction '95a2a2efef3d1f6445eda7f1dcaa5fe559d4fd550682524d9c6a44905eef6a7f' sent to the baker.
[0mWaiting for the transaction to be committed and finalized.
You may skip this step by interrupting the command using Ctrl-C (pass flag '--no-wait' to do this by default).
The transaction will still get processed and may be queried using
  'transaction status 95a2a2efef3d1f6445eda7f1dcaa5fe559d4fd550682524d9c6a44905eef6a7f'.
[05:00:18] Waiting for the transaction to be committed..............
Transaction is committed into block 0908f594c158426a087c53f282e38d8cbb658d258c63bf01a24e7070fd3aa581 with status "success" and cost 3.007000 GTU (30070 NRG).
[05:00:54] Waiting for the transaction to be finalized.....
[05:01:05] Transaction finalized.
spawn ./concordium-client --grpc-ip 127.0.0.01 --grpc-port 10000 transaction send-gtu-encrypted --receiver 3ovmgsXBQ3u69pnJ9SRjsFcGfJewCfzChCXPCosHG2oEzqf1ft --amount 0.1 --sender 35xLMXWrmdL5k4TQ9bqV9nkeuVGT5NLXxzauxyfFbKZ2e1r3mn --no-confirm
Using default energy amount of 30070 NRG.
Enter password for decrypting the secret encryption key:63668990
 
Transferring 0.100000 GTU from encrypted balance of account '35xLMXWrmdL5k4TQ9bqV9nkeuVGT5NLXxzauxyfFbKZ2e1r3mn' (Namek2) to '3ovmgsXBQ3u69pnJ9SRjsFcGfJewCfzChCXPCosHG2oEzqf1ft' (Namek).
Allowing up to 30070 NRG to be spent as transaction fee.
Transaction expires at Sat,  6 Feb 2021 05:15:02 UTC.
Enter password for signing key: 
[92mTransaction '9e3ea186bc0127e80cf0d665eb232dafb3f1e658936e507041bd304626cee388' sent to the baker.
[0mWaiting for the transaction to be committed and finalized.
You may skip this step by interrupting the command using Ctrl-C (pass flag '--no-wait' to do this by default).
The transaction will still get processed and may be queried using
  'transaction status 9e3ea186bc0127e80cf0d665eb232dafb3f1e658936e507041bd304626cee388'.
[05:05:18] Waiting for the transaction to be committed..............
Transaction is committed into block 7a9a587db13835af0740bcdd949ba9b3b9d217f99ff35939ca6406ab595089fb with status "success" and cost 3.007000 GTU (30070 NRG).
[05:05:51] Waiting for the transaction to be finalized....
[05:05:57] Transaction finalized.
spawn ./concordium-client --grpc-ip 127.0.0.01 --grpc-port 10000 transaction send-gtu-encrypted --receiver 3ovmgsXBQ3u69pnJ9SRjsFcGfJewCfzChCXPCosHG2oEzqf1ft --amount 0.1 --sender 35xLMXWrmdL5k4TQ9bqV9nkeuVGT5NLXxzauxyfFbKZ2e1r3mn --no-confirm
Using default energy amount of 30070 NRG.
Enter password for decrypting the secret encryption key:63668990
 
Transferring 0.100000 GTU from encrypted balance of account '35xLMXWrmdL5k4TQ9bqV9nkeuVGT5NLXxzauxyfFbKZ2e1r3mn' (Namek2) to '3ovmgsXBQ3u69pnJ9SRjsFcGfJewCfzChCXPCosHG2oEzqf1ft' (Namek).
Allowing up to 30070 NRG to be spent as transaction fee.
Transaction expires at Sat,  6 Feb 2021 05:20:01 UTC.
Enter password for signing key:63668990
 
[92mTransaction '268ae31e277d7230e6d8da9dced4ec3bba51642224f1aaa0639e33d3b0b9fca9' sent to the baker.
[0mWaiting for the transaction to be committed and finalized.
You may skip this step by interrupting the command using Ctrl-C (pass flag '--no-wait' to do this by default).
The transaction will still get processed and may be queried using
  'transaction status 268ae31e277d7230e6d8da9dced4ec3bba51642224f1aaa0639e33d3b0b9fca9'.
[05:10:14] Waiting for the transaction to be committed..........
Transaction is committed into block 26b25c1f7b3755f154e01693a4e81d46c10b8b744126d60ca226d9c59d47435c with status "success" and cost 3.007000 GTU (30070 NRG).
[05:10:30] Waiting for the transaction to be finalized....
[05:10:36] Transaction finalized.
spawn ./concordium-client --grpc-ip 127.0.0.01 --grpc-port 10000 transaction send-gtu-encrypted --receiver 3ovmgsXBQ3u69pnJ9SRjsFcGfJewCfzChCXPCosHG2oEzqf1ft --amount 0.1 --sender 35xLMXWrmdL5k4TQ9bqV9nkeuVGT5NLXxzauxyfFbKZ2e1r3mn --no-confirm
Using default energy amount of 30070 NRG.
Enter password for decrypting the secret encryption key: 
Transferring 0.100000 GTU from encrypted balance of account '35xLMXWrmdL5k4TQ9bqV9nkeuVGT5NLXxzauxyfFbKZ2e1r3mn' (Namek2) to '3ovmgsXBQ3u69pnJ9SRjsFcGfJewCfzChCXPCosHG2oEzqf1ft' (Namek).
Allowing up to 30070 NRG to be spent as transaction fee.
Transaction expires at Sat,  6 Feb 2021 05:25:01 UTC.
Enter password for signing key: 
[92mTransaction 'd915b7409139fb8d96c229168c982a7f37cc6d27f88d53efd0709335c96f9a53' sent to the baker.
[0mWaiting for the transaction to be committed and finalized.
You may skip this step by interrupting the command using Ctrl-C (pass flag '--no-wait' to do this by default).
The transaction will still get processed and may be queried using
  'transaction status d915b7409139fb8d96c229168c982a7f37cc6d27f88d53efd0709335c96f9a53'.
[05:15:09] Waiting for the transaction to be committed..........
Transaction is committed into block 99bfb2e371da0c996a2331e5a5cddf736475f4c63cb2a8f5f9ab2207f217aaf8 with status "success" and cost 3.007000 GTU (30070 NRG).
[05:15:25] Waiting for the transaction to be finalized.......
[05:15:47] Transaction finalized.
spawn ./concordium-client --grpc-ip 127.0.0.01 --grpc-port 10000 transaction send-gtu-encrypted --receiver 3ovmgsXBQ3u69pnJ9SRjsFcGfJewCfzChCXPCosHG2oEzqf1ft --amount 0.1 --sender 35xLMXWrmdL5k4TQ9bqV9nkeuVGT5NLXxzauxyfFbKZ2e1r3mn --no-confirm
Using default energy amount of 30070 NRG.
Enter password for decrypting the secret encryption key: 
Transferring 0.100000 GTU from encrypted balance of account '35xLMXWrmdL5k4TQ9bqV9nkeuVGT5NLXxzauxyfFbKZ2e1r3mn' (Namek2) to '3ovmgsXBQ3u69pnJ9SRjsFcGfJewCfzChCXPCosHG2oEzqf1ft' (Namek).
Allowing up to 30070 NRG to be spent as transaction fee.
Transaction expires at Sat,  6 Feb 2021 05:30:01 UTC.
[93mWarning: There is a pending transaction with nonce 4190, but last committed one has 4013.
         This transaction will have nonce 4191 and might hang if the pending transaction fails.
[0mEnter password for signing key: 
[92mTransaction 'd534ee82d832e29377d47c1c0716a6f78c5900bc7264cfca482d658acd67bc9d' sent to the baker.
[0mWaiting for the transaction to be committed and finalized.
You may skip this step by interrupting the command using Ctrl-C (pass flag '--no-wait' to do this by default).
The transaction will still get processed and may be queried using
  'transaction status d534ee82d832e29377d47c1c0716a6f78c5900bc7264cfca482d658acd67bc9d'.
[05:20:10] Waiting for the transaction to be committed...................................................................................................................................spawn ./concordium-client --grpc-ip 127.0.0.01 --grpc-port 10000 transaction send-gtu-encrypted --receiver 3ovmgsXBQ3u69pnJ9SRjsFcGfJewCfzChCXPCosHG2oEzqf1ft --amount 0.1 --sender 35xLMXWrmdL5k4TQ9bqV9nkeuVGT5NLXxzauxyfFbKZ2e1r3mn --no-confirm
Using default energy amount of 30070 NRG.
Enter password for decrypting the secret encryption key: 
....Transferring 0.100000 GTU from encrypted balance of account '35xLMXWrmdL5k4TQ9bqV9nkeuVGT5NLXxzauxyfFbKZ2e1r3mn' (Namek2) to '3ovmgsXBQ3u69pnJ9SRjsFcGfJewCfzChCXPCosHG2oEzqf1ft' (Namek).
Allowing up to 30070 NRG to be spent as transaction fee.
Transaction expires at Sat,  6 Feb 2021 05:35:01 UTC.
[93mWarning: There is a pending transaction with nonce 4191, but last committed one has 4013.
         This transaction will have nonce 4192 and might hang if the pending transaction fails.
[0mEnter password for signing key: 
[92mTransaction '6cf197dbc817d694e00a8a6e45dca7e8310ec583304baaf436e738215686b82d' sent to the baker.
[0mWaiting for the transaction to be committed and finalized.
You may skip this step by interrupting the command using Ctrl-C (pass flag '--no-wait' to do this by default).
The transaction will still get processed and may be queried using
  'transaction status 6cf197dbc817d694e00a8a6e45dca7e8310ec583304baaf436e738215686b82d'.
[05:25:12] Waiting for the transaction to be committed.........................................................................................................................................................................................................................................................spawn ./concordium-client --grpc-ip 127.0.0.01 --grpc-port 10000 transaction send-gtu-encrypted --receiver 3ovmgsXBQ3u69pnJ9SRjsFcGfJewCfzChCXPCosHG2oEzqf1ft --amount 0.1 --sender 35xLMXWrmdL5k4TQ9bqV9nkeuVGT5NLXxzauxyfFbKZ2e1r3mn --no-confirm
Using default energy amount of 30070 NRG.
Enter password for decrypting the secret encryption key: 
.
[91mError: Transaction failed before it got committed. Most likely because it was invalid.
[0m..Transferring 0.100000 GTU from encrypted balance of account '35xLMXWrmdL5k4TQ9bqV9nkeuVGT5NLXxzauxyfFbKZ2e1r3mn' (Namek2) to '3ovmgsXBQ3u69pnJ9SRjsFcGfJewCfzChCXPCosHG2oEzqf1ft' (Namek).
Allowing up to 30070 NRG to be spent as transaction fee.
Transaction expires at Sat,  6 Feb 2021 05:40:01 UTC.
[93mWarning: There is a pending transaction with nonce 4192, but last committed one has 4013.
         This transaction will have nonce 4193 and might hang if the pending transaction fails.
[0mEnter password for signing key: 
[92mTransaction '877bd6405da610c8e9793cd908521ba0e57b0d8ce5fd3ef51bb752fe458fab6f' sent to the baker.
[0mWaiting for the transaction to be committed and finalized.
You may skip this step by interrupting the command using Ctrl-C (pass flag '--no-wait' to do this by default).
The transaction will still get processed and may be queried using
  'transaction status 877bd6405da610c8e9793cd908521ba0e57b0d8ce5fd3ef51bb752fe458fab6f'.
[05:30:09] Waiting for the transaction to be committed...................................................................................................................................................................................................................................................................spawn ./concordium-client --grpc-ip 127.0.0.01 --grpc-port 10000 transaction send-gtu-encrypted --receiver 3ovmgsXBQ3u69pnJ9SRjsFcGfJewCfzChCXPCosHG2oEzqf1ft --amount 0.1 --sender 35xLMXWrmdL5k4TQ9bqV9nkeuVGT5NLXxzauxyfFbKZ2e1r3mn --no-confirm
Using default energy amount of 30070 NRG.
Enter password for decrypting the secret encryption key: 63668990

.
[91mError: Transaction failed before it got committed. Most likely because it was invalid.
[0m...Transferring 0.100000 GTU from encrypted balance of account '35xLMXWrmdL5k4TQ9bqV9nkeuVGT5NLXxzauxyfFbKZ2e1r3mn' (Namek2) to '3ovmgsXBQ3u69pnJ9SRjsFcGfJewCfzChCXPCosHG2oEzqf1ft' (Namek).
Allowing up to 30070 NRG to be spent as transaction fee.
Transaction expires at Sat,  6 Feb 2021 05:45:02 UTC.
[93mWarning: There is a pending transaction with nonce 4193, but last committed one has 4013.
         This transaction will have nonce 4194 and might hang if the pending transaction fails.
[0mEnter password for signing key: 63668990

[92mTransaction '9cd0957e1566fb00e03426c398631173e4cc4948649a3dce7bf0b53cb44582b5' sent to the baker.
[0mWaiting for the transaction to be committed and finalized.
You may skip this step by interrupting the command using Ctrl-C (pass flag '--no-wait' to do this by default).
The transaction will still get processed and may be queried using
  'transaction status 9cd0957e1566fb00e03426c398631173e4cc4948649a3dce7bf0b53cb44582b5'.
[05:35:11] Waiting for the transaction to be committed................................................................................................................................................................................................................................spawn ./concordium-client --grpc-ip 127.0.0.01 --grpc-port 10000 transaction send-gtu-encrypted --receiver 3ovmgsXBQ3u69pnJ9SRjsFcGfJewCfzChCXPCosHG2oEzqf1ft --amount 0.1 --sender 35xLMXWrmdL5k4TQ9bqV9nkeuVGT5NLXxzauxyfFbKZ2e1r3mn --no-confirm
.Using default energy amount of 30070 NRG.
Enter password for decrypting the secret encryption key: 
.
[91mError: Transaction failed before it got committed. Most likely because it was invalid.
[0m....Transferring 0.100000 GTU from encrypted balance of account '35xLMXWrmdL5k4TQ9bqV9nkeuVGT5NLXxzauxyfFbKZ2e1r3mn' (Namek2) to '3ovmgsXBQ3u69pnJ9SRjsFcGfJewCfzChCXPCosHG2oEzqf1ft' (Namek).
Allowing up to 30070 NRG to be spent as transaction fee.
Transaction expires at Sat,  6 Feb 2021 05:50:01 UTC.
[93mWarning: There is a pending transaction with nonce 4194, but last committed one has 4013.
         This transaction will have nonce 4195 and might hang if the pending transaction fails.
[0mEnter password for signing key: 
[92mTransaction '3c823c0abedf3ed026394d8706a8419b4138d8d01e2b873f21c5d5a9322225f2' sent to the baker.
[0mWaiting for the transaction to be committed and finalized.
You may skip this step by interrupting the command using Ctrl-C (pass flag '--no-wait' to do this by default).
The transaction will still get processed and may be queried using
  'transaction status 3c823c0abedf3ed026394d8706a8419b4138d8d01e2b873f21c5d5a9322225f2'.
[05:40:14] Waiting for the transaction to be committed.............................................................................................................................................................................................................................spawn ./concordium-client --grpc-ip 127.0.0.01 --grpc-port 10000 transaction send-gtu-encrypted --receiver 3ovmgsXBQ3u69pnJ9SRjsFcGfJewCfzChCXPCosHG2oEzqf1ft --amount 0.1 --sender 35xLMXWrmdL5k4TQ9bqV9nkeuVGT5NLXxzauxyfFbKZ2e1r3mn --no-confirm
Using default energy amount of 30070 NRG.
Enter password for decrypting the secret encryption key: 
....
[91mError: Transaction failed before it got committed. Most likely because it was invalid.
[0m....Transferring 0.100000 GTU from encrypted balance of account '35xLMXWrmdL5k4TQ9bqV9nkeuVGT5NLXxzauxyfFbKZ2e1r3mn' (Namek2) to '3ovmgsXBQ3u69pnJ9SRjsFcGfJewCfzChCXPCosHG2oEzqf1ft' (Namek).
Allowing up to 30070 NRG to be spent as transaction fee.
Transaction expires at Sat,  6 Feb 2021 05:55:01 UTC.
[93mWarning: There is a pending transaction with nonce 4195, but last committed one has 4013.
         This transaction will have nonce 4196 and might hang if the pending transaction fails.
[0mEnter password for signing key: 
[92mTransaction '4f359f1023905d8cb0d69ac4fce7ad65ac7504cf0697e00e433bdeda5a1021e8' sent to the baker.
[0mWaiting for the transaction to be committed and finalized.
You may skip this step by interrupting the command using Ctrl-C (pass flag '--no-wait' to do this by default).
The transaction will still get processed and may be queried using
  'transaction status 4f359f1023905d8cb0d69ac4fce7ad65ac7504cf0697e00e433bdeda5a1021e8'.
[05:45:16] Waiting for the transaction to be committed.................................................................................................................................................................................................................spawn ./concordium-client --grpc-ip 127.0.0.01 --grpc-port 10000 transaction send-gtu-encrypted --receiver 3ovmgsXBQ3u69pnJ9SRjsFcGfJewCfzChCXPCosHG2oEzqf1ft --amount 0.1 --sender 35xLMXWrmdL5k4TQ9bqV9nkeuVGT5NLXxzauxyfFbKZ2e1r3mn --no-confirm
..Using default energy amount of 30070 NRG.
Enter password for decrypting the secret encryption key: 
............Transferring 0.100000 GTU from encrypted balance of account '35xLMXWrmdL5k4TQ9bqV9nkeuVGT5NLXxzauxyfFbKZ2e1r3mn' (Namek2) to '3ovmgsXBQ3u69pnJ9SRjsFcGfJewCfzChCXPCosHG2oEzqf1ft' (Namek).
Allowing up to 30070 NRG to be spent as transaction fee.
Transaction expires at Sat,  6 Feb 2021 06:00:02 UTC.
[93mWarning: There is a pending transaction with nonce 4196, but last committed one has 4013.
         This transaction will have nonce 4197 and might hang if the pending transaction fails.
[0mEnter password for signing key: 
[92mTransaction 'db58faa55e9d98cc62219909293f207acb53d05052e7344615edc77e540d2611' sent to the baker.
[0mWaiting for the transaction to be committed and finalized.
You may skip this step by interrupting the command using Ctrl-C (pass flag '--no-wait' to do this by default).
The transaction will still get processed and may be queried using
  'transaction status db58faa55e9d98cc62219909293f207acb53d05052e7344615edc77e540d2611'.
[05:50:19] Waiting for the transaction to be committed..............................................................................
[91mError: Transaction failed before it got committed. Most likely because it was invalid.
[0m................................................................................................................................................................spawn ./concordium-client --grpc-ip 127.0.0.01 --grpc-port 10000 transaction send-gtu-encrypted --receiver 3ovmgsXBQ3u69pnJ9SRjsFcGfJewCfzChCXPCosHG2oEzqf1ft --amount 0.1 --sender 35xLMXWrmdL5k4TQ9bqV9nkeuVGT5NLXxzauxyfFbKZ2e1r3mn --no-confirm
Using default energy amount of 30070 NRG.
Enter password for decrypting the secret encryption key:63668990
 
..........Transferring 0.100000 GTU from encrypted balance of account '35xLMXWrmdL5k4TQ9bqV9nkeuVGT5NLXxzauxyfFbKZ2e1r3mn' (Namek2) to '3ovmgsXBQ3u69pnJ9SRjsFcGfJewCfzChCXPCosHG2oEzqf1ft' (Namek).
Allowing up to 30070 NRG to be spent as transaction fee.
Transaction expires at Sat,  6 Feb 2021 06:05:02 UTC.
[93mWarning: There is a pending transaction with nonce 4197, but last committed one has 4013.
         This transaction will have nonce 4198 and might hang if the pending transaction fails.
[0mEnter password for signing key:63668990
 
[92mTransaction '9a6084f3f1544eb46174c59e035730139d6ab783769927457bbfbd1ab63d7d71' sent to the baker.
[0mWaiting for the transaction to be committed and finalized.
You may skip this step by interrupting the command using Ctrl-C (pass flag '--no-wait' to do this by default).
The transaction will still get processed and may be queried using
  'transaction status 9a6084f3f1544eb46174c59e035730139d6ab783769927457bbfbd1ab63d7d71'.
[05:55:18] Waiting for the transaction to be committed..............
[91mError: Transaction failed before it got committed. Most likely because it was invalid.
[0m....................................................................................................................................................................................................................
[91mError: Transaction failed before it got committed. Most likely because it was invalid.
[0m.................................................................................................................
[91mError: Transaction failed before it got committed. Most likely because it was invalid.
[0mspawn ./concordium-client --grpc-ip 127.0.0.01 --grpc-port 10000 transaction send-gtu-encrypted --receiver 3ovmgsXBQ3u69pnJ9SRjsFcGfJewCfzChCXPCosHG2oEzqf1ft --amount 0.1 --sender 35xLMXWrmdL5k4TQ9bqV9nkeuVGT5NLXxzauxyfFbKZ2e1r3mn --no-confirm
Using default energy amount of 30070 NRG.
Enter password for decrypting the secret encryption key:63668990
 
Transferring 0.100000 GTU from encrypted balance of account '35xLMXWrmdL5k4TQ9bqV9nkeuVGT5NLXxzauxyfFbKZ2e1r3mn' (Namek2) to '3ovmgsXBQ3u69pnJ9SRjsFcGfJewCfzChCXPCosHG2oEzqf1ft' (Namek).
Allowing up to 30070 NRG to be spent as transaction fee.
Transaction expires at Sat,  6 Feb 2021 07:10:04 UTC.
Enter password for signing key:63668990
 
[92mTransaction '909e47514f6bf69e7b9502827770a7aac2f68cd081f6c53b578a1a01a6aaf43b' sent to the baker.
[0mWaiting for the transaction to be committed and finalized.
You may skip this step by interrupting the command using Ctrl-C (pass flag '--no-wait' to do this by default).
The transaction will still get processed and may be queried using
  'transaction status 909e47514f6bf69e7b9502827770a7aac2f68cd081f6c53b578a1a01a6aaf43b'.
[07:00:19] Waiting for the transaction to be committed...............................................................................................................spawn ./concordium-client --grpc-ip 127.0.0.01 --grpc-port 10000 transaction send-gtu-encrypted --receiver 3ovmgsXBQ3u69pnJ9SRjsFcGfJewCfzChCXPCosHG2oEzqf1ft --amount 0.1 --sender 35xLMXWrmdL5k4TQ9bqV9nkeuVGT5NLXxzauxyfFbKZ2e1r3mn --no-confirm
Using default energy amount of 30070 NRG.
Enter password for decrypting the secret encryption key: 63668990

......Transferring 0.100000 GTU from encrypted balance of account '35xLMXWrmdL5k4TQ9bqV9nkeuVGT5NLXxzauxyfFbKZ2e1r3mn' (Namek2) to '3ovmgsXBQ3u69pnJ9SRjsFcGfJewCfzChCXPCosHG2oEzqf1ft' (Namek).
Allowing up to 30070 NRG to be spent as transaction fee.
Transaction expires at Sat,  6 Feb 2021 07:15:02 UTC.
[93mWarning: There is a pending transaction with nonce 4014, but last committed one has 4013.
         This transaction will have nonce 4015 and might hang if the pending transaction fails.
[0mEnter password for signing key: 
[92mTransaction '18ba4107d4a077fe4ec4df30cb132cdbcfb0aa5a94fa954ba7f58f37d89cbbf9' sent to the baker.
[0mWaiting for the transaction to be committed and finalized.
You may skip this step by interrupting the command using Ctrl-C (pass flag '--no-wait' to do this by default).
The transaction will still get processed and may be queried using
  'transaction status 18ba4107d4a077fe4ec4df30cb132cdbcfb0aa5a94fa954ba7f58f37d89cbbf9'.
[07:05:18] Waiting for the transaction to be committed............................................................................................................................................................................................................................spawn ./concordium-client --grpc-ip 127.0.0.01 --grpc-port 10000 transaction send-gtu-encrypted --receiver 3ovmgsXBQ3u69pnJ9SRjsFcGfJewCfzChCXPCosHG2oEzqf1ft --amount 0.1 --sender 35xLMXWrmdL5k4TQ9bqV9nkeuVGT5NLXxzauxyfFbKZ2e1r3mn --no-confirm
Using default energy amount of 30070 NRG.
Enter password for decrypting the secret encryption key:63668990
 
...........Transferring 0.100000 GTU from encrypted balance of account '35xLMXWrmdL5k4TQ9bqV9nkeuVGT5NLXxzauxyfFbKZ2e1r3mn' (Namek2) to '3ovmgsXBQ3u69pnJ9SRjsFcGfJewCfzChCXPCosHG2oEzqf1ft' (Namek).
Allowing up to 30070 NRG to be spent as transaction fee.
Transaction expires at Sat,  6 Feb 2021 07:20:01 UTC.
.[93mWarning: There is a pending transaction with nonce 4015, but last committed one has 4013.
         This transaction will have nonce 4016 and might hang if the pending transaction fails.
[0mEnter password for signing key: 
[92mTransaction 'ef9a83e981776e079565a32f270a46ac3a7ec6b9c1106f984358564a33ff5fbd' sent to the baker.
[0mWaiting for the transaction to be committed and finalized.
You may skip this step by interrupting the command using Ctrl-C (pass flag '--no-wait' to do this by default).
The transaction will still get processed and may be queried using
  'transaction status ef9a83e981776e079565a32f270a46ac3a7ec6b9c1106f984358564a33ff5fbd'.
[07:10:17] Waiting for the transaction to be committed.............................................................................
[91mError: Transaction failed before it got committed. Most likely because it was invalid.
[0m...........................................................................................
Transaction is committed into block 7ad61ad89756f696f3971fbc61a843da3c14d9fce9c084f4103f6682a9d7ec4a with status "rejected" and cost 3.007000 GTU (30070 NRG).
Transaction rejected: the proof for the encrypted transfer doesn't validate.
[07:14:34] Waiting for the transaction to be finalized..............
[07:14:57] Transaction finalized.
.spawn ./concordium-client --grpc-ip 127.0.0.01 --grpc-port 10000 transaction send-gtu-encrypted --receiver 3ovmgsXBQ3u69pnJ9SRjsFcGfJewCfzChCXPCosHG2oEzqf1ft --amount 0.1 --sender 35xLMXWrmdL5k4TQ9bqV9nkeuVGT5NLXxzauxyfFbKZ2e1r3mn --no-confirm
Using default energy amount of 30070 NRG.
Enter password for decrypting the secret encryption key: 63668990

.....Transferring 0.100000 GTU from encrypted balance of ac.count '35xLMXWrmdL5k4TQ9bqV9nkeuVGT5NLXxzauxyfFbKZ2e1r3mn' (Namek2) to '3ovmgsXBQ3u69pnJ9SRjsFcGfJewCfzChCXPCosHG2oEzqf1ft' (Namek).
Allowing up to 30070 NRG to be spent as transaction fee.
Transaction expires at Sat,  6 Feb 2021 07:25:01 UTC.
[93mWarning: There is a pending transaction with nonce 4016, but last committed one has 4015.
         This transaction will have nonce 4017 and might hang if the pending transaction fails.
[0mEnter password for signing key: 
[92mTransaction '2ccd0e6f827a27477428bec03a587d82b5da0bda14113d718069f864180e9d94' sent to the baker.
[0mWaiting for the transaction to be committed and finalized.
You may skip this step by interrupting the command using Ctrl-C (pass flag '--no-wait' to do this by default).
The transaction will still get processed and may be queried using
  'transaction status 2ccd0e6f827a27477428bec03a587d82b5da0bda14113d718069f864180e9d94'.
[07:15:17] Waiting for the transaction to be committed....................
Transaction is committed into block 1ac1969f205d1214e6559d40b3cb47d25d4f9ee02ec59d37c651b60c99c60689 with status "rejected" and cost 3.007000 GTU (30070 NRG).
Transaction rejected: the proof for the encrypted transfer doesn't validate.
[07:15:50] Waiting for the transaction to be finalized..........
[07:16:03] Transaction finalized.
...............
Transaction is committed into block 132c2095f794e0dce350d3a662e9fa3587aa3a99fac8d2d0b71be702c02df3ba with status "success" and cost 3.007000 GTU (30070 NRG).
[07:17:03] Waiting for the transaction to be finalized.......
Transaction is finalized into block e5471cd17685daa754b3803b2015a15e0b947aee0783634bf09bab4a06e98a48 with status "success" and cost 3.007000 GTU (30070 NRG).
[07:17:35] Transaction finalized.
spawn ./concordium-client --grpc-ip 127.0.0.01 --grpc-port 10000 transaction send-gtu-encrypted --receiver 3ovmgsXBQ3u69pnJ9SRjsFcGfJewCfzChCXPCosHG2oEzqf1ft --amount 0.1 --sender 35xLMXWrmdL5k4TQ9bqV9nkeuVGT5NLXxzauxyfFbKZ2e1r3mn --no-confirm
Using default energy amount of 30070 NRG.
Enter password for decrypting the secret encryption key:63668990
 
Transferring 0.100000 GTU from encrypted balance of account '35xLMXWrmdL5k4TQ9bqV9nkeuVGT5NLXxzauxyfFbKZ2e1r3mn' (Namek2) to '3ovmgsXBQ3u69pnJ9SRjsFcGfJewCfzChCXPCosHG2oEzqf1ft' (Namek).
Allowing up to 30070 NRG to be spent as transaction fee.
Transaction expires at Sat,  6 Feb 2021 07:30:02 UTC.
Enter password for signing key: 
[92mTransaction '0afde56cf72a78ad01df3915cffeffc3555e8e5f0ea2f2822b71808632937de7' sent to the baker.
[0mWaiting for the transaction to be committed and finalized.
You may skip this step by interrupting the command using Ctrl-C (pass flag '--no-wait' to do this by default).
The transaction will still get processed and may be queried using
  'transaction status 0afde56cf72a78ad01df3915cffeffc3555e8e5f0ea2f2822b71808632937de7'.
[07:20:18] Waiting for the transaction to be committed.......................................
Transaction is committed into block 939d335e2d4492d707febadeeb924da20f56e39f67a2bf0b9c7aa84bdb278e5f with status "success" and cost 3.007000 GTU (30070 NRG).
[07:21:59] Waiting for the transaction to be finalized.....
[07:22:11] Transaction finalized.
spawn ./concordium-client --grpc-ip 127.0.0.01 --grpc-port 10000 transaction send-gtu-encrypted --receiver 3ovmgsXBQ3u69pnJ9SRjsFcGfJewCfzChCXPCosHG2oEzqf1ft --amount 0.1 --sender 35xLMXWrmdL5k4TQ9bqV9nkeuVGT5NLXxzauxyfFbKZ2e1r3mn --no-confirm
Using default energy amount of 30070 NRG.
Enter password for decrypting the secret encryption key:63668990
 
Transferring 0.100000 GTU from encrypted balance of account '35xLMXWrmdL5k4TQ9bqV9nkeuVGT5NLXxzauxyfFbKZ2e1r3mn' (Namek2) to '3ovmgsXBQ3u69pnJ9SRjsFcGfJewCfzChCXPCosHG2oEzqf1ft' (Namek).
Allowing up to 30070 NRG to be spent as transaction fee.
Transaction expires at Sat,  6 Feb 2021 07:35:01 UTC.
Enter password for signing key: 
[92mTransaction '29af656667ec13384cd946cd862ace16624fa2443b4bef897626ad5fb140d2d6' sent to the baker.
[0mWaiting for the transaction to be committed and finalized.
You may skip this step by interrupting the command using Ctrl-C (pass flag '--no-wait' to do this by default).
The transaction will still get processed and may be queried using
  'transaction status 29af656667ec13384cd946cd862ace16624fa2443b4bef897626ad5fb140d2d6'.
[07:25:17] Waiting for the transaction to be committed...............
Transaction is committed into block a1946de5277098d37bd17aa2104b36cd63c7015b38597bc420e71afe6bececeb with status "success" and cost 3.007000 GTU (30070 NRG).
[07:25:55] Waiting for the transaction to be finalized....
[07:26:00] Transaction finalized.
spawn ./concordium-client --grpc-ip 127.0.0.01 --grpc-port 10000 transaction send-gtu-encrypted --receiver 3ovmgsXBQ3u69pnJ9SRjsFcGfJewCfzChCXPCosHG2oEzqf1ft --amount 0.1 --sender 35xLMXWrmdL5k4TQ9bqV9nkeuVGT5NLXxzauxyfFbKZ2e1r3mn --no-confirm
Using default energy amount of 30070 NRG.
Enter password for decrypting the secret encryption key: 63668990

Transferring 0.100000 GTU from encrypted balance of account '35xLMXWrmdL5k4TQ9bqV9nkeuVGT5NLXxzauxyfFbKZ2e1r3mn' (Namek2) to '3ovmgsXBQ3u69pnJ9SRjsFcGfJewCfzChCXPCosHG2oEzqf1ft' (Namek).
Allowing up to 30070 NRG to be spent as transaction fee.
Transaction expires at Sat,  6 Feb 2021 07:40:02 UTC.
[93mWarning: There is a pending transaction with nonce 4169, but last committed one has 4019.
         This transaction will have nonce 4170 and might hang if the pending transaction fails.
[0mEnter password for signing key: 
[92mTransaction '543dd760bea458ac7bc321bbd645bcde774d6468c1fea5d794261776c10019e8' sent to the baker.
[0mWaiting for the transaction to be committed and finalized.
You may skip this step by interrupting the command using Ctrl-C (pass flag '--no-wait' to do this by default).
The transaction will still get processed and may be queried using
  'transaction status 543dd760bea458ac7bc321bbd645bcde774d6468c1fea5d794261776c10019e8'.
[07:30:17] Waiting for the transaction to be committed..............................................................................................................spawn ./concordium-client --grpc-ip 127.0.0.01 --grpc-port 10000 transaction send-gtu-encrypted --receiver 3ovmgsXBQ3u69pnJ9SRjsFcGfJewCfzChCXPCosHG2oEzqf1ft --amount 0.1 --sender 35xLMXWrmdL5k4TQ9bqV9nkeuVGT5NLXxzauxyfFbKZ2e1r3mn --no-confirm
Using default energy amount of 30070 NRG.
Enter password for decrypting the secret encryption key: 
....Transferring 0.100000 GTU from encrypted balance of account '35xLMXWrmdL5k4TQ9bqV9nkeuVGT5NLXxzauxyfFbKZ2e1r3mn' (Namek2) to '3ovmgsXBQ3u69pnJ9SRjsFcGfJewCfzChCXPCosHG2oEzqf1ft' (Namek).
Allowing up to 30070 NRG to be spent as transaction fee.
Transaction expires at Sat,  6 Feb 2021 07:45:02 UTC.
[93mWarning: There is a pending transaction with nonce 4170, but last committed one has 4019.
         This transaction will have nonce 4171 and might hang if the pending transaction fails.
[0mEnter password for signing key: 
[92mTransaction '53824a98f2cdc17dc1a4649b37ba149162c42331e27648cb1aa31e22de4c04b2' sent to the baker.
[0mWaiting for the transaction to be committed and finalized.
You may skip this step by interrupting the command using Ctrl-C (pass flag '--no-wait' to do this by default).
The transaction will still get processed and may be queried using
  'transaction status 53824a98f2cdc17dc1a4649b37ba149162c42331e27648cb1aa31e22de4c04b2'.
[07:35:18] Waiting for the transaction to be committed....................................................................................................................................................................................................................spawn ./concordium-client --grpc-ip 127.0.0.01 --grpc-port 10000 transaction send-gtu-encrypted --receiver 3ovmgsXBQ3u69pnJ9SRjsFcGfJewCfzChCXPCosHG2oEzqf1ft --amount 0.1 --sender 35xLMXWrmdL5k4TQ9bqV9nkeuVGT5NLXxzauxyfFbKZ2e1r3mn --no-confirm
Using default energy amount of 30070 NRG.
Enter password for decrypting the secret encryption key: 
..
[91mError: Transaction failed before it got committed. Most likely because it was invalid.
[0m....Transferring 0.100000 GTU from encrypted balance of account '35xLMXWrmdL5k4TQ9bqV9nkeuVGT5NLXxzauxyfFbKZ2e1r3mn' (Namek2) to '3ovmgsXBQ3u69pnJ9SRjsFcGfJewCfzChCXPCosHG2oEzqf1ft' (Namek).
Allowing up to 30070 NRG to be spent as transaction fee.
Transaction expires at Sat,  6 Feb 2021 07:50:02 UTC.
[93mWarning: There is a pending transaction with nonce 4171, but last committed one has 4019.
         This transaction will have nonce 4172 and might hang if the pending transaction fails.
[0mEnter password for signing key: 
[92mTransaction 'c787d988b41088b4657c4e5e0b3d46d7554266f2291b20b46952556f9fbb1211' sent to the baker.
[0mWaiting for the transaction to be committed and finalized.
You may skip this step by interrupting the command using Ctrl-C (pass flag '--no-wait' to do this by default).
The transaction will still get processed and may be queried using
  'transaction status c787d988b41088b4657c4e5e0b3d46d7554266f2291b20b46952556f9fbb1211'.
[07:40:16] Waiting for the transaction to be committed......................................................................................................................................................................................................................spawn ./concordium-client --grpc-ip 127.0.0.01 --grpc-port 10000 transaction send-gtu-encrypted --receiver 3ovmgsXBQ3u69pnJ9SRjsFcGfJewCfzChCXPCosHG2oEzqf1ft --amount 0.1 --sender 35xLMXWrmdL5k4TQ9bqV9nkeuVGT5NLXxzauxyfFbKZ2e1r3mn --no-confirm
Using default energy amount of 30070 NRG.
Enter password for decrypting the secret encryption key: 
............Transferring 0.100000 GTU from encrypted balance of account '35xLMXWrmdL5k4TQ9bqV9nkeuVGT5NLXxzauxyfFbKZ2e1r3mn' (Namek2) to '3ovmgsXBQ3u69pnJ9SRjsFcGfJewCfzChCXPCosHG2oEzqf1ft' (Namek).
Allowing up to 30070 NRG to be spent as transaction fee.
Transaction expires at Sat,  6 Feb 2021 07:55:02 UTC.
[93mWarning: There is a pending transaction with nonce 4172, but last committed one has 4019.
         This transaction will have nonce 4173 and might hang if the pending transaction fails.
[0mEnter password for signing key: 
[92mTransaction 'b20862016472d6c7732f4aef9e80cba65ccb1adba10a72855c4efa1b30ff5c11' sent to the baker.
[0mWaiting for the transaction to be committed and finalized.
You may skip this step by interrupting the command using Ctrl-C (pass flag '--no-wait' to do this by default).
The transaction will still get processed and may be queried using
  'transaction status b20862016472d6c7732f4aef9e80cba65ccb1adba10a72855c4efa1b30ff5c11'.
[07:45:17] Waiting for the transaction to be committed..................................................................................
[91mError: Transaction failed before it got committed. Most likely because it was invalid.
[0m...................................................................................................................................................................spawn ./concordium-client --grpc-ip 127.0.0.01 --grpc-port 10000 transaction send-gtu-encrypted --receiver 3ovmgsXBQ3u69pnJ9SRjsFcGfJewCfzChCXPCosHG2oEzqf1ft --amount 0.1 --sender 35xLMXWrmdL5k4TQ9bqV9nkeuVGT5NLXxzauxyfFbKZ2e1r3mn --no-confirm
Using default energy amount of 30070 NRG.
Enter password for decrypting the secret encryption key: 63668990

..
[91mError: Transaction failed before it got committed. Most likely because it was invalid.
[0m....Transferring 0.100000 GTU from encrypted balance of account '35xLMXWrmdL5k4TQ9bqV9nkeuVGT5NLXxzauxyfFbKZ2e1r3mn' (Namek2) to '3ovmgsXBQ3u69pnJ9SRjsFcGfJewCfzChCXPCosHG2oEzqf1ft' (Namek).
Allowing up to 30070 NRG to be spent as transaction fee.
Transaction expires at Sat,  6 Feb 2021 08:00:02 UTC.
[93mWarning: There is a pending transaction with nonce 4173, but last committed one has 4019.
         This transaction will have nonce 4174 and might hang if the pending transaction fails.
[0mEnter password for signing key: 
[92mTransaction 'f15160c2455064afc2e6099ce4a9cafdea5a8bdd2ad63cce852c876ea18a38ac' sent to the baker.
[0mWaiting for the transaction to be committed and finalized.
You may skip this step by interrupting the command using Ctrl-C (pass flag '--no-wait' to do this by default).
The transaction will still get processed and may be queried using
  'transaction status f15160c2455064afc2e6099ce4a9cafdea5a8bdd2ad63cce852c876ea18a38ac'.
[07:50:17] Waiting for the transaction to be committed.......................................................................................................................................................................................................................spawn ./concordium-client --grpc-ip 127.0.0.01 --grpc-port 10000 transaction send-gtu-encrypted --receiver 3ovmgsXBQ3u69pnJ9SRjsFcGfJewCfzChCXPCosHG2oEzqf1ft --amount 0.1 --sender 35xLMXWrmdL5k4TQ9bqV9nkeuVGT5NLXxzauxyfFbKZ2e1r3mn --no-confirm
Using default energy amount of 30070 NRG.
Enter password for decrypting the secret encryption key: 63668990

............Transferring 0.100000 GTU from encrypted balance of account '35xLMXWrmdL5k4TQ9bqV9nkeuVGT5NLXxzauxyfFbKZ2e1r3mn' (Namek2) to '3ovmgsXBQ3u69pnJ9SRjsFcGfJewCfzChCXPCosHG2oEzqf1ft' (Namek).
Allowing up to 30070 NRG to be spent as transaction fee.
Transaction expires at Sat,  6 Feb 2021 08:05:02 UTC.
[93mWarning: There is a pending transaction with nonce 4174, but last committed one has 4019.
         This transaction will have nonce 4175 and might hang if the pending transaction fails.
[0mEnter password for signing key: 
[92mTransaction '29593b2e093b4b5935989f6ddddc1f1f34014b3acbb1d2db5ceee21aba076222' sent to the baker.
[0mWaiting for the transaction to be committed and finalized.
You may skip this step by interrupting the command using Ctrl-C (pass flag '--no-wait' to do this by default).
The transaction will still get processed and may be queried using
  'transaction status 29593b2e093b4b5935989f6ddddc1f1f34014b3acbb1d2db5ceee21aba076222'.
[07:55:18] Waiting for the transaction to be committed......................................................................................
[91mError: Transaction failed before it got committed. Most likely because it was invalid.
[0m..............................................................................................................................................................
[91mError: Transaction failed before it got committed. Most likely because it was invalid.
[0m.................................................................................................................
[91mError: Transaction failed before it got committed. Most likely because it was invalid.
[0mspawn ./concordium-client --grpc-ip 127.0.0.01 --grpc-port 10000 transaction send-gtu-encrypted --receiver 3ovmgsXBQ3u69pnJ9SRjsFcGfJewCfzChCXPCosHG2oEzqf1ft --amount 0.1 --sender 35xLMXWrmdL5k4TQ9bqV9nkeuVGT5NLXxzauxyfFbKZ2e1r3mn --no-confirm
Using default energy amount of 30070 NRG.
Enter password for decrypting the secret encryption key:63668990
 
Transferring 0.100000 GTU from encrypted balance of account '35xLMXWrmdL5k4TQ9bqV9nkeuVGT5NLXxzauxyfFbKZ2e1r3mn' (Namek2) to '3ovmgsXBQ3u69pnJ9SRjsFcGfJewCfzChCXPCosHG2oEzqf1ft' (Namek).
Allowing up to 30070 NRG to be spent as transaction fee.
Transaction expires at Sat,  6 Feb 2021 09:10:01 UTC.
Enter password for signing key: 63668990

[92mTransaction 'bebd065504964b3775c24ca87ee95fdaff1414f7d209e71724e2def92c8fbc6d' sent to the baker.
[0mWaiting for the transaction to be committed and finalized.
You may skip this step by interrupting the command using Ctrl-C (pass flag '--no-wait' to do this by default).
The transaction will still get processed and may be queried using
  'transaction status bebd065504964b3775c24ca87ee95fdaff1414f7d209e71724e2def92c8fbc6d'.
[09:00:17] Waiting for the transaction to be committed..........
Transaction is committed into block e3908576f74ed7ff864e057437dbccf18f7d894f89a585b26b3a4ee031f3e5ba with status "success" and cost 3.007000 GTU (30070 NRG).
[09:00:46] Waiting for the transaction to be finalized....
[09:00:52] Transaction finalized.
spawn ./concordium-client --grpc-ip 127.0.0.01 --grpc-port 10000 transaction send-gtu-encrypted --receiver 3ovmgsXBQ3u69pnJ9SRjsFcGfJewCfzChCXPCosHG2oEzqf1ft --amount 0.1 --sender 35xLMXWrmdL5k4TQ9bqV9nkeuVGT5NLXxzauxyfFbKZ2e1r3mn --no-confirm
Using default energy amount of 30070 NRG.
Enter password for decrypting the secret encryption key: 63668990

Transferring 0.100000 GTU from encrypted balance of account '35xLMXWrmdL5k4TQ9bqV9nkeuVGT5NLXxzauxyfFbKZ2e1r3mn' (Namek2) to '3ovmgsXBQ3u69pnJ9SRjsFcGfJewCfzChCXPCosHG2oEzqf1ft' (Namek).
Allowing up to 30070 NRG to be spent as transaction fee.
Transaction expires at Sat,  6 Feb 2021 09:15:02 UTC.
[93mWarning: There is a pending transaction with nonce 4165, but last committed one has 4020.
         This transaction will have nonce 4166 and might hang if the pending transaction fails.
[0mEnter password for signing key: 63668990

[92mTransaction '5caddff981b49bb3f5da2cc83b7a407b0a1e0b6d238a442218a5ec99dc269594' sent to the baker.
[0mWaiting for the transaction to be committed and finalized.
You may skip this step by interrupting the command using Ctrl-C (pass flag '--no-wait' to do this by default).
The transaction will still get processed and may be queried using
  'transaction status 5caddff981b49bb3f5da2cc83b7a407b0a1e0b6d238a442218a5ec99dc269594'.
[09:05:17] Waiting for the transaction to be committed..............................................................................................................spawn ./concordium-client --grpc-ip 127.0.0.01 --grpc-port 10000 transaction send-gtu-encrypted --receiver 3ovmgsXBQ3u69pnJ9SRjsFcGfJewCfzChCXPCosHG2oEzqf1ft --amount 0.1 --sender 35xLMXWrmdL5k4TQ9bqV9nkeuVGT5NLXxzauxyfFbKZ2e1r3mn --no-confirm
Using default energy amount of 30070 NRG.
Enter password for decrypting the secret encryption key: 
......Transferring 0.100000 GTU from encrypted balance of account '35xLMXWrmdL5k4TQ9bqV9nkeuVGT5NLXxzauxyfFbKZ2e1r3mn' (Namek2) to '3ovmgsXBQ3u69pnJ9SRjsFcGfJewCfzChCXPCosHG2oEzqf1ft' (Namek).
Allowing up to 30070 NRG to be spent as transaction fee.
Transaction expires at Sat,  6 Feb 2021 09:20:02 UTC.
[93mWarning: There is a pending transaction with nonce 4166, but last committed one has 4020.
         This transaction will have nonce 4167 and might hang if the pending transaction fails.
[0mEnter password for signing key: 
[92mTransaction 'f58499aee629b844bd8be4241833498f521f07b156739b0c2c252274777568fc' sent to the baker.
[0mWaiting for the transaction to be committed and finalized.
You may skip this step by interrupting the command using Ctrl-C (pass flag '--no-wait' to do this by default).
The transaction will still get processed and may be queried using
  'transaction status f58499aee629b844bd8be4241833498f521f07b156739b0c2c252274777568fc'.
[09:10:18] Waiting for the transaction to be committed............................................................................................................................................................................................................spawn ./concordium-client --grpc-ip 127.0.0.01 --grpc-port 10000 transaction send-gtu-encrypted --receiver 3ovmgsXBQ3u69pnJ9SRjsFcGfJewCfzChCXPCosHG2oEzqf1ft --amount 0.1 --sender 35xLMXWrmdL5k4TQ9bqV9nkeuVGT5NLXxzauxyfFbKZ2e1r3mn --no-confirm
Using default energy amount of 30070 NRG.
Enter password for decrypting the secret encryption key:63668990
 
..
[91mError: Transaction failed before it got committed. Most likely because it was invalid.
[0m.....Transferring 0.100000 GTU from encrypted balance of account '35xLMXWrmdL5k4TQ9bqV9nkeuVGT5NLXxzauxyfFbKZ2e1r3mn' (Namek2) to '3ovmgsXBQ3u69pnJ9SRjsFcGfJewCfzChCXPCosHG2oEzqf1ft' (Namek).
Allowing up to 30070 NRG to be spent as transaction fee.
Transaction expires at Sat,  6 Feb 2021 09:25:02 UTC.
[93mWarning: There is a pending transaction with nonce 4167, but last committed one has 4020.
         This transaction will have nonce 4168 and might hang if the pending transaction fails.
[0mEnter password for signing key: 
[92mTransaction 'eb56497127acae9368ea66d1c187a6f70c2d9084b2435775ba9d2f2707d642a2' sent to the baker.
[0mWaiting for the transaction to be committed and finalized.
You may skip this step by interrupting the command using Ctrl-C (pass flag '--no-wait' to do this by default).
The transaction will still get processed and may be queried using
  'transaction status eb56497127acae9368ea66d1c187a6f70c2d9084b2435775ba9d2f2707d642a2'.
[09:15:18] Waiting for the transaction to be committed...................................................................................................................................................................................................................spawn ./concordium-client --grpc-ip 127.0.0.01 --grpc-port 10000 transaction send-gtu-encrypted --receiver 3ovmgsXBQ3u69pnJ9SRjsFcGfJewCfzChCXPCosHG2oEzqf1ft --amount 0.1 --sender 35xLMXWrmdL5k4TQ9bqV9nkeuVGT5NLXxzauxyfFbKZ2e1r3mn --no-confirm
.Using default energy amount of 30070 NRG.
Enter password for decrypting the secret encryption key: 
..........Transferring 0.100000 GTU from encrypted balance of account '35xLMXWrmdL5k4TQ9bqV9nkeuVGT5NLXxzauxyfFbKZ2e1r3mn' (Namek2) to '3ovmgsXBQ3u69pnJ9SRjsFcGfJewCfzChCXPCosHG2oEzqf1ft' (Namek).
Allowing up to 30070 NRG to be spent as transaction fee..
Transaction expires at Sat,  6 Feb 2021 09:30:02 UTC.
[93mWarning: There is a pending transaction with nonce 4168, but last committed one has 4020.
         This transaction will have nonce 4169 and might hang if the pending transaction fails.
[0mEnter password for signing key: 
[92mTransaction 'edbfa892f22a135b7ee87b7c0111c023678626c67e6109fd84df1a731d9fd456' sent to the baker.
[0mWaiting for the transaction to be committed and finalized.
You may skip this step by interrupting the command using Ctrl-C (pass flag '--no-wait' to do this by default).
The transaction will still get processed and may be queried using
  'transaction status edbfa892f22a135b7ee87b7c0111c023678626c67e6109fd84df1a731d9fd456'.
[09:20:16] Waiting for the transaction to be committed.....
[91mError: Transaction failed before it got committed. Most likely because it was invalid.
[0m..........................................................................................................................................................................................................spawn ./concordium-client --grpc-ip 127.0.0.01 --grpc-port 10000 transaction send-gtu-encrypted --receiver 3ovmgsXBQ3u69pnJ9SRjsFcGfJewCfzChCXPCosHG2oEzqf1ft --amount 0.1 --sender 35xLMXWrmdL5k4TQ9bqV9nkeuVGT5NLXxzauxyfFbKZ2e1r3mn --no-confirm
Using default energy amount of 30070 NRG.
Enter password for decrypting the secret encryption key:63668990
 
.....
[91mError: Transaction failed before it got committed. Most likely because it was invalid.
[0m...Transferring 0.100000 GTU from encrypted balance of account '35xLMXWrmdL5k4TQ9bqV9nkeuVGT5NLXxzauxyfFbKZ2e1r3mn' (Namek2) to '3ovmgsXBQ3u69pnJ9SRjsFcGfJewCfzChCXPCosHG2oEzqf1ft' (Namek).
Allowing up to 30070 NRG to be spent as transaction fee.
Transaction expires at Sat,  6 Feb 2021 09:35:02 UTC.
[93mWarning: There is a pending transaction with nonce 4169, but last committed one has 4020.
         This transaction will have nonce 4170 and might hang if the pending transaction fails.
[0mEnter password for signing key:63668990
 
[92mTransaction 'e65b615f74d56206055c0534ea0e5864af7d90ed7770e8a1eb19fc110ae8edec' sent to the baker.
[0mWaiting for the transaction to be committed and finalized.
You may skip this step by interrupting the command using Ctrl-C (pass flag '--no-wait' to do this by default).
The transaction will still get processed and may be queried using
  'transaction status e65b615f74d56206055c0534ea0e5864af7d90ed7770e8a1eb19fc110ae8edec'.
[09:25:18] Waiting for the transaction to be committed..............................................................................................................................................................................................................spawn ./concordium-client --grpc-ip 127.0.0.01 --grpc-port 10000 transaction send-gtu-encrypted --receiver 3ovmgsXBQ3u69pnJ9SRjsFcGfJewCfzChCXPCosHG2oEzqf1ft --amount 0.1 --sender 35xLMXWrmdL5k4TQ9bqV9nkeuVGT5NLXxzauxyfFbKZ2e1r3mn --no-confirm
Using default energy amount of 30070 NRG.
Enter password for decrypting the secret encryption key:63668990
 
....
[91mError: Transaction failed before it got committed. Most likely because it was invalid.
[0m....Transferring 0.100000 GTU from encrypted balance of account '35xLMXWrmdL5k4TQ9bqV9nkeuVGT5NLXxzauxyfFbKZ2e1r3mn' (Namek2) to '3ovmgsXBQ3u69pnJ9SRjsFcGfJewCfzChCXPCosHG2oEzqf1ft' (Namek).
Allowing up to 30070 NRG to be spent as transaction fee.
Transaction expires at Sat,  6 Feb 2021 09:40:01 UTC.
[93mWarning: There is a pending transaction with nonce 4170, but last committed one has 4020.
         This transaction will have nonce 4171 and might hang if the pending transaction fails.
[0mEnter password for signing key: 
[92mTransaction '8c00d6ada1a25bfd83419e3f0822e09cdb1573ad47f7497a0280be48f5159dcd' sent to the baker.
[0mWaiting for the transaction to be committed and finalized.
You may skip this step by interrupting the command using Ctrl-C (pass flag '--no-wait' to do this by default).
The transaction will still get processed and may be queried using
  'transaction status 8c00d6ada1a25bfd83419e3f0822e09cdb1573ad47f7497a0280be48f5159dcd'.
[09:30:16] Waiting for the transaction to be committed.....................................................................................................................................................................................................................spawn ./concordium-client --grpc-ip 127.0.0.01 --grpc-port 10000 transaction send-gtu-encrypted --receiver 3ovmgsXBQ3u69pnJ9SRjsFcGfJewCfzChCXPCosHG2oEzqf1ft --amount 0.1 --sender 35xLMXWrmdL5k4TQ9bqV9nkeuVGT5NLXxzauxyfFbKZ2e1r3mn --no-confirm
Using default energy amount of 30070 NRG.
Enter password for decrypting the secret encryption key: 
............Transferring 0.100000 GTU from encrypted balance of account '35xLMXWrmdL5k4TQ9bqV9nkeuVGT5NLXxzauxyfFbKZ2e1r3mn' (Namek2) to '3ovmgsXBQ3u69pnJ9SRjsFcGfJewCfzChCXPCosHG2oEzqf1ft' (Namek).
Allowing up to 30070 NRG to be spent as transaction fee.
Transaction expires at Sat,  6 Feb 2021 09:45:02 UTC.
[93mWarning: There is a pending transaction with nonce 4171, but last committed one has 4020.
         This transaction will have nonce 4172 and might hang if the pending transaction fails.
[0mEnter password for signing key:63668990
 
..[92mTransaction '2de79a56b5d390dd839606dfe9d7f129560771aca8d5c175b0218fd08c72395d' sent to the baker.
[0mWaiting for the transaction to be committed and finalized.
You may skip this step by interrupting the command using Ctrl-C (pass flag '--no-wait' to do this by default).
The transaction will still get processed and may be queried using
  'transaction status 2de79a56b5d390dd839606dfe9d7f129560771aca8d5c175b0218fd08c72395d'.
[09:35:18] Waiting for the transaction to be committed........................
[91mError: Transaction failed before it got committed. Most likely because it was invalid.
[0m........................................................................................................................................................................................................spawn ./concordium-client --grpc-ip 127.0.0.01 --grpc-port 10000 transaction send-gtu-encrypted --receiver 3ovmgsXBQ3u69pnJ9SRjsFcGfJewCfzChCXPCosHG2oEzqf1ft --amount 0.1 --sender 35xLMXWrmdL5k4TQ9bqV9nkeuVGT5NLXxzauxyfFbKZ2e1r3mn --no-confirm
Using default energy amount of 30070 NRG.
Enter password for decrypting the secret encryption key:63668990
 
.....
[91mError: Transaction failed before it got committed. Most likely because it was invalid.
[0m...Transferring 0.100000 GTU from encrypted balance of account '35xLMXWrmdL5k4TQ9bqV9nkeuVGT5NLXxzauxyfFbKZ2e1r3mn' (Namek2) to '3ovmgsXBQ3u69pnJ9SRjsFcGfJewCfzChCXPCosHG2oEzqf1ft' (Namek).
Allowing up to 30070 NRG to be spent as transaction fee.
Transaction expires at Sat,  6 Feb 2021 09:50:02 UTC.
[93mWarning: There is a pending transaction with nonce 4172, but last committed one has 4020.
         This transaction will have nonce 4173 and might hang if the pending transaction fails.
[0mEnter password for signing key: 
[92mTransaction '13805c961ca5ebafd14fd803d3fb1bf45d688babc55c0091c7106c47799e9f8b' sent to the baker.
[0mWaiting for the transaction to be committed and finalized.
You may skip this step by interrupting the command using Ctrl-C (pass flag '--no-wait' to do this by default).
The transaction will still get processed and may be queried using
  'transaction status 13805c961ca5ebafd14fd803d3fb1bf45d688babc55c0091c7106c47799e9f8b'.
[09:40:16] Waiting for the transaction to be committed...................................................................................................................................................................................................................spawn ./concordium-client --grpc-ip 127.0.0.01 --grpc-port 10000 transaction send-gtu-encrypted --receiver 3ovmgsXBQ3u69pnJ9SRjsFcGfJewCfzChCXPCosHG2oEzqf1ft --amount 0.1 --sender 35xLMXWrmdL5k4TQ9bqV9nkeuVGT5NLXxzauxyfFbKZ2e1r3mn --no-confirm
Using default energy amount of 30070 NRG.
Enter password for decrypting the secret encryption key: 
............Transferring 0.100000 GTU from encrypted balance of account '35xLMXWrmdL5k4TQ9bqV9nkeuVGT5NLXxzauxyfFbKZ2e1r3mn' (Namek2) to '3ovmgsXBQ3u69pnJ9SRjsFcGfJewCfzChCXPCosHG2oEzqf1ft' (Namek).
Allowing up to 30070 NRG to be spent as transaction fee.
Transaction expires at Sat,  6 Feb 2021 09:55:02 UTC.
.[93mWarning: There is a pending transaction with nonce 4173, but last committed one has 4020.
         This transaction will have nonce 4174 and might hang if the pending transaction fails.
[0mEnter password for signing key: 
.[92mTransaction '86d5de49ca0059bb574509fbcfe7ed7f9bfcf6da18625b9625a08e039bff7a0c' sent to the baker.
[0mWaiting for the transaction to be committed and finalized.
You may skip this step by interrupting the command using Ctrl-C (pass flag '--no-wait' to do this by default).
The transaction will still get processed and may be queried using
  'transaction status 86d5de49ca0059bb574509fbcfe7ed7f9bfcf6da18625b9625a08e039bff7a0c'.
[09:45:18] Waiting for the transaction to be committed...................................................................................
[91mError: Transaction failed before it got committed. Most likely because it was invalid.
[0m................................................................................................................................................................spawn ./concordium-client --grpc-ip 127.0.0.01 --grpc-port 10000 transaction send-gtu-encrypted --receiver 3ovmgsXBQ3u69pnJ9SRjsFcGfJewCfzChCXPCosHG2oEzqf1ft --amount 0.1 --sender 35xLMXWrmdL5k4TQ9bqV9nkeuVGT5NLXxzauxyfFbKZ2e1r3mn --no-confirm
Using default energy amount of 30070 NRG.
Enter password for decrypting the secret encryption key: 
..
.[91mError: Transaction failed before it got committed. Most likely because it was invalid.
[0m...Transferring 0.100000 GTU from encrypted balance of account '35xLMXWrmdL5k4TQ9bqV9nkeuVGT5NLXxzauxyfFbKZ2e1r3mn' (Namek2) to '3ovmgsXBQ3u69pnJ9SRjsFcGfJewCfzChCXPCosHG2oEzqf1ft' (Namek).
Allowing up to 30070 NRG to be spent as transaction fee.
Transaction expires at Sat,  6 Feb 2021 10:00:01 UTC.
[93mWarning: There is a pending transaction with nonce 4174, but last committed one has 4020.
         This transaction will have nonce 4175 and might hang if the pending transaction fails.
[0mEnter password for signing key: 
[92mTransaction '87ba10787b918514b30e95753e501bed0a6c69c33ae586482c425aace0ba990b' sent to the baker.
[0mWaiting for the transaction to be committed and finalized.
You may skip this step by interrupting the command using Ctrl-C (pass flag '--no-wait' to do this by default).
The transaction will still get processed and may be queried using
  'transaction status 87ba10787b918514b30e95753e501bed0a6c69c33ae586482c425aace0ba990b'.
[09:50:16] Waiting for the transaction to be committed.....................................................................................................................................................................................................................spawn ./concordium-client --grpc-ip 127.0.0.01 --grpc-port 10000 transaction send-gtu-encrypted --receiver 3ovmgsXBQ3u69pnJ9SRjsFcGfJewCfzChCXPCosHG2oEzqf1ft --amount 0.1 --sender 35xLMXWrmdL5k4TQ9bqV9nkeuVGT5NLXxzauxyfFbKZ2e1r3mn --no-confirm
Using default energy amount of 30070 NRG.
Enter password for decrypting the secret encryption key:63668990
 
............Transferring 0.100000 GTU from encrypted balance of account '35xLMXWrmdL5k4TQ9bqV9nkeuVGT5NLXxzauxyfFbKZ2e1r3mn' (Namek2) to '3ovmgsXBQ3u69pnJ9SRjsFcGfJewCfzChCXPCosHG2oEzqf1ft' (Namek).
Allowing up to 30070 NRG to be spent as transaction fee.
Transaction expires at Sat,  6 Feb 2021 10:05:01 UTC.
[93mWarning: There is a pending transaction with nonce 4175, but last committed one has 4020.
         This transaction will have nonce 4176 and might hang if the pending transaction fails.
[0mEnter password for signing key: 
[92mTransaction 'dbed3ff45665a731dfbe5cd194ac83f10bd4a57e4a791e73490a9a06b64e1df7' sent to the baker.
[0mWaiting for the transaction to be committed and finalized.
You may skip this step by interrupting the command using Ctrl-C (pass flag '--no-wait' to do this by default).
The transaction will still get processed and may be queried using
  'transaction status dbed3ff45665a731dfbe5cd194ac83f10bd4a57e4a791e73490a9a06b64e1df7'.
[09:55:17] Waiting for the transaction to be committed............................
[91mError: Transaction failed before it got committed. Most likely because it was invalid.
[0m.....................................................................................................................................................................................................
[91mError: Transaction failed before it got committed. Most likely because it was invalid.
[0m...............................................................................................................................................
[91mError: Transaction failed before it got committed. Most likely because it was invalid.
[0mspawn ./concordium-client --grpc-ip 127.0.0.01 --grpc-port 10000 transaction send-gtu-encrypted --receiver 3ovmgsXBQ3u69pnJ9SRjsFcGfJewCfzChCXPCosHG2oEzqf1ft --amount 0.1 --sender 35xLMXWrmdL5k4TQ9bqV9nkeuVGT5NLXxzauxyfFbKZ2e1r3mn --no-confirm
Using default energy amount of 30070 NRG.
Enter password for decrypting the secret encryption key: 
Transferring 0.100000 GTU from encrypted balance of account '35xLMXWrmdL5k4TQ9bqV9nkeuVGT5NLXxzauxyfFbKZ2e1r3mn' (Namek2) to '3ovmgsXBQ3u69pnJ9SRjsFcGfJewCfzChCXPCosHG2oEzqf1ft' (Namek).
Allowing up to 30070 NRG to be spent as transaction fee.
Transaction expires at Sat,  6 Feb 2021 11:10:01 UTC.
Enter password for signing key:63668990
 
[92mTransaction 'd6112afda7225aadb5b555260ad2db29e29fc2983b07f1db568de6d2b04db4b4' sent to the baker.
[0mWaiting for the transaction to be committed and finalized.
You may skip this step by interrupting the command using Ctrl-C (pass flag '--no-wait' to do this by default).
The transaction will still get processed and may be queried using
  'transaction status d6112afda7225aadb5b555260ad2db29e29fc2983b07f1db568de6d2b04db4b4'.
[11:00:17] Waiting for the transaction to be committed..............................................................................
Transaction is committed into block 82ceaa442a188f093ebde176f30cbee24bd2ecff5058fa5c9700e5da70dd3ab6 with status "success" and cost 3.007000 GTU (30070 NRG).
[11:04:20] Waiting for the transaction to be finalized...........spawn ./concordium-client --grpc-ip 127.0.0.01 --grpc-port 10000 transaction send-gtu-encrypted --receiver 3ovmgsXBQ3u69pnJ9SRjsFcGfJewCfzChCXPCosHG2oEzqf1ft --amount 0.1 --sender 35xLMXWrmdL5k4TQ9bqV9nkeuVGT5NLXxzauxyfFbKZ2e1r3mn --no-confirm
Using default energy amount of 30070 NRG.
Enter password for decrypting the secret encryption key:63668990
 
..Transferring 0.100000 GTU from encrypted balance of account '35xLMXWrmdL5k4TQ9bqV9nkeuVGT5NLXxzauxyfFbKZ2e1r3mn' (Namek2) to '3ovmgsXBQ3u69pnJ9SRjsFcGfJewCfzChCXPCosHG2oEzqf1ft' (Namek).
Allowing up to 30070 NRG to be spent as transaction fee.
Transaction expires at Sat,  6 Feb 2021 11:15:01 UTC.
Enter password for signing key: 
[92mTransaction 'a25e0befb3a6ec02fa448fc1779cd4dadfd980cb2e2cd14e83a872c050d5f8cd' sent to the baker.
[0mWaiting for the transaction to be committed and finalized.
You may skip this step by interrupting the command using Ctrl-C (pass flag '--no-wait' to do this by default).
The transaction will still get processed and may be queried using
  'transaction status a25e0befb3a6ec02fa448fc1779cd4dadfd980cb2e2cd14e83a872c050d5f8cd'.
[11:05:15] Waiting for the transaction to be committed..............................................
Transaction is committed into block 2c5758fe1ea5d1c09526199fe351c23b9441321b99a4e73ea2f538dd31217609 with status "success" and cost 3.007000 GTU (30070 NRG).
[11:06:34] Waiting for the transaction to be finalized...........................
[11:07:53] Transaction finalized.
......................spawn ./concordium-client --grpc-ip 127.0.0.01 --grpc-port 10000 transaction send-gtu-encrypted --receiver 3ovmgsXBQ3u69pnJ9SRjsFcGfJewCfzChCXPCosHG2oEzqf1ft --amount 0.1 --sender 35xLMXWrmdL5k4TQ9bqV9nkeuVGT5NLXxzauxyfFbKZ2e1r3mn --no-confirm
Using default energy amount of 30070 NRG.
Enter password for decrypting the secret encryption key:63668990
 
..Transferring 0.100000 GTU from encrypted balance of account '35xLMXWrmdL5k4TQ9bqV9nkeuVGT5NLXxzauxyfFbKZ2e1r3mn' (Namek2) to '3ovmgsXBQ3u69pnJ9SRjsFcGfJewCfzChCXPCosHG2oEzqf1ft' (Namek).
Allowing up to 30070 NRG to be spent as transaction fee.
Transaction expires at Sat,  6 Feb 2021 11:20:01 UTC.
Enter password for signing key:63668990
 
[92mTransaction 'eab82182b08093f1636e8005ff6a02f84b41ed60b9763815679131e5b2e58091' sent to the baker.
[0mWaiting for the transaction to be committed and finalized.
You may skip this step by interrupting the command using Ctrl-C (pass flag '--no-wait' to do this by default).
The transaction will still get processed and may be queried using
  'transaction status eab82182b08093f1636e8005ff6a02f84b41ed60b9763815679131e5b2e58091'.
[11:10:09] Waiting for the transaction to be committed.........................................
Transaction is committed into block 1678c5753617d90132310a2bc8563aaf46b0616c80749bd7b327d280f66a3330 with status "success" and cost 3.007000 GTU (30070 NRG).
[11:11:11] Waiting for the transaction to be finalized...........................................................................................spawn ./concordium-client --grpc-ip 127.0.0.01 --grpc-port 10000 transaction send-gtu-encrypted --receiver 3ovmgsXBQ3u69pnJ9SRjsFcGfJewCfzChCXPCosHG2oEzqf1ft --amount 0.1 --sender 35xLMXWrmdL5k4TQ9bqV9nkeuVGT5NLXxzauxyfFbKZ2e1r3mn --no-confirm
Using default energy amount of 30070 NRG.
Enter password for decrypting the secret encryption key: 
..Transferring 0.100000 GTU from encrypted balance of account '35xLMXWrmdL5k4TQ9bqV9nkeuVGT5NLXxzauxyfFbKZ2e1r3mn' (Namek2) to '3ovmgsXBQ3u69pnJ9SRjsFcGfJewCfzChCXPCosHG2oEzqf1ft' (Namek).
Allowing up to 30070 NRG to be spent as transaction fee.
Transaction expires at Sat,  6 Feb 2021 11:25:01 UTC.
[93mWarning: There is a pending transaction with nonce 4171, but last committed one has 4023.
         This transaction will have nonce 4172 and might hang if the pending transaction fails.
[0mEnter password for signing key: 
[92mTransaction 'ca3db6102172809251380c04a5d5ee49210585f07312d536f2210fd9679f7ef3' sent to the baker.
[0mWaiting for the transaction to be committed and finalized.
You may skip this step by interrupting the command using Ctrl-C (pass flag '--no-wait' to do this by default).
The transaction will still get processed and may be queried using
  'transaction status ca3db6102172809251380c04a5d5ee49210585f07312d536f2210fd9679f7ef3'.
[11:15:09] Waiting for the transaction to be committed.....................................................................

[11:16:35] Transaction finalized.
[11:16:35] Transaction finalized.
....................................................................................spawn ./concordium-client --grpc-ip 127.0.0.01 --grpc-port 10000 transaction send-gtu-encrypted --receiver 3ovmgsXBQ3u69pnJ9SRjsFcGfJewCfzChCXPCosHG2oEzqf1ft --amount 0.1 --sender 35xLMXWrmdL5k4TQ9bqV9nkeuVGT5NLXxzauxyfFbKZ2e1r3mn --no-confirm
Using default energy amount of 30070 NRG.
Enter password for decrypting the secret encryption key: 63668990

.....Transferring 0.100000 GTU from encrypted balance of account '35xLMXWrmdL5k4TQ9bqV9nkeuVGT5NLXxzauxyfFbKZ2e1r3mn' (Namek2) to '3ovmgsXBQ3u69pnJ9SRjsFcGfJewCfzChCXPCosHG2oEzqf1ft' (Namek).
Allowing up to 30070 NRG to be spent as transaction fee.
Transaction expires at Sat,  6 Feb 2021 11:30:02 UTC.
[93mWarning: There is a pending transaction with nonce 4172, but last committed one has 4023.
         This transaction will have nonce 4173 and might hang if the pending transaction fails.
[0mEnter password for signing key: 
[92mTransaction '60730fcdceb95ced55e35ce2b0b563a6d3602d334721daa3eb77f95bd8d86872' sent to the baker.
[0mWaiting for the transaction to be committed and finalized.
You may skip this step by interrupting the command using Ctrl-C (pass flag '--no-wait' to do this by default).
The transaction will still get processed and may be queried using
  'transaction status 60730fcdceb95ced55e35ce2b0b563a6d3602d334721daa3eb77f95bd8d86872'.
[11:20:15] Waiting for the transaction to be committed...........................................................................................................................................................................................................................................spawn ./concordium-client --grpc-ip 127.0.0.01 --grpc-port 10000 transaction send-gtu-encrypted --receiver 3ovmgsXBQ3u69pnJ9SRjsFcGfJewCfzChCXPCosHG2oEzqf1ft --amount 0.1 --sender 35xLMXWrmdL5k4TQ9bqV9nkeuVGT5NLXxzauxyfFbKZ2e1r3mn --no-confirm
Using default energy amount of 30070 NRG.
Enter password for decrypting the secret encryption key: 
..
[91mError: Transaction failed before it got committed. Most likely because it was invalid.
[0m...Transferring 0.100000 GTU from encrypted balance of account '35xLMXWrmdL5k4TQ9bqV9nkeuVGT5NLXxzauxyfFbKZ2e1r3mn' (Namek2) to '3ovmgsXBQ3u69pnJ9SRjsFcGfJewCfzChCXPCosHG2oEzqf1ft' (Namek).
Allowing up to 30070 NRG to be spent as transaction fee.
Transaction expires at Sat,  6 Feb 2021 11:35:01 UTC.
[93mWarning: There is a pending transaction with nonce 4173, but last committed one has 4023.
         This transaction will have nonce 4174 and might hang if the pending transaction fails.
[0mEnter password for signing key: 
[92mTransaction 'e349a2af8788044c1edb42a1e4e0330be2c1a79e35dc89e972ee1eb322cc6c6f' sent to the baker.
[0mWaiting for the transaction to be committed and finalized.
You may skip this step by interrupting the command using Ctrl-C (pass flag '--no-wait' to do this by default).
The transaction will still get processed and may be queried using
  'transaction status e349a2af8788044c1edb42a1e4e0330be2c1a79e35dc89e972ee1eb322cc6c6f'.
[11:25:09] Waiting for the transaction to be committed..................................................................................................................................................................................................................................................................spawn ./concordium-client --grpc-ip 127.0.0.01 --grpc-port 10000 transaction send-gtu-encrypted --receiver 3ovmgsXBQ3u69pnJ9SRjsFcGfJewCfzChCXPCosHG2oEzqf1ft --amount 0.1 --sender 35xLMXWrmdL5k4TQ9bqV9nkeuVGT5NLXxzauxyfFbKZ2e1r3mn --no-confirm
Using default energy amount of 30070 NRG.
Enter password for decrypting the secret encryption key: 
..
[91mError: Transaction failed before it got committed. Most likely because it was invalid.
[0m..Transferring 0.100000 GTU from encrypted balance of account '35xLMXWrmdL5k4TQ9bqV9nkeuVGT5NLXxzauxyfFbKZ2e1r3mn' (Namek2) to '3ovmgsXBQ3u69pnJ9SRjsFcGfJewCfzChCXPCosHG2oEzqf1ft' (Namek).
Allowing up to 30070 NRG to be spent as transaction fee.
Transaction expires at Sat,  6 Feb 2021 11:40:01 UTC.
[93mWarning: There is a pending transaction with nonce 4174, but last committed one has 4023.
         This transaction will have nonce 4175 and might hang if the pending transaction fails.
[0mEnter password for signing key: 
[92mTransaction '83ab3197b676d3b30c27987f03ffd3669945235d05d836f7f66ddd86be9b6647' sent to the baker.
[0mWaiting for the transaction to be committed and finalized.
You may skip this step by interrupting the command using Ctrl-C (pass flag '--no-wait' to do this by default).
The transaction will still get processed and may be queried using
  'transaction status 83ab3197b676d3b30c27987f03ffd3669945235d05d836f7f66ddd86be9b6647'.
[11:30:09] Waiting for the transaction to be committed........................................................................................................................................................................................................................................................spawn ./concordium-client --grpc-ip 127.0.0.01 --grpc-port 10000 transaction send-gtu-encrypted --receiver 3ovmgsXBQ3u69pnJ9SRjsFcGfJewCfzChCXPCosHG2oEzqf1ft --amount 0.1 --sender 35xLMXWrmdL5k4TQ9bqV9nkeuVGT5NLXxzauxyfFbKZ2e1r3mn --no-confirm
Using default energy amount of 30070 NRG.
Enter password for decrypting the secret encryption key: 

[91mError: Transaction failed before it got committed. Most likely because it was invalid.
[0m.....Transferring 0.100000 GTU from encrypted balance of account '35xLMXWrmdL5k4TQ9bqV9nkeuVGT5NLXxzauxyfFbKZ2e1r3mn' (Namek2) to '3ovmgsXBQ3u69pnJ9SRjsFcGfJewCfzChCXPCosHG2oEzqf1ft' (Namek).
Allowing up to 30070 NRG to be spent as transaction fee.
Transaction expires at Sat,  6 Feb 2021 11:45:01 UTC.
[93mWarning: There is a pending transaction with nonce 4175, but last committed one has 4023.
         This transaction will have nonce 4176 and might hang if the pending transaction fails.
[0mEnter password for signing key: 
[92mTransaction '8d9e5207ad829b9664ae5718c45b9d79ada292c242b4c0ea444c45e305d4f424' sent to the baker.
[0mWaiting for the transaction to be committed and finalized.
You may skip this step by interrupting the command using Ctrl-C (pass flag '--no-wait' to do this by default).
The transaction will still get processed and may be queried using
  'transaction status 8d9e5207ad829b9664ae5718c45b9d79ada292c242b4c0ea444c45e305d4f424'.
[11:35:14] Waiting for the transaction to be committed..............................................................................................................................................................................................................................spawn ./concordium-client --grpc-ip 127.0.0.01 --grpc-port 10000 transaction send-gtu-encrypted --receiver 3ovmgsXBQ3u69pnJ9SRjsFcGfJewCfzChCXPCosHG2oEzqf1ft --amount 0.1 --sender 35xLMXWrmdL5k4TQ9bqV9nkeuVGT5NLXxzauxyfFbKZ2e1r3mn --no-confirm
Using default energy amount of 30070 NRG.
Enter password for decrypting the secret encryption key:63668990
 
.
[91mError: Transaction failed before it got committed. Most likely because it was invalid.
[0m....Transferring 0.100000 GTU from encrypted balance of account '35xLMXWrmdL5k4TQ9bqV9nkeuVGT5NLXxzauxyfFbKZ2e1r3mn' (Namek2) to '3ovmgsXBQ3u69pnJ9SRjsFcGfJewCfzChCXPCosHG2oEzqf1ft' (Namek).
Allowing up to 30070 NRG to be spent as transaction fee.
Transaction expires at Sat,  6 Feb 2021 11:50:02 UTC.
[93mWarning: There is a pending transaction with nonce 4176, but last committed one has 4023.
         This transaction will have nonce 4177 and might hang if the pending transaction fails.
[0mEnter password for signing key: 
[92mTransaction '5ddef015177f4c45fe0499358bbcdca81523aa0314cb5ee841cac5f3eb544069' sent to the baker.
[0mWaiting for the transaction to be committed and finalized.
You may skip this step by interrupting the command using Ctrl-C (pass flag '--no-wait' to do this by default).
The transaction will still get processed and may be queried using
  'transaction status 5ddef015177f4c45fe0499358bbcdca81523aa0314cb5ee841cac5f3eb544069'.
[11:40:15] Waiting for the transaction to be committed.....................................................................................................................................................................................................................spawn ./concordium-client --grpc-ip 127.0.0.01 --grpc-port 10000 transaction send-gtu-encrypted --receiver 3ovmgsXBQ3u69pnJ9SRjsFcGfJewCfzChCXPCosHG2oEzqf1ft --amount 0.1 --sender 35xLMXWrmdL5k4TQ9bqV9nkeuVGT5NLXxzauxyfFbKZ2e1r3mn --no-confirm
Using default energy amount of 30070 NRG.
Enter password for decrypting the secret encryption key:63668990
 
..
[91mError: Transaction failed before it got committed. Most likely because it was invalid.
[0m....Transferring 0.100000 GTU from encrypted balance of account '35xLMXWrmdL5k4TQ9bqV9nkeuVGT5NLXxzauxyfFbKZ2e1r3mn' (Namek2) to '3ovmgsXBQ3u69pnJ9SRjsFcGfJewCfzChCXPCosHG2oEzqf1ft' (Namek).
Allowing up to 30070 NRG to be spent as transaction fee.
Transaction expires at Sat,  6 Feb 2021 11:55:02 UTC.
[93mWarning: There is a pending transaction with nonce 4177, but last committed one has 4023.
         This transaction will have nonce 4178 and might hang if the pending transaction fails.
[0mEnter password for signing key: 63668990

[92mTransaction '28f5768ee9394056dd4501e8b5a261f8d2f320144164ce0778ca0e5ec22d39ac' sent to the baker.
[0mWaiting for the transaction to be committed and finalized.
You may skip this step by interrupting the command using Ctrl-C (pass flag '--no-wait' to do this by default).
The transaction will still get processed and may be queried using
  'transaction status 28f5768ee9394056dd4501e8b5a261f8d2f320144164ce0778ca0e5ec22d39ac'.
[11:45:16] Waiting for the transaction to be committed...........................................................................................................................................................................................................................spawn ./concordium-client --grpc-ip 127.0.0.01 --grpc-port 10000 transaction send-gtu-encrypted --receiver 3ovmgsXBQ3u69pnJ9SRjsFcGfJewCfzChCXPCosHG2oEzqf1ft --amount 0.1 --sender 35xLMXWrmdL5k4TQ9bqV9nkeuVGT5NLXxzauxyfFbKZ2e1r3mn --no-confirm
.Using default energy amount of 30070 NRG.
Enter password for decrypting the secret encryption key: 63668990

..
[91mError: Transaction failed before it got committed. Most likely because it was invalid.
[0m....Transferring 0.100000 GTU from encrypted balance of account '35xLMXWrmdL5k4TQ9bqV9nkeuVGT5NLXxzauxyfFbKZ2e1r3mn' (Namek2) to '3ovmgsXBQ3u69pnJ9SRjsFcGfJewCfzChCXPCosHG2oEzqf1ft' (Namek).
Allowing up to 30070 NRG to be spent as transaction fee.
Transaction expires at Sat,  6 Feb 2021 12:00:02 UTC.
[93mWarning: There is a pending transaction with nonce 4178, but last committed one has 4023.
         This transaction will have nonce 4179 and might hang if the pending transaction fails.
[0mEnter password for signing key: 
[92mTransaction '261d81b71f8e28a1edb7fb2f5065cccd9c8da180d21cc7381b74b429bcf25c48' sent to the baker.
[0mWaiting for the transaction to be committed and finalized.
You may skip this step by interrupting the command using Ctrl-C (pass flag '--no-wait' to do this by default).
The transaction will still get processed and may be queried using
  'transaction status 261d81b71f8e28a1edb7fb2f5065cccd9c8da180d21cc7381b74b429bcf25c48'.
[11:50:17] Waiting for the transaction to be committed.........................................................................................................................................................................................................................spawn ./concordium-client --grpc-ip 127.0.0.01 --grpc-port 10000 transaction send-gtu-encrypted --receiver 3ovmgsXBQ3u69pnJ9SRjsFcGfJewCfzChCXPCosHG2oEzqf1ft --amount 0.1 --sender 35xLMXWrmdL5k4TQ9bqV9nkeuVGT5NLXxzauxyfFbKZ2e1r3mn --no-confirm
Using default energy amount of 30070 NRG.
Enter password for decrypting the secret encryption key:63668990
 
...
[91mError: Transaction failed before it got committed. Most likely because it was invalid.
[0m....Transferring 0.100000 GTU from encrypted balance of account '35xLMXWrmdL5k4TQ9bqV9nkeuVGT5NLXxzauxyfFbKZ2e1r3mn' (Namek2) to '3ovmgsXBQ3u69pnJ9SRjsFcGfJewCfzChCXPCosHG2oEzqf1ft' (Namek).
Allowing up to 30070 NRG to be spent as transaction fee.
Transaction expires at Sat,  6 Feb 2021 12:05:02 UTC.
[93mWarning: There is a pending transaction with nonce 4179, but last committed one has 4023.
         This transaction will have nonce 4180 and might hang if the pending transaction fails.
[0mEnter password for signing key: 
[92mTransaction '3b67bf5755e4cd2002f5b8ce12ebc39b4aa7d486790d1e5a7a61fea68fca3d51' sent to the baker.
[0mWaiting for the transaction to be committed and finalized.
You may skip this step by interrupting the command using Ctrl-C (pass flag '--no-wait' to do this by default).
The transaction will still get processed and may be queried using
  'transaction status 3b67bf5755e4cd2002f5b8ce12ebc39b4aa7d486790d1e5a7a61fea68fca3d51'.
[11:55:16] Waiting for the transaction to be committed..................................................................................................................................................................................................................................................................................................
[91mError: Transaction failed before it got committed. Most likely because it was invalid.
[0m................................................................
[91mError: Transaction failed before it got committed. Most likely because it was invalid.
[0m