spawn ./concordium-client --grpc-ip 127.0.0.01 --grpc-port 10000 transaction send-gtu-encrypted --receiver 3ovmgsXBQ3u69pnJ9SRjsFcGfJewCfzChCXPCosHG2oEzqf1ft --amount 0.1 --sender 35xLMXWrmdL5k4TQ9bqV9nkeuVGT5NLXxzauxyfFbKZ2e1r3mn --no-confirm
Using default energy amount of 30070 NRG.
Enter password for decrypting the secret encryption key: 
Transferring 0.100000 GTU from encrypted balance of account '35xLMXWrmdL5k4TQ9bqV9nkeuVGT5NLXxzauxyfFbKZ2e1r3mn' (Namek2) to '3ovmgsXBQ3u69pnJ9SRjsFcGfJewCfzChCXPCosHG2oEzqf1ft' (Namek).
Allowing up to 30070 NRG to be spent as transaction fee.
Transaction expires at Fri, 29 Jan 2021 13:21:56 UTC.
Enter password for signing key: 
[92mTransaction '4899ca67f346efae8e61f33bf240bfebf4629f9902ac63a8697dac9db2821826' sent to the baker.
[0mWaiting for the transaction to be committed and finalized.
You may skip this step by interrupting the command using Ctrl-C (pass flag '--no-wait' to do this by default).
The transaction will still get processed and may be queried using
  'transaction status 4899ca67f346efae8e61f33bf240bfebf4629f9902ac63a8697dac9db2821826'.
[13:11:58] Waiting for the transaction to be committed...........spawn ./concordium-client --grpc-ip 127.0.0.01 --grpc-port 10000 transaction send-gtu-encrypted --receiver 3ovmgsXBQ3u69pnJ9SRjsFcGfJewCfzChCXPCosHG2oEzqf1ft --amount 0.1 --sender 35xLMXWrmdL5k4TQ9bqV9nkeuVGT5NLXxzauxyfFbKZ2e1r3mn --no-confirm
Using default energy amount of 30070 NRG.
Enter password for decrypting the secret encryption key: 
Transferring 0.100000 GTU from encrypted balance of account '35xLMXWrmdL5k4TQ9bqV9nkeuVGT5NLXxzauxyfFbKZ2e1r3mn' (Namek2) to '3ovmgsXBQ3u69pnJ9SRjsFcGfJewCfzChCXPCosHG2oEzqf1ft' (Namek).
Allowing up to 30070 NRG to be spent as transaction fee.
Transaction expires at Fri, 29 Jan 2021 13:22:58 UTC.
Enter password for signing key:63668990
 
[92mTransaction '8cfff761f4cd6f071482db8f6a9d52fb1116dd6f38a23305d38d741f6250f491' sent to the baker.
[0mWaiting for the transaction to be committed and finalized.
You may skip this step by interrupting the command using Ctrl-C (pass flag '--no-wait' to do this by default).
The transaction will still get processed and may be queried using
  'transaction status 8cfff761f4cd6f071482db8f6a9d52fb1116dd6f38a23305d38d741f6250f491'.
[13:12:59] Waiting for the transaction to be committed..............
Transaction is committed into block 9b58647088d920d3c19d9e73c2362f66963f381a58dd29dab0838005ad823563 with status "success" and cost 3.007000 GTU (30070 NRG).
[13:13:24] Waiting for the transaction to be finalized....
[13:13:30] Transaction finalized.
spawn ./concordium-client --grpc-ip 127.0.0.01 --grpc-port 10000 transaction send-gtu-encrypted --receiver 3ovmgsXBQ3u69pnJ9SRjsFcGfJewCfzChCXPCosHG2oEzqf1ft --amount 0.1 --sender 35xLMXWrmdL5k4TQ9bqV9nkeuVGT5NLXxzauxyfFbKZ2e1r3mn --no-confirm
Using default energy amount of 30070 NRG.
Enter password for decrypting the secret encryption key:63668990
 
Transferring 0.100000 GTU from encrypted balance of account '35xLMXWrmdL5k4TQ9bqV9nkeuVGT5NLXxzauxyfFbKZ2e1r3mn' (Namek2) to '3ovmgsXBQ3u69pnJ9SRjsFcGfJewCfzChCXPCosHG2oEzqf1ft' (Namek).
Allowing up to 30070 NRG to be spent as transaction fee.
Transaction expires at Fri, 29 Jan 2021 13:25:01 UTC.
Enter password for signing key: 
[92mTransaction 'eec3483b723a96f824634d75688795843416cf8ce4995ac5d55d60b8ad7c4517' sent to the baker.
[0mWaiting for the transaction to be committed and finalized.
You may skip this step by interrupting the command using Ctrl-C (pass flag '--no-wait' to do this by default).
The transaction will still get processed and may be queried using
  'transaction status eec3483b723a96f824634d75688795843416cf8ce4995ac5d55d60b8ad7c4517'.
[13:15:03] Waiting for the transaction to be committed......
Transaction is committed into block 05385820f6e1265a68f5da87286e286f7d0f3fcfaae5aa24290a8dbce4f99341 with status "success" and cost 3.007000 GTU (30070 NRG).
[13:15:11] Waiting for the transaction to be finalized....
[13:15:16] Transaction finalized.
spawn ./concordium-client --grpc-ip 127.0.0.01 --grpc-port 10000 transaction send-gtu-encrypted --receiver 3ovmgsXBQ3u69pnJ9SRjsFcGfJewCfzChCXPCosHG2oEzqf1ft --amount 0.1 --sender 35xLMXWrmdL5k4TQ9bqV9nkeuVGT5NLXxzauxyfFbKZ2e1r3mn --no-confirm
Using default energy amount of 30070 NRG.
Enter password for decrypting the secret encryption key: 
Transferring 0.100000 GTU from encrypted balance of account '35xLMXWrmdL5k4TQ9bqV9nkeuVGT5NLXxzauxyfFbKZ2e1r3mn' (Namek2) to '3ovmgsXBQ3u69pnJ9SRjsFcGfJewCfzChCXPCosHG2oEzqf1ft' (Namek).
Allowing up to 30070 NRG to be spent as transaction fee.
Transaction expires at Fri, 29 Jan 2021 13:30:02 UTC.
Enter password for signing key: 
[92mTransaction 'b3107694fe94f6c5bac06690aec56f4bf898b0ae0baf7f449eb4ecbdbaa5393d' sent to the baker.
[0mWaiting for the transaction to be committed and finalized.
You may skip this step by interrupting the command using Ctrl-C (pass flag '--no-wait' to do this by default).
The transaction will still get processed and may be queried using
  'transaction status b3107694fe94f6c5bac06690aec56f4bf898b0ae0baf7f449eb4ecbdbaa5393d'.
[13:20:03] Waiting for the transaction to be committed...........
Transaction is committed into block 777af81a49abd1243e0c9b24110b9c1f3ce511893cfa8aec1b08915a51ffce95 with status "success" and cost 3.007000 GTU (30070 NRG).
[13:20:22] Waiting for the transaction to be finalized....
[13:20:27] Transaction finalized.
spawn ./concordium-client --grpc-ip 127.0.0.01 --grpc-port 10000 transaction send-gtu-encrypted --receiver 3ovmgsXBQ3u69pnJ9SRjsFcGfJewCfzChCXPCosHG2oEzqf1ft --amount 0.1 --sender 35xLMXWrmdL5k4TQ9bqV9nkeuVGT5NLXxzauxyfFbKZ2e1r3mn --no-confirm
Using default energy amount of 30070 NRG.
Enter password for decrypting the secret encryption key: 63668990

Transferring 0.100000 GTU from encrypted balance of account '35xLMXWrmdL5k4TQ9bqV9nkeuVGT5NLXxzauxyfFbKZ2e1r3mn' (Namek2) to '3ovmgsXBQ3u69pnJ9SRjsFcGfJewCfzChCXPCosHG2oEzqf1ft' (Namek).
Allowing up to 30070 NRG to be spent as transaction fee.
Transaction expires at Fri, 29 Jan 2021 13:35:02 UTC.
Enter password for signing key:63668990
 
[92mTransaction 'd9ab5626bfcbebf24d6faa3d711374220341e830449ce7602f5711456d203fc2' sent to the baker.
[0mWaiting for the transaction to be committed and finalized.
You may skip this step by interrupting the command using Ctrl-C (pass flag '--no-wait' to do this by default).
The transaction will still get processed and may be queried using
  'transaction status d9ab5626bfcbebf24d6faa3d711374220341e830449ce7602f5711456d203fc2'.
[13:25:03] Waiting for the transaction to be committed...............
Transaction is finalized into block 1025cc5e0da1d7c789990e628459deb7eea506681ebd889a3c4f4ff606984dd0 with status "success" and cost 3.007000 GTU (30070 NRG).
[13:25:31] Waiting for the transaction to be finalized...
[13:25:31] Transaction finalized.
spawn ./concordium-client --grpc-ip 127.0.0.01 --grpc-port 10000 transaction send-gtu-encrypted --receiver 3ovmgsXBQ3u69pnJ9SRjsFcGfJewCfzChCXPCosHG2oEzqf1ft --amount 0.1 --sender 35xLMXWrmdL5k4TQ9bqV9nkeuVGT5NLXxzauxyfFbKZ2e1r3mn --no-confirm
Using default energy amount of 30070 NRG.
Enter password for decrypting the secret encryption key: 
Transferring 0.100000 GTU from encrypted balance of account '35xLMXWrmdL5k4TQ9bqV9nkeuVGT5NLXxzauxyfFbKZ2e1r3mn' (Namek2) to '3ovmgsXBQ3u69pnJ9SRjsFcGfJewCfzChCXPCosHG2oEzqf1ft' (Namek).
Allowing up to 30070 NRG to be spent as transaction fee.
Transaction expires at Fri, 29 Jan 2021 13:40:01 UTC.
Enter password for signing key: 
[92mTransaction '16067f194769b955fbcbff0f9f2b7ce54719db07a112ab7bba0d379d9fce2b2f' sent to the baker.
[0mWaiting for the transaction to be committed and finalized.
You may skip this step by interrupting the command using Ctrl-C (pass flag '--no-wait' to do this by default).
The transaction will still get processed and may be queried using
  'transaction status 16067f194769b955fbcbff0f9f2b7ce54719db07a112ab7bba0d379d9fce2b2f'.
[13:30:03] Waiting for the transaction to be committed...............
Transaction is committed into block 6bf746cebfb1280076bd3bd36602edb662e042aef67c666be1ec5f3a8b032391 with status "success" and cost 3.007000 GTU (30070 NRG).
[13:30:31] Waiting for the transaction to be finalized....
[13:30:36] Transaction finalized.
spawn ./concordium-client --grpc-ip 127.0.0.01 --grpc-port 10000 transaction send-gtu-encrypted --receiver 3ovmgsXBQ3u69pnJ9SRjsFcGfJewCfzChCXPCosHG2oEzqf1ft --amount 0.1 --sender 35xLMXWrmdL5k4TQ9bqV9nkeuVGT5NLXxzauxyfFbKZ2e1r3mn --no-confirm
Using default energy amount of 30070 NRG.
Enter password for decrypting the secret encryption key: 
Transferring 0.100000 GTU from encrypted balance of account '35xLMXWrmdL5k4TQ9bqV9nkeuVGT5NLXxzauxyfFbKZ2e1r3mn' (Namek2) to '3ovmgsXBQ3u69pnJ9SRjsFcGfJewCfzChCXPCosHG2oEzqf1ft' (Namek).
Allowing up to 30070 NRG to be spent as transaction fee.
Transaction expires at Fri, 29 Jan 2021 13:45:02 UTC.
Enter password for signing key: 
[92mTransaction 'f974e1e97ec9a00b17ce34831d49cab2e3dbff57eda1d6fa86c3391f2e23e796' sent to the baker.
[0mWaiting for the transaction to be committed and finalized.
You may skip this step by interrupting the command using Ctrl-C (pass flag '--no-wait' to do this by default).
The transaction will still get processed and may be queried using
  'transaction status f974e1e97ec9a00b17ce34831d49cab2e3dbff57eda1d6fa86c3391f2e23e796'.
[13:35:03] Waiting for the transaction to be committed......................
Transaction is committed into block 45e5ebad3243a493041449230a4f1d026a13bd37dcf82aa38eedfa9fadc6fc13 with status "success" and cost 3.007000 GTU (30070 NRG).
[13:35:47] Waiting for the transaction to be finalized....
[13:35:53] Transaction finalized.
spawn ./concordium-client --grpc-ip 127.0.0.01 --grpc-port 10000 transaction send-gtu-encrypted --receiver 3ovmgsXBQ3u69pnJ9SRjsFcGfJewCfzChCXPCosHG2oEzqf1ft --amount 0.1 --sender 35xLMXWrmdL5k4TQ9bqV9nkeuVGT5NLXxzauxyfFbKZ2e1r3mn --no-confirm
Using default energy amount of 30070 NRG.
Enter password for decrypting the secret encryption key: 
Transferring 0.100000 GTU from encrypted balance of account '35xLMXWrmdL5k4TQ9bqV9nkeuVGT5NLXxzauxyfFbKZ2e1r3mn' (Namek2) to '3ovmgsXBQ3u69pnJ9SRjsFcGfJewCfzChCXPCosHG2oEzqf1ft' (Namek).
Allowing up to 30070 NRG to be spent as transaction fee.
Transaction expires at Fri, 29 Jan 2021 13:50:01 UTC.
Enter password for signing key: 
[92mTransaction '62222002cd322bba7fe8c1559a2c8284b68e7b1d308ba86889f26c164adea207' sent to the baker.
[0mWaiting for the transaction to be committed and finalized.
You may skip this step by interrupting the command using Ctrl-C (pass flag '--no-wait' to do this by default).
The transaction will still get processed and may be queried using
  'transaction status 62222002cd322bba7fe8c1559a2c8284b68e7b1d308ba86889f26c164adea207'.
[13:40:03] Waiting for the transaction to be committed..........
Transaction is committed into block 80967a578a3e768b497e3db7434a0ebd2bfd0653a3719c5d29f852ea9a3cc4a6 with status "success" and cost 3.007000 GTU (30070 NRG).
[13:40:20] Waiting for the transaction to be finalized....
[13:40:25] Transaction finalized.
spawn ./concordium-client --grpc-ip 127.0.0.01 --grpc-port 10000 transaction send-gtu-encrypted --receiver 3ovmgsXBQ3u69pnJ9SRjsFcGfJewCfzChCXPCosHG2oEzqf1ft --amount 0.1 --sender 35xLMXWrmdL5k4TQ9bqV9nkeuVGT5NLXxzauxyfFbKZ2e1r3mn --no-confirm
Using default energy amount of 30070 NRG.
Enter password for decrypting the secret encryption key: 
Transferring 0.100000 GTU from encrypted balance of account '35xLMXWrmdL5k4TQ9bqV9nkeuVGT5NLXxzauxyfFbKZ2e1r3mn' (Namek2) to '3ovmgsXBQ3u69pnJ9SRjsFcGfJewCfzChCXPCosHG2oEzqf1ft' (Namek).
Allowing up to 30070 NRG to be spent as transaction fee.
Transaction expires at Fri, 29 Jan 2021 13:55:02 UTC.
Enter password for signing key: 
[92mTransaction 'fcc377748e7a86e088617f78bcac7295d801e2d028ca729dd071811befdb90a2' sent to the baker.
[0mWaiting for the transaction to be committed and finalized.
You may skip this step by interrupting the command using Ctrl-C (pass flag '--no-wait' to do this by default).
The transaction will still get processed and may be queried using
  'transaction status fcc377748e7a86e088617f78bcac7295d801e2d028ca729dd071811befdb90a2'.
[13:45:03] Waiting for the transaction to be committed..............
Transaction is committed into block b7aff9394431ff977a130fb4aad28e20588a884095256129b55b8abebe2e4bbd with status "success" and cost 3.007000 GTU (30070 NRG).
[13:45:30] Waiting for the transaction to be finalized....
[13:45:35] Transaction finalized.
spawn ./concordium-client --grpc-ip 127.0.0.01 --grpc-port 10000 transaction send-gtu-encrypted --receiver 3ovmgsXBQ3u69pnJ9SRjsFcGfJewCfzChCXPCosHG2oEzqf1ft --amount 0.1 --sender 35xLMXWrmdL5k4TQ9bqV9nkeuVGT5NLXxzauxyfFbKZ2e1r3mn --no-confirm
Using default energy amount of 30070 NRG.
Enter password for decrypting the secret encryption key: 
Transferring 0.100000 GTU from encrypted balance of account '35xLMXWrmdL5k4TQ9bqV9nkeuVGT5NLXxzauxyfFbKZ2e1r3mn' (Namek2) to '3ovmgsXBQ3u69pnJ9SRjsFcGfJewCfzChCXPCosHG2oEzqf1ft' (Namek).
Allowing up to 30070 NRG to be spent as transaction fee.
Transaction expires at Fri, 29 Jan 2021 14:00:02 UTC.
Enter password for signing key: 
[92mTransaction '3dc113b118c620221abcfd64be41b5b6a8df689f58129da8dee2bf9e7d3b26c8' sent to the baker.
[0mWaiting for the transaction to be committed and finalized.
You may skip this step by interrupting the command using Ctrl-C (pass flag '--no-wait' to do this by default).
The transaction will still get processed and may be queried using
  'transaction status 3dc113b118c620221abcfd64be41b5b6a8df689f58129da8dee2bf9e7d3b26c8'.
[13:50:03] Waiting for the transaction to be committed...........
Transaction is committed into block dfc0667462b13ad2690a22b224567c22e4bbc5bd11fb82c03597ff622e0f6aa4 with status "success" and cost 3.007000 GTU (30070 NRG).
[13:50:23] Waiting for the transaction to be finalized....
[13:50:28] Transaction finalized.
spawn ./concordium-client --grpc-ip 127.0.0.01 --grpc-port 10000 transaction send-gtu-encrypted --receiver 3ovmgsXBQ3u69pnJ9SRjsFcGfJewCfzChCXPCosHG2oEzqf1ft --amount 0.1 --sender 35xLMXWrmdL5k4TQ9bqV9nkeuVGT5NLXxzauxyfFbKZ2e1r3mn --no-confirm
Using default energy amount of 30070 NRG.
Enter password for decrypting the secret encryption key: 
Transferring 0.100000 GTU from encrypted balance of account '35xLMXWrmdL5k4TQ9bqV9nkeuVGT5NLXxzauxyfFbKZ2e1r3mn' (Namek2) to '3ovmgsXBQ3u69pnJ9SRjsFcGfJewCfzChCXPCosHG2oEzqf1ft' (Namek).
Allowing up to 30070 NRG to be spent as transaction fee.
Transaction expires at Fri, 29 Jan 2021 14:05:02 UTC.
Enter password for signing key: 
[92mTransaction 'e614bd225975610c1d0c3f5e73e996c4e9c19ea9dc96247683fefea84612d1e6' sent to the baker.
[0mWaiting for the transaction to be committed and finalized.
You may skip this step by interrupting the command using Ctrl-C (pass flag '--no-wait' to do this by default).
The transaction will still get processed and may be queried using
  'transaction status e614bd225975610c1d0c3f5e73e996c4e9c19ea9dc96247683fefea84612d1e6'.
[13:55:03] Waiting for the transaction to be committed......
Transaction is committed into block 4d5604e9cc92fa52ca376590861f32b0d14e147e00ec37fe4e1f838e0785260c with status "success" and cost 3.007000 GTU (30070 NRG).
[13:55:10] Waiting for the transaction to be finalized....
[13:55:15] Transaction finalized.
spawn ./concordium-client --grpc-ip 127.0.0.01 --grpc-port 10000 transaction send-gtu-encrypted --receiver 3ovmgsXBQ3u69pnJ9SRjsFcGfJewCfzChCXPCosHG2oEzqf1ft --amount 0.1 --sender 35xLMXWrmdL5k4TQ9bqV9nkeuVGT5NLXxzauxyfFbKZ2e1r3mn --no-confirm
Using default energy amount of 30070 NRG.
Enter password for decrypting the secret encryption key: 
Transferring 0.100000 GTU from encrypted balance of account '35xLMXWrmdL5k4TQ9bqV9nkeuVGT5NLXxzauxyfFbKZ2e1r3mn' (Namek2) to '3ovmgsXBQ3u69pnJ9SRjsFcGfJewCfzChCXPCosHG2oEzqf1ft' (Namek).
Allowing up to 30070 NRG to be spent as transaction fee.
Transaction expires at Fri, 29 Jan 2021 15:10:02 UTC.
Enter password for signing key: 
[92mTransaction '91ae47cc6b1f45743774924e543d4407e7472e79d3e595a87b18df75920e7661' sent to the baker.
[0mWaiting for the transaction to be committed and finalized.
You may skip this step by interrupting the command using Ctrl-C (pass flag '--no-wait' to do this by default).
The transaction will still get processed and may be queried using
  'transaction status 91ae47cc6b1f45743774924e543d4407e7472e79d3e595a87b18df75920e7661'.
[15:00:07] Waiting for the transaction to be committed........
Transaction is committed into block 75559f48dbff9b0259a4e284c8a108c728d1b87faedc9a482bc94a752ffd2a45 with status "success" and cost 3.007000 GTU (30070 NRG).
[15:00:20] Waiting for the transaction to be finalized....
[15:00:26] Transaction finalized.
spawn ./concordium-client --grpc-ip 127.0.0.01 --grpc-port 10000 transaction send-gtu-encrypted --receiver 3ovmgsXBQ3u69pnJ9SRjsFcGfJewCfzChCXPCosHG2oEzqf1ft --amount 0.1 --sender 35xLMXWrmdL5k4TQ9bqV9nkeuVGT5NLXxzauxyfFbKZ2e1r3mn --no-confirm
Using default energy amount of 30070 NRG.
Enter password for decrypting the secret encryption key: 
Transferring 0.100000 GTU from encrypted balance of account '35xLMXWrmdL5k4TQ9bqV9nkeuVGT5NLXxzauxyfFbKZ2e1r3mn' (Namek2) to '3ovmgsXBQ3u69pnJ9SRjsFcGfJewCfzChCXPCosHG2oEzqf1ft' (Namek).
Allowing up to 30070 NRG to be spent as transaction fee.
Transaction expires at Fri, 29 Jan 2021 15:15:01 UTC.
Enter password for signing key: 
[92mTransaction 'dff9c968b73aff1f38a9c2524e8745eed97f489c10b0907517325e9e218abe37' sent to the baker.
[0mWaiting for the transaction to be committed and finalized.
You may skip this step by interrupting the command using Ctrl-C (pass flag '--no-wait' to do this by default).
The transaction will still get processed and may be queried using
  'transaction status dff9c968b73aff1f38a9c2524e8745eed97f489c10b0907517325e9e218abe37'.
[15:05:06] Waiting for the transaction to be committed...........
Transaction is committed into block de4d0951be8dec7c2cd45096c2910bd3bd934ac6c88cd906c6e1aa94ef32997c with status "success" and cost 3.007000 GTU (30070 NRG).
[15:05:25] Waiting for the transaction to be finalized....
[15:05:31] Transaction finalized.
spawn ./concordium-client --grpc-ip 127.0.0.01 --grpc-port 10000 transaction send-gtu-encrypted --receiver 3ovmgsXBQ3u69pnJ9SRjsFcGfJewCfzChCXPCosHG2oEzqf1ft --amount 0.1 --sender 35xLMXWrmdL5k4TQ9bqV9nkeuVGT5NLXxzauxyfFbKZ2e1r3mn --no-confirm
Using default energy amount of 30070 NRG.
Enter password for decrypting the secret encryption key: 
Transferring 0.100000 GTU from encrypted balance of account '35xLMXWrmdL5k4TQ9bqV9nkeuVGT5NLXxzauxyfFbKZ2e1r3mn' (Namek2) to '3ovmgsXBQ3u69pnJ9SRjsFcGfJewCfzChCXPCosHG2oEzqf1ft' (Namek).
Allowing up to 30070 NRG to be spent as transaction fee.
Transaction expires at Fri, 29 Jan 2021 15:20:01 UTC.
Enter password for signing key: 
[92mTransaction '64f0a4ed78075c8f8bc4e796031f4bc710fbe7674419ed5cbeecd623e5ea6543' sent to the baker.
[0mWaiting for the transaction to be committed and finalized.
You may skip this step by interrupting the command using Ctrl-C (pass flag '--no-wait' to do this by default).
The transaction will still get processed and may be queried using
  'transaction status 64f0a4ed78075c8f8bc4e796031f4bc710fbe7674419ed5cbeecd623e5ea6543'.
[15:10:06] Waiting for the transaction to be committed...............
Transaction is committed into block 234a1d6e2c4ca7d3492bb90cbecb675c73e6ec436457d5b349be55537e0823d2 with status "success" and cost 3.007000 GTU (30070 NRG).
[15:10:34] Waiting for the transaction to be finalized....
[15:10:40] Transaction finalized.
spawn ./concordium-client --grpc-ip 127.0.0.01 --grpc-port 10000 transaction send-gtu-encrypted --receiver 3ovmgsXBQ3u69pnJ9SRjsFcGfJewCfzChCXPCosHG2oEzqf1ft --amount 0.1 --sender 35xLMXWrmdL5k4TQ9bqV9nkeuVGT5NLXxzauxyfFbKZ2e1r3mn --no-confirm
Using default energy amount of 30070 NRG.
Enter password for decrypting the secret encryption key: 
Transferring 0.100000 GTU from encrypted balance of account '35xLMXWrmdL5k4TQ9bqV9nkeuVGT5NLXxzauxyfFbKZ2e1r3mn' (Namek2) to '3ovmgsXBQ3u69pnJ9SRjsFcGfJewCfzChCXPCosHG2oEzqf1ft' (Namek).
Allowing up to 30070 NRG to be spent as transaction fee.
Transaction expires at Fri, 29 Jan 2021 15:25:02 UTC.
Enter password for signing key: 63668990

[92mTransaction '74f7013b9a0d900dafa886647306838f62bf907deaf22ed48cbafb50909aff75' sent to the baker.
[0mWaiting for the transaction to be committed and finalized.
You may skip this step by interrupting the command using Ctrl-C (pass flag '--no-wait' to do this by default).
The transaction will still get processed and may be queried using
  'transaction status 74f7013b9a0d900dafa886647306838f62bf907deaf22ed48cbafb50909aff75'.
[15:15:07] Waiting for the transaction to be committed....
Transaction is finalized into block 823b79584918d54d037a6279c18e89d6ec5d1601b78b9f0337d70d411ae6cf99 with status "success" and cost 3.007000 GTU (30070 NRG).
[15:15:09] Waiting for the transaction to be finalized...
[15:15:09] Transaction finalized.
spawn ./concordium-client --grpc-ip 127.0.0.01 --grpc-port 10000 transaction send-gtu-encrypted --receiver 3ovmgsXBQ3u69pnJ9SRjsFcGfJewCfzChCXPCosHG2oEzqf1ft --amount 0.1 --sender 35xLMXWrmdL5k4TQ9bqV9nkeuVGT5NLXxzauxyfFbKZ2e1r3mn --no-confirm
Using default energy amount of 30070 NRG.
Enter password for decrypting the secret encryption key: 
Transferring 0.100000 GTU from encrypted balance of account '35xLMXWrmdL5k4TQ9bqV9nkeuVGT5NLXxzauxyfFbKZ2e1r3mn' (Namek2) to '3ovmgsXBQ3u69pnJ9SRjsFcGfJewCfzChCXPCosHG2oEzqf1ft' (Namek).
Allowing up to 30070 NRG to be spent as transaction fee.
Transaction expires at Fri, 29 Jan 2021 15:30:02 UTC.
Enter password for signing key: 
[92mTransaction 'd40430dcc175ee5aa7a7c47fc494774ec3eed6898db136ebe5d2adffa1980fed' sent to the baker.
[0mWaiting for the transaction to be committed and finalized.
You may skip this step by interrupting the command using Ctrl-C (pass flag '--no-wait' to do this by default).
The transaction will still get processed and may be queried using
  'transaction status d40430dcc175ee5aa7a7c47fc494774ec3eed6898db136ebe5d2adffa1980fed'.
[15:20:07] Waiting for the transaction to be committed.....................
Transaction is committed into block c6f49b9afc4d909c5bc50f80c1c09e1a5b69ceb5a7d68cea7038061af953b724 with status "success" and cost 3.007000 GTU (30070 NRG).
[15:20:52] Waiting for the transaction to be finalized......
[15:21:08] Transaction finalized.
spawn ./concordium-client --grpc-ip 127.0.0.01 --grpc-port 10000 transaction send-gtu-encrypted --receiver 3ovmgsXBQ3u69pnJ9SRjsFcGfJewCfzChCXPCosHG2oEzqf1ft --amount 0.1 --sender 35xLMXWrmdL5k4TQ9bqV9nkeuVGT5NLXxzauxyfFbKZ2e1r3mn --no-confirm
Using default energy amount of 30070 NRG.
Enter password for decrypting the secret encryption key: 
Transferring 0.100000 GTU from encrypted balance of account '35xLMXWrmdL5k4TQ9bqV9nkeuVGT5NLXxzauxyfFbKZ2e1r3mn' (Namek2) to '3ovmgsXBQ3u69pnJ9SRjsFcGfJewCfzChCXPCosHG2oEzqf1ft' (Namek).
Allowing up to 30070 NRG to be spent as transaction fee.
Transaction expires at Fri, 29 Jan 2021 15:35:02 UTC.
Enter password for signing key: 
[92mTransaction '509646491d4160d022cfc2005a4d970d2d9141eb01a5d44ff9f6195fa6a0735e' sent to the baker.
[0mWaiting for the transaction to be committed and finalized.
You may skip this step by interrupting the command using Ctrl-C (pass flag '--no-wait' to do this by default).
The transaction will still get processed and may be queried using
  'transaction status 509646491d4160d022cfc2005a4d970d2d9141eb01a5d44ff9f6195fa6a0735e'.
[15:25:07] Waiting for the transaction to be committed......
Transaction is committed into block 968218054f5763b13c7b7c89e46f66398a60cdae16d8a71faa41403627b13082 with status "success" and cost 3.007000 GTU (30070 NRG).
[15:25:14] Waiting for the transaction to be finalized....
[15:25:19] Transaction finalized.
spawn ./concordium-client --grpc-ip 127.0.0.01 --grpc-port 10000 transaction send-gtu-encrypted --receiver 3ovmgsXBQ3u69pnJ9SRjsFcGfJewCfzChCXPCosHG2oEzqf1ft --amount 0.1 --sender 35xLMXWrmdL5k4TQ9bqV9nkeuVGT5NLXxzauxyfFbKZ2e1r3mn --no-confirm
Using default energy amount of 30070 NRG.
Enter password for decrypting the secret encryption key: 
Transferring 0.100000 GTU from encrypted balance of account '35xLMXWrmdL5k4TQ9bqV9nkeuVGT5NLXxzauxyfFbKZ2e1r3mn' (Namek2) to '3ovmgsXBQ3u69pnJ9SRjsFcGfJewCfzChCXPCosHG2oEzqf1ft' (Namek).
Allowing up to 30070 NRG to be spent as transaction fee.
Transaction expires at Fri, 29 Jan 2021 15:40:02 UTC.
Enter password for signing key: 
[92mTransaction '579750d5502006a64637b2e4a0e6cf30b5a0a14502d701331f4e5de81a83d2d0' sent to the baker.
[0mWaiting for the transaction to be committed and finalized.
You may skip this step by interrupting the command using Ctrl-C (pass flag '--no-wait' to do this by default).
The transaction will still get processed and may be queried using
  'transaction status 579750d5502006a64637b2e4a0e6cf30b5a0a14502d701331f4e5de81a83d2d0'.
[15:30:07] Waiting for the transaction to be committed....................
Transaction is committed into block 1545df7e4961e188df2ba7153f424df35a79470a2ad558c46fcf786c96f15b51 with status "success" and cost 3.007000 GTU (30070 NRG).
[15:30:49] Waiting for the transaction to be finalized....
[15:30:54] Transaction finalized.
spawn ./concordium-client --grpc-ip 127.0.0.01 --grpc-port 10000 transaction send-gtu-encrypted --receiver 3ovmgsXBQ3u69pnJ9SRjsFcGfJewCfzChCXPCosHG2oEzqf1ft --amount 0.1 --sender 35xLMXWrmdL5k4TQ9bqV9nkeuVGT5NLXxzauxyfFbKZ2e1r3mn --no-confirm
Using default energy amount of 30070 NRG.
Enter password for decrypting the secret encryption key: 63668990

Transferring 0.100000 GTU from encrypted balance of account '35xLMXWrmdL5k4TQ9bqV9nkeuVGT5NLXxzauxyfFbKZ2e1r3mn' (Namek2) to '3ovmgsXBQ3u69pnJ9SRjsFcGfJewCfzChCXPCosHG2oEzqf1ft' (Namek).
Allowing up to 30070 NRG to be spent as transaction fee.
Transaction expires at Fri, 29 Jan 2021 15:45:02 UTC.
Enter password for signing key: 
[92mTransaction 'e785c848e4aefddaabb1a95307582702ca3d4351a2725b9aedb8c49d53885d94' sent to the baker.
[0mWaiting for the transaction to be committed and finalized.
You may skip this step by interrupting the command using Ctrl-C (pass flag '--no-wait' to do this by default).
The transaction will still get processed and may be queried using
  'transaction status e785c848e4aefddaabb1a95307582702ca3d4351a2725b9aedb8c49d53885d94'.
[15:35:07] Waiting for the transaction to be committed.............
Transaction is committed into block a350bf834d62d5eea0a55f8f772e241aec424157e0a9c5cfa8fce8102d44bed4 with status "success" and cost 3.007000 GTU (30070 NRG).
[15:35:31] Waiting for the transaction to be finalized....
[15:35:37] Transaction finalized.
spawn ./concordium-client --grpc-ip 127.0.0.01 --grpc-port 10000 transaction send-gtu-encrypted --receiver 3ovmgsXBQ3u69pnJ9SRjsFcGfJewCfzChCXPCosHG2oEzqf1ft --amount 0.1 --sender 35xLMXWrmdL5k4TQ9bqV9nkeuVGT5NLXxzauxyfFbKZ2e1r3mn --no-confirm
Using default energy amount of 30070 NRG.
Enter password for decrypting the secret encryption key: 
Transferring 0.100000 GTU from encrypted balance of account '35xLMXWrmdL5k4TQ9bqV9nkeuVGT5NLXxzauxyfFbKZ2e1r3mn' (Namek2) to '3ovmgsXBQ3u69pnJ9SRjsFcGfJewCfzChCXPCosHG2oEzqf1ft' (Namek).
Allowing up to 30070 NRG to be spent as transaction fee.
Transaction expires at Fri, 29 Jan 2021 15:50:02 UTC.
Enter password for signing key: 
[92mTransaction 'c1d467044fc795079dcc10607ec8efd7d4419ba755819e664a869b923a9073c2' sent to the baker.
[0mWaiting for the transaction to be committed and finalized.
You may skip this step by interrupting the command using Ctrl-C (pass flag '--no-wait' to do this by default).
The transaction will still get processed and may be queried using
  'transaction status c1d467044fc795079dcc10607ec8efd7d4419ba755819e664a869b923a9073c2'.
[15:40:07] Waiting for the transaction to be committed........
Transaction is committed into block be960fb8a6dadb37fe0c4409e982515fff6a1c53da843dea62b2835876f3e901 with status "success" and cost 3.007000 GTU (30070 NRG).
[15:40:18] Waiting for the transaction to be finalized....
[15:40:24] Transaction finalized.
spawn ./concordium-client --grpc-ip 127.0.0.01 --grpc-port 10000 transaction send-gtu-encrypted --receiver 3ovmgsXBQ3u69pnJ9SRjsFcGfJewCfzChCXPCosHG2oEzqf1ft --amount 0.1 --sender 35xLMXWrmdL5k4TQ9bqV9nkeuVGT5NLXxzauxyfFbKZ2e1r3mn --no-confirm
Using default energy amount of 30070 NRG.
Enter password for decrypting the secret encryption key: 
Transferring 0.100000 GTU from encrypted balance of account '35xLMXWrmdL5k4TQ9bqV9nkeuVGT5NLXxzauxyfFbKZ2e1r3mn' (Namek2) to '3ovmgsXBQ3u69pnJ9SRjsFcGfJewCfzChCXPCosHG2oEzqf1ft' (Namek).
Allowing up to 30070 NRG to be spent as transaction fee.
Transaction expires at Fri, 29 Jan 2021 15:55:01 UTC.
Enter password for signing key: 
[92mTransaction '87dc9737d06afea5fb9855e936f7683e0b88605017c898d53ca15776b7697729' sent to the baker.
[0mWaiting for the transaction to be committed and finalized.
You may skip this step by interrupting the command using Ctrl-C (pass flag '--no-wait' to do this by default).
The transaction will still get processed and may be queried using
  'transaction status 87dc9737d06afea5fb9855e936f7683e0b88605017c898d53ca15776b7697729'.
[15:45:06] Waiting for the transaction to be committed........
Transaction is committed into block 74ad212b8ff0a18acd1cf90477d7564e4ebc343230153f078b522fc9556a307c with status "success" and cost 3.007000 GTU (30070 NRG).
[15:45:18] Waiting for the transaction to be finalized....
[15:45:24] Transaction finalized.
spawn ./concordium-client --grpc-ip 127.0.0.01 --grpc-port 10000 transaction send-gtu-encrypted --receiver 3ovmgsXBQ3u69pnJ9SRjsFcGfJewCfzChCXPCosHG2oEzqf1ft --amount 0.1 --sender 35xLMXWrmdL5k4TQ9bqV9nkeuVGT5NLXxzauxyfFbKZ2e1r3mn --no-confirm
Using default energy amount of 30070 NRG.
Enter password for decrypting the secret encryption key: 
Transferring 0.100000 GTU from encrypted balance of account '35xLMXWrmdL5k4TQ9bqV9nkeuVGT5NLXxzauxyfFbKZ2e1r3mn' (Namek2) to '3ovmgsXBQ3u69pnJ9SRjsFcGfJewCfzChCXPCosHG2oEzqf1ft' (Namek).
Allowing up to 30070 NRG to be spent as transaction fee.
Transaction expires at Fri, 29 Jan 2021 16:00:01 UTC.
Enter password for signing key: 
[92mTransaction '792e06419df375a2a4459f12034cd772860cb32c03d69b773f419ab52dd595dd' sent to the baker.
[0mWaiting for the transaction to be committed and finalized.
You may skip this step by interrupting the command using Ctrl-C (pass flag '--no-wait' to do this by default).
The transaction will still get processed and may be queried using
  'transaction status 792e06419df375a2a4459f12034cd772860cb32c03d69b773f419ab52dd595dd'.
[15:50:06] Waiting for the transaction to be committed.......................
Transaction is committed into block 1e5b469b11d2dd0d298171f4ffa67cb215b9f8f2e38c98f92a83e2b59b48b2b6 with status "success" and cost 3.007000 GTU (30070 NRG).
[15:50:53] Waiting for the transaction to be finalized....
[15:50:59] Transaction finalized.
spawn ./concordium-client --grpc-ip 127.0.0.01 --grpc-port 10000 transaction send-gtu-encrypted --receiver 3ovmgsXBQ3u69pnJ9SRjsFcGfJewCfzChCXPCosHG2oEzqf1ft --amount 0.1 --sender 35xLMXWrmdL5k4TQ9bqV9nkeuVGT5NLXxzauxyfFbKZ2e1r3mn --no-confirm
Using default energy amount of 30070 NRG.
Enter password for decrypting the secret encryption key: 
Transferring 0.100000 GTU from encrypted balance of account '35xLMXWrmdL5k4TQ9bqV9nkeuVGT5NLXxzauxyfFbKZ2e1r3mn' (Namek2) to '3ovmgsXBQ3u69pnJ9SRjsFcGfJewCfzChCXPCosHG2oEzqf1ft' (Namek).
Allowing up to 30070 NRG to be spent as transaction fee.
Transaction expires at Fri, 29 Jan 2021 16:05:01 UTC.
Enter password for signing key: 
[92mTransaction '4d329618f6e7100718cc13938c78c3d37537215ce50384b33f9d4ec163afeb09' sent to the baker.
[0mWaiting for the transaction to be committed and finalized.
You may skip this step by interrupting the command using Ctrl-C (pass flag '--no-wait' to do this by default).
The transaction will still get processed and may be queried using
  'transaction status 4d329618f6e7100718cc13938c78c3d37537215ce50384b33f9d4ec163afeb09'.
[15:55:06] Waiting for the transaction to be committed.............
Transaction is committed into block fdcff82836867d31a40164963b5ed15b8a3c213bf9ecb39247c00e1623d514e8 with status "success" and cost 3.007000 GTU (30070 NRG).
[15:55:30] Waiting for the transaction to be finalized....
[15:55:35] Transaction finalized.
spawn ./concordium-client --grpc-ip 127.0.0.01 --grpc-port 10000 transaction send-gtu-encrypted --receiver 3ovmgsXBQ3u69pnJ9SRjsFcGfJewCfzChCXPCosHG2oEzqf1ft --amount 0.1 --sender 35xLMXWrmdL5k4TQ9bqV9nkeuVGT5NLXxzauxyfFbKZ2e1r3mn --no-confirm
Using default energy amount of 30070 NRG.
Enter password for decrypting the secret encryption key: 63668990

Transferring 0.100000 GTU from encrypted balance of account '35xLMXWrmdL5k4TQ9bqV9nkeuVGT5NLXxzauxyfFbKZ2e1r3mn' (Namek2) to '3ovmgsXBQ3u69pnJ9SRjsFcGfJewCfzChCXPCosHG2oEzqf1ft' (Namek).
Allowing up to 30070 NRG to be spent as transaction fee.
Transaction expires at Fri, 29 Jan 2021 17:10:02 UTC.
Enter password for signing key: 
[92mTransaction '3c2dd72230693de7ddb91b689bee0b5c0fdef3c78d336774a37b9d4a18a0ee9f' sent to the baker.
[0mWaiting for the transaction to be committed and finalized.
You may skip this step by interrupting the command using Ctrl-C (pass flag '--no-wait' to do this by default).
The transaction will still get processed and may be queried using
  'transaction status 3c2dd72230693de7ddb91b689bee0b5c0fdef3c78d336774a37b9d4a18a0ee9f'.
[17:00:07] Waiting for the transaction to be committed..............
Transaction is committed into block 17d48d8921751312b91cc9040b8547ef9942f8ac4e636c0809956cc1a9fe1a2d with status "success" and cost 3.007000 GTU (30070 NRG).
[17:00:33] Waiting for the transaction to be finalized....
[17:00:38] Transaction finalized.
spawn ./concordium-client --grpc-ip 127.0.0.01 --grpc-port 10000 transaction send-gtu-encrypted --receiver 3ovmgsXBQ3u69pnJ9SRjsFcGfJewCfzChCXPCosHG2oEzqf1ft --amount 0.1 --sender 35xLMXWrmdL5k4TQ9bqV9nkeuVGT5NLXxzauxyfFbKZ2e1r3mn --no-confirm
Using default energy amount of 30070 NRG.
Enter password for decrypting the secret encryption key: 
Transferring 0.100000 GTU from encrypted balance of account '35xLMXWrmdL5k4TQ9bqV9nkeuVGT5NLXxzauxyfFbKZ2e1r3mn' (Namek2) to '3ovmgsXBQ3u69pnJ9SRjsFcGfJewCfzChCXPCosHG2oEzqf1ft' (Namek).
Allowing up to 30070 NRG to be spent as transaction fee.
Transaction expires at Fri, 29 Jan 2021 17:15:02 UTC.
Enter password for signing key:63668990
 
[92mTransaction '510f83bf699807454bd082fb124ab95e5c14e62f6ad5314b62ce23d39ccb1a01' sent to the baker.
[0mWaiting for the transaction to be committed and finalized.
You may skip this step by interrupting the command using Ctrl-C (pass flag '--no-wait' to do this by default).
The transaction will still get processed and may be queried using
  'transaction status 510f83bf699807454bd082fb124ab95e5c14e62f6ad5314b62ce23d39ccb1a01'.
[17:05:08] Waiting for the transaction to be committed................
Transaction is committed into block 418eb8450d35fb0842bb7592ec1946723a986af8c2db234dd0301b43e49ad40c with status "success" and cost 3.007000 GTU (30070 NRG).
[17:05:40] Waiting for the transaction to be finalized....
Transaction is finalized into block 1e134cc860c45363037721468d08995c4a340913d0b157c2aa3d5cc4eebbd9c9 with status "success" and cost 3.007000 GTU (30070 NRG).
[17:05:48] Transaction finalized.
spawn ./concordium-client --grpc-ip 127.0.0.01 --grpc-port 10000 transaction send-gtu-encrypted --receiver 3ovmgsXBQ3u69pnJ9SRjsFcGfJewCfzChCXPCosHG2oEzqf1ft --amount 0.1 --sender 35xLMXWrmdL5k4TQ9bqV9nkeuVGT5NLXxzauxyfFbKZ2e1r3mn --no-confirm
Using default energy amount of 30070 NRG.
Enter password for decrypting the secret encryption key: 
Transferring 0.100000 GTU from encrypted balance of account '35xLMXWrmdL5k4TQ9bqV9nkeuVGT5NLXxzauxyfFbKZ2e1r3mn' (Namek2) to '3ovmgsXBQ3u69pnJ9SRjsFcGfJewCfzChCXPCosHG2oEzqf1ft' (Namek).
Allowing up to 30070 NRG to be spent as transaction fee.
Transaction expires at Fri, 29 Jan 2021 17:20:01 UTC.
Enter password for signing key: 
[92mTransaction '9b8e6d996c6e30f5e66c7ec08f68528de2cdafb5ab85af6ee63aff967ee4defc' sent to the baker.
[0mWaiting for the transaction to be committed and finalized.
You may skip this step by interrupting the command using Ctrl-C (pass flag '--no-wait' to do this by default).
The transaction will still get processed and may be queried using
  'transaction status 9b8e6d996c6e30f5e66c7ec08f68528de2cdafb5ab85af6ee63aff967ee4defc'.
[17:10:08] Waiting for the transaction to be committed..................
Transaction is committed into block ac3966c27e70911a6e6dc6466d9599330e431c1a2520aa991376c784a1f22d9f with status "success" and cost 3.007000 GTU (30070 NRG).
[17:10:44] Waiting for the transaction to be finalized....
[17:10:49] Transaction finalized.
spawn ./concordium-client --grpc-ip 127.0.0.01 --grpc-port 10000 transaction send-gtu-encrypted --receiver 3ovmgsXBQ3u69pnJ9SRjsFcGfJewCfzChCXPCosHG2oEzqf1ft --amount 0.1 --sender 35xLMXWrmdL5k4TQ9bqV9nkeuVGT5NLXxzauxyfFbKZ2e1r3mn --no-confirm
Using default energy amount of 30070 NRG.
Enter password for decrypting the secret encryption key: 
Transferring 0.100000 GTU from encrypted balance of account '35xLMXWrmdL5k4TQ9bqV9nkeuVGT5NLXxzauxyfFbKZ2e1r3mn' (Namek2) to '3ovmgsXBQ3u69pnJ9SRjsFcGfJewCfzChCXPCosHG2oEzqf1ft' (Namek).
Allowing up to 30070 NRG to be spent as transaction fee.
Transaction expires at Fri, 29 Jan 2021 17:25:01 UTC.
Enter password for signing key: 
[92mTransaction '87a15ca75d63ba8e11f73ce691519172aeaa0593417cb9993a6c554b45f36273' sent to the baker.
[0mWaiting for the transaction to be committed and finalized.
You may skip this step by interrupting the command using Ctrl-C (pass flag '--no-wait' to do this by default).
The transaction will still get processed and may be queried using
  'transaction status 87a15ca75d63ba8e11f73ce691519172aeaa0593417cb9993a6c554b45f36273'.
[17:15:08] Waiting for the transaction to be committed..........
Transaction is committed into block 1732e36f01b9ccc0b7905835512a124742904adf867a2596bb60768a475256f9 with status "success" and cost 3.007000 GTU (30070 NRG).
[17:15:25] Waiting for the transaction to be finalized.........
[17:15:59] Transaction finalized.
spawn ./concordium-client --grpc-ip 127.0.0.01 --grpc-port 10000 transaction send-gtu-encrypted --receiver 3ovmgsXBQ3u69pnJ9SRjsFcGfJewCfzChCXPCosHG2oEzqf1ft --amount 0.1 --sender 35xLMXWrmdL5k4TQ9bqV9nkeuVGT5NLXxzauxyfFbKZ2e1r3mn --no-confirm
Using default energy amount of 30070 NRG.
Enter password for decrypting the secret encryption key: 
Transferring 0.100000 GTU from encrypted balance of account '35xLMXWrmdL5k4TQ9bqV9nkeuVGT5NLXxzauxyfFbKZ2e1r3mn' (Namek2) to '3ovmgsXBQ3u69pnJ9SRjsFcGfJewCfzChCXPCosHG2oEzqf1ft' (Namek).
Allowing up to 30070 NRG to be spent as transaction fee.
Transaction expires at Fri, 29 Jan 2021 17:30:02 UTC.
Enter password for signing key: 
[92mTransaction '5719bdbfce0ab4384cc06900520202b990d1038cbb97c5475dc88eeaba9fd365' sent to the baker.
[0mWaiting for the transaction to be committed and finalized.
You may skip this step by interrupting the command using Ctrl-C (pass flag '--no-wait' to do this by default).
The transaction will still get processed and may be queried using
  'transaction status 5719bdbfce0ab4384cc06900520202b990d1038cbb97c5475dc88eeaba9fd365'.
[17:20:09] Waiting for the transaction to be committed............
Transaction is committed into block 6d7e3176201270e754ca97637e3e83c98b499584ef8db09516ac38c1ae65cbfd with status "success" and cost 3.007000 GTU (30070 NRG).
[17:20:30] Waiting for the transaction to be finalized....
[17:20:35] Transaction finalized.
spawn ./concordium-client --grpc-ip 127.0.0.01 --grpc-port 10000 transaction send-gtu-encrypted --receiver 3ovmgsXBQ3u69pnJ9SRjsFcGfJewCfzChCXPCosHG2oEzqf1ft --amount 0.1 --sender 35xLMXWrmdL5k4TQ9bqV9nkeuVGT5NLXxzauxyfFbKZ2e1r3mn --no-confirm
Using default energy amount of 30070 NRG.
Enter password for decrypting the secret encryption key: 
Transferring 0.100000 GTU from encrypted balance of account '35xLMXWrmdL5k4TQ9bqV9nkeuVGT5NLXxzauxyfFbKZ2e1r3mn' (Namek2) to '3ovmgsXBQ3u69pnJ9SRjsFcGfJewCfzChCXPCosHG2oEzqf1ft' (Namek).
Allowing up to 30070 NRG to be spent as transaction fee.
Transaction expires at Fri, 29 Jan 2021 17:35:02 UTC.
Enter password for signing key: 
[92mTransaction 'd241255398535ed01d431021ae5c50a2ecf636b161bf978dcb980018a47ffc9e' sent to the baker.
[0mWaiting for the transaction to be committed and finalized.
You may skip this step by interrupting the command using Ctrl-C (pass flag '--no-wait' to do this by default).
The transaction will still get processed and may be queried using
  'transaction status d241255398535ed01d431021ae5c50a2ecf636b161bf978dcb980018a47ffc9e'.
[17:25:09] Waiting for the transaction to be committed......
Transaction is committed into block 3624207de7d12625410cd1bf1101800f737016793a78c163210a54c555b69868 with status "success" and cost 3.007000 GTU (30070 NRG).
[17:25:18] Waiting for the transaction to be finalized.......
Transaction is finalized into block cafdaf4881a1b8466a8271cf1ddf906f06f8c21f5f42387cab66c75d3db402e1 with status "success" and cost 3.007000 GTU (30070 NRG).
[17:25:39] Transaction finalized.
spawn ./concordium-client --grpc-ip 127.0.0.01 --grpc-port 10000 transaction send-gtu-encrypted --receiver 3ovmgsXBQ3u69pnJ9SRjsFcGfJewCfzChCXPCosHG2oEzqf1ft --amount 0.1 --sender 35xLMXWrmdL5k4TQ9bqV9nkeuVGT5NLXxzauxyfFbKZ2e1r3mn --no-confirm
Using default energy amount of 30070 NRG.
Enter password for decrypting the secret encryption key: 
Transferring 0.100000 GTU from encrypted balance of account '35xLMXWrmdL5k4TQ9bqV9nkeuVGT5NLXxzauxyfFbKZ2e1r3mn' (Namek2) to '3ovmgsXBQ3u69pnJ9SRjsFcGfJewCfzChCXPCosHG2oEzqf1ft' (Namek).
Allowing up to 30070 NRG to be spent as transaction fee.
Transaction expires at Fri, 29 Jan 2021 17:40:02 UTC.
Enter password for signing key: 
[92mTransaction 'd978f66c11cab8d023afb39bb9cf40ad338eaf1e7b0d77738ecb76ddd5cb0c68' sent to the baker.
[0mWaiting for the transaction to be committed and finalized.
You may skip this step by interrupting the command using Ctrl-C (pass flag '--no-wait' to do this by default).
The transaction will still get processed and may be queried using
  'transaction status d978f66c11cab8d023afb39bb9cf40ad338eaf1e7b0d77738ecb76ddd5cb0c68'.
[17:30:09] Waiting for the transaction to be committed.........
Transaction is finalized into block a4fc39afd3cfc43aa67b2b4b4d2170f5259a3147e75d3c4497e34a7cdd530e6c with status "success" and cost 3.007000 GTU (30070 NRG).
[17:30:22] Waiting for the transaction to be finalized...
[17:30:22] Transaction finalized.
spawn ./concordium-client --grpc-ip 127.0.0.01 --grpc-port 10000 transaction send-gtu-encrypted --receiver 3ovmgsXBQ3u69pnJ9SRjsFcGfJewCfzChCXPCosHG2oEzqf1ft --amount 0.1 --sender 35xLMXWrmdL5k4TQ9bqV9nkeuVGT5NLXxzauxyfFbKZ2e1r3mn --no-confirm
Using default energy amount of 30070 NRG.
Enter password for decrypting the secret encryption key: 
Transferring 0.100000 GTU from encrypted balance of account '35xLMXWrmdL5k4TQ9bqV9nkeuVGT5NLXxzauxyfFbKZ2e1r3mn' (Namek2) to '3ovmgsXBQ3u69pnJ9SRjsFcGfJewCfzChCXPCosHG2oEzqf1ft' (Namek).
Allowing up to 30070 NRG to be spent as transaction fee.
Transaction expires at Fri, 29 Jan 2021 17:45:02 UTC.
Enter password for signing key: 
[92mTransaction '62dffa776808697e125c9809b515cdc5da52d416360d40fa07d0c2fbfba26ef9' sent to the baker.
[0mWaiting for the transaction to be committed and finalized.
You may skip this step by interrupting the command using Ctrl-C (pass flag '--no-wait' to do this by default).
The transaction will still get processed and may be queried using
  'transaction status 62dffa776808697e125c9809b515cdc5da52d416360d40fa07d0c2fbfba26ef9'.
[17:35:09] Waiting for the transaction to be committed............
Transaction is committed into block 663da1fc905b32d990c2fb29cd6078402fa00de58c6e4987c2a5e2fdc93e96ec with status "success" and cost 3.007000 GTU (30070 NRG).
[17:35:30] Waiting for the transaction to be finalized....
[17:35:36] Transaction finalized.
spawn ./concordium-client --grpc-ip 127.0.0.01 --grpc-port 10000 transaction send-gtu-encrypted --receiver 3ovmgsXBQ3u69pnJ9SRjsFcGfJewCfzChCXPCosHG2oEzqf1ft --amount 0.1 --sender 35xLMXWrmdL5k4TQ9bqV9nkeuVGT5NLXxzauxyfFbKZ2e1r3mn --no-confirm
Using default energy amount of 30070 NRG.
Enter password for decrypting the secret encryption key: 63668990

Transferring 0.100000 GTU from encrypted balance of account '35xLMXWrmdL5k4TQ9bqV9nkeuVGT5NLXxzauxyfFbKZ2e1r3mn' (Namek2) to '3ovmgsXBQ3u69pnJ9SRjsFcGfJewCfzChCXPCosHG2oEzqf1ft' (Namek).
Allowing up to 30070 NRG to be spent as transaction fee.
Transaction expires at Fri, 29 Jan 2021 17:50:01 UTC.
Enter password for signing key: 
[92mTransaction 'fe2cca2c525dfe6787b34a31555b9e920a1199577b4419662a7d7ac4390b21c9' sent to the baker.
[0mWaiting for the transaction to be committed and finalized.
You may skip this step by interrupting the command using Ctrl-C (pass flag '--no-wait' to do this by default).
The transaction will still get processed and may be queried using
  'transaction status fe2cca2c525dfe6787b34a31555b9e920a1199577b4419662a7d7ac4390b21c9'.
[17:40:08] Waiting for the transaction to be committed.........
Transaction is committed into block 231370f102b503fc20d04ed77a79a6bf2979f029a03f6b4fb1859ed7a5c0e8c8 with status "success" and cost 3.007000 GTU (30070 NRG).
[17:40:22] Waiting for the transaction to be finalized..........................
[17:42:25] Transaction finalized.
spawn ./concordium-client --grpc-ip 127.0.0.01 --grpc-port 10000 transaction send-gtu-encrypted --receiver 3ovmgsXBQ3u69pnJ9SRjsFcGfJewCfzChCXPCosHG2oEzqf1ft --amount 0.1 --sender 35xLMXWrmdL5k4TQ9bqV9nkeuVGT5NLXxzauxyfFbKZ2e1r3mn --no-confirm
Using default energy amount of 30070 NRG.
Enter password for decrypting the secret encryption key: 
Transferring 0.100000 GTU from encrypted balance of account '35xLMXWrmdL5k4TQ9bqV9nkeuVGT5NLXxzauxyfFbKZ2e1r3mn' (Namek2) to '3ovmgsXBQ3u69pnJ9SRjsFcGfJewCfzChCXPCosHG2oEzqf1ft' (Namek).
Allowing up to 30070 NRG to be spent as transaction fee.
Transaction expires at Fri, 29 Jan 2021 17:55:02 UTC.
Enter password for signing key: 
[92mTransaction '8a1b50270ba32aece65102dec61525088a80fe3bc062212c0770a43718554ba1' sent to the baker.
[0mWaiting for the transaction to be committed and finalized.
You may skip this step by interrupting the command using Ctrl-C (pass flag '--no-wait' to do this by default).
The transaction will still get processed and may be queried using
  'transaction status 8a1b50270ba32aece65102dec61525088a80fe3bc062212c0770a43718554ba1'.
[17:45:08] Waiting for the transaction to be committed.....
Transaction is committed into block dea58a775ea96973fbfbe5230e6e02f2ab0ba31027f97e299546337e7224b756 with status "success" and cost 3.007000 GTU (30070 NRG).
[17:45:14] Waiting for the transaction to be finalized....
[17:45:19] Transaction finalized.
spawn ./concordium-client --grpc-ip 127.0.0.01 --grpc-port 10000 transaction send-gtu-encrypted --receiver 3ovmgsXBQ3u69pnJ9SRjsFcGfJewCfzChCXPCosHG2oEzqf1ft --amount 0.1 --sender 35xLMXWrmdL5k4TQ9bqV9nkeuVGT5NLXxzauxyfFbKZ2e1r3mn --no-confirm
Using default energy amount of 30070 NRG.
Enter password for decrypting the secret encryption key: 
Transferring 0.100000 GTU from encrypted balance of account '35xLMXWrmdL5k4TQ9bqV9nkeuVGT5NLXxzauxyfFbKZ2e1r3mn' (Namek2) to '3ovmgsXBQ3u69pnJ9SRjsFcGfJewCfzChCXPCosHG2oEzqf1ft' (Namek).
Allowing up to 30070 NRG to be spent as transaction fee.
Transaction expires at Fri, 29 Jan 2021 18:00:02 UTC.
Enter password for signing key: 
[92mTransaction '7dc04723c7549dc99f7bce7deec04cfe35ffa06dd41ba6291d651e3c8af893f2' sent to the baker.
[0mWaiting for the transaction to be committed and finalized.
You may skip this step by interrupting the command using Ctrl-C (pass flag '--no-wait' to do this by default).
The transaction will still get processed and may be queried using
  'transaction status 7dc04723c7549dc99f7bce7deec04cfe35ffa06dd41ba6291d651e3c8af893f2'.
[17:50:08] Waiting for the transaction to be committed..................
Transaction is committed into block a9ac23fce2f48d28e8c04554d8f61c90f82f97b688e9ee283c1230e9476239f8 with status "success" and cost 3.007000 GTU (30070 NRG).
[17:50:44] Waiting for the transaction to be finalized.....
[17:50:54] Transaction finalized.
spawn ./concordium-client --grpc-ip 127.0.0.01 --grpc-port 10000 transaction send-gtu-encrypted --receiver 3ovmgsXBQ3u69pnJ9SRjsFcGfJewCfzChCXPCosHG2oEzqf1ft --amount 0.1 --sender 35xLMXWrmdL5k4TQ9bqV9nkeuVGT5NLXxzauxyfFbKZ2e1r3mn --no-confirm
Using default energy amount of 30070 NRG.
Enter password for decrypting the secret encryption key: 
Transferring 0.100000 GTU from encrypted balance of account '35xLMXWrmdL5k4TQ9bqV9nkeuVGT5NLXxzauxyfFbKZ2e1r3mn' (Namek2) to '3ovmgsXBQ3u69pnJ9SRjsFcGfJewCfzChCXPCosHG2oEzqf1ft' (Namek).
Allowing up to 30070 NRG to be spent as transaction fee.
Transaction expires at Fri, 29 Jan 2021 18:05:02 UTC.
Enter password for signing key: 
[92mTransaction '7596c4954e409bd695b9eed7ced1218db85dda11e268dd5f7f9a6e3042af3659' sent to the baker.
[0mWaiting for the transaction to be committed and finalized.
You may skip this step by interrupting the command using Ctrl-C (pass flag '--no-wait' to do this by default).
The transaction will still get processed and may be queried using
  'transaction status 7596c4954e409bd695b9eed7ced1218db85dda11e268dd5f7f9a6e3042af3659'.
[17:55:08] Waiting for the transaction to be committed.........
Transaction is committed into block 733b8abcf5bfeac8ce3e8c2817d45cc1df2d532262f25aad6a8cc82d6bac52ad with status "success" and cost 3.007000 GTU (30070 NRG).
[17:55:22] Waiting for the transaction to be finalized........
[17:55:49] Transaction finalized.
spawn ./concordium-client --grpc-ip 127.0.0.01 --grpc-port 10000 transaction send-gtu-encrypted --receiver 3ovmgsXBQ3u69pnJ9SRjsFcGfJewCfzChCXPCosHG2oEzqf1ft --amount 0.1 --sender 35xLMXWrmdL5k4TQ9bqV9nkeuVGT5NLXxzauxyfFbKZ2e1r3mn --no-confirm
Using default energy amount of 30070 NRG.
Enter password for decrypting the secret encryption key: 63668990

Transferring 0.100000 GTU from encrypted balance of account '35xLMXWrmdL5k4TQ9bqV9nkeuVGT5NLXxzauxyfFbKZ2e1r3mn' (Namek2) to '3ovmgsXBQ3u69pnJ9SRjsFcGfJewCfzChCXPCosHG2oEzqf1ft' (Namek).
Allowing up to 30070 NRG to be spent as transaction fee.
Transaction expires at Fri, 29 Jan 2021 19:10:01 UTC.
Enter password for signing key: 63668990

[92mTransaction '05dd551d01ce26d1b54adad361379fbf45c5d2e29d8426fa219719db52461b20' sent to the baker.
[0mWaiting for the transaction to be committed and finalized.
You may skip this step by interrupting the command using Ctrl-C (pass flag '--no-wait' to do this by default).
The transaction will still get processed and may be queried using
  'transaction status 05dd551d01ce26d1b54adad361379fbf45c5d2e29d8426fa219719db52461b20'.
[19:00:08] Waiting for the transaction to be committed.......
Transaction is committed into block cf8bb63bacefc54c39164d4a288c0aff7e8e3afd7388925c5ff0c32c05e4e230 with status "success" and cost 3.007000 GTU (30070 NRG).
[19:00:18] Waiting for the transaction to be finalized....
[19:00:23] Transaction finalized.
spawn ./concordium-client --grpc-ip 127.0.0.01 --grpc-port 10000 transaction send-gtu-encrypted --receiver 3ovmgsXBQ3u69pnJ9SRjsFcGfJewCfzChCXPCosHG2oEzqf1ft --amount 0.1 --sender 35xLMXWrmdL5k4TQ9bqV9nkeuVGT5NLXxzauxyfFbKZ2e1r3mn --no-confirm
Using default energy amount of 30070 NRG.
Enter password for decrypting the secret encryption key: 
Transferring 0.100000 GTU from encrypted balance of account '35xLMXWrmdL5k4TQ9bqV9nkeuVGT5NLXxzauxyfFbKZ2e1r3mn' (Namek2) to '3ovmgsXBQ3u69pnJ9SRjsFcGfJewCfzChCXPCosHG2oEzqf1ft' (Namek).
Allowing up to 30070 NRG to be spent as transaction fee.
Transaction expires at Fri, 29 Jan 2021 19:15:02 UTC.
Enter password for signing key: 
[92mTransaction '3864cc6908b31e19ec7d1f8fac401f1b077dd0797b3692628881c0409975d1b6' sent to the baker.
[0mWaiting for the transaction to be committed and finalized.
You may skip this step by interrupting the command using Ctrl-C (pass flag '--no-wait' to do this by default).
The transaction will still get processed and may be queried using
  'transaction status 3864cc6908b31e19ec7d1f8fac401f1b077dd0797b3692628881c0409975d1b6'.
[19:05:09] Waiting for the transaction to be committed......
Transaction is committed into block d71813e31b7965703397b7ed55c23fa2bb4de5967633a53ca41f19ad3f39f375 with status "success" and cost 3.007000 GTU (30070 NRG).
[19:05:16] Waiting for the transaction to be finalized....
[19:05:21] Transaction finalized.
spawn ./concordium-client --grpc-ip 127.0.0.01 --grpc-port 10000 transaction send-gtu-encrypted --receiver 3ovmgsXBQ3u69pnJ9SRjsFcGfJewCfzChCXPCosHG2oEzqf1ft --amount 0.1 --sender 35xLMXWrmdL5k4TQ9bqV9nkeuVGT5NLXxzauxyfFbKZ2e1r3mn --no-confirm
Using default energy amount of 30070 NRG.
Enter password for decrypting the secret encryption key: 63668990

Transferring 0.100000 GTU from encrypted balance of account '35xLMXWrmdL5k4TQ9bqV9nkeuVGT5NLXxzauxyfFbKZ2e1r3mn' (Namek2) to '3ovmgsXBQ3u69pnJ9SRjsFcGfJewCfzChCXPCosHG2oEzqf1ft' (Namek).
Allowing up to 30070 NRG to be spent as transaction fee.
Transaction expires at Fri, 29 Jan 2021 19:20:02 UTC.
Enter password for signing key: 
[92mTransaction '911b5b9ac9b9d70bfcf247b47d9d06afbb2c2443437845ad0e8dd5ece5770af5' sent to the baker.
[0mWaiting for the transaction to be committed and finalized.
You may skip this step by interrupting the command using Ctrl-C (pass flag '--no-wait' to do this by default).
The transaction will still get processed and may be queried using
  'transaction status 911b5b9ac9b9d70bfcf247b47d9d06afbb2c2443437845ad0e8dd5ece5770af5'.
[19:10:08] Waiting for the transaction to be committed.....................
Transaction is committed into block 935c6d050f292e5605dd0a843d1410f415042ae5d7177e615a1d7d17ae09915c with status "success" and cost 3.007000 GTU (30070 NRG).
[19:10:53] Waiting for the transaction to be finalized........
[19:11:20] Transaction finalized.
spawn ./concordium-client --grpc-ip 127.0.0.01 --grpc-port 10000 transaction send-gtu-encrypted --receiver 3ovmgsXBQ3u69pnJ9SRjsFcGfJewCfzChCXPCosHG2oEzqf1ft --amount 0.1 --sender 35xLMXWrmdL5k4TQ9bqV9nkeuVGT5NLXxzauxyfFbKZ2e1r3mn --no-confirm
Using default energy amount of 30070 NRG.
Enter password for decrypting the secret encryption key: 
Transferring 0.100000 GTU from encrypted balance of account '35xLMXWrmdL5k4TQ9bqV9nkeuVGT5NLXxzauxyfFbKZ2e1r3mn' (Namek2) to '3ovmgsXBQ3u69pnJ9SRjsFcGfJewCfzChCXPCosHG2oEzqf1ft' (Namek).
Allowing up to 30070 NRG to be spent as transaction fee.
Transaction expires at Fri, 29 Jan 2021 19:25:02 UTC.
Enter password for signing key:63668990
 
[92mTransaction '22c1c599f8948ebcb4307f5fa0bc3b7031b072cf28a849bb2a989d3706175520' sent to the baker.
[0mWaiting for the transaction to be committed and finalized.
You may skip this step by interrupting the command using Ctrl-C (pass flag '--no-wait' to do this by default).
The transaction will still get processed and may be queried using
  'transaction status 22c1c599f8948ebcb4307f5fa0bc3b7031b072cf28a849bb2a989d3706175520'.
[19:15:09] Waiting for the transaction to be committed.......
Transaction is committed into block 04770f59dc786fb2586c2be6b0040e37ba1455e10262dc4e953062d13305f2be with status "success" and cost 3.007000 GTU (30070 NRG).
[19:15:19] Waiting for the transaction to be finalized.......
[19:15:42] Transaction finalized.
spawn ./concordium-client --grpc-ip 127.0.0.01 --grpc-port 10000 transaction send-gtu-encrypted --receiver 3ovmgsXBQ3u69pnJ9SRjsFcGfJewCfzChCXPCosHG2oEzqf1ft --amount 0.1 --sender 35xLMXWrmdL5k4TQ9bqV9nkeuVGT5NLXxzauxyfFbKZ2e1r3mn --no-confirm
Using default energy amount of 30070 NRG.
Enter password for decrypting the secret encryption key: 
Transferring 0.100000 GTU from encrypted balance of account '35xLMXWrmdL5k4TQ9bqV9nkeuVGT5NLXxzauxyfFbKZ2e1r3mn' (Namek2) to '3ovmgsXBQ3u69pnJ9SRjsFcGfJewCfzChCXPCosHG2oEzqf1ft' (Namek).
Allowing up to 30070 NRG to be spent as transaction fee.
Transaction expires at Fri, 29 Jan 2021 19:30:01 UTC.
Enter password for signing key: 
[92mTransaction '801ce59609146b65eb3b860a488943db123f74075ed6bffabd2b0ac706f07ebf' sent to the baker.
[0mWaiting for the transaction to be committed and finalized.
You may skip this step by interrupting the command using Ctrl-C (pass flag '--no-wait' to do this by default).
The transaction will still get processed and may be queried using
  'transaction status 801ce59609146b65eb3b860a488943db123f74075ed6bffabd2b0ac706f07ebf'.
[19:20:08] Waiting for the transaction to be committed...........
Transaction is committed into block 1397ec2e8ec2281fed5dc24ae186dca487e89c4f4fa0fe7091138dd20c43529f with status "success" and cost 3.007000 GTU (30070 NRG).
[19:20:28] Waiting for the transaction to be finalized....
[19:20:33] Transaction finalized.
spawn ./concordium-client --grpc-ip 127.0.0.01 --grpc-port 10000 transaction send-gtu-encrypted --receiver 3ovmgsXBQ3u69pnJ9SRjsFcGfJewCfzChCXPCosHG2oEzqf1ft --amount 0.1 --sender 35xLMXWrmdL5k4TQ9bqV9nkeuVGT5NLXxzauxyfFbKZ2e1r3mn --no-confirm
Using default energy amount of 30070 NRG.
Enter password for decrypting the secret encryption key: 63668990

Transferring 0.100000 GTU from encrypted balance of account '35xLMXWrmdL5k4TQ9bqV9nkeuVGT5NLXxzauxyfFbKZ2e1r3mn' (Namek2) to '3ovmgsXBQ3u69pnJ9SRjsFcGfJewCfzChCXPCosHG2oEzqf1ft' (Namek).
Allowing up to 30070 NRG to be spent as transaction fee.
Transaction expires at Fri, 29 Jan 2021 19:35:01 UTC.
Enter password for signing key: 
[92mTransaction '5aa2c6397f2b98c21a4f29adc9a35ce63542695bb39dbb50eee8d88ea3c517bb' sent to the baker.
[0mWaiting for the transaction to be committed and finalized.
You may skip this step by interrupting the command using Ctrl-C (pass flag '--no-wait' to do this by default).
The transaction will still get processed and may be queried using
  'transaction status 5aa2c6397f2b98c21a4f29adc9a35ce63542695bb39dbb50eee8d88ea3c517bb'.
[19:25:08] Waiting for the transaction to be committed................
Transaction is committed into block 60650075bd66eb18cc0a4d82c0e7145c8adfb110cf0c14c8d970ff52ea217faf with status "success" and cost 3.007000 GTU (30070 NRG).
[19:25:39] Waiting for the transaction to be finalized....
[19:25:45] Transaction finalized.
spawn ./concordium-client --grpc-ip 127.0.0.01 --grpc-port 10000 transaction send-gtu-encrypted --receiver 3ovmgsXBQ3u69pnJ9SRjsFcGfJewCfzChCXPCosHG2oEzqf1ft --amount 0.1 --sender 35xLMXWrmdL5k4TQ9bqV9nkeuVGT5NLXxzauxyfFbKZ2e1r3mn --no-confirm
Using default energy amount of 30070 NRG.
Enter password for decrypting the secret encryption key: 
Transferring 0.100000 GTU from encrypted balance of account '35xLMXWrmdL5k4TQ9bqV9nkeuVGT5NLXxzauxyfFbKZ2e1r3mn' (Namek2) to '3ovmgsXBQ3u69pnJ9SRjsFcGfJewCfzChCXPCosHG2oEzqf1ft' (Namek).
Allowing up to 30070 NRG to be spent as transaction fee.
Transaction expires at Fri, 29 Jan 2021 19:40:01 UTC.
Enter password for signing key: 
[92mTransaction '310ee47d696bbfe232862b50641f87996a0e92cde2093c5b24958c9c0d0e39d7' sent to the baker.
[0mWaiting for the transaction to be committed and finalized.
You may skip this step by interrupting the command using Ctrl-C (pass flag '--no-wait' to do this by default).
The transaction will still get processed and may be queried using
  'transaction status 310ee47d696bbfe232862b50641f87996a0e92cde2093c5b24958c9c0d0e39d7'.
[19:30:08] Waiting for the transaction to be committed...............
Transaction is committed into block 816f5b0eae3c8570b874063e88aec5614fee11947299cf574218a015646e1f55 with status "success" and cost 3.007000 GTU (30070 NRG).
[19:30:37] Waiting for the transaction to be finalized....
[19:30:43] Transaction finalized.
spawn ./concordium-client --grpc-ip 127.0.0.01 --grpc-port 10000 transaction send-gtu-encrypted --receiver 3ovmgsXBQ3u69pnJ9SRjsFcGfJewCfzChCXPCosHG2oEzqf1ft --amount 0.1 --sender 35xLMXWrmdL5k4TQ9bqV9nkeuVGT5NLXxzauxyfFbKZ2e1r3mn --no-confirm
Using default energy amount of 30070 NRG.
Enter password for decrypting the secret encryption key: 
Transferring 0.100000 GTU from encrypted balance of account '35xLMXWrmdL5k4TQ9bqV9nkeuVGT5NLXxzauxyfFbKZ2e1r3mn' (Namek2) to '3ovmgsXBQ3u69pnJ9SRjsFcGfJewCfzChCXPCosHG2oEzqf1ft' (Namek).
Allowing up to 30070 NRG to be spent as transaction fee.
Transaction expires at Fri, 29 Jan 2021 19:45:01 UTC.
Enter password for signing key: 
[92mTransaction '07a69ebf26ce4904804b1c10f7322eecc294cc296a2ead172143401729c2000a' sent to the baker.
[0mWaiting for the transaction to be committed and finalized.
You may skip this step by interrupting the command using Ctrl-C (pass flag '--no-wait' to do this by default).
The transaction will still get processed and may be queried using
  'transaction status 07a69ebf26ce4904804b1c10f7322eecc294cc296a2ead172143401729c2000a'.
[19:35:08] Waiting for the transaction to be committed..............
Transaction is committed into block 4cceb77e30a7efe9905ce0050ed86e914978c103d174378541d1658cd0e763aa with status "success" and cost 3.007000 GTU (30070 NRG).
[19:35:35] Waiting for the transaction to be finalized....
[19:35:40] Transaction finalized.
spawn ./concordium-client --grpc-ip 127.0.0.01 --grpc-port 10000 transaction send-gtu-encrypted --receiver 3ovmgsXBQ3u69pnJ9SRjsFcGfJewCfzChCXPCosHG2oEzqf1ft --amount 0.1 --sender 35xLMXWrmdL5k4TQ9bqV9nkeuVGT5NLXxzauxyfFbKZ2e1r3mn --no-confirm
Using default energy amount of 30070 NRG.
Enter password for decrypting the secret encryption key: 
Transferring 0.100000 GTU from encrypted balance of account '35xLMXWrmdL5k4TQ9bqV9nkeuVGT5NLXxzauxyfFbKZ2e1r3mn' (Namek2) to '3ovmgsXBQ3u69pnJ9SRjsFcGfJewCfzChCXPCosHG2oEzqf1ft' (Namek).
Allowing up to 30070 NRG to be spent as transaction fee.
Transaction expires at Fri, 29 Jan 2021 19:50:02 UTC.
Enter password for signing key: 
[92mTransaction '66e7a169b3668fa3c8f6da4687d4c30924fd1415919b436a756f4577985d9807' sent to the baker.
[0mWaiting for the transaction to be committed and finalized.
You may skip this step by interrupting the command using Ctrl-C (pass flag '--no-wait' to do this by default).
The transaction will still get processed and may be queried using
  'transaction status 66e7a169b3668fa3c8f6da4687d4c30924fd1415919b436a756f4577985d9807'.
[19:40:09] Waiting for the transaction to be committed........
Transaction is committed into block 70f164de2879cab5f4092b66098034095f138b316173ba8eb2a8977a4f3bc470 with status "success" and cost 3.007000 GTU (30070 NRG).
[19:40:21] Waiting for the transaction to be finalized....
[19:40:27] Transaction finalized.
spawn ./concordium-client --grpc-ip 127.0.0.01 --grpc-port 10000 transaction send-gtu-encrypted --receiver 3ovmgsXBQ3u69pnJ9SRjsFcGfJewCfzChCXPCosHG2oEzqf1ft --amount 0.1 --sender 35xLMXWrmdL5k4TQ9bqV9nkeuVGT5NLXxzauxyfFbKZ2e1r3mn --no-confirm
Using default energy amount of 30070 NRG.
Enter password for decrypting the secret encryption key: 
Transferring 0.100000 GTU from encrypted balance of account '35xLMXWrmdL5k4TQ9bqV9nkeuVGT5NLXxzauxyfFbKZ2e1r3mn' (Namek2) to '3ovmgsXBQ3u69pnJ9SRjsFcGfJewCfzChCXPCosHG2oEzqf1ft' (Namek).
Allowing up to 30070 NRG to be spent as transaction fee.
Transaction expires at Fri, 29 Jan 2021 19:55:01 UTC.
Enter password for signing key: 
[92mTransaction 'e4a878c1eb9cb33b28f265e5bc8c5184caee00b9e89990120f215168f2a27814' sent to the baker.
[0mWaiting for the transaction to be committed and finalized.
You may skip this step by interrupting the command using Ctrl-C (pass flag '--no-wait' to do this by default).
The transaction will still get processed and may be queried using
  'transaction status e4a878c1eb9cb33b28f265e5bc8c5184caee00b9e89990120f215168f2a27814'.
[19:45:08] Waiting for the transaction to be committed.........
Transaction is committed into block 97137d38a53d0f06c294461f5612f5acf0672971d5518dd9584c750048bc4c7f with status "success" and cost 3.007000 GTU (30070 NRG).
[19:45:23] Waiting for the transaction to be finalized....
[19:45:28] Transaction finalized.
spawn ./concordium-client --grpc-ip 127.0.0.01 --grpc-port 10000 transaction send-gtu-encrypted --receiver 3ovmgsXBQ3u69pnJ9SRjsFcGfJewCfzChCXPCosHG2oEzqf1ft --amount 0.1 --sender 35xLMXWrmdL5k4TQ9bqV9nkeuVGT5NLXxzauxyfFbKZ2e1r3mn --no-confirm
Using default energy amount of 30070 NRG.
Enter password for decrypting the secret encryption key: 
Transferring 0.100000 GTU from encrypted balance of account '35xLMXWrmdL5k4TQ9bqV9nkeuVGT5NLXxzauxyfFbKZ2e1r3mn' (Namek2) to '3ovmgsXBQ3u69pnJ9SRjsFcGfJewCfzChCXPCosHG2oEzqf1ft' (Namek).
Allowing up to 30070 NRG to be spent as transaction fee.
Transaction expires at Fri, 29 Jan 2021 20:00:02 UTC.
Enter password for signing key: 
[92mTransaction 'e99430392f789512285d03487e428a0419545a1d886f89fd109082932989483a' sent to the baker.
[0mWaiting for the transaction to be committed and finalized.
You may skip this step by interrupting the command using Ctrl-C (pass flag '--no-wait' to do this by default).
The transaction will still get processed and may be queried using
  'transaction status e99430392f789512285d03487e428a0419545a1d886f89fd109082932989483a'.
[19:50:08] Waiting for the transaction to be committed..........
Transaction is finalized into block 08f9cc368ae67c12c87167dac950843a9b1c1ea8356c013af0f19dc86053dd00 with status "success" and cost 3.007000 GTU (30070 NRG).
[19:50:25] Waiting for the transaction to be finalized...
[19:50:25] Transaction finalized.
spawn ./concordium-client --grpc-ip 127.0.0.01 --grpc-port 10000 transaction send-gtu-encrypted --receiver 3ovmgsXBQ3u69pnJ9SRjsFcGfJewCfzChCXPCosHG2oEzqf1ft --amount 0.1 --sender 35xLMXWrmdL5k4TQ9bqV9nkeuVGT5NLXxzauxyfFbKZ2e1r3mn --no-confirm
Using default energy amount of 30070 NRG.
Enter password for decrypting the secret encryption key: 
Transferring 0.100000 GTU from encrypted balance of account '35xLMXWrmdL5k4TQ9bqV9nkeuVGT5NLXxzauxyfFbKZ2e1r3mn' (Namek2) to '3ovmgsXBQ3u69pnJ9SRjsFcGfJewCfzChCXPCosHG2oEzqf1ft' (Namek).
Allowing up to 30070 NRG to be spent as transaction fee.
Transaction expires at Fri, 29 Jan 2021 20:05:01 UTC.
Enter password for signing key: 
[92mTransaction 'd85a6dea458845f75b0e1d9e84a1c24fa23e8134c3340b96bfc9c82e79f609d4' sent to the baker.
[0mWaiting for the transaction to be committed and finalized.
You may skip this step by interrupting the command using Ctrl-C (pass flag '--no-wait' to do this by default).
The transaction will still get processed and may be queried using
  'transaction status d85a6dea458845f75b0e1d9e84a1c24fa23e8134c3340b96bfc9c82e79f609d4'.
[19:55:08] Waiting for the transaction to be committed...........
Transaction is committed into block db280d237cd7eb32c8a000963e7f9ff4a3b5e94972c5cd7e5e000ba6df707c0e with status "success" and cost 3.007000 GTU (30070 NRG).
[19:55:27] Waiting for the transaction to be finalized....
Transaction is finalized into block 360ee6f0fe3439bb688943f94bd5ea58f98e26b52d90128050cf120e7fded8b5 with status "success" and cost 3.007000 GTU (30070 NRG).
[19:55:34] Transaction finalized.
