spawn ./concordium-client --grpc-ip 127.0.0.01 --grpc-port 10000 transaction send-gtu-encrypted --receiver 3TWK7cB6eSubu25FBFBVz4NhV7YJtFC75wBvR2S5MESr5bsd8Y --amount 0.1 --sender 3esfcF8mPm7thpTsZVt4XgBGWyTYAi6qMF52i6VYvr9SoZ3Lc8 --no-confirm
Using default energy amount of 30070 NRG.
Enter password for decrypting the secret encryption key: 
[91mError: The requested transfer (100000) is more than the total encrypted balance (2).
[0mspawn ./concordium-client --grpc-ip 127.0.0.01 --grpc-port 10000 transaction send-gtu-encrypted --receiver 3TWK7cB6eSubu25FBFBVz4NhV7YJtFC75wBvR2S5MESr5bsd8Y --amount 0.1 --sender 3zZRRkN5msLuVomz7CxxjAty5ToaDCzx5BwDxmnp3D7F8cBDSb --no-confirm
[91mError: Key directory for account '3zZRRkN5msLuVomz7CxxjAty5ToaDCzx5BwDxmnp3D7F8cBDSb' not found.
       Did you forget to add the account (using 'config account add')?
[0mspawn ./concordium-client --grpc-ip 127.0.0.01 --grpc-port 10000 transaction send-gtu-encrypted --receiver 3TWK7cB6eSubu25FBFBVz4NhV7YJtFC75wBvR2S5MESr5bsd8Y --amount 0.1 --sender 3zZRRkN5msLuVomz7CxxjAty5ToaDCzx5BwDxmnp3D7F8cBDSb --no-confirm
[91mError: Key directory for account '3zZRRkN5msLuVomz7CxxjAty5ToaDCzx5BwDxmnp3D7F8cBDSb' not found.
       Did you forget to add the account (using 'config account add')?
[0mspawn ./concordium-client --grpc-ip 127.0.0.01 --grpc-port 10000 transaction send-gtu-encrypted --receiver 3TWK7cB6eSubu25FBFBVz4NhV7YJtFC75wBvR2S5MESr5bsd8Y --amount 0.1 --sender 3zZRRkN5msLuVomz7CxxjAty5ToaDCzx5BwDxmnp3D7F8cBDSb --no-confirm
[91mError: Key directory for account '3zZRRkN5msLuVomz7CxxjAty5ToaDCzx5BwDxmnp3D7F8cBDSb' not found.
       Did you forget to add the account (using 'config account add')?
[0mspawn ./concordium-client --grpc-ip 127.0.0.01 --grpc-port 10000 transaction send-gtu-encrypted --receiver 3TWK7cB6eSubu25FBFBVz4NhV7YJtFC75wBvR2S5MESr5bsd8Y --amount 0.1 --sender 3zZRRkN5msLuVomz7CxxjAty5ToaDCzx5BwDxmnp3D7F8cBDSb --no-confirm
[91mError: Key directory for account '3zZRRkN5msLuVomz7CxxjAty5ToaDCzx5BwDxmnp3D7F8cBDSb' not found.
       Did you forget to add the account (using 'config account add')?
[0mspawn ./concordium-client --grpc-ip 127.0.0.01 --grpc-port 10000 transaction send-gtu-encrypted --receiver 3TWK7cB6eSubu25FBFBVz4NhV7YJtFC75wBvR2S5MESr5bsd8Y --amount 0.1 --sender 3zZRRkN5msLuVomz7CxxjAty5ToaDCzx5BwDxmnp3D7F8cBDSb --no-confirm
[91mError: Key directory for account '3zZRRkN5msLuVomz7CxxjAty5ToaDCzx5BwDxmnp3D7F8cBDSb' not found.
       Did you forget to add the account (using 'config account add')?
[0mspawn ./concordium-client --grpc-ip 127.0.0.01 --grpc-port 10000 transaction send-gtu-encrypted --receiver 3TWK7cB6eSubu25FBFBVz4NhV7YJtFC75wBvR2S5MESr5bsd8Y --amount 0.1 --sender 3zZRRkN5msLuVomz7CxxjAty5ToaDCzx5BwDxmnp3D7F8cBDSb --no-confirm
[91mError: Key directory for account '3zZRRkN5msLuVomz7CxxjAty5ToaDCzx5BwDxmnp3D7F8cBDSb' not found.
       Did you forget to add the account (using 'config account add')?
[0mspawn ./concordium-client --grpc-ip 127.0.0.01 --grpc-port 10000 transaction send-gtu-encrypted --receiver 3TWK7cB6eSubu25FBFBVz4NhV7YJtFC75wBvR2S5MESr5bsd8Y --amount 0.1 --sender 3zZRRkN5msLuVomz7CxxjAty5ToaDCzx5BwDxmnp3D7F8cBDSb --no-confirm
[91mError: Key directory for account '3zZRRkN5msLuVomz7CxxjAty5ToaDCzx5BwDxmnp3D7F8cBDSb' not found.
       Did you forget to add the account (using 'config account add')?
[0mspawn ./concordium-client --grpc-ip 127.0.0.01 --grpc-port 10000 transaction send-gtu-encrypted --receiver 3TWK7cB6eSubu25FBFBVz4NhV7YJtFC75wBvR2S5MESr5bsd8Y --amount 0.1 --sender 3zZRRkN5msLuVomz7CxxjAty5ToaDCzx5BwDxmnp3D7F8cBDSb --no-confirm
[91mError: Key directory for account '3zZRRkN5msLuVomz7CxxjAty5ToaDCzx5BwDxmnp3D7F8cBDSb' not found.
       Did you forget to add the account (using 'config account add')?
[0mspawn ./concordium-client --grpc-ip 127.0.0.01 --grpc-port 10000 transaction send-gtu-encrypted --receiver 3TWK7cB6eSubu25FBFBVz4NhV7YJtFC75wBvR2S5MESr5bsd8Y --amount 0.1 --sender 3zZRRkN5msLuVomz7CxxjAty5ToaDCzx5BwDxmnp3D7F8cBDSb --no-confirm
[91mError: Key directory for account '3zZRRkN5msLuVomz7CxxjAty5ToaDCzx5BwDxmnp3D7F8cBDSb' not found.
       Did you forget to add the account (using 'config account add')?
[0mspawn ./concordium-client --grpc-ip 127.0.0.01 --grpc-port 10000 transaction send-gtu-encrypted --receiver 3TWK7cB6eSubu25FBFBVz4NhV7YJtFC75wBvR2S5MESr5bsd8Y --amount 0.1 --sender 3zZRRkN5msLuVomz7CxxjAty5ToaDCzx5BwDxmnp3D7F8cBDSb --no-confirm
[91mError: Key directory for account '3zZRRkN5msLuVomz7CxxjAty5ToaDCzx5BwDxmnp3D7F8cBDSb' not found.
       Did you forget to add the account (using 'config account add')?
[0mspawn ./concordium-client --grpc-ip 127.0.0.01 --grpc-port 10000 transaction send-gtu-encrypted --receiver 3TWK7cB6eSubu25FBFBVz4NhV7YJtFC75wBvR2S5MESr5bsd8Y --amount 0.1 --sender 3zZRRkN5msLuVomz7CxxjAty5ToaDCzx5BwDxmnp3D7F8cBDSb --no-confirm
[91mError: Key directory for account '3zZRRkN5msLuVomz7CxxjAty5ToaDCzx5BwDxmnp3D7F8cBDSb' not found.
       Did you forget to add the account (using 'config account add')?
[0mspawn ./concordium-client --grpc-ip 127.0.0.01 --grpc-port 10000 transaction send-gtu-encrypted --receiver 3TWK7cB6eSubu25FBFBVz4NhV7YJtFC75wBvR2S5MESr5bsd8Y --amount 0.1 --sender 3zZRRkN5msLuVomz7CxxjAty5ToaDCzx5BwDxmnp3D7F8cBDSb --no-confirm
[91mError: Key directory for account '3zZRRkN5msLuVomz7CxxjAty5ToaDCzx5BwDxmnp3D7F8cBDSb' not found.
       Did you forget to add the account (using 'config account add')?
[0mspawn ./concordium-client --grpc-ip 127.0.0.01 --grpc-port 10000 transaction send-gtu-encrypted --receiver 3TWK7cB6eSubu25FBFBVz4NhV7YJtFC75wBvR2S5MESr5bsd8Y --amount 0.1 --sender 3zZRRkN5msLuVomz7CxxjAty5ToaDCzx5BwDxmnp3D7F8cBDSb --no-confirm
[91mError: Key directory for account '3zZRRkN5msLuVomz7CxxjAty5ToaDCzx5BwDxmnp3D7F8cBDSb' not found.
       Did you forget to add the account (using 'config account add')?
[0mspawn ./concordium-client --grpc-ip 127.0.0.01 --grpc-port 10000 transaction send-gtu-encrypted --receiver 3TWK7cB6eSubu25FBFBVz4NhV7YJtFC75wBvR2S5MESr5bsd8Y --amount 0.1 --sender 3zZRRkN5msLuVomz7CxxjAty5ToaDCzx5BwDxmnp3D7F8cBDSb --no-confirm
[91mError: Key directory for account '3zZRRkN5msLuVomz7CxxjAty5ToaDCzx5BwDxmnp3D7F8cBDSb' not found.
       Did you forget to add the account (using 'config account add')?
[0mspawn ./concordium-client --grpc-ip 127.0.0.01 --grpc-port 10000 transaction send-gtu-encrypted --receiver 3TWK7cB6eSubu25FBFBVz4NhV7YJtFC75wBvR2S5MESr5bsd8Y --amount 0.1 --sender 3zZRRkN5msLuVomz7CxxjAty5ToaDCzx5BwDxmnp3D7F8cBDSb --no-confirm
[91mError: Key directory for account '3zZRRkN5msLuVomz7CxxjAty5ToaDCzx5BwDxmnp3D7F8cBDSb' not found.
       Did you forget to add the account (using 'config account add')?
[0mspawn ./concordium-client --grpc-ip 127.0.0.01 --grpc-port 10000 transaction send-gtu-encrypted --receiver 3TWK7cB6eSubu25FBFBVz4NhV7YJtFC75wBvR2S5MESr5bsd8Y --amount 0.1 --sender 3zZRRkN5msLuVomz7CxxjAty5ToaDCzx5BwDxmnp3D7F8cBDSb --no-confirm
[91mError: Key directory for account '3zZRRkN5msLuVomz7CxxjAty5ToaDCzx5BwDxmnp3D7F8cBDSb' not found.
       Did you forget to add the account (using 'config account add')?
[0mspawn ./concordium-client --grpc-ip 127.0.0.01 --grpc-port 10000 transaction send-gtu-encrypted --receiver 3TWK7cB6eSubu25FBFBVz4NhV7YJtFC75wBvR2S5MESr5bsd8Y --amount 0.1 --sender 3zZRRkN5msLuVomz7CxxjAty5ToaDCzx5BwDxmnp3D7F8cBDSb --no-confirm
[91mError: Key directory for account '3zZRRkN5msLuVomz7CxxjAty5ToaDCzx5BwDxmnp3D7F8cBDSb' not found.
       Did you forget to add the account (using 'config account add')?
[0mspawn ./concordium-client --grpc-ip 127.0.0.01 --grpc-port 10000 transaction send-gtu-encrypted --receiver 3TWK7cB6eSubu25FBFBVz4NhV7YJtFC75wBvR2S5MESr5bsd8Y --amount 0.1 --sender 3zZRRkN5msLuVomz7CxxjAty5ToaDCzx5BwDxmnp3D7F8cBDSb --no-confirm
[91mError: Key directory for account '3zZRRkN5msLuVomz7CxxjAty5ToaDCzx5BwDxmnp3D7F8cBDSb' not found.
       Did you forget to add the account (using 'config account add')?
[0mspawn ./concordium-client --grpc-ip 127.0.0.01 --grpc-port 10000 transaction send-gtu-encrypted --receiver 3TWK7cB6eSubu25FBFBVz4NhV7YJtFC75wBvR2S5MESr5bsd8Y --amount 0.1 --sender 3zZRRkN5msLuVomz7CxxjAty5ToaDCzx5BwDxmnp3D7F8cBDSb --no-confirm
[91mError: Key directory for account '3zZRRkN5msLuVomz7CxxjAty5ToaDCzx5BwDxmnp3D7F8cBDSb' not found.
       Did you forget to add the account (using 'config account add')?
[0mspawn ./concordium-client --grpc-ip 127.0.0.01 --grpc-port 10000 transaction send-gtu-encrypted --receiver 3TWK7cB6eSubu25FBFBVz4NhV7YJtFC75wBvR2S5MESr5bsd8Y --amount 0.1 --sender 3zZRRkN5msLuVomz7CxxjAty5ToaDCzx5BwDxmnp3D7F8cBDSb --no-confirm
[91mError: Key directory for account '3zZRRkN5msLuVomz7CxxjAty5ToaDCzx5BwDxmnp3D7F8cBDSb' not found.
       Did you forget to add the account (using 'config account add')?
[0mspawn ./concordium-client --grpc-ip 127.0.0.01 --grpc-port 10000 transaction send-gtu-encrypted --receiver 3TWK7cB6eSubu25FBFBVz4NhV7YJtFC75wBvR2S5MESr5bsd8Y --amount 0.1 --sender 3zZRRkN5msLuVomz7CxxjAty5ToaDCzx5BwDxmnp3D7F8cBDSb --no-confirm
[91mError: Key directory for account '3zZRRkN5msLuVomz7CxxjAty5ToaDCzx5BwDxmnp3D7F8cBDSb' not found.
       Did you forget to add the account (using 'config account add')?
[0mspawn ./concordium-client --grpc-ip 127.0.0.01 --grpc-port 10000 transaction send-gtu-encrypted --receiver 3TWK7cB6eSubu25FBFBVz4NhV7YJtFC75wBvR2S5MESr5bsd8Y --amount 0.1 --sender 3zZRRkN5msLuVomz7CxxjAty5ToaDCzx5BwDxmnp3D7F8cBDSb --no-confirm
[91mError: Key directory for account '3zZRRkN5msLuVomz7CxxjAty5ToaDCzx5BwDxmnp3D7F8cBDSb' not found.
       Did you forget to add the account (using 'config account add')?
[0mspawn ./concordium-client --grpc-ip 127.0.0.01 --grpc-port 10000 transaction send-gtu-encrypted --receiver 3TWK7cB6eSubu25FBFBVz4NhV7YJtFC75wBvR2S5MESr5bsd8Y --amount 0.1 --sender 3zZRRkN5msLuVomz7CxxjAty5ToaDCzx5BwDxmnp3D7F8cBDSb --no-confirm
[91mError: Key directory for account '3zZRRkN5msLuVomz7CxxjAty5ToaDCzx5BwDxmnp3D7F8cBDSb' not found.
       Did you forget to add the account (using 'config account add')?
[0mspawn ./concordium-client --grpc-ip 127.0.0.01 --grpc-port 10000 transaction send-gtu-encrypted --receiver 3TWK7cB6eSubu25FBFBVz4NhV7YJtFC75wBvR2S5MESr5bsd8Y --amount 0.1 --sender 3zZRRkN5msLuVomz7CxxjAty5ToaDCzx5BwDxmnp3D7F8cBDSb --no-confirm
[91mError: Key directory for account '3zZRRkN5msLuVomz7CxxjAty5ToaDCzx5BwDxmnp3D7F8cBDSb' not found.
       Did you forget to add the account (using 'config account add')?
[0mspawn ./concordium-client --grpc-ip 127.0.0.01 --grpc-port 10000 transaction send-gtu-encrypted --receiver 3TWK7cB6eSubu25FBFBVz4NhV7YJtFC75wBvR2S5MESr5bsd8Y --amount 0.1 --sender 3zZRRkN5msLuVomz7CxxjAty5ToaDCzx5BwDxmnp3D7F8cBDSb --no-confirm
Using default energy amount of 30070 NRG.
Enter password for decrypting the secret encryption key: 
Transferring 0.100000 GTU from encrypted balance of account '3zZRRkN5msLuVomz7CxxjAty5ToaDCzx5BwDxmnp3D7F8cBDSb' (Gloreix2) to '3TWK7cB6eSubu25FBFBVz4NhV7YJtFC75wBvR2S5MESr5bsd8Y' (Gloreix).
Allowing up to 30070 NRG to be spent as transaction fee.
Transaction expires at Sat, 30 Jan 2021 15:55:02 UTC.
Enter password for signing key:63668990
 
[92mTransaction '3ef534c7bad092cd4eb3a97f3bcb36de999fc7f0d6baaa6747b48cea2233791e' sent to the baker.
[0mWaiting for the transaction to be committed and finalized.
You may skip this step by interrupting the command using Ctrl-C (pass flag '--no-wait' to do this by default).
The transaction will still get processed and may be queried using
  'transaction status 3ef534c7bad092cd4eb3a97f3bcb36de999fc7f0d6baaa6747b48cea2233791e'.
[15:45:03] Waiting for the transaction to be committed....
Transaction is committed into block 42424db7064fcfc015b7f66105c13cc673ce04eec1a1141a934d50cc9ca1cac1 with status "success" and cost 3.007000 GTU (30070 NRG).
[15:45:06] Waiting for the transaction to be finalized....
[15:45:11] Transaction finalized.
spawn ./concordium-client --grpc-ip 127.0.0.01 --grpc-port 10000 transaction send-gtu-encrypted --receiver 3TWK7cB6eSubu25FBFBVz4NhV7YJtFC75wBvR2S5MESr5bsd8Y --amount 0.1 --sender 3zZRRkN5msLuVomz7CxxjAty5ToaDCzx5BwDxmnp3D7F8cBDSb --no-confirm
Using default energy amount of 30070 NRG.
Enter password for decrypting the secret encryption key:63668990
 
Transferring 0.100000 GTU from encrypted balance of account '3zZRRkN5msLuVomz7CxxjAty5ToaDCzx5BwDxmnp3D7F8cBDSb' (Gloreix2) to '3TWK7cB6eSubu25FBFBVz4NhV7YJtFC75wBvR2S5MESr5bsd8Y' (Gloreix).
Allowing up to 30070 NRG to be spent as transaction fee.
Transaction expires at Sat, 30 Jan 2021 16:00:02 UTC.
Enter password for signing key:63668990
 
[92mTransaction '46daaf506f5b4855adff004f75ecbea592657a8b896644f664480f85035607a8' sent to the baker.
[0mWaiting for the transaction to be committed and finalized.
You may skip this step by interrupting the command using Ctrl-C (pass flag '--no-wait' to do this by default).
The transaction will still get processed and may be queried using
  'transaction status 46daaf506f5b4855adff004f75ecbea592657a8b896644f664480f85035607a8'.
[15:50:03] Waiting for the transaction to be committed.....
Transaction is committed into block 8bc3071af95baa6ffae7f422c26dc4335ae1d810a9f45ba06601f2d666b14368 with status "success" and cost 3.007000 GTU (30070 NRG).
[15:50:08] Waiting for the transaction to be finalized....
[15:50:13] Transaction finalized.
spawn ./concordium-client --grpc-ip 127.0.0.01 --grpc-port 10000 transaction send-gtu-encrypted --receiver 3TWK7cB6eSubu25FBFBVz4NhV7YJtFC75wBvR2S5MESr5bsd8Y --amount 0.1 --sender 3zZRRkN5msLuVomz7CxxjAty5ToaDCzx5BwDxmnp3D7F8cBDSb --no-confirm
Using default energy amount of 30070 NRG.
Enter password for decrypting the secret encryption key: spawn ./concordium-client --grpc-ip 127.0.0.01 --grpc-port 10000 transaction send-gtu-encrypted --receiver 3TWK7cB6eSubu25FBFBVz4NhV7YJtFC75wBvR2S5MESr5bsd8Y --amount 0.1 --sender 3zZRRkN5msLuVomz7CxxjAty5ToaDCzx5BwDxmnp3D7F8cBDSb --no-confirm
Using default energy amount of 30070 NRG.
Enter password for decrypting the secret encryption key: 
Transferring 0.100000 GTU from encrypted balance of account '3zZRRkN5msLuVomz7CxxjAty5ToaDCzx5BwDxmnp3D7F8cBDSb' (Gloreix2) to '3TWK7cB6eSubu25FBFBVz4NhV7YJtFC75wBvR2S5MESr5bsd8Y' (Gloreix).
Allowing up to 30070 NRG to be spent as transaction fee.
Transaction expires at Sat, 30 Jan 2021 16:14:00 UTC.
Enter password for signing key:63668990
 
[92mTransaction 'c969539bcb2f7e130aade556deb11bcf67bfadc8ed171b65c4cf6b9b8158814c' sent to the baker.
[0mWaiting for the transaction to be committed and finalized.
You may skip this step by interrupting the command using Ctrl-C (pass flag '--no-wait' to do this by default).
The transaction will still get processed and may be queried using
  'transaction status c969539bcb2f7e130aade556deb11bcf67bfadc8ed171b65c4cf6b9b8158814c'.
[16:04:02] Waiting for the transaction to be committed......
Transaction is finalized into block 52a18facea9c9137a19fcef292dcab6a7b591e53d208c88dc96a7aebe548f301 with status "success" and cost 3.007000 GTU (30070 NRG).
[16:04:09] Waiting for the transaction to be finalized...
[16:04:09] Transaction finalized.
spawn ./concordium-client --grpc-ip 127.0.0.01 --grpc-port 10000 transaction send-gtu-encrypted --receiver 3TWK7cB6eSubu25FBFBVz4NhV7YJtFC75wBvR2S5MESr5bsd8Y --amount 0.1 --sender 3zZRRkN5msLuVomz7CxxjAty5ToaDCzx5BwDxmnp3D7F8cBDSb --no-confirm
Using default energy amount of 30070 NRG.
Enter password for decrypting the secret encryption key: 
Transferring 0.100000 GTU from encrypted balance of account '3zZRRkN5msLuVomz7CxxjAty5ToaDCzx5BwDxmnp3D7F8cBDSb' (Gloreix2) to '3TWK7cB6eSubu25FBFBVz4NhV7YJtFC75wBvR2S5MESr5bsd8Y' (Gloreix).
Allowing up to 30070 NRG to be spent as transaction fee.
Transaction expires at Sat, 30 Jan 2021 17:10:02 UTC.
Enter password for signing key: 
[92mTransaction 'c4d346a711ec48c5211dc3158c197caeebc9d9b6da9de7330866a6aef3787b14' sent to the baker.
[0mWaiting for the transaction to be committed and finalized.
You may skip this step by interrupting the command using Ctrl-C (pass flag '--no-wait' to do this by default).
The transaction will still get processed and may be queried using
  'transaction status c4d346a711ec48c5211dc3158c197caeebc9d9b6da9de7330866a6aef3787b14'.
[17:00:04] Waiting for the transaction to be committed.................
Transaction is committed into block 5a18a320e04ffcf28465e0ea5ab7be8e9cd882ef257552bc32db18958ae74243 with status "success" and cost 3.007000 GTU (30070 NRG).
[17:00:37] Waiting for the transaction to be finalized....
[17:00:42] Transaction finalized.
spawn ./concordium-client --grpc-ip 127.0.0.01 --grpc-port 10000 transaction send-gtu-encrypted --receiver 3TWK7cB6eSubu25FBFBVz4NhV7YJtFC75wBvR2S5MESr5bsd8Y --amount 0.1 --sender 3zZRRkN5msLuVomz7CxxjAty5ToaDCzx5BwDxmnp3D7F8cBDSb --no-confirm
Using default energy amount of 30070 NRG.
Enter password for decrypting the secret encryption key: 
Transferring 0.100000 GTU from encrypted balance of account '3zZRRkN5msLuVomz7CxxjAty5ToaDCzx5BwDxmnp3D7F8cBDSb' (Gloreix2) to '3TWK7cB6eSubu25FBFBVz4NhV7YJtFC75wBvR2S5MESr5bsd8Y' (Gloreix).
Allowing up to 30070 NRG to be spent as transaction fee.
Transaction expires at Sat, 30 Jan 2021 17:15:02 UTC.
Enter password for signing key:63668990
 
[92mTransaction 'f2f081af67c0caf829c1b934473a0f2759d0bd6a75d433a252e6fce2bde84e16' sent to the baker.
[0mWaiting for the transaction to be committed and finalized.
You may skip this step by interrupting the command using Ctrl-C (pass flag '--no-wait' to do this by default).
The transaction will still get processed and may be queried using
  'transaction status f2f081af67c0caf829c1b934473a0f2759d0bd6a75d433a252e6fce2bde84e16'.
[17:05:04] Waiting for the transaction to be committed.....
Transaction is finalized into block 6bf241edded2347e35e01842a26130b3c3ce9a76e03a38076486663dea913324 with status "success" and cost 3.007000 GTU (30070 NRG).
[17:05:08] Waiting for the transaction to be finalized...
[17:05:08] Transaction finalized.
spawn ./concordium-client --grpc-ip 127.0.0.01 --grpc-port 10000 transaction send-gtu-encrypted --receiver 3TWK7cB6eSubu25FBFBVz4NhV7YJtFC75wBvR2S5MESr5bsd8Y --amount 0.1 --sender 3zZRRkN5msLuVomz7CxxjAty5ToaDCzx5BwDxmnp3D7F8cBDSb --no-confirm
Using default energy amount of 30070 NRG.
Enter password for decrypting the secret encryption key: 
Transferring 0.100000 GTU from encrypted balance of account '3zZRRkN5msLuVomz7CxxjAty5ToaDCzx5BwDxmnp3D7F8cBDSb' (Gloreix2) to '3TWK7cB6eSubu25FBFBVz4NhV7YJtFC75wBvR2S5MESr5bsd8Y' (Gloreix).
Allowing up to 30070 NRG to be spent as transaction fee.
Transaction expires at Sat, 30 Jan 2021 17:20:02 UTC.
Enter password for signing key: 
[92mTransaction 'ec427f770028d7f37c5d37c3aae788b0786e166a56d6e73fc33a1ed240c9951e' sent to the baker.
[0mWaiting for the transaction to be committed and finalized.
You may skip this step by interrupting the command using Ctrl-C (pass flag '--no-wait' to do this by default).
The transaction will still get processed and may be queried using
  'transaction status ec427f770028d7f37c5d37c3aae788b0786e166a56d6e73fc33a1ed240c9951e'.
[17:10:03] Waiting for the transaction to be committed................................
Transaction is committed into block 1a4cde8423c8879c691b53262be85ac2c9dd6e3ee3a011f9785f71f5787b8d4b with status "success" and cost 3.007000 GTU (30070 NRG).
[17:11:13] Waiting for the transaction to be finalized........
[17:11:44] Transaction finalized.
spawn ./concordium-client --grpc-ip 127.0.0.01 --grpc-port 10000 transaction send-gtu-encrypted --receiver 3TWK7cB6eSubu25FBFBVz4NhV7YJtFC75wBvR2S5MESr5bsd8Y --amount 0.1 --sender 3zZRRkN5msLuVomz7CxxjAty5ToaDCzx5BwDxmnp3D7F8cBDSb --no-confirm
Using default energy amount of 30070 NRG.
Enter password for decrypting the secret encryption key: 
Transferring 0.100000 GTU from encrypted balance of account '3zZRRkN5msLuVomz7CxxjAty5ToaDCzx5BwDxmnp3D7F8cBDSb' (Gloreix2) to '3TWK7cB6eSubu25FBFBVz4NhV7YJtFC75wBvR2S5MESr5bsd8Y' (Gloreix).
Allowing up to 30070 NRG to be spent as transaction fee.
Transaction expires at Sat, 30 Jan 2021 17:25:02 UTC.
Enter password for signing key: 
[92mTransaction '43889b59e2d6cc083109307e81b998b73f2a0a34dc9603720dffb3e4def2bafa' sent to the baker.
[0mWaiting for the transaction to be committed and finalized.
You may skip this step by interrupting the command using Ctrl-C (pass flag '--no-wait' to do this by default).
The transaction will still get processed and may be queried using
  'transaction status 43889b59e2d6cc083109307e81b998b73f2a0a34dc9603720dffb3e4def2bafa'.
[17:15:09] Waiting for the transaction to be committed..................
Transaction is committed into block 50fc4d84ba06c415d09aef5c3de3ee3b364d6def74356bb7923bf6c2d43f42ff with status "success" and cost 3.007000 GTU (30070 NRG).
[17:15:47] Waiting for the transaction to be finalized....
[17:15:53] Transaction finalized.
spawn ./concordium-client --grpc-ip 127.0.0.01 --grpc-port 10000 transaction send-gtu-encrypted --receiver 3TWK7cB6eSubu25FBFBVz4NhV7YJtFC75wBvR2S5MESr5bsd8Y --amount 0.1 --sender 3zZRRkN5msLuVomz7CxxjAty5ToaDCzx5BwDxmnp3D7F8cBDSb --no-confirm
Using default energy amount of 30070 NRG.
Enter password for decrypting the secret encryption key: 
Transferring 0.100000 GTU from encrypted balance of account '3zZRRkN5msLuVomz7CxxjAty5ToaDCzx5BwDxmnp3D7F8cBDSb' (Gloreix2) to '3TWK7cB6eSubu25FBFBVz4NhV7YJtFC75wBvR2S5MESr5bsd8Y' (Gloreix).
Allowing up to 30070 NRG to be spent as transaction fee.
Transaction expires at Sat, 30 Jan 2021 17:30:01 UTC.
Enter password for signing key: 
[92mTransaction '8f1d0fa800100d79e21150e4a191eed812c60151804e169a085924df4b1a8a48' sent to the baker.
[0mWaiting for the transaction to be committed and finalized.
You may skip this step by interrupting the command using Ctrl-C (pass flag '--no-wait' to do this by default).
The transaction will still get processed and may be queried using
  'transaction status 8f1d0fa800100d79e21150e4a191eed812c60151804e169a085924df4b1a8a48'.
[17:20:03] Waiting for the transaction to be committed............
Transaction is committed into block 4a3653d4c5c65bf235a3b646a147264f84d97b39075e89cceb76ec5abd4a0bfc with status "success" and cost 3.007000 GTU (30070 NRG).
[17:20:25] Waiting for the transaction to be finalized....
[17:20:30] Transaction finalized.
spawn ./concordium-client --grpc-ip 127.0.0.01 --grpc-port 10000 transaction send-gtu-encrypted --receiver 3TWK7cB6eSubu25FBFBVz4NhV7YJtFC75wBvR2S5MESr5bsd8Y --amount 0.1 --sender 3zZRRkN5msLuVomz7CxxjAty5ToaDCzx5BwDxmnp3D7F8cBDSb --no-confirm
Using default energy amount of 30070 NRG.
Enter password for decrypting the secret encryption key: 
Transferring 0.100000 GTU from encrypted balance of account '3zZRRkN5msLuVomz7CxxjAty5ToaDCzx5BwDxmnp3D7F8cBDSb' (Gloreix2) to '3TWK7cB6eSubu25FBFBVz4NhV7YJtFC75wBvR2S5MESr5bsd8Y' (Gloreix).
Allowing up to 30070 NRG to be spent as transaction fee.
Transaction expires at Sat, 30 Jan 2021 17:35:02 UTC.
Enter password for signing key: 
[92mTransaction '206585cd15515b8bb3e1a2c39cde0e42afd848b81ee126b5858783490042400f' sent to the baker.
[0mWaiting for the transaction to be committed and finalized.
You may skip this step by interrupting the command using Ctrl-C (pass flag '--no-wait' to do this by default).
The transaction will still get processed and may be queried using
  'transaction status 206585cd15515b8bb3e1a2c39cde0e42afd848b81ee126b5858783490042400f'.
[17:25:03] Waiting for the transaction to be committed.........
Transaction is committed into block ebba695116a66c643b1df3e3bfde0e4fd4f04af33659b783e39224b8ada9418d with status "success" and cost 3.007000 GTU (30070 NRG).
[17:25:17] Waiting for the transaction to be finalized....
[17:25:22] Transaction finalized.
spawn ./concordium-client --grpc-ip 127.0.0.01 --grpc-port 10000 transaction send-gtu-encrypted --receiver 3TWK7cB6eSubu25FBFBVz4NhV7YJtFC75wBvR2S5MESr5bsd8Y --amount 0.1 --sender 3zZRRkN5msLuVomz7CxxjAty5ToaDCzx5BwDxmnp3D7F8cBDSb --no-confirm
Using default energy amount of 30070 NRG.
Enter password for decrypting the secret encryption key: 
Transferring 0.100000 GTU from encrypted balance of account '3zZRRkN5msLuVomz7CxxjAty5ToaDCzx5BwDxmnp3D7F8cBDSb' (Gloreix2) to '3TWK7cB6eSubu25FBFBVz4NhV7YJtFC75wBvR2S5MESr5bsd8Y' (Gloreix).
Allowing up to 30070 NRG to be spent as transaction fee.
Transaction expires at Sat, 30 Jan 2021 17:40:02 UTC.
Enter password for signing key: 
[92mTransaction 'c2305b93d257b6913dd006b0598f6fab3121c613addec830dbb59a14ab018bc7' sent to the baker.
[0mWaiting for the transaction to be committed and finalized.
You may skip this step by interrupting the command using Ctrl-C (pass flag '--no-wait' to do this by default).
The transaction will still get processed and may be queried using
  'transaction status c2305b93d257b6913dd006b0598f6fab3121c613addec830dbb59a14ab018bc7'.
[17:30:03] Waiting for the transaction to be committed.....................
Transaction is committed into block 579a56c30cf95bec22976272d58bfb9e54eb127dae6d76a1525ea16920dee80a with status "success" and cost 3.007000 GTU (30070 NRG).
[17:30:47] Waiting for the transaction to be finalized.....
[17:30:57] Transaction finalized.
spawn ./concordium-client --grpc-ip 127.0.0.01 --grpc-port 10000 transaction send-gtu-encrypted --receiver 3TWK7cB6eSubu25FBFBVz4NhV7YJtFC75wBvR2S5MESr5bsd8Y --amount 0.1 --sender 3zZRRkN5msLuVomz7CxxjAty5ToaDCzx5BwDxmnp3D7F8cBDSb --no-confirm
Using default energy amount of 30070 NRG.
Enter password for decrypting the secret encryption key: 
Transferring 0.100000 GTU from encrypted balance of account '3zZRRkN5msLuVomz7CxxjAty5ToaDCzx5BwDxmnp3D7F8cBDSb' (Gloreix2) to '3TWK7cB6eSubu25FBFBVz4NhV7YJtFC75wBvR2S5MESr5bsd8Y' (Gloreix).
Allowing up to 30070 NRG to be spent as transaction fee.
Transaction expires at Sat, 30 Jan 2021 17:45:02 UTC.
Enter password for signing key:63668990
 
[92mTransaction 'fdd6c4e838a564fab3bf5e7775fd997c588f4e39102ce001cd99baecfa3ee5a8' sent to the baker.
[0mWaiting for the transaction to be committed and finalized.
You may skip this step by interrupting the command using Ctrl-C (pass flag '--no-wait' to do this by default).
The transaction will still get processed and may be queried using
  'transaction status fdd6c4e838a564fab3bf5e7775fd997c588f4e39102ce001cd99baecfa3ee5a8'.
[17:35:03] Waiting for the transaction to be committed...........
Transaction is committed into block 170e66654f3517ff608e1b68e812eaefebc69afacc639bf5ce82e98ec5c11f23 with status "success" and cost 3.007000 GTU (30070 NRG).
[17:35:23] Waiting for the transaction to be finalized.....
Transaction is finalized into block f62fa2cc75885a34c72c972a26c90da071b00c8a972c690d931df7ce89aa7a24 with status "success" and cost 3.007000 GTU (30070 NRG).
[17:35:34] Transaction finalized.
spawn ./concordium-client --grpc-ip 127.0.0.01 --grpc-port 10000 transaction send-gtu-encrypted --receiver 3TWK7cB6eSubu25FBFBVz4NhV7YJtFC75wBvR2S5MESr5bsd8Y --amount 0.1 --sender 3zZRRkN5msLuVomz7CxxjAty5ToaDCzx5BwDxmnp3D7F8cBDSb --no-confirm
Using default energy amount of 30070 NRG.
Enter password for decrypting the secret encryption key: 63668990

Transferring 0.100000 GTU from encrypted balance of account '3zZRRkN5msLuVomz7CxxjAty5ToaDCzx5BwDxmnp3D7F8cBDSb' (Gloreix2) to '3TWK7cB6eSubu25FBFBVz4NhV7YJtFC75wBvR2S5MESr5bsd8Y' (Gloreix).
Allowing up to 30070 NRG to be spent as transaction fee.
Transaction expires at Sat, 30 Jan 2021 17:50:02 UTC.
Enter password for signing key:63668990
 
[92mTransaction '8fd7709f80f2be6b5fa92339d719e00536ced14345e88eedf70e31c9a3ace3e9' sent to the baker.
[0mWaiting for the transaction to be committed and finalized.
You may skip this step by interrupting the command using Ctrl-C (pass flag '--no-wait' to do this by default).
The transaction will still get processed and may be queried using
  'transaction status 8fd7709f80f2be6b5fa92339d719e00536ced14345e88eedf70e31c9a3ace3e9'.
[17:40:03] Waiting for the transaction to be committed.....
Transaction is finalized into block 787257f962c615380c2c5091bb6d53e07d3d2e5b2e414ab48f733317def87461 with status "success" and cost 3.007000 GTU (30070 NRG).
[17:40:09] Waiting for the transaction to be finalized...
[17:40:09] Transaction finalized.
spawn ./concordium-client --grpc-ip 127.0.0.01 --grpc-port 10000 transaction send-gtu-encrypted --receiver 3TWK7cB6eSubu25FBFBVz4NhV7YJtFC75wBvR2S5MESr5bsd8Y --amount 0.1 --sender 3zZRRkN5msLuVomz7CxxjAty5ToaDCzx5BwDxmnp3D7F8cBDSb --no-confirm
Using default energy amount of 30070 NRG.
Enter password for decrypting the secret encryption key: 63668990

Transferring 0.100000 GTU from encrypted balance of account '3zZRRkN5msLuVomz7CxxjAty5ToaDCzx5BwDxmnp3D7F8cBDSb' (Gloreix2) to '3TWK7cB6eSubu25FBFBVz4NhV7YJtFC75wBvR2S5MESr5bsd8Y' (Gloreix).
Allowing up to 30070 NRG to be spent as transaction fee.
Transaction expires at Sat, 30 Jan 2021 17:55:02 UTC.
Enter password for signing key: 
[92mTransaction '1de6c6731061f63fa6bf3fb30e773930600ca19c4192025dfb6759f340978ead' sent to the baker.
[0mWaiting for the transaction to be committed and finalized.
You may skip this step by interrupting the command using Ctrl-C (pass flag '--no-wait' to do this by default).
The transaction will still get processed and may be queried using
  'transaction status 1de6c6731061f63fa6bf3fb30e773930600ca19c4192025dfb6759f340978ead'.
[17:45:07] Waiting for the transaction to be committed...............
Transaction is committed into block c57ce432cf76388247c91ef628b2da6ac5e1facad1a6d1f5e992d28e50172d63 with status "success" and cost 3.007000 GTU (30070 NRG).
[17:45:37] Waiting for the transaction to be finalized......
[17:45:54] Transaction finalized.
spawn ./concordium-client --grpc-ip 127.0.0.01 --grpc-port 10000 transaction send-gtu-encrypted --receiver 3TWK7cB6eSubu25FBFBVz4NhV7YJtFC75wBvR2S5MESr5bsd8Y --amount 0.1 --sender 3zZRRkN5msLuVomz7CxxjAty5ToaDCzx5BwDxmnp3D7F8cBDSb --no-confirm
Using default energy amount of 30070 NRG.
Enter password for decrypting the secret encryption key: 
Transferring 0.100000 GTU from encrypted balance of account '3zZRRkN5msLuVomz7CxxjAty5ToaDCzx5BwDxmnp3D7F8cBDSb' (Gloreix2) to '3TWK7cB6eSubu25FBFBVz4NhV7YJtFC75wBvR2S5MESr5bsd8Y' (Gloreix).
Allowing up to 30070 NRG to be spent as transaction fee.
Transaction expires at Sat, 30 Jan 2021 18:00:02 UTC.
Enter password for signing key: 
[92mTransaction '3d46929c1c02a49ef300fe9df30612a368cbdfc2fc11e09f0d4ac41087e4608c' sent to the baker.
[0mWaiting for the transaction to be committed and finalized.
You may skip this step by interrupting the command using Ctrl-C (pass flag '--no-wait' to do this by default).
The transaction will still get processed and may be queried using
  'transaction status 3d46929c1c02a49ef300fe9df30612a368cbdfc2fc11e09f0d4ac41087e4608c'.
[17:50:07] Waiting for the transaction to be committed.................
Transaction is committed into block 0966eff748f822ec22f9507e5b61fc6766a6e301097ad8a0c886fe52b2f5ea2b with status "success" and cost 3.007000 GTU (30070 NRG).
[17:50:42] Waiting for the transaction to be finalized......
[17:50:58] Transaction finalized.
spawn ./concordium-client --grpc-ip 127.0.0.01 --grpc-port 10000 transaction send-gtu-encrypted --receiver 3TWK7cB6eSubu25FBFBVz4NhV7YJtFC75wBvR2S5MESr5bsd8Y --amount 0.1 --sender 3zZRRkN5msLuVomz7CxxjAty5ToaDCzx5BwDxmnp3D7F8cBDSb --no-confirm
Using default energy amount of 30070 NRG.
Enter password for decrypting the secret encryption key: 
Transferring 0.100000 GTU from encrypted balance of account '3zZRRkN5msLuVomz7CxxjAty5ToaDCzx5BwDxmnp3D7F8cBDSb' (Gloreix2) to '3TWK7cB6eSubu25FBFBVz4NhV7YJtFC75wBvR2S5MESr5bsd8Y' (Gloreix).
Allowing up to 30070 NRG to be spent as transaction fee.
Transaction expires at Sat, 30 Jan 2021 18:05:02 UTC.
Enter password for signing key: 63668990

[92mTransaction '7a15ec7f2e94f86e73dd658431372f97863260861b3e26089e2671e53c6affbf' sent to the baker.
[0mWaiting for the transaction to be committed and finalized.
You may skip this step by interrupting the command using Ctrl-C (pass flag '--no-wait' to do this by default).
The transaction will still get processed and may be queried using
  'transaction status 7a15ec7f2e94f86e73dd658431372f97863260861b3e26089e2671e53c6affbf'.
[17:55:07] Waiting for the transaction to be committed.....................
Transaction is committed into block 53f37aaf63c4cfafa747d364c7d76a16907aa54267a238c9d57769672db11db5 with status "success" and cost 3.007000 GTU (30070 NRG).
[17:55:50] Waiting for the transaction to be finalized....
[17:55:55] Transaction finalized.
spawn ./concordium-client --grpc-ip 127.0.0.01 --grpc-port 10000 transaction send-gtu-encrypted --receiver 3TWK7cB6eSubu25FBFBVz4NhV7YJtFC75wBvR2S5MESr5bsd8Y --amount 0.1 --sender 3zZRRkN5msLuVomz7CxxjAty5ToaDCzx5BwDxmnp3D7F8cBDSb --no-confirm
Using default energy amount of 30070 NRG.
Enter password for decrypting the secret encryption key: 
Transferring 0.100000 GTU from encrypted balance of account '3zZRRkN5msLuVomz7CxxjAty5ToaDCzx5BwDxmnp3D7F8cBDSb' (Gloreix2) to '3TWK7cB6eSubu25FBFBVz4NhV7YJtFC75wBvR2S5MESr5bsd8Y' (Gloreix).
Allowing up to 30070 NRG to be spent as transaction fee.
Transaction expires at Sat, 30 Jan 2021 19:10:02 UTC.
Enter password for signing key: 
[92mTransaction '44de5a8affa4bf52ea2e84f2b1c6c6e286523562709524ab17d0019d6ea47b88' sent to the baker.
[0mWaiting for the transaction to be committed and finalized.
You may skip this step by interrupting the command using Ctrl-C (pass flag '--no-wait' to do this by default).
The transaction will still get processed and may be queried using
  'transaction status 44de5a8affa4bf52ea2e84f2b1c6c6e286523562709524ab17d0019d6ea47b88'.
[19:00:07] Waiting for the transaction to be committed.....................
Transaction is committed into block c5b35ae1d48f58fd8f9469dbd992ff820e9288a0dbd2a6f67a4d427a1947c5c5 with status "success" and cost 3.007000 GTU (30070 NRG).
[19:00:53] Waiting for the transaction to be finalized....
[19:00:58] Transaction finalized.
spawn ./concordium-client --grpc-ip 127.0.0.01 --grpc-port 10000 transaction send-gtu-encrypted --receiver 3TWK7cB6eSubu25FBFBVz4NhV7YJtFC75wBvR2S5MESr5bsd8Y --amount 0.1 --sender 3zZRRkN5msLuVomz7CxxjAty5ToaDCzx5BwDxmnp3D7F8cBDSb --no-confirm
Using default energy amount of 30070 NRG.
Enter password for decrypting the secret encryption key: 
Transferring 0.100000 GTU from encrypted balance of account '3zZRRkN5msLuVomz7CxxjAty5ToaDCzx5BwDxmnp3D7F8cBDSb' (Gloreix2) to '3TWK7cB6eSubu25FBFBVz4NhV7YJtFC75wBvR2S5MESr5bsd8Y' (Gloreix).
Allowing up to 30070 NRG to be spent as transaction fee.
Transaction expires at Sat, 30 Jan 2021 19:15:01 UTC.
Enter password for signing key: 
[92mTransaction '4bf5e4195a8057af37d772995f0c9d170cd6a1ddc3fb9489fce0af2250ed0736' sent to the baker.
[0mWaiting for the transaction to be committed and finalized.
You may skip this step by interrupting the command using Ctrl-C (pass flag '--no-wait' to do this by default).
The transaction will still get processed and may be queried using
  'transaction status 4bf5e4195a8057af37d772995f0c9d170cd6a1ddc3fb9489fce0af2250ed0736'.
[19:05:06] Waiting for the transaction to be committed.....................
Transaction is committed into block 8ef9efb6c5b2dd652ca2ab6762e275c4322d19835590d9c708ff8b203d9ab75f with status "success" and cost 3.007000 GTU (30070 NRG).
[19:05:49] Waiting for the transaction to be finalized....
[19:05:54] Transaction finalized.
spawn ./concordium-client --grpc-ip 127.0.0.01 --grpc-port 10000 transaction send-gtu-encrypted --receiver 3TWK7cB6eSubu25FBFBVz4NhV7YJtFC75wBvR2S5MESr5bsd8Y --amount 0.1 --sender 3zZRRkN5msLuVomz7CxxjAty5ToaDCzx5BwDxmnp3D7F8cBDSb --no-confirm
Using default energy amount of 30070 NRG.
Enter password for decrypting the secret encryption key: 
Transferring 0.100000 GTU from encrypted balance of account '3zZRRkN5msLuVomz7CxxjAty5ToaDCzx5BwDxmnp3D7F8cBDSb' (Gloreix2) to '3TWK7cB6eSubu25FBFBVz4NhV7YJtFC75wBvR2S5MESr5bsd8Y' (Gloreix).
Allowing up to 30070 NRG to be spent as transaction fee.
Transaction expires at Sat, 30 Jan 2021 19:20:02 UTC.
Enter password for signing key: 63668990

[92mTransaction 'df6659e5d298bb783d2a4051220ac81d3811c535c7d17fd9c79c0b4302f8279b' sent to the baker.
[0mWaiting for the transaction to be committed and finalized.
You may skip this step by interrupting the command using Ctrl-C (pass flag '--no-wait' to do this by default).
The transaction will still get processed and may be queried using
  'transaction status df6659e5d298bb783d2a4051220ac81d3811c535c7d17fd9c79c0b4302f8279b'.
[19:10:07] Waiting for the transaction to be committed.........................
Transaction is committed into block 7de2cbaccf5f096b873902ad86f45175e73041177f5679750d32abd772f999b9 with status "success" and cost 3.007000 GTU (30070 NRG).
[19:11:00] Waiting for the transaction to be finalized........
[19:11:33] Transaction finalized.
spawn ./concordium-client --grpc-ip 127.0.0.01 --grpc-port 10000 transaction send-gtu-encrypted --receiver 3TWK7cB6eSubu25FBFBVz4NhV7YJtFC75wBvR2S5MESr5bsd8Y --amount 0.1 --sender 3zZRRkN5msLuVomz7CxxjAty5ToaDCzx5BwDxmnp3D7F8cBDSb --no-confirm
Using default energy amount of 30070 NRG.
Enter password for decrypting the secret encryption key: 
Transferring 0.100000 GTU from encrypted balance of account '3zZRRkN5msLuVomz7CxxjAty5ToaDCzx5BwDxmnp3D7F8cBDSb' (Gloreix2) to '3TWK7cB6eSubu25FBFBVz4NhV7YJtFC75wBvR2S5MESr5bsd8Y' (Gloreix).
Allowing up to 30070 NRG to be spent as transaction fee.
Transaction expires at Sat, 30 Jan 2021 19:25:01 UTC.
Enter password for signing key:63668990
 
[92mTransaction '4baff2177b93e33aaf5c0772bf1520c33eb023e939fef2bdbf7882925ccdac4a' sent to the baker.
[0mWaiting for the transaction to be committed and finalized.
You may skip this step by interrupting the command using Ctrl-C (pass flag '--no-wait' to do this by default).
The transaction will still get processed and may be queried using
  'transaction status 4baff2177b93e33aaf5c0772bf1520c33eb023e939fef2bdbf7882925ccdac4a'.
[19:15:06] Waiting for the transaction to be committed..............
Transaction is committed into block 0db89baad4a607d94124fa3737f8d96c44118b0c5767480f3d27312f8464db86 with status "success" and cost 3.007000 GTU (30070 NRG).
[19:15:33] Waiting for the transaction to be finalized.......
Transaction is finalized into block 5dae58b7cd9c7edeff24581b9d5b7c47cf6d0b250948e4d9573055b2f44b6982 with status "success" and cost 3.007000 GTU (30070 NRG).
[19:15:55] Transaction finalized.
spawn ./concordium-client --grpc-ip 127.0.0.01 --grpc-port 10000 transaction send-gtu-encrypted --receiver 3TWK7cB6eSubu25FBFBVz4NhV7YJtFC75wBvR2S5MESr5bsd8Y --amount 0.1 --sender 3zZRRkN5msLuVomz7CxxjAty5ToaDCzx5BwDxmnp3D7F8cBDSb --no-confirm
Using default energy amount of 30070 NRG.
Enter password for decrypting the secret encryption key: 
Transferring 0.100000 GTU from encrypted balance of account '3zZRRkN5msLuVomz7CxxjAty5ToaDCzx5BwDxmnp3D7F8cBDSb' (Gloreix2) to '3TWK7cB6eSubu25FBFBVz4NhV7YJtFC75wBvR2S5MESr5bsd8Y' (Gloreix).
Allowing up to 30070 NRG to be spent as transaction fee.
Transaction expires at Sat, 30 Jan 2021 19:30:02 UTC.
Enter password for signing key: 
[92mTransaction 'b269e880c85d51721c45f7f1fa39089de1afab9b9eb0aa3acf40838acf8b819e' sent to the baker.
[0mWaiting for the transaction to be committed and finalized.
You may skip this step by interrupting the command using Ctrl-C (pass flag '--no-wait' to do this by default).
The transaction will still get processed and may be queried using
  'transaction status b269e880c85d51721c45f7f1fa39089de1afab9b9eb0aa3acf40838acf8b819e'.
[19:20:07] Waiting for the transaction to be committed.........
Transaction is committed into block 7bb7414de85b3cc559c94efdf4069c5f50e60c7b78d5d3fa3534b93d16662815 with status "success" and cost 3.007000 GTU (30070 NRG).
[19:20:22] Waiting for the transaction to be finalized....
[19:20:27] Transaction finalized.
spawn ./concordium-client --grpc-ip 127.0.0.01 --grpc-port 10000 transaction send-gtu-encrypted --receiver 3TWK7cB6eSubu25FBFBVz4NhV7YJtFC75wBvR2S5MESr5bsd8Y --amount 0.1 --sender 3zZRRkN5msLuVomz7CxxjAty5ToaDCzx5BwDxmnp3D7F8cBDSb --no-confirm
Using default energy amount of 30070 NRG.
Enter password for decrypting the secret encryption key:63668990
 
Transferring 0.100000 GTU from encrypted balance of account '3zZRRkN5msLuVomz7CxxjAty5ToaDCzx5BwDxmnp3D7F8cBDSb' (Gloreix2) to '3TWK7cB6eSubu25FBFBVz4NhV7YJtFC75wBvR2S5MESr5bsd8Y' (Gloreix).
Allowing up to 30070 NRG to be spent as transaction fee.
Transaction expires at Sat, 30 Jan 2021 19:35:02 UTC.
Enter password for signing key: 
[92mTransaction 'bccd3798ea13e1528194a1dd902fe58c8543ecd2e98d7e38fb7173a97b8563b3' sent to the baker.
[0mWaiting for the transaction to be committed and finalized.
You may skip this step by interrupting the command using Ctrl-C (pass flag '--no-wait' to do this by default).
The transaction will still get processed and may be queried using
  'transaction status bccd3798ea13e1528194a1dd902fe58c8543ecd2e98d7e38fb7173a97b8563b3'.
[19:25:07] Waiting for the transaction to be committed.....
Transaction is finalized into block 5df9842cd02f463093a455722f2e656301ec99318b3183908d49da288b43c7cf with status "success" and cost 3.007000 GTU (30070 NRG).
[19:25:11] Waiting for the transaction to be finalized...
[19:25:11] Transaction finalized.
spawn ./concordium-client --grpc-ip 127.0.0.01 --grpc-port 10000 transaction send-gtu-encrypted --receiver 3TWK7cB6eSubu25FBFBVz4NhV7YJtFC75wBvR2S5MESr5bsd8Y --amount 0.1 --sender 3zZRRkN5msLuVomz7CxxjAty5ToaDCzx5BwDxmnp3D7F8cBDSb --no-confirm
Using default energy amount of 30070 NRG.
Enter password for decrypting the secret encryption key:63668990
 
Transferring 0.100000 GTU from encrypted balance of account '3zZRRkN5msLuVomz7CxxjAty5ToaDCzx5BwDxmnp3D7F8cBDSb' (Gloreix2) to '3TWK7cB6eSubu25FBFBVz4NhV7YJtFC75wBvR2S5MESr5bsd8Y' (Gloreix).
Allowing up to 30070 NRG to be spent as transaction fee.
Transaction expires at Sat, 30 Jan 2021 19:40:02 UTC.
Enter password for signing key: 
[92mTransaction '0a618e34e7088c94cb13a9daf2389aa4393cb45c2f9fa193cb1c0fdddf02f4f6' sent to the baker.
[0mWaiting for the transaction to be committed and finalized.
You may skip this step by interrupting the command using Ctrl-C (pass flag '--no-wait' to do this by default).
The transaction will still get processed and may be queried using
  'transaction status 0a618e34e7088c94cb13a9daf2389aa4393cb45c2f9fa193cb1c0fdddf02f4f6'.
[19:30:07] Waiting for the transaction to be committed..................
Transaction is committed into block 7ddf380704cb231a73c16dd6902dbfae925e799e108f52f5ab0ac08233aa0321 with status "success" and cost 3.007000 GTU (30070 NRG).
[19:30:45] Waiting for the transaction to be finalized....
Transaction is finalized into block 4bb1e42b032e127a008e2c58969f22478eec24776d3af7fe4c55df964a6a1c9c with status "success" and cost 3.007000 GTU (30070 NRG).
[19:30:54] Transaction finalized.
spawn ./concordium-client --grpc-ip 127.0.0.01 --grpc-port 10000 transaction send-gtu-encrypted --receiver 3TWK7cB6eSubu25FBFBVz4NhV7YJtFC75wBvR2S5MESr5bsd8Y --amount 0.1 --sender 3zZRRkN5msLuVomz7CxxjAty5ToaDCzx5BwDxmnp3D7F8cBDSb --no-confirm
Using default energy amount of 30070 NRG.
Enter password for decrypting the secret encryption key: 
Transferring 0.100000 GTU from encrypted balance of account '3zZRRkN5msLuVomz7CxxjAty5ToaDCzx5BwDxmnp3D7F8cBDSb' (Gloreix2) to '3TWK7cB6eSubu25FBFBVz4NhV7YJtFC75wBvR2S5MESr5bsd8Y' (Gloreix).
Allowing up to 30070 NRG to be spent as transaction fee.
Transaction expires at Sat, 30 Jan 2021 19:45:01 UTC.
Enter password for signing key: 
[92mTransaction 'b452df0e57a496c80b09d3c507a6ef5ba3c8a8003242ca3b3d61dbe29580575b' sent to the baker.
[0mWaiting for the transaction to be committed and finalized.
You may skip this step by interrupting the command using Ctrl-C (pass flag '--no-wait' to do this by default).
The transaction will still get processed and may be queried using
  'transaction status b452df0e57a496c80b09d3c507a6ef5ba3c8a8003242ca3b3d61dbe29580575b'.
[19:35:06] Waiting for the transaction to be committed.............
Transaction is committed into block cab67050494d6eb9c566b5fb116142ba2285a629052b65df48dea2666ff1ca0e with status "success" and cost 3.007000 GTU (30070 NRG).
[19:35:31] Waiting for the transaction to be finalized......
Transaction is finalized into block 3159dcc49ac66b1230be0e3ae327d2d0f9c5135f5b962260fd5c3497af553994 with status "success" and cost 3.007000 GTU (30070 NRG).
[19:35:51] Transaction finalized.
spawn ./concordium-client --grpc-ip 127.0.0.01 --grpc-port 10000 transaction send-gtu-encrypted --receiver 3TWK7cB6eSubu25FBFBVz4NhV7YJtFC75wBvR2S5MESr5bsd8Y --amount 0.1 --sender 3zZRRkN5msLuVomz7CxxjAty5ToaDCzx5BwDxmnp3D7F8cBDSb --no-confirm
Using default energy amount of 30070 NRG.
Enter password for decrypting the secret encryption key: 63668990

Transferring 0.100000 GTU from encrypted balance of account '3zZRRkN5msLuVomz7CxxjAty5ToaDCzx5BwDxmnp3D7F8cBDSb' (Gloreix2) to '3TWK7cB6eSubu25FBFBVz4NhV7YJtFC75wBvR2S5MESr5bsd8Y' (Gloreix).
Allowing up to 30070 NRG to be spent as transaction fee.
Transaction expires at Sat, 30 Jan 2021 19:50:01 UTC.
Enter password for signing key: 
[92mTransaction '6689d28e7beb3e3b57186043fb0247487544cd29d586088bcd25ad909ef89cc9' sent to the baker.
[0mWaiting for the transaction to be committed and finalized.
You may skip this step by interrupting the command using Ctrl-C (pass flag '--no-wait' to do this by default).
The transaction will still get processed and may be queried using
  'transaction status 6689d28e7beb3e3b57186043fb0247487544cd29d586088bcd25ad909ef89cc9'.
[19:40:06] Waiting for the transaction to be committed...........
Transaction is committed into block 996cb543a4892411f6e55a0908047ba33b72d5486234bfab0dcaf0b460a23179 with status "success" and cost 3.007000 GTU (30070 NRG).
[19:40:26] Waiting for the transaction to be finalized......
[19:40:42] Transaction finalized.
spawn ./concordium-client --grpc-ip 127.0.0.01 --grpc-port 10000 transaction send-gtu-encrypted --receiver 3TWK7cB6eSubu25FBFBVz4NhV7YJtFC75wBvR2S5MESr5bsd8Y --amount 0.1 --sender 3zZRRkN5msLuVomz7CxxjAty5ToaDCzx5BwDxmnp3D7F8cBDSb --no-confirm
Using default energy amount of 30070 NRG.
Enter password for decrypting the secret encryption key: 
Transferring 0.100000 GTU from encrypted balance of account '3zZRRkN5msLuVomz7CxxjAty5ToaDCzx5BwDxmnp3D7F8cBDSb' (Gloreix2) to '3TWK7cB6eSubu25FBFBVz4NhV7YJtFC75wBvR2S5MESr5bsd8Y' (Gloreix).
Allowing up to 30070 NRG to be spent as transaction fee.
Transaction expires at Sat, 30 Jan 2021 19:55:02 UTC.
Enter password for signing key: 
[92mTransaction '06f777fb1c1fb572a5adc7429ef3d8db183928dcc30db33f0d1d82f785d7b210' sent to the baker.
[0mWaiting for the transaction to be committed and finalized.
You may skip this step by interrupting the command using Ctrl-C (pass flag '--no-wait' to do this by default).
The transaction will still get processed and may be queried using
  'transaction status 06f777fb1c1fb572a5adc7429ef3d8db183928dcc30db33f0d1d82f785d7b210'.
[19:45:07] Waiting for the transaction to be committed........
Transaction is committed into block d764e1aad2f21640ba08b0ef3cef2a33213f91192aa87deef7b1d4024fd51224 with status "success" and cost 3.007000 GTU (30070 NRG).
[19:45:19] Waiting for the transaction to be finalized....
[19:45:24] Transaction finalized.
spawn ./concordium-client --grpc-ip 127.0.0.01 --grpc-port 10000 transaction send-gtu-encrypted --receiver 3TWK7cB6eSubu25FBFBVz4NhV7YJtFC75wBvR2S5MESr5bsd8Y --amount 0.1 --sender 3zZRRkN5msLuVomz7CxxjAty5ToaDCzx5BwDxmnp3D7F8cBDSb --no-confirm
Using default energy amount of 30070 NRG.
Enter password for decrypting the secret encryption key:63668990
 
Transferring 0.100000 GTU from encrypted balance of account '3zZRRkN5msLuVomz7CxxjAty5ToaDCzx5BwDxmnp3D7F8cBDSb' (Gloreix2) to '3TWK7cB6eSubu25FBFBVz4NhV7YJtFC75wBvR2S5MESr5bsd8Y' (Gloreix).
Allowing up to 30070 NRG to be spent as transaction fee.
Transaction expires at Sat, 30 Jan 2021 20:00:02 UTC.
Enter password for signing key: 63668990

[92mTransaction '41994ac38fdecf1fe2fceb9bbf0b35999abba79c1f946109c8d91e42b1fe46ce' sent to the baker.
[0mWaiting for the transaction to be committed and finalized.
You may skip this step by interrupting the command using Ctrl-C (pass flag '--no-wait' to do this by default).
The transaction will still get processed and may be queried using
  'transaction status 41994ac38fdecf1fe2fceb9bbf0b35999abba79c1f946109c8d91e42b1fe46ce'.
[19:50:09] Waiting for the transaction to be committed......
Transaction is committed into block 7cfdb98be531c50e1a879c82055129526cfde6e4fafe6728eb5901dd0f8e0c42 with status "success" and cost 3.007000 GTU (30070 NRG).
[19:50:16] Waiting for the transaction to be finalized......
[19:50:34] Transaction finalized.
spawn ./concordium-client --grpc-ip 127.0.0.01 --grpc-port 10000 transaction send-gtu-encrypted --receiver 3TWK7cB6eSubu25FBFBVz4NhV7YJtFC75wBvR2S5MESr5bsd8Y --amount 0.1 --sender 3zZRRkN5msLuVomz7CxxjAty5ToaDCzx5BwDxmnp3D7F8cBDSb --no-confirm
Using default energy amount of 30070 NRG.
Enter password for decrypting the secret encryption key: 
Transferring 0.100000 GTU from encrypted balance of account '3zZRRkN5msLuVomz7CxxjAty5ToaDCzx5BwDxmnp3D7F8cBDSb' (Gloreix2) to '3TWK7cB6eSubu25FBFBVz4NhV7YJtFC75wBvR2S5MESr5bsd8Y' (Gloreix).
Allowing up to 30070 NRG to be spent as transaction fee.
Transaction expires at Sat, 30 Jan 2021 20:05:02 UTC.
Enter password for signing key: 
[92mTransaction '2e304ef8040fc35a5808e00a49217b9e92b004433b959d8157366050ae04864b' sent to the baker.
[0mWaiting for the transaction to be committed and finalized.
You may skip this step by interrupting the command using Ctrl-C (pass flag '--no-wait' to do this by default).
The transaction will still get processed and may be queried using
  'transaction status 2e304ef8040fc35a5808e00a49217b9e92b004433b959d8157366050ae04864b'.
[19:55:09] Waiting for the transaction to be committed..........
Transaction is committed into block f5ddc2761c407d3c7ea2fa801ec699804280bdad2714977ee5c67eecc18b7f78 with status "success" and cost 3.007000 GTU (30070 NRG).
[19:55:26] Waiting for the transaction to be finalized.....
[19:55:41] Transaction finalized.
