Fri Feb  5 15:00:01 CET 2021
[92mTransaction 'b1a4ea97078ee97d409fb512f073bbe1e6ab55af70549b56e9344ce7b2a285b6' sent to the baker.
[92mTransaction '7108d6455beb8eb12b985f01709702714733b9dbeb49d5cfc1752f83ec00ba31' sent to the baker.
[92mTransaction '9dd3d5ff661b0b095e2c6f62731df97ef5a6cc80e1a38fe74bef113b3be85dd2' sent to the baker.
.[92mTransaction 'a23972d9711b3cd5330057a4daddda1f889ec32159a8cd9cc65b9f0546299cc2' sent to the baker.
[92mTransaction '538b6fddbc03dd191c9b26f223fbe07ed15f3b5432010a35b5ab9c62c62ddaf4' sent to the baker.
[92mTransaction '2e62cd70469868cd60a6750ebbaa3713ca3c5a6e1a13535374ad871a0bb62cac' sent to the baker.
[92mTransaction '90f1e2217fc80d94b7a8327d9755d6706d2a49860d76466b9ed31d356d28ab3d' sent to the baker.
[92mTransaction '197d655cfa91048f00e24ea7ecbdbb90602f15a905ec051071b67bf5b248a586' sent to the baker.
[92mTransaction '45ad31f43cd9f88161ee7d1cb9f32ef9c57b7a399f08308609fcf4ed182b3db6' sent to the baker.
[92mTransaction '40041d582edc9074856e0d08767f4725ca9a3a3bab6a35d02ae658cd0049d754' sent to the baker.
[92mTransaction 'c36adba4c580bba119d0ab506367e1851e0b96b895190a9251c10a6621d530ab' sent to the baker.
[92mTransaction '409ae7dbb99fab5fc00313a7110ad680a5a83e720030cfa22be49083e152b3d5' sent to the baker.
[92mTransaction '5ed4fee224534b60aa48562751dea74a011afe13ca311a26f0a0f3096787c01c' sent to the baker.
[92mTransaction '545703c59434acf72be4b15fad9cdfcc64b945304772190b38e215769b20cd7c' sent to the baker.
[92mTransaction 'ef8c7a6a610187c6fa56799c5475a76522eb19ad9e80c9039979633e225c4fb3' sent to the baker.
[92mTransaction 'f35caa9a0914728dbc0cb63d6c8f9c4476c63ac79f154f04a2d43e67eddfff06' sent to the baker.
[92mTransaction 'c586101b57b192acab10d64f6a088b67c9399d2209e1ce62db85d3f1ef29d395' sent to the baker.
[92mTransaction 'd70b400cadebfbe9602e4f3bb675d1b21dbc4811fa9204d82da5931f2fc6ba38' sent to the baker.
[92mTransaction '7acdbf38ef48d04dd4bd1836868139f6f43e86e52190f9d241cf9541acfe86b9' sent to the baker.
[92mTransaction '09dc5a17e47912ef59207d735a93fb90a2ec3912059fefe2fe388dcbc634e74b' sent to the baker.
[92mTransaction 'e2f105dc2112be7c1032a7034752b94ae3183878d6b228e38fd7d107ca88287d' sent to the baker.
[92mTransaction 'fd93d5d26c17f258e7ca6b6ab724572ffaec5ed38e523ccdca463a5348b7fa25' sent to the baker.
[92mTransaction 'c8160e3b392a59d3e98a1f4cf3ff133799d4a4d5b3c443ca4c3457c6a5ee01e8' sent to the baker.
.[92mTransaction '2daaf837632d1aa2057275c81e37e49d1ad2ab46642b3362835d7e59368f75a6' sent to the baker.
[92mTransaction 'fdf301801925ffda3ceebf7bd5176ca30a9c1c4df3b43adf79e3289a8215d553' sent to the baker.
[92mTransaction 'fed14fbac9af52c66182a9ea5cfda9ef79fbe0a8cc5e3d568a4d5ce21cdb379d' sent to the baker.
[92mTransaction 'f38973e93646e212dcaf1d1001f28fc6abf45e553251df7b70ba0baf5c9b5269' sent to the baker.
[92mTransaction '2f2775a9463f79469e623724d9c2e6189ad32ffdfa2c8d36af0f9177770311f0' sent to the baker.
[92mTransaction 'ba89792973343a7a4c94676ec8cfcd3e1ea48db58acee129ab2616810760e9ed' sent to the baker.
[92mTransaction '07e04df0fc5cb8be8be8dfe91497ae8a7f390d568f4f25702127967e29dd37f2' sent to the baker.
[92mTransaction 'b6709f991f3647edf687f6fccbe931150f887350cfa40e2528bb21afc71d3a38' sent to the baker.
[92mTransaction 'e448bc45068ca6ef3137fe203a5a9301298a31d09ded1b70df146710ee7880b4' sent to the baker.
[92mTransaction '8dddd50ca4d29447c62b49301045a1397d904bce82e0a908e672b9f135e16a35' sent to the baker.
[92mTransaction '7cd0137c2c55bcf58e44515a4e4e572a10708a90d6ca03420ec9335ffce51864' sent to the baker.
[92mTransaction 'dc0a48b10d21fa83b9e51e7d9c5152814a12e9a14097ae27243e489d6091b2d7' sent to the baker.
[92mTransaction 'ada46e784f3b881cff408fbef823341575b5338d28a48fca287e9ccd21e37dfd' sent to the baker.
[92mTransaction '0e04bf676be12ff0ef2a6c3173d68ae013419c0a3c3bb40a3b08f4eb3b50096c' sent to the baker.
[92mTransaction '7a1555127587c215d7184108ed2df62f6d0a94de164014b045c11ce422629678' sent to the baker.
[92mTransaction '150900ef99d653236bec80208201ce54ee725ff1a6a912fedcdcd1a8edd6a785' sent to the baker.
[92mTransaction '91e3ebbd1c192603d693d9d381ec8cd63866bd83219c0ad2cafdd9b74e56a5a7' sent to the baker.
[92mTransaction '887b2e7b4b5f4df08d6974dfd30e2dad2157932318fbc9eccd112471920b7824' sent to the baker.
[92mTransaction 'df7b28c25f3313c8cefbc2221232bc6bbeb0a9c42cd204b96b91a0738a648f2a' sent to the baker.
[92mTransaction '44c2bf8481305db8387d571327744cde215ef5a2fd58e827045ccc5598912a01' sent to the baker.
[92mTransaction '31f0e974f0dc0185d3b35225b167710ccc4f9635b4ca8241565b2a46937b8bb0' sent to the baker.
[92mTransaction 'abadc8c3d7417e6316fd569f28b0884612151fe772e302fe5cfa6e4ee12c3295' sent to the baker.
[92mTransaction '1a097e543e7776d9f4b80edfac63036340ba0018e8b1cd55a1d60d277d650d5a' sent to the baker.
[92mTransaction '910387ac9de8e0153755862070b64ed351e4cee4a4eb70c32572070f8819afa9' sent to the baker.
[92mTransaction '413ecf5381dfeee489eb6ddbd213e28c80e0083cd11277addf31267a66ca7baa' sent to the baker.
[92mTransaction '8d60139d40713f299f56ca1b337b38b254e64358a61cb7e2da39aa456ffb9853' sent to the baker.
[92mTransaction '0ca9c1ae566f9831619f418e6c299d75755a266af1cd0af648a20b12818a959f' sent to the baker.
[92mTransaction '7006268555fc63411e50b8dab499290e869fcd5291c079a48f45496b7f7c97ce' sent to the baker.
[92mTransaction 'bea95c22b1076483879725c985617ed7aa6ab87a4366d49caa2ed7052b50b3b2' sent to the baker.
[92mTransaction '10fa45fd63b94196fab2c2c8a51e62e993c3472b5d42b787311779498a70ba4b' sent to the baker.
[92mTransaction '92e04390304867862134a7737247bf3e2436cd82f1f44e06a64a784d9bab1e36' sent to the baker.
[92mTransaction '06a9acf9ad3a7450ce84e03efb2872f74a785dca1786b1227d44593416709019' sent to the baker.
[92mTransaction '5e436c1fe8ded6381da3a66e72a65cf7adebe220655f32b112fa0da7a0f069c9' sent to the baker.
[92mTransaction '572b21d0a8392f84d96c1bd60e4cfdb0cf6be6cfd1059c801cf022e5c6328fd1' sent to the baker.
[92mTransaction '1e7f7e2ef0a917cf735915f712bbcd5c18e61039ed0b172944ad29cc5d6f79b0' sent to the baker.
[92mTransaction '943df48241c5a305cc8d972c093705874f6fbbae604330c209f29dc9a41e3406' sent to the baker.
[92mTransaction 'ec57f4e48fd075d11eb819841257216675446241e33dfb6ddd3bd04a156bf4fb' sent to the baker.
[92mTransaction 'ae794823542894f4ef4641c236321f4f1f6afd17247af236a05f994d8b20038a' sent to the baker.
[92mTransaction '47bd5bb4081b6ffa1e1162f9c6c3d0f66239d2a34324d73be980f66f9e184bf4' sent to the baker.
[92mTransaction '60882275f6c0d6866226b7f2f2808abc2ed5c4ae25017d701ba65ac1ac493dc7' sent to the baker.
[92mTransaction 'eb55ba3eed764833569b39d08801461c76d849832525b0c66ba58cd4672f825f' sent to the baker.
[92mTransaction '15f94372a006dbca1d4e5ad054e899e811f02c94072b37161020b45dde283ff3' sent to the baker.
[92mTransaction 'd174fdc3a7cd57e19ddaaf122704647826cda96cc923df62f76764e7e2fb0c34' sent to the baker.
[92mTransaction 'bb2e365ef191d3cb96a9fee0c57c0dd035d3d8c84f657ba80bd05fb3712b2487' sent to the baker.
[92mTransaction '3829da3d91f6709ddef978fbcf9e60d1a55e2f484ea6a25c4eb8c33047aa6e13' sent to the baker.
[92mTransaction 'dc709aad06b31737a2e684f20e46c615b76b546453030a6375299fd6bfb76133' sent to the baker.
[92mTransaction 'c8449872c1896874fa22b7e6e93f659f031ac798d0415100d7a766fa202e7560' sent to the baker.
[92mTransaction '8cdd95971824e7577411336ef58db55ce01b6ba8a5713d0eb57708d49f6b34eb' sent to the baker.
.[92mTransaction '4539989dada3e7727bca625afcdef8e6cde3c07890d18cb99bbd0b0ebe61faaa' sent to the baker.
[92mTransaction '35413f7d4d92a885ad73fc1366708e8346743c36a6d097251bdbb27b2d1df5ae' sent to the baker.
[92mTransaction 'dd4c2a5dd590d1f5e27a26bd0421683e6fda4f9dcb8c5526128f25846953582b' sent to the baker.
[92mTransaction '7e34ec1af8a3c2123013f2957972712ce514ef2c1d3b713c8a175defc342539b' sent to the baker.
[92mTransaction '45ce9b5b704679be8fff1219cca6384f8bb7babdad58e5c29978b257f785a413' sent to the baker.
[92mTransaction '8cf3aefcac22d9c49011310656c452d8fbeb6d4ffa617096393b13d69e0cecdc' sent to the baker.
[92mTransaction '56c780482f67625736c43c70cb032b94af75a8f4bbdee55018a6f42de1d0f0c6' sent to the baker.
[92mTransaction 'ac08a5f63ec71833c09456d2d958e44f6c8f4e28c4b36cbbf63098f7a97fc561' sent to the baker.
[92mTransaction '281341e7203792df450fc656d876bd51bc3fc5592a48a5fede64ba4bc7ea14b9' sent to the baker.
[92mTransaction 'f5a1e70fce9c7b919460c2f5ab27365efea873c3c32584b6b4029d8180d8c0c5' sent to the baker.
[92mTransaction '1caa13965d628eabcafc0d40680c8568822a563b83660629e9df765276f25d68' sent to the baker.
[92mTransaction '20daa9fff8b0f3cfe16fdafb3e64f06217744edc823b80c7b138c0c3133de1f8' sent to the baker.
[92mTransaction '7b4f70578350509bb997701ae907af50b1d739013e94e0a5a004d4482e9f8744' sent to the baker.
[92mTransaction '7781f09e93fcdd40dcab4eb78c83cf07097f337de2163e3ca3d18fa9d86e9692' sent to the baker.
[92mTransaction 'b9a668ab7b8dcde3c5f3d41481cd68a538c72dd37b580d8477752926abe1add7' sent to the baker.
[92mTransaction 'cae88deb337d6a3d6ed505820c54abbf79c647d77b3569a40667618f227d01e7' sent to the baker.
[92mTransaction '3482f335d84cba73159fce5c3daec092fdb6da4552b8b13c716f6c1f07f3c08f' sent to the baker.
[92mTransaction '621eb8af0b29bd952c93838d2fe036d3dfd4b89a456196b3c6242c202bcadb96' sent to the baker.
[92mTransaction '4534505238a9aa4b536d63a13661546bfeb8bf30bc5ccf13224715dbb383e80e' sent to the baker.
[92mTransaction '56b2d6278de5a889d60fe640c25266e5257335410b5035aced1becdd04fd20cb' sent to the baker.
[92mTransaction '6c0e10e7007835f56fc80b7b03a2aa9baf437a01785d5dc76eab8a9b96cec9ec' sent to the baker.
[92mTransaction 'a74a8d03f860d344ab86d0aea32a5afeecbf1f216d420beed5df4aa8778abab8' sent to the baker.
[92mTransaction 'e8e42073f93d880e5c5d1d2e74e2ec6b5306e3d12d56f5718e991a3796145755' sent to the baker.
[92mTransaction '2b1970bafd435212bf37768223489d551469b9dad18c530a28d29dbb8dc7f315' sent to the baker.
[92mTransaction '3eb653d1acbaa207bf640cede610ee5950e2adafa0844b4268a1ebe08dd2193a' sent to the baker.
[92mTransaction 'eaa552d6446a2e6b92728cbd63ac4f19c8b6b351f0452a5510a7bea6467c5108' sent to the baker.
[92mTransaction 'f82953dfc684f416c30d2a6b580c59da77b6fd016c4a9fa552738d83affbe18d' sent to the baker.
[92mTransaction 'bbf70d024891ab720cb410735e5f26ca9eb3251ade252986794816f07193a7dc' sent to the baker.
[92mTransaction 'acd68e859389ea90f2ec7b9f16f587f034b68d7c16a7be7db8dab0392baf3c53' sent to the baker.
[92mTransaction '1de1e42677d6515067a2946f8ddadb6d4330d77c968e99fa08eaa152cd3fc30d' sent to the baker.
[92mTransaction '049d45f926c5cc5c7ee987eb667ed397ee531abbb1c34d9ee40df94afabb3b08' sent to the baker.
[92mTransaction 'ecd54598eab6936deb0e1ac66c744c437b4f4b59a0af1aeb6d7cbc2d8d094a92' sent to the baker.
[92mTransaction '2bb04fa601b2bdf80383ed62ea72d0713af1bc0be89686dbacad567feada1ae3' sent to the baker.
[92mTransaction 'b6575c67565dfceeff04146cdcb47bc69c47b6041b0c10c9a689e53751c81f5c' sent to the baker.
[92mTransaction 'a78e75deaea3858985ba2e2bc3532e0d5e4dd5dc317f90e9af03b8d0cc286eca' sent to the baker.
[92mTransaction '5e83fb30c87adf3b06207c2eab136757ee3e86260ea0108d9f7ad7ae0d948e8a' sent to the baker.
[92mTransaction '0485c8142a46456f02132ffb195db3dacdac125de3b6e2f8b435981fb6433625' sent to the baker.
[92mTransaction 'd3c39a3e61370fb45c6b7d2ec8515586980670f620a8b41b895d5483031ed61a' sent to the baker.
[92mTransaction '5b452abfa3114df679a59f50b712fdfc71c9c44e2a9b5c625d4b63ec65418f57' sent to the baker.
[92mTransaction '057c267958b18259c7364e5cc2faf0a222bc3d9bc61ff4f915860b69fddf6b90' sent to the baker.
[92mTransaction '687b0d7a7177c4c5585b1bec3a47819cae39b2039baeaa99bef2f1fc75e99a4f' sent to the baker.
[92mTransaction '75857526e0071ba1b4809cdd7335f4ee4dfaaa3bed3939b329120f8e641f336d' sent to the baker.
[92mTransaction '07011786247476c7baec0c2967222905f13e52d268d0fa44fc8889eba6d23f25' sent to the baker.
[92mTransaction 'd77089dcd18f88d4e21ffac7a33b7ec79d91db4028e3a95ed4fba1030a5aa4c5' sent to the baker.
[92mTransaction 'd6e28a4ff91ea4d3fdcca57d02eb6994203210cd67efa3f0d297109c3c8d5a2a' sent to the baker.
[92mTransaction 'a38a5c4128af0a9e9cb3bd8ad46df77a6d6fc25d42b0d4ff0fb42720dcb93010' sent to the baker.
[92mTransaction 'b51752c1c7c1af14347503db00caa90fc7f4cd327ec894bd499a7d221024b843' sent to the baker.
[92mTransaction 'a68875507d2b9fd757e986c24d15fc6bcabf95630d1ba17802f3bc97939a89cf' sent to the baker.
[92mTransaction '3c21234caa7a5ab43c9d3b8ba7f4a4cb7d2e5cc64e0014b9675c23dc12af047e' sent to the baker.
[92mTransaction '6a5ff50cd4490059da8bc13540886ad0f4262e96e681499d518038596e4f9188' sent to the baker.
[92mTransaction 'c4598423b3780f9b09920ff30a31fa70ea224ff28c8d49d0e09754448a38e361' sent to the baker.
[92mTransaction '341524993ad83bdeaf567d93d70fd36bde6cc4dcfb8df5ecb317cd22ce647608' sent to the baker.
[92mTransaction 'cc3da06727aff0ae98ad759a850842efd0d67fc55ca660d78dfaa58e8cbacdf4' sent to the baker.
[92mTransaction '2d005aa433866f67674f6fee3b85479bbf5ae95f3ed6ce4f2d1609f1244c06a3' sent to the baker.
[92mTransaction 'bfc9ea0db7e1ef9dc04763fe36a3e2f56bfca28c201b01a5a46b78ff0669e274' sent to the baker.
[92mTransaction 'cff69d15a1b738665bc1da8e360234b857c642e86a4fb06cb1f97dec791c12a6' sent to the baker.
[92mTransaction 'b94d0e4024ea8360d8c28a792f8008b61f60c106714f5b9a7ab18ccdbb8a2503' sent to the baker.
[92mTransaction '86df65be2bb28811f8969165a2404a7921b47e1336b2b0f82b79f8b5940fa438' sent to the baker.
[92mTransaction 'e9f88dede1ea20a75fd3c150f82b962c881c09d31d78058a13564bb6e1c1e747' sent to the baker.
[92mTransaction '0fc73fbcdace939b2a5a2a177e669af18f8b09330198a2d867364d737dd017d5' sent to the baker.
[92mTransaction '1d0af2f2336b61b2a21c68b3438bab41365ded924a42f2a654e5d971db03551b' sent to the baker.
[92mTransaction '614264632d5f98b8f6e9efdfb25c934a2c9b4a1f7819b9174b505fe277973e84' sent to the baker.
[92mTransaction '24dc14d361a4a915782a0cd68e5082c86bce931869f1c99eae5bbca2856fad2d' sent to the baker.
[92mTransaction 'ef9d84def76090ba5f7f59f3dcc1fe7d219ad8f4bc11fd874dcb3dcd669e8819' sent to the baker.
[92mTransaction 'd38214820aaf60a7ea562783062cf889a810354a6704268e2c00c9cd6eebcaf5' sent to the baker.
[92mTransaction '860a0a2d35a7fed694b349b510f4b88c848b9bccdefee00f54b3b3612e9bb575' sent to the baker.
[92mTransaction 'bbf38f3eff529a27976f2d9feab2dbf4ccadac0bb3ec9033a557910a97a715bb' sent to the baker.
[92mTransaction '969a317434d71132d6108270f234be43a3c911b6c957b9ce28ae05bc2554a1c7' sent to the baker.
[92mTransaction '6cd58df20b162d0d227323bf9448342e72eca72b3cc1e994e2aef23631eedd32' sent to the baker.
[92mTransaction '1f955b4facb83086a2d18c391233839d1dd7a64a9692186f720d06944082cf2a' sent to the baker.
[92mTransaction '0eb2d2e0146abf143f95533798df9748e4fa4877c4bd7184aec5946da3eb6316' sent to the baker.
[92mTransaction 'd143370e7863bc597b94b138c19e67acf0dd5f7bfe653ff0e88a9aa180a2c454' sent to the baker.
[92mTransaction '4bf9b67040c467dbd8f0f3620b8e31b7f3102a7a7779b236930f0abd494b3d7a' sent to the baker.
[92mTransaction 'e500b3e041fe860d059afbabdb38149efd9cfe51d500317d35a70af80c68f582' sent to the baker.
[92mTransaction '05e4beab70ff67421c0c177eff9833d993c10920d69cbaca9c938c49feb0a98c' sent to the baker.
[92mTransaction '9b841910ecdd29747e775b165f223d899d8eeca2ee010a59db20d386f2580bc5' sent to the baker.
[92mTransaction 'fb32e6fbfbcf1224929d0d9cebaa2c0299f76c8a9484afe9bb8520cfb31d7c0b' sent to the baker.
[92mTransaction 'b15291a6b21cb08d1dbb9163c910bdc90eb072d65e9546437c46e1ae741a08b3' sent to the baker.
[92mTransaction 'e11f760d6fe4a202cb380db5742e7b04d1b9271a6b03e776e67b7eaa0d8465b8' sent to the baker.
[92mTransaction '6ea00dce1844282bfa948277cffa17a398803424d8c8cae54fc5e6848be4239c' sent to the baker.
[92mTransaction '5f34bfb756758a749c73e5481a71d0f470bb7806ebf574772360795370240689' sent to the baker.
[92mTransaction 'a4bb3a7abc523be0cfa6fbf5350f2896782cd50ccf1f0b804e63763f87576be7' sent to the baker.
[92mTransaction 'caa4a1bbf00b30662d35de53db794387f52c325e2f04cfcaa1f4e76a281c36c0' sent to the baker.
[92mTransaction 'bf478e106a071521e7da82d7a6dfdcb5e68fbe75ff3c3dfd7225168f3a9df598' sent to the baker.
[92mTransaction '603781d4e84f0958635f62a3efe2509d87c156270aaa6cc29c65dd23eda740a6' sent to the baker.
[92mTransaction 'a02c8c427a2e492b9e509704929f75fc7b8a27e3f63ac526b0adfffac36501b3' sent to the baker.
[92mTransaction 'b028a6e17a004d6446f93f9d338abf82c1a99ba109eab96387c4d2e6c37d1802' sent to the baker.
[92mTransaction '9c1d6876c585efa8428a140250a7e22c005c0d3bb7bd254f27f95fac1ba2a615' sent to the baker.
[92mTransaction 'e705495979e2ffe005e80e7ceb46dc1928eb6911f53f569e4439234cc9a41dfa' sent to the baker.
[92mTransaction 'd30f2ecd276010a15e21544dd3f7273066ad70b4927267c6799be055fc536fe4' sent to the baker.
[92mTransaction '41bbd3ff8f453a4f98b9a6ee22458b7d0b337f6830b1f4aa157fbcad826dd3b1' sent to the baker.
[92mTransaction '3bedfb95cce57356fa51bd2fe7e55fa1ec6fec32cad7efa3f13f5ddc1bee9ed5' sent to the baker.
[92mTransaction 'ba121a5e09296d332438a2312d42ddc4d65e4ff075c5415fba26df240b931d57' sent to the baker.
[92mTransaction '907d25a27a6b96b2427747e5eb72d75e4cc8bfdce2c6953e5d111b579175202c' sent to the baker.
[92mTransaction '6e1a0a53cc473df19d5602b9ad458fca297c266f98487eb3d93b1e62f64c8fe5' sent to the baker.
[92mTransaction 'c3b266be61fe2bc80c616518f096ad15a0e524633a27f71eb7f597fbd01743e1' sent to the baker.
[92mTransaction '0b1cf59728759567ed4492c603fa8b87a831468f72bec708e40df035dabaef06' sent to the baker.
[92mTransaction 'd478506bff64020b8d25d2ce8ef21da86b3094f534f2993d9e72c50657b7af62' sent to the baker.
[92mTransaction 'e3bc610df3d67f8f9b05a4231550b763cfab60ef63f563aea0ed2d1b55f31774' sent to the baker.
[92mTransaction 'ac413e7b58f8cf9cee7240be83001e393b01555981708e735d36b05539e68f25' sent to the baker.
[92mTransaction '2de5b1f4ea50f68698a48b9fac3f564ac0ee80351c744d52d0906b6864aa8380' sent to the baker.
[92mTransaction '170d112dd6befb3c6ecd98f6f28ea67349190158a35924bae7fb6d7a78f6bbfa' sent to the baker.
[92mTransaction 'ebec3e0ebbc98f73c73e5ca1c465775f97644b80a57158d1083fbdfeb07d1a09' sent to the baker.
[92mTransaction '1693ecae974a8ece5297a3d8fe8819c54ee9c155fa0d3b305765ee8b8b091dee' sent to the baker.
[92mTransaction '20ba7f8b272be5c476d70f1326c66b7de9d077b729d7a39e16dcbcf875c170e7' sent to the baker.
[0m[92mTransaction '79225097e9409ee786f2b161f546e828575e19baecdfcfca1ed4c6818a0020cd' sent to the baker.
for the transaction to be committed....[92mTransaction '656eead10a8019a21edc6bedb22a638281cdcf4cca01c946891cee98ffd66374' sent to the baker.
[92mTransaction 'e8c6828f866cb877276fad74e2212c7edca254cff63a9f73116c75408d10b60a' sent to the baker.
[92mTransaction 'bfc945c1a4ef2a417d20443cad0fac39e450d417c51fc2677ba853d5f789db27' sent to the baker.
[0m[92mTransaction 'b3152bf1f63a0fa9f734a13ec54e6d1a5aecf6db8187fffe7321d6b3531d9fed' sent to the baker.
[03:47:07] Waiting for the transaction to be committed....[92mTransaction '553845f7c2d207362a2e01baa87822fba23715f242eb66a87bcdc49f72115a3d' sent to the baker.
[92mTransaction 'e366d773a68aeb799c82e0b0c81f9e649e364118be2e94c96b80dbd6439cf861' sent to the baker.
[92mTransaction 'cf3f6610f8338e4c2d5608cb37e1b77447819918b9282346870740b1f4ddcc51' sent to the baker.
[92mTransaction 'de6ac98b19e0f07a211e07a4710c1062e7adf17f83cc1ebe2ca3f6480aa42a25' sent to the baker.
[92mTransaction '93aa1d6b4eb56e86d0dab719e26fc07a4dc088eb037595970fea874b204e7fe9' sent to the baker.
[92mTransaction '0336ac92790a2bf1256b7b2916e0e2f60675b20099db934760593e16f601cbaf' sent to the baker.
[92mTransaction 'fcd8ec4e35e18a9a1e22b4cdc2cd2cba668f6e4bf106f275ee4c186dadf7d84d' sent to the baker.
[92mTransaction 'f07f5b4bd6a3f30db9f0beb4a1acee847467dfaa0818fa5d2fd756a92ee0adbb' sent to the baker.
[92mTransaction 'f2bc4bfa25ebc7545625436cc4b05bd30c2cc7a7b11e2935e9f95d6c61648fcd' sent to the baker.
[92mTransaction '2040422a8da94215c7d2888d1c5db5a7d3991cf6b00f8d8720b9ddf76fddf92b' sent to the baker.
[92mTransaction '50f86b03e2f6d990726ff275d4b7babddf0446e165a494e2aed899fa75cd14ea' sent to the baker.
[92mTransaction 'bdf0507935cdc5a883c429564d434f7a9ce02c28ca2aaef1a9505b71b523e2ec' sent to the baker.
[92mTransaction '33f0748a0df5d8cf9c317217aeb720cb6ad25a3a9121c3bafc87a404769252ce' sent to the baker.
[92mTransaction '312d4c36e4ceb8324c18a87f4c76be1f6daa6cea67ee5389129f001fa5445e69' sent to the baker.
[92mTransaction '642614ad43ce58ffc25d76fa694ee150492cb1c61a1cd04ef837bac049c29f1a' sent to the baker.
[92mTransaction '1c9a99bc40e0d7be1ecc6e896220da5e8d790f8da5b6b3925e23be3bdec8c436' sent to the baker.
[92mTransaction 'b3d8e3c60484d02868b555a277d60a22ec81b18420e8e2bbe766619ad0146390' sent to the baker.
[92mTransaction '5c1e3c4777e3fa8b8de76e4353aec7d4dfb4385169e18581b4ef1449d0662abe' sent to the baker.
[92mTransaction '54a882a8be5a9c99ce2accb2715df7a3495fff031ef46bd9bc9da28227ca6774' sent to the baker.
[0m[92mTransaction 'ddf3458b7362d2fbce489aac3b4df602e1d9483abecfa28c3ebe4eeaae481377' sent to the baker.
[04:15:11] Waiting for the transaction to be committed....[92mTransaction '496cc61eaae7dad5daf471873e98a51d6be6af45eea0625604d45bb092d1f366' sent to the baker.
[92mTransaction '24b3dcf573894aacaf279545bfdfec389ef1a182830db655893a56469788e905' sent to the baker.
[92mTransaction '0a5c0b4899b8837df80038cca296d4d28580ff344f7af26d4634661ca897c350' sent to the baker.
[92mTransaction '27ff6bbc1263671ea3730c786b2dd95e2cd9ef7436bf7fc349716dea6512a2c6' sent to the baker.
[92mTransaction '2a2793bede5674b711a7b2f74ad1308eac517d12cdd5b878aeffbae79e2bcafd' sent to the baker.
[92mTransaction 'c3d154f62c543dfdcd0097bd55be4d5060c754c18b4cc7c664857e8d44c49847' sent to the baker.
[92mTransaction '2b7631598992682bac3ed7c8bd419330aea5b65b774feeed4e525445c6dcff6b' sent to the baker.
[92mTransaction 'f5022d26b2285176265c41f3e5f5bc7a0fe078a07cb3371ac69a0f0b3f6a6624' sent to the baker.
[92mTransaction '63105a999ddfae3065f0338e65fb344d35a8211145786251dd6cb48abecaa12f' sent to the baker.
[92mTransaction 'fbb0718db871501b5a2adffc64e2369857f5868a7eea77a16e9969289019a13a' sent to the baker.
[92mTransaction '3d65f9ab46c7efc7bd7524959912bbe47fbca81e607a575fe637801a22d923b5' sent to the baker.
[92mTransaction '676b6dac37894b6c1d3afa75eed44cd2fa6c3c8668c1a221c41502ab1f5fbc19' sent to the baker.
[92mTransaction 'cf6ff5ab27a7a3dc5f5b42b7d6fa83403e17ec65c158f97c9992404e8de0fdfd' sent to the baker.
[92mTransaction 'e4513f0f4476a0208fcd06bd8404fe970b06c87b1b25d362b7e1c89648f0079c' sent to the baker.
[92mTransaction '0229b082ff66c3df521c52ea77ceaf6b557991447725fe8b21abcb470ccd85bc' sent to the baker.
[92mTransaction '98e3a8762e505d30ca68ffde775dc3bc7f6c7d3aa466415d0d9838fc114f1c24' sent to the baker.
[92mTransaction '7287007394f0a8d3c1f7214c5b9d2f94a008d2122c55f8ad80c488630360f6b6' sent to the baker.
[92mTransaction '932438a1cb8742a2b460d8656f2f049e30066b3a421a335ef6dd8e97d7daf5a0' sent to the baker.
[92mTransaction 'f2e8b11d285e84c57f12eafbb49dd566ee55c62d8bf6490af6c38a7de62d4dd4' sent to the baker.
[92mTransaction '9d53bf3ac8261ec0aa69edc32666dd6c8c7eba60bdd7a3ce6caec831c30268d0' sent to the baker.
[92mTransaction '41f2fbc7fbfb3785ae48926060e01568a9995f2cf47ee0f88b52b990e212ec04' sent to the baker.
[92mTransaction '4bf8e56a1be3220a993462b5b78fdcb9ed60971dd569059b325676596828c147' sent to the baker.
[92mTransaction 'ce8d85036551ab93d57fd5f038a16d2b38bb5fe1b081f8b95a7dfda1887d066c' sent to the baker.
[92mTransaction 'bb4bf441cd99334443a689d8beddf7856765196d0971f4ae936b66568449a9c1' sent to the baker.
[92mTransaction '740847f2a539df1070e1f26b10d1fdadfd24bb2c8eb004d623611f69a030a58b' sent to the baker.
[92mTransaction '695b0029e6f19322e5bda988edc0da28db9bd5fe17da10000dc5407ac83af588' sent to the baker.
[92mTransaction 'b91919565a18d8c50dec36d21b2b34d6808b322d3b52ae9b3abf55c209692310' sent to the baker.
[92mTransaction '92cd1020e6ca3d1ff61a8562b42a4937952ede51d405294000cd570aceceb10d' sent to the baker.
[92mTransaction '08a0522d857f7a5e4ed73eecd75e45b46fc6801412fd70a24880f79e0b5d9cc3' sent to the baker.
[92mTransaction 'ab3e7c1a8a5e4c7fb1dcb18d34ff8df733ff2488024095f784d1ccd1caf68b5d' sent to the baker.
[92mTransaction '896503375a201a00be32e1f72d85085260f26e25440f5283436198a929b8b631' sent to the baker.
[92mTransaction '5d2fd3e6df09aa8a7b6a33b5b7c54e89ab5e9b71ac1a552588b66a0fa78aad1e' sent to the baker.
[92mTransaction 'f760b90d9676cafede627ae8e6afc8a28bc07269ddd480ba2ec626b8a373b53e' sent to the baker.
[92mTransaction '6e87bc204ca07518d84cbf171deca7579a393db29a899355f1aadd9b776c7943' sent to the baker.
[92mTransaction '29eee3f179e60a738f6e7474762f6fd2d3db308320e1beb8ba419e1ce85e0163' sent to the baker.
[92mTransaction '05f6f2f586b779f570eac66d23c23aa31eeeb4f4e7a84a1c32764feccb108672' sent to the baker.
[92mTransaction '5c6c5513e47f686ffbde1c12700c20cd0472f633a3cfe0255e005e94a787d0a9' sent to the baker.
[92mTransaction '69937cd8c44acb6b31fb746d418ae19abf7bb78b531534badea986aebb4706dd' sent to the baker.
[92mTransaction '384d0094d7baff83405ff7260d443ef1b1c5248529e2bbb6d7a0777bd2774fd4' sent to the baker.
[92mTransaction '115c531930121bc5e43b849075d88bf036f73a5cf7fb280acc4d11298a98ff10' sent to the baker.
[92mTransaction 'a2a71fcb3b9c277a42a4b9b3d9ca5fc8ca637508a822e5265a5f11dbbc770978' sent to the baker.
[92mTransaction 'c0d50d2972a7b7187f52d5a3e2c1ab677c9a2a392790b8c72f48df72b0565672' sent to the baker.
[92mTransaction '6930a92d96e800678a5f1d3d36e27e6fe58f163da7dcc7e082f95c59864910cf' sent to the baker.
[92mTransaction '8b45babe2b0446118bbcd21a1c1b38b3ff3004dc16b0bbe4c40ada19663ab97a' sent to the baker.
[92mTransaction 'f21793381ca48f7ca491d0e2b11f8613250a949b7745b31924f8f45d7f5f23df' sent to the baker.
[92mTransaction 'a850762bff481d3ea876c25b2cd5d7afe8404f33e58297cc37cee94e04770c38' sent to the baker.
[92mTransaction '97426d0afdb698b020a9ba4f7d2a5f35efb7322a83c73e39e94f80b9169645b8' sent to the baker.
[92mTransaction '92b0426a4c8c025379b0cb2f78737d63d98bdd5e8e7505ff57e4dfb0f3ef7d0c' sent to the baker.
[92mTransaction 'aca36784ba2330bad40135b9c1b7fc7f17849fe7f5a790933b8627890a61306a' sent to the baker.
[92mTransaction 'cd14a68cab47db975df049d35e865b748a02d6e7abd24a568e04ad5c36294a29' sent to the baker.
[92mTransaction 'f515f6bbbba8dba96e4fa6bcfb0e7bf9a55736efff750b0707c65a93b521192e' sent to the baker.
[92mTransaction '6eac0b8f6412598b90c054eb7d9ef736e05bf555e9fd9f61effe102674c6ee6d' sent to the baker.
[92mTransaction 'a5ca4ccfd1a2048b5fff2e9d07864f556d6fb47f623d6e72fe11eeb990dc5dae' sent to the baker.
[92mTransaction '0e0a95395298a2ced84afc5d864edac26b3248924f7f8507e3f52aba9082ce7f' sent to the baker.
[92mTransaction 'bfc9ad980e474e26617c58f46952dbe463d1c70824a90a97b5482cc5bcfeb1ee' sent to the baker.
[92mTransaction '7d886ccea8b3334045b59768b03e9965c4236550d4c8e351f89ef2d37593805d' sent to the baker.
[92mTransaction 'd8c409b38b077bcbcf6c1aadd94fac0c6000761e40e8e3f6714b8e8d8d607f76' sent to the baker.
[92mTransaction 'f9b9078e1dc5d06300c6974527b95e9eb4102cc4e8a21f08f2162e55be5b0656' sent to the baker.
[92mTransaction '117bb3fc4a3076b5c973feb884fed719218d9a1b22b11f500ad9b32819e1ee97' sent to the baker.
[92mTransaction '8c8994943a79eef340beac8f8ca50ab6428c9fe1eac9ea35a5a6b7ef0562d776' sent to the baker.
[92mTransaction '202843a5d35a5a7f0015607439f5ce0766850b42040efefd727522fa8bad3432' sent to the baker.
[92mTransaction '3304eaeb3899b5ccfe181a2c8813f78d405da5ddf76ef3099babcf4c5a61333a' sent to the baker.
[92mTransaction 'd1712250763ddc9e906e9077c9e590e3e603a96c36947e2691d1fd175684bda8' sent to the baker.
[92mTransaction '1fd4e427fb20a016ba0829504d721be3fae1a3f2fb9255ae241dbcaec4505079' sent to the baker.
[92mTransaction '12d2749295ce91dfb351847ee45f754ea40f1f1c9b2e21a0f30097e2eaf11339' sent to the baker.
[92mTransaction '46a647af9e9a6edf1166669362dc344471b6aca08a76320f48b4da161794adc3' sent to the baker.
[92mTransaction '8af2910321169468e96d440ea0996c92f4e7c20ea4a427ac727a5b51d6b4a781' sent to the baker.
[92mTransaction '062ff81c5d1c0650888ab07c3de300a36f4e8c6722bf4c10a1c7cdb970299264' sent to the baker.
[92mTransaction '5ed59e50986aed7d7910ebd33a5e543b43775a50e3392caab0f5ec3e990046a8' sent to the baker.
[92mTransaction '9e65b884cbb3162368ddaef8eb019d3e02ab52c22c9aa7429cf18cd070c1ad42' sent to the baker.
[0mEnter password for signing key: [92mTransaction 'd4b4403fba7c70b6737ec79c030545d62c96a4eec3c4cee1d4324107c81509db' sent to the baker.
[92mTransaction 'd2c231b77cc0d20f3b0fcb585e5956468f0562c56cb01e4eee0106273da112dc' sent to the baker.
[92mTransaction 'a85969f455601463c0fe07852ca6be4478657fee35d1d1269f3f15a5c6299822' sent to the baker.
[92mTransaction '9323ac5ed75ba9ad5bde13b56b88b07e8a804f3a43a43f95ab58e0f40c76b731' sent to the baker.
[92mTransaction 'a97f47c69c538839312c2270530912fafd96e72850a5c6538d9c7a9c0f5d37f9' sent to the baker.
[92mTransaction '75c9e57f4c5b495dc73f6b3841d9727177f63a1bee9e69b7551e612809d1fd2e' sent to the baker.
[92mTransaction '4d408c2714dc18e22d881d2f725103b7138aad4f866d8013bd70a65ad51893a0' sent to the baker.
[92mTransaction '9fc139e173ae85e22a20a2b08cb876abb85eea8b7f7c3fa40768a503982f6985' sent to the baker.
[92mTransaction 'b8922a424b789d157c9d8ba674c42bf2db7bc5643e6246fb0ba9cde0574e2ce3' sent to the baker.
[92mTransaction '8083b157e9ce378a22b4795f78b5b6c7ec797c9c1307878509f33ba47e368c95' sent to the baker.
[92mTransaction '559df2a0d9774949a27ded39bbbdc59ebc13ab301f4ed639367261518e6921e9' sent to the baker.
[92mTransaction '1cd38cec3a777b5830eacffdb969f9fee55bb3f4b5aa7805b7e016685450d691' sent to the baker.
[92mTransaction 'd2b49cb7d76a05743c075d1d0f82e1d9014be77f73eebcd688e843d0251c302a' sent to the baker.
[92mTransaction '7b289e0a6f0f7f6fef620da5b2a08ba04c8a53b85073dff4afdd14502d200237' sent to the baker.
[92mTransaction 'a0882cf130ac261a0934018889d2bb2e29f0e7d9ead73b7c6157aaedbd9826ba' sent to the baker.
[92mTransaction '1dcd08607308b4fe3a76644b4be088b0260d8b7023459ff05682f593abc00157' sent to the baker.
[92mTransaction '59b6fec56f9157fc96611db3823571a55d8d150a6a07a8cb3e2339137096601f' sent to the baker.
[92mTransaction '0ab84f2ed6903929d13236822d3c5a81a7f9edb1d4301de8820bcedd528fc4e2' sent to the baker.
[92mTransaction '5ca78e812997157dbae80607193eeffe184d59f3356fbdd6a8c511f3839ef784' sent to the baker.
[92mTransaction '84e85cef7240d5b4e305e907ee5153698fa6c32f9ca758e1aaecc238430b6ebb' sent to the baker.
[92mTransaction '2aff51a77b3ba99b65b018c930de6450dc4019efd2053df6520890b8a728f13b' sent to the baker.
[92mTransaction '4f1dbf69c1d5206a3bca1e54a0daefc686300a8e9c77bcb48b99105088491185' sent to the baker.
[92mTransaction '0c82571a52001d070ee0bcdd6563bb1f51dc7f8a017ad2027b8314e59e0d03c6' sent to the baker.
[92mTransaction 'ecbfb524935759f2436dcbaea331fa89ce76b2b03590d0cb6476d3192327faa9' sent to the baker.
[92mTransaction '2ae6b22a01397ca6ed3ba1581c5df78df43e47ddc084b42e84d52867218665ff' sent to the baker.
[92mTransaction 'a655f31cf6540aea011e1fd0969724c3bdc16ef7c6fecd65753dd06922f33949' sent to the baker.
Fri Feb  5 20:00:01 CET 2021
[92mTransaction 'b1a4ea97078ee97d409fb512f073bbe1e6ab55af70549b56e9344ce7b2a285b6' sent to the baker.
[92mTransaction '7108d6455beb8eb12b985f01709702714733b9dbeb49d5cfc1752f83ec00ba31' sent to the baker.
[92mTransaction '9dd3d5ff661b0b095e2c6f62731df97ef5a6cc80e1a38fe74bef113b3be85dd2' sent to the baker.
.[92mTransaction 'a23972d9711b3cd5330057a4daddda1f889ec32159a8cd9cc65b9f0546299cc2' sent to the baker.
[92mTransaction '538b6fddbc03dd191c9b26f223fbe07ed15f3b5432010a35b5ab9c62c62ddaf4' sent to the baker.
[92mTransaction '2e62cd70469868cd60a6750ebbaa3713ca3c5a6e1a13535374ad871a0bb62cac' sent to the baker.
[92mTransaction '90f1e2217fc80d94b7a8327d9755d6706d2a49860d76466b9ed31d356d28ab3d' sent to the baker.
[92mTransaction '197d655cfa91048f00e24ea7ecbdbb90602f15a905ec051071b67bf5b248a586' sent to the baker.
[92mTransaction '45ad31f43cd9f88161ee7d1cb9f32ef9c57b7a399f08308609fcf4ed182b3db6' sent to the baker.
[92mTransaction '40041d582edc9074856e0d08767f4725ca9a3a3bab6a35d02ae658cd0049d754' sent to the baker.
[92mTransaction 'c36adba4c580bba119d0ab506367e1851e0b96b895190a9251c10a6621d530ab' sent to the baker.
[92mTransaction '409ae7dbb99fab5fc00313a7110ad680a5a83e720030cfa22be49083e152b3d5' sent to the baker.
[92mTransaction '5ed4fee224534b60aa48562751dea74a011afe13ca311a26f0a0f3096787c01c' sent to the baker.
[92mTransaction '545703c59434acf72be4b15fad9cdfcc64b945304772190b38e215769b20cd7c' sent to the baker.
[92mTransaction 'ef8c7a6a610187c6fa56799c5475a76522eb19ad9e80c9039979633e225c4fb3' sent to the baker.
[92mTransaction 'f35caa9a0914728dbc0cb63d6c8f9c4476c63ac79f154f04a2d43e67eddfff06' sent to the baker.
[92mTransaction 'c586101b57b192acab10d64f6a088b67c9399d2209e1ce62db85d3f1ef29d395' sent to the baker.
[92mTransaction 'd70b400cadebfbe9602e4f3bb675d1b21dbc4811fa9204d82da5931f2fc6ba38' sent to the baker.
[92mTransaction '7acdbf38ef48d04dd4bd1836868139f6f43e86e52190f9d241cf9541acfe86b9' sent to the baker.
[92mTransaction '09dc5a17e47912ef59207d735a93fb90a2ec3912059fefe2fe388dcbc634e74b' sent to the baker.
[92mTransaction 'e2f105dc2112be7c1032a7034752b94ae3183878d6b228e38fd7d107ca88287d' sent to the baker.
[92mTransaction 'fd93d5d26c17f258e7ca6b6ab724572ffaec5ed38e523ccdca463a5348b7fa25' sent to the baker.
[92mTransaction 'c8160e3b392a59d3e98a1f4cf3ff133799d4a4d5b3c443ca4c3457c6a5ee01e8' sent to the baker.
.[92mTransaction '2daaf837632d1aa2057275c81e37e49d1ad2ab46642b3362835d7e59368f75a6' sent to the baker.
[92mTransaction 'fdf301801925ffda3ceebf7bd5176ca30a9c1c4df3b43adf79e3289a8215d553' sent to the baker.
[92mTransaction 'fed14fbac9af52c66182a9ea5cfda9ef79fbe0a8cc5e3d568a4d5ce21cdb379d' sent to the baker.
[92mTransaction 'f38973e93646e212dcaf1d1001f28fc6abf45e553251df7b70ba0baf5c9b5269' sent to the baker.
[92mTransaction '2f2775a9463f79469e623724d9c2e6189ad32ffdfa2c8d36af0f9177770311f0' sent to the baker.
[92mTransaction 'ba89792973343a7a4c94676ec8cfcd3e1ea48db58acee129ab2616810760e9ed' sent to the baker.
[92mTransaction '07e04df0fc5cb8be8be8dfe91497ae8a7f390d568f4f25702127967e29dd37f2' sent to the baker.
[92mTransaction 'b6709f991f3647edf687f6fccbe931150f887350cfa40e2528bb21afc71d3a38' sent to the baker.
[92mTransaction 'e448bc45068ca6ef3137fe203a5a9301298a31d09ded1b70df146710ee7880b4' sent to the baker.
[92mTransaction '8dddd50ca4d29447c62b49301045a1397d904bce82e0a908e672b9f135e16a35' sent to the baker.
[92mTransaction '7cd0137c2c55bcf58e44515a4e4e572a10708a90d6ca03420ec9335ffce51864' sent to the baker.
[92mTransaction 'dc0a48b10d21fa83b9e51e7d9c5152814a12e9a14097ae27243e489d6091b2d7' sent to the baker.
[92mTransaction 'ada46e784f3b881cff408fbef823341575b5338d28a48fca287e9ccd21e37dfd' sent to the baker.
[92mTransaction '0e04bf676be12ff0ef2a6c3173d68ae013419c0a3c3bb40a3b08f4eb3b50096c' sent to the baker.
[92mTransaction '7a1555127587c215d7184108ed2df62f6d0a94de164014b045c11ce422629678' sent to the baker.
[92mTransaction '150900ef99d653236bec80208201ce54ee725ff1a6a912fedcdcd1a8edd6a785' sent to the baker.
[92mTransaction '91e3ebbd1c192603d693d9d381ec8cd63866bd83219c0ad2cafdd9b74e56a5a7' sent to the baker.
[92mTransaction '887b2e7b4b5f4df08d6974dfd30e2dad2157932318fbc9eccd112471920b7824' sent to the baker.
[92mTransaction 'df7b28c25f3313c8cefbc2221232bc6bbeb0a9c42cd204b96b91a0738a648f2a' sent to the baker.
[92mTransaction '44c2bf8481305db8387d571327744cde215ef5a2fd58e827045ccc5598912a01' sent to the baker.
[92mTransaction '31f0e974f0dc0185d3b35225b167710ccc4f9635b4ca8241565b2a46937b8bb0' sent to the baker.
[92mTransaction 'abadc8c3d7417e6316fd569f28b0884612151fe772e302fe5cfa6e4ee12c3295' sent to the baker.
[92mTransaction '1a097e543e7776d9f4b80edfac63036340ba0018e8b1cd55a1d60d277d650d5a' sent to the baker.
[92mTransaction '910387ac9de8e0153755862070b64ed351e4cee4a4eb70c32572070f8819afa9' sent to the baker.
[92mTransaction '413ecf5381dfeee489eb6ddbd213e28c80e0083cd11277addf31267a66ca7baa' sent to the baker.
[92mTransaction '8d60139d40713f299f56ca1b337b38b254e64358a61cb7e2da39aa456ffb9853' sent to the baker.
[92mTransaction '0ca9c1ae566f9831619f418e6c299d75755a266af1cd0af648a20b12818a959f' sent to the baker.
[92mTransaction '7006268555fc63411e50b8dab499290e869fcd5291c079a48f45496b7f7c97ce' sent to the baker.
[92mTransaction 'bea95c22b1076483879725c985617ed7aa6ab87a4366d49caa2ed7052b50b3b2' sent to the baker.
[92mTransaction '10fa45fd63b94196fab2c2c8a51e62e993c3472b5d42b787311779498a70ba4b' sent to the baker.
[92mTransaction '92e04390304867862134a7737247bf3e2436cd82f1f44e06a64a784d9bab1e36' sent to the baker.
[92mTransaction '06a9acf9ad3a7450ce84e03efb2872f74a785dca1786b1227d44593416709019' sent to the baker.
[92mTransaction '5e436c1fe8ded6381da3a66e72a65cf7adebe220655f32b112fa0da7a0f069c9' sent to the baker.
[92mTransaction '572b21d0a8392f84d96c1bd60e4cfdb0cf6be6cfd1059c801cf022e5c6328fd1' sent to the baker.
[92mTransaction '1e7f7e2ef0a917cf735915f712bbcd5c18e61039ed0b172944ad29cc5d6f79b0' sent to the baker.
[92mTransaction '943df48241c5a305cc8d972c093705874f6fbbae604330c209f29dc9a41e3406' sent to the baker.
[92mTransaction 'ec57f4e48fd075d11eb819841257216675446241e33dfb6ddd3bd04a156bf4fb' sent to the baker.
[92mTransaction 'ae794823542894f4ef4641c236321f4f1f6afd17247af236a05f994d8b20038a' sent to the baker.
[92mTransaction '47bd5bb4081b6ffa1e1162f9c6c3d0f66239d2a34324d73be980f66f9e184bf4' sent to the baker.
[92mTransaction '60882275f6c0d6866226b7f2f2808abc2ed5c4ae25017d701ba65ac1ac493dc7' sent to the baker.
[92mTransaction 'eb55ba3eed764833569b39d08801461c76d849832525b0c66ba58cd4672f825f' sent to the baker.
[92mTransaction '15f94372a006dbca1d4e5ad054e899e811f02c94072b37161020b45dde283ff3' sent to the baker.
[92mTransaction 'd174fdc3a7cd57e19ddaaf122704647826cda96cc923df62f76764e7e2fb0c34' sent to the baker.
[92mTransaction 'bb2e365ef191d3cb96a9fee0c57c0dd035d3d8c84f657ba80bd05fb3712b2487' sent to the baker.
[92mTransaction '3829da3d91f6709ddef978fbcf9e60d1a55e2f484ea6a25c4eb8c33047aa6e13' sent to the baker.
[92mTransaction 'dc709aad06b31737a2e684f20e46c615b76b546453030a6375299fd6bfb76133' sent to the baker.
[92mTransaction 'c8449872c1896874fa22b7e6e93f659f031ac798d0415100d7a766fa202e7560' sent to the baker.
[92mTransaction '8cdd95971824e7577411336ef58db55ce01b6ba8a5713d0eb57708d49f6b34eb' sent to the baker.
.[92mTransaction '4539989dada3e7727bca625afcdef8e6cde3c07890d18cb99bbd0b0ebe61faaa' sent to the baker.
[92mTransaction '35413f7d4d92a885ad73fc1366708e8346743c36a6d097251bdbb27b2d1df5ae' sent to the baker.
[92mTransaction 'dd4c2a5dd590d1f5e27a26bd0421683e6fda4f9dcb8c5526128f25846953582b' sent to the baker.
[92mTransaction '7e34ec1af8a3c2123013f2957972712ce514ef2c1d3b713c8a175defc342539b' sent to the baker.
[92mTransaction '45ce9b5b704679be8fff1219cca6384f8bb7babdad58e5c29978b257f785a413' sent to the baker.
[92mTransaction '8cf3aefcac22d9c49011310656c452d8fbeb6d4ffa617096393b13d69e0cecdc' sent to the baker.
[92mTransaction '56c780482f67625736c43c70cb032b94af75a8f4bbdee55018a6f42de1d0f0c6' sent to the baker.
[92mTransaction 'ac08a5f63ec71833c09456d2d958e44f6c8f4e28c4b36cbbf63098f7a97fc561' sent to the baker.
[92mTransaction '281341e7203792df450fc656d876bd51bc3fc5592a48a5fede64ba4bc7ea14b9' sent to the baker.
[92mTransaction 'f5a1e70fce9c7b919460c2f5ab27365efea873c3c32584b6b4029d8180d8c0c5' sent to the baker.
[92mTransaction '1caa13965d628eabcafc0d40680c8568822a563b83660629e9df765276f25d68' sent to the baker.
[92mTransaction '20daa9fff8b0f3cfe16fdafb3e64f06217744edc823b80c7b138c0c3133de1f8' sent to the baker.
[92mTransaction '7b4f70578350509bb997701ae907af50b1d739013e94e0a5a004d4482e9f8744' sent to the baker.
[92mTransaction '7781f09e93fcdd40dcab4eb78c83cf07097f337de2163e3ca3d18fa9d86e9692' sent to the baker.
[92mTransaction 'b9a668ab7b8dcde3c5f3d41481cd68a538c72dd37b580d8477752926abe1add7' sent to the baker.
[92mTransaction 'cae88deb337d6a3d6ed505820c54abbf79c647d77b3569a40667618f227d01e7' sent to the baker.
[92mTransaction '3482f335d84cba73159fce5c3daec092fdb6da4552b8b13c716f6c1f07f3c08f' sent to the baker.
[92mTransaction '621eb8af0b29bd952c93838d2fe036d3dfd4b89a456196b3c6242c202bcadb96' sent to the baker.
[92mTransaction '4534505238a9aa4b536d63a13661546bfeb8bf30bc5ccf13224715dbb383e80e' sent to the baker.
[92mTransaction '56b2d6278de5a889d60fe640c25266e5257335410b5035aced1becdd04fd20cb' sent to the baker.
[92mTransaction '6c0e10e7007835f56fc80b7b03a2aa9baf437a01785d5dc76eab8a9b96cec9ec' sent to the baker.
[92mTransaction 'a74a8d03f860d344ab86d0aea32a5afeecbf1f216d420beed5df4aa8778abab8' sent to the baker.
[92mTransaction 'e8e42073f93d880e5c5d1d2e74e2ec6b5306e3d12d56f5718e991a3796145755' sent to the baker.
[92mTransaction '2b1970bafd435212bf37768223489d551469b9dad18c530a28d29dbb8dc7f315' sent to the baker.
[92mTransaction '3eb653d1acbaa207bf640cede610ee5950e2adafa0844b4268a1ebe08dd2193a' sent to the baker.
[92mTransaction 'eaa552d6446a2e6b92728cbd63ac4f19c8b6b351f0452a5510a7bea6467c5108' sent to the baker.
[92mTransaction 'f82953dfc684f416c30d2a6b580c59da77b6fd016c4a9fa552738d83affbe18d' sent to the baker.
[92mTransaction 'bbf70d024891ab720cb410735e5f26ca9eb3251ade252986794816f07193a7dc' sent to the baker.
[92mTransaction 'acd68e859389ea90f2ec7b9f16f587f034b68d7c16a7be7db8dab0392baf3c53' sent to the baker.
[92mTransaction '1de1e42677d6515067a2946f8ddadb6d4330d77c968e99fa08eaa152cd3fc30d' sent to the baker.
[92mTransaction '049d45f926c5cc5c7ee987eb667ed397ee531abbb1c34d9ee40df94afabb3b08' sent to the baker.
[92mTransaction 'ecd54598eab6936deb0e1ac66c744c437b4f4b59a0af1aeb6d7cbc2d8d094a92' sent to the baker.
[92mTransaction '2bb04fa601b2bdf80383ed62ea72d0713af1bc0be89686dbacad567feada1ae3' sent to the baker.
[92mTransaction 'b6575c67565dfceeff04146cdcb47bc69c47b6041b0c10c9a689e53751c81f5c' sent to the baker.
[92mTransaction 'a78e75deaea3858985ba2e2bc3532e0d5e4dd5dc317f90e9af03b8d0cc286eca' sent to the baker.
[92mTransaction '5e83fb30c87adf3b06207c2eab136757ee3e86260ea0108d9f7ad7ae0d948e8a' sent to the baker.
[92mTransaction '0485c8142a46456f02132ffb195db3dacdac125de3b6e2f8b435981fb6433625' sent to the baker.
[92mTransaction 'd3c39a3e61370fb45c6b7d2ec8515586980670f620a8b41b895d5483031ed61a' sent to the baker.
[92mTransaction '5b452abfa3114df679a59f50b712fdfc71c9c44e2a9b5c625d4b63ec65418f57' sent to the baker.
[92mTransaction '057c267958b18259c7364e5cc2faf0a222bc3d9bc61ff4f915860b69fddf6b90' sent to the baker.
[92mTransaction '687b0d7a7177c4c5585b1bec3a47819cae39b2039baeaa99bef2f1fc75e99a4f' sent to the baker.
[92mTransaction '75857526e0071ba1b4809cdd7335f4ee4dfaaa3bed3939b329120f8e641f336d' sent to the baker.
[92mTransaction '07011786247476c7baec0c2967222905f13e52d268d0fa44fc8889eba6d23f25' sent to the baker.
[92mTransaction 'd77089dcd18f88d4e21ffac7a33b7ec79d91db4028e3a95ed4fba1030a5aa4c5' sent to the baker.
[92mTransaction 'd6e28a4ff91ea4d3fdcca57d02eb6994203210cd67efa3f0d297109c3c8d5a2a' sent to the baker.
[92mTransaction 'a38a5c4128af0a9e9cb3bd8ad46df77a6d6fc25d42b0d4ff0fb42720dcb93010' sent to the baker.
[92mTransaction 'b51752c1c7c1af14347503db00caa90fc7f4cd327ec894bd499a7d221024b843' sent to the baker.
[92mTransaction 'a68875507d2b9fd757e986c24d15fc6bcabf95630d1ba17802f3bc97939a89cf' sent to the baker.
[92mTransaction '3c21234caa7a5ab43c9d3b8ba7f4a4cb7d2e5cc64e0014b9675c23dc12af047e' sent to the baker.
[92mTransaction '6a5ff50cd4490059da8bc13540886ad0f4262e96e681499d518038596e4f9188' sent to the baker.
[92mTransaction 'c4598423b3780f9b09920ff30a31fa70ea224ff28c8d49d0e09754448a38e361' sent to the baker.
[92mTransaction '341524993ad83bdeaf567d93d70fd36bde6cc4dcfb8df5ecb317cd22ce647608' sent to the baker.
[92mTransaction 'cc3da06727aff0ae98ad759a850842efd0d67fc55ca660d78dfaa58e8cbacdf4' sent to the baker.
[92mTransaction '2d005aa433866f67674f6fee3b85479bbf5ae95f3ed6ce4f2d1609f1244c06a3' sent to the baker.
[92mTransaction 'bfc9ea0db7e1ef9dc04763fe36a3e2f56bfca28c201b01a5a46b78ff0669e274' sent to the baker.
[92mTransaction 'cff69d15a1b738665bc1da8e360234b857c642e86a4fb06cb1f97dec791c12a6' sent to the baker.
[92mTransaction 'b94d0e4024ea8360d8c28a792f8008b61f60c106714f5b9a7ab18ccdbb8a2503' sent to the baker.
[92mTransaction '86df65be2bb28811f8969165a2404a7921b47e1336b2b0f82b79f8b5940fa438' sent to the baker.
[92mTransaction 'e9f88dede1ea20a75fd3c150f82b962c881c09d31d78058a13564bb6e1c1e747' sent to the baker.
[92mTransaction '0fc73fbcdace939b2a5a2a177e669af18f8b09330198a2d867364d737dd017d5' sent to the baker.
[92mTransaction '1d0af2f2336b61b2a21c68b3438bab41365ded924a42f2a654e5d971db03551b' sent to the baker.
[92mTransaction '614264632d5f98b8f6e9efdfb25c934a2c9b4a1f7819b9174b505fe277973e84' sent to the baker.
[92mTransaction '24dc14d361a4a915782a0cd68e5082c86bce931869f1c99eae5bbca2856fad2d' sent to the baker.
[92mTransaction 'ef9d84def76090ba5f7f59f3dcc1fe7d219ad8f4bc11fd874dcb3dcd669e8819' sent to the baker.
[92mTransaction 'd38214820aaf60a7ea562783062cf889a810354a6704268e2c00c9cd6eebcaf5' sent to the baker.
[92mTransaction '860a0a2d35a7fed694b349b510f4b88c848b9bccdefee00f54b3b3612e9bb575' sent to the baker.
[92mTransaction 'bbf38f3eff529a27976f2d9feab2dbf4ccadac0bb3ec9033a557910a97a715bb' sent to the baker.
[92mTransaction '969a317434d71132d6108270f234be43a3c911b6c957b9ce28ae05bc2554a1c7' sent to the baker.
[92mTransaction '6cd58df20b162d0d227323bf9448342e72eca72b3cc1e994e2aef23631eedd32' sent to the baker.
[92mTransaction '1f955b4facb83086a2d18c391233839d1dd7a64a9692186f720d06944082cf2a' sent to the baker.
[92mTransaction '0eb2d2e0146abf143f95533798df9748e4fa4877c4bd7184aec5946da3eb6316' sent to the baker.
[92mTransaction 'd143370e7863bc597b94b138c19e67acf0dd5f7bfe653ff0e88a9aa180a2c454' sent to the baker.
[92mTransaction '4bf9b67040c467dbd8f0f3620b8e31b7f3102a7a7779b236930f0abd494b3d7a' sent to the baker.
[92mTransaction 'e500b3e041fe860d059afbabdb38149efd9cfe51d500317d35a70af80c68f582' sent to the baker.
[92mTransaction '05e4beab70ff67421c0c177eff9833d993c10920d69cbaca9c938c49feb0a98c' sent to the baker.
[92mTransaction '9b841910ecdd29747e775b165f223d899d8eeca2ee010a59db20d386f2580bc5' sent to the baker.
[92mTransaction 'fb32e6fbfbcf1224929d0d9cebaa2c0299f76c8a9484afe9bb8520cfb31d7c0b' sent to the baker.
[92mTransaction 'b15291a6b21cb08d1dbb9163c910bdc90eb072d65e9546437c46e1ae741a08b3' sent to the baker.
[92mTransaction 'e11f760d6fe4a202cb380db5742e7b04d1b9271a6b03e776e67b7eaa0d8465b8' sent to the baker.
[92mTransaction '6ea00dce1844282bfa948277cffa17a398803424d8c8cae54fc5e6848be4239c' sent to the baker.
[92mTransaction '5f34bfb756758a749c73e5481a71d0f470bb7806ebf574772360795370240689' sent to the baker.
[92mTransaction 'a4bb3a7abc523be0cfa6fbf5350f2896782cd50ccf1f0b804e63763f87576be7' sent to the baker.
[92mTransaction 'caa4a1bbf00b30662d35de53db794387f52c325e2f04cfcaa1f4e76a281c36c0' sent to the baker.
[92mTransaction 'bf478e106a071521e7da82d7a6dfdcb5e68fbe75ff3c3dfd7225168f3a9df598' sent to the baker.
[92mTransaction '603781d4e84f0958635f62a3efe2509d87c156270aaa6cc29c65dd23eda740a6' sent to the baker.
[92mTransaction 'a02c8c427a2e492b9e509704929f75fc7b8a27e3f63ac526b0adfffac36501b3' sent to the baker.
[92mTransaction 'b028a6e17a004d6446f93f9d338abf82c1a99ba109eab96387c4d2e6c37d1802' sent to the baker.
[92mTransaction '9c1d6876c585efa8428a140250a7e22c005c0d3bb7bd254f27f95fac1ba2a615' sent to the baker.
[92mTransaction 'e705495979e2ffe005e80e7ceb46dc1928eb6911f53f569e4439234cc9a41dfa' sent to the baker.
[92mTransaction 'd30f2ecd276010a15e21544dd3f7273066ad70b4927267c6799be055fc536fe4' sent to the baker.
[92mTransaction '41bbd3ff8f453a4f98b9a6ee22458b7d0b337f6830b1f4aa157fbcad826dd3b1' sent to the baker.
[92mTransaction '3bedfb95cce57356fa51bd2fe7e55fa1ec6fec32cad7efa3f13f5ddc1bee9ed5' sent to the baker.
[92mTransaction 'ba121a5e09296d332438a2312d42ddc4d65e4ff075c5415fba26df240b931d57' sent to the baker.
[92mTransaction '907d25a27a6b96b2427747e5eb72d75e4cc8bfdce2c6953e5d111b579175202c' sent to the baker.
[92mTransaction '6e1a0a53cc473df19d5602b9ad458fca297c266f98487eb3d93b1e62f64c8fe5' sent to the baker.
[92mTransaction 'c3b266be61fe2bc80c616518f096ad15a0e524633a27f71eb7f597fbd01743e1' sent to the baker.
[92mTransaction '0b1cf59728759567ed4492c603fa8b87a831468f72bec708e40df035dabaef06' sent to the baker.
[92mTransaction 'd478506bff64020b8d25d2ce8ef21da86b3094f534f2993d9e72c50657b7af62' sent to the baker.
[92mTransaction 'e3bc610df3d67f8f9b05a4231550b763cfab60ef63f563aea0ed2d1b55f31774' sent to the baker.
[92mTransaction 'ac413e7b58f8cf9cee7240be83001e393b01555981708e735d36b05539e68f25' sent to the baker.
[92mTransaction '2de5b1f4ea50f68698a48b9fac3f564ac0ee80351c744d52d0906b6864aa8380' sent to the baker.
[92mTransaction '170d112dd6befb3c6ecd98f6f28ea67349190158a35924bae7fb6d7a78f6bbfa' sent to the baker.
[92mTransaction 'ebec3e0ebbc98f73c73e5ca1c465775f97644b80a57158d1083fbdfeb07d1a09' sent to the baker.
[92mTransaction '1693ecae974a8ece5297a3d8fe8819c54ee9c155fa0d3b305765ee8b8b091dee' sent to the baker.
[92mTransaction '20ba7f8b272be5c476d70f1326c66b7de9d077b729d7a39e16dcbcf875c170e7' sent to the baker.
[0m[92mTransaction '79225097e9409ee786f2b161f546e828575e19baecdfcfca1ed4c6818a0020cd' sent to the baker.
for the transaction to be committed....[92mTransaction '656eead10a8019a21edc6bedb22a638281cdcf4cca01c946891cee98ffd66374' sent to the baker.
[92mTransaction 'e8c6828f866cb877276fad74e2212c7edca254cff63a9f73116c75408d10b60a' sent to the baker.
[92mTransaction 'bfc945c1a4ef2a417d20443cad0fac39e450d417c51fc2677ba853d5f789db27' sent to the baker.
[0m[92mTransaction 'b3152bf1f63a0fa9f734a13ec54e6d1a5aecf6db8187fffe7321d6b3531d9fed' sent to the baker.
[03:47:07] Waiting for the transaction to be committed....[92mTransaction '553845f7c2d207362a2e01baa87822fba23715f242eb66a87bcdc49f72115a3d' sent to the baker.
[92mTransaction 'e366d773a68aeb799c82e0b0c81f9e649e364118be2e94c96b80dbd6439cf861' sent to the baker.
[92mTransaction 'cf3f6610f8338e4c2d5608cb37e1b77447819918b9282346870740b1f4ddcc51' sent to the baker.
[92mTransaction 'de6ac98b19e0f07a211e07a4710c1062e7adf17f83cc1ebe2ca3f6480aa42a25' sent to the baker.
[92mTransaction '93aa1d6b4eb56e86d0dab719e26fc07a4dc088eb037595970fea874b204e7fe9' sent to the baker.
[92mTransaction '0336ac92790a2bf1256b7b2916e0e2f60675b20099db934760593e16f601cbaf' sent to the baker.
[92mTransaction 'fcd8ec4e35e18a9a1e22b4cdc2cd2cba668f6e4bf106f275ee4c186dadf7d84d' sent to the baker.
[92mTransaction 'f07f5b4bd6a3f30db9f0beb4a1acee847467dfaa0818fa5d2fd756a92ee0adbb' sent to the baker.
[92mTransaction 'f2bc4bfa25ebc7545625436cc4b05bd30c2cc7a7b11e2935e9f95d6c61648fcd' sent to the baker.
[92mTransaction '2040422a8da94215c7d2888d1c5db5a7d3991cf6b00f8d8720b9ddf76fddf92b' sent to the baker.
[92mTransaction '50f86b03e2f6d990726ff275d4b7babddf0446e165a494e2aed899fa75cd14ea' sent to the baker.
[92mTransaction 'bdf0507935cdc5a883c429564d434f7a9ce02c28ca2aaef1a9505b71b523e2ec' sent to the baker.
[92mTransaction '33f0748a0df5d8cf9c317217aeb720cb6ad25a3a9121c3bafc87a404769252ce' sent to the baker.
[92mTransaction '312d4c36e4ceb8324c18a87f4c76be1f6daa6cea67ee5389129f001fa5445e69' sent to the baker.
[92mTransaction '642614ad43ce58ffc25d76fa694ee150492cb1c61a1cd04ef837bac049c29f1a' sent to the baker.
[92mTransaction '1c9a99bc40e0d7be1ecc6e896220da5e8d790f8da5b6b3925e23be3bdec8c436' sent to the baker.
[92mTransaction 'b3d8e3c60484d02868b555a277d60a22ec81b18420e8e2bbe766619ad0146390' sent to the baker.
[92mTransaction '5c1e3c4777e3fa8b8de76e4353aec7d4dfb4385169e18581b4ef1449d0662abe' sent to the baker.
[92mTransaction '54a882a8be5a9c99ce2accb2715df7a3495fff031ef46bd9bc9da28227ca6774' sent to the baker.
[0m[92mTransaction 'ddf3458b7362d2fbce489aac3b4df602e1d9483abecfa28c3ebe4eeaae481377' sent to the baker.
[04:15:11] Waiting for the transaction to be committed....[92mTransaction '496cc61eaae7dad5daf471873e98a51d6be6af45eea0625604d45bb092d1f366' sent to the baker.
[92mTransaction '24b3dcf573894aacaf279545bfdfec389ef1a182830db655893a56469788e905' sent to the baker.
[92mTransaction '0a5c0b4899b8837df80038cca296d4d28580ff344f7af26d4634661ca897c350' sent to the baker.
[92mTransaction '27ff6bbc1263671ea3730c786b2dd95e2cd9ef7436bf7fc349716dea6512a2c6' sent to the baker.
[92mTransaction '2a2793bede5674b711a7b2f74ad1308eac517d12cdd5b878aeffbae79e2bcafd' sent to the baker.
[92mTransaction 'c3d154f62c543dfdcd0097bd55be4d5060c754c18b4cc7c664857e8d44c49847' sent to the baker.
[92mTransaction '2b7631598992682bac3ed7c8bd419330aea5b65b774feeed4e525445c6dcff6b' sent to the baker.
[92mTransaction 'f5022d26b2285176265c41f3e5f5bc7a0fe078a07cb3371ac69a0f0b3f6a6624' sent to the baker.
[92mTransaction '63105a999ddfae3065f0338e65fb344d35a8211145786251dd6cb48abecaa12f' sent to the baker.
[92mTransaction 'fbb0718db871501b5a2adffc64e2369857f5868a7eea77a16e9969289019a13a' sent to the baker.
[92mTransaction '3d65f9ab46c7efc7bd7524959912bbe47fbca81e607a575fe637801a22d923b5' sent to the baker.
[92mTransaction '676b6dac37894b6c1d3afa75eed44cd2fa6c3c8668c1a221c41502ab1f5fbc19' sent to the baker.
[92mTransaction 'cf6ff5ab27a7a3dc5f5b42b7d6fa83403e17ec65c158f97c9992404e8de0fdfd' sent to the baker.
[92mTransaction 'e4513f0f4476a0208fcd06bd8404fe970b06c87b1b25d362b7e1c89648f0079c' sent to the baker.
[92mTransaction '0229b082ff66c3df521c52ea77ceaf6b557991447725fe8b21abcb470ccd85bc' sent to the baker.
[92mTransaction '98e3a8762e505d30ca68ffde775dc3bc7f6c7d3aa466415d0d9838fc114f1c24' sent to the baker.
[92mTransaction '7287007394f0a8d3c1f7214c5b9d2f94a008d2122c55f8ad80c488630360f6b6' sent to the baker.
[92mTransaction '932438a1cb8742a2b460d8656f2f049e30066b3a421a335ef6dd8e97d7daf5a0' sent to the baker.
[92mTransaction 'f2e8b11d285e84c57f12eafbb49dd566ee55c62d8bf6490af6c38a7de62d4dd4' sent to the baker.
[92mTransaction '9d53bf3ac8261ec0aa69edc32666dd6c8c7eba60bdd7a3ce6caec831c30268d0' sent to the baker.
[92mTransaction '41f2fbc7fbfb3785ae48926060e01568a9995f2cf47ee0f88b52b990e212ec04' sent to the baker.
[92mTransaction '4bf8e56a1be3220a993462b5b78fdcb9ed60971dd569059b325676596828c147' sent to the baker.
[92mTransaction 'ce8d85036551ab93d57fd5f038a16d2b38bb5fe1b081f8b95a7dfda1887d066c' sent to the baker.
[92mTransaction 'bb4bf441cd99334443a689d8beddf7856765196d0971f4ae936b66568449a9c1' sent to the baker.
[92mTransaction '740847f2a539df1070e1f26b10d1fdadfd24bb2c8eb004d623611f69a030a58b' sent to the baker.
[92mTransaction '695b0029e6f19322e5bda988edc0da28db9bd5fe17da10000dc5407ac83af588' sent to the baker.
[92mTransaction 'b91919565a18d8c50dec36d21b2b34d6808b322d3b52ae9b3abf55c209692310' sent to the baker.
[92mTransaction '92cd1020e6ca3d1ff61a8562b42a4937952ede51d405294000cd570aceceb10d' sent to the baker.
[92mTransaction '08a0522d857f7a5e4ed73eecd75e45b46fc6801412fd70a24880f79e0b5d9cc3' sent to the baker.
[92mTransaction 'ab3e7c1a8a5e4c7fb1dcb18d34ff8df733ff2488024095f784d1ccd1caf68b5d' sent to the baker.
[92mTransaction '896503375a201a00be32e1f72d85085260f26e25440f5283436198a929b8b631' sent to the baker.
[92mTransaction '5d2fd3e6df09aa8a7b6a33b5b7c54e89ab5e9b71ac1a552588b66a0fa78aad1e' sent to the baker.
[92mTransaction 'f760b90d9676cafede627ae8e6afc8a28bc07269ddd480ba2ec626b8a373b53e' sent to the baker.
[92mTransaction '6e87bc204ca07518d84cbf171deca7579a393db29a899355f1aadd9b776c7943' sent to the baker.
[92mTransaction '29eee3f179e60a738f6e7474762f6fd2d3db308320e1beb8ba419e1ce85e0163' sent to the baker.
[92mTransaction '05f6f2f586b779f570eac66d23c23aa31eeeb4f4e7a84a1c32764feccb108672' sent to the baker.
[92mTransaction '5c6c5513e47f686ffbde1c12700c20cd0472f633a3cfe0255e005e94a787d0a9' sent to the baker.
[92mTransaction '69937cd8c44acb6b31fb746d418ae19abf7bb78b531534badea986aebb4706dd' sent to the baker.
[92mTransaction '384d0094d7baff83405ff7260d443ef1b1c5248529e2bbb6d7a0777bd2774fd4' sent to the baker.
[92mTransaction '115c531930121bc5e43b849075d88bf036f73a5cf7fb280acc4d11298a98ff10' sent to the baker.
[92mTransaction 'a2a71fcb3b9c277a42a4b9b3d9ca5fc8ca637508a822e5265a5f11dbbc770978' sent to the baker.
[92mTransaction 'c0d50d2972a7b7187f52d5a3e2c1ab677c9a2a392790b8c72f48df72b0565672' sent to the baker.
[92mTransaction '6930a92d96e800678a5f1d3d36e27e6fe58f163da7dcc7e082f95c59864910cf' sent to the baker.
[92mTransaction '8b45babe2b0446118bbcd21a1c1b38b3ff3004dc16b0bbe4c40ada19663ab97a' sent to the baker.
[92mTransaction 'f21793381ca48f7ca491d0e2b11f8613250a949b7745b31924f8f45d7f5f23df' sent to the baker.
[92mTransaction 'a850762bff481d3ea876c25b2cd5d7afe8404f33e58297cc37cee94e04770c38' sent to the baker.
[92mTransaction '97426d0afdb698b020a9ba4f7d2a5f35efb7322a83c73e39e94f80b9169645b8' sent to the baker.
[92mTransaction '92b0426a4c8c025379b0cb2f78737d63d98bdd5e8e7505ff57e4dfb0f3ef7d0c' sent to the baker.
[92mTransaction 'aca36784ba2330bad40135b9c1b7fc7f17849fe7f5a790933b8627890a61306a' sent to the baker.
[92mTransaction 'cd14a68cab47db975df049d35e865b748a02d6e7abd24a568e04ad5c36294a29' sent to the baker.
[92mTransaction 'f515f6bbbba8dba96e4fa6bcfb0e7bf9a55736efff750b0707c65a93b521192e' sent to the baker.
[92mTransaction '6eac0b8f6412598b90c054eb7d9ef736e05bf555e9fd9f61effe102674c6ee6d' sent to the baker.
[92mTransaction 'a5ca4ccfd1a2048b5fff2e9d07864f556d6fb47f623d6e72fe11eeb990dc5dae' sent to the baker.
[92mTransaction '0e0a95395298a2ced84afc5d864edac26b3248924f7f8507e3f52aba9082ce7f' sent to the baker.
[92mTransaction 'bfc9ad980e474e26617c58f46952dbe463d1c70824a90a97b5482cc5bcfeb1ee' sent to the baker.
[92mTransaction '7d886ccea8b3334045b59768b03e9965c4236550d4c8e351f89ef2d37593805d' sent to the baker.
[92mTransaction 'd8c409b38b077bcbcf6c1aadd94fac0c6000761e40e8e3f6714b8e8d8d607f76' sent to the baker.
[92mTransaction 'f9b9078e1dc5d06300c6974527b95e9eb4102cc4e8a21f08f2162e55be5b0656' sent to the baker.
[92mTransaction '117bb3fc4a3076b5c973feb884fed719218d9a1b22b11f500ad9b32819e1ee97' sent to the baker.
[92mTransaction '8c8994943a79eef340beac8f8ca50ab6428c9fe1eac9ea35a5a6b7ef0562d776' sent to the baker.
[92mTransaction '202843a5d35a5a7f0015607439f5ce0766850b42040efefd727522fa8bad3432' sent to the baker.
[92mTransaction '3304eaeb3899b5ccfe181a2c8813f78d405da5ddf76ef3099babcf4c5a61333a' sent to the baker.
[92mTransaction 'd1712250763ddc9e906e9077c9e590e3e603a96c36947e2691d1fd175684bda8' sent to the baker.
[92mTransaction '1fd4e427fb20a016ba0829504d721be3fae1a3f2fb9255ae241dbcaec4505079' sent to the baker.
[92mTransaction '12d2749295ce91dfb351847ee45f754ea40f1f1c9b2e21a0f30097e2eaf11339' sent to the baker.
[92mTransaction '46a647af9e9a6edf1166669362dc344471b6aca08a76320f48b4da161794adc3' sent to the baker.
[92mTransaction '8af2910321169468e96d440ea0996c92f4e7c20ea4a427ac727a5b51d6b4a781' sent to the baker.
[92mTransaction '062ff81c5d1c0650888ab07c3de300a36f4e8c6722bf4c10a1c7cdb970299264' sent to the baker.
[92mTransaction '5ed59e50986aed7d7910ebd33a5e543b43775a50e3392caab0f5ec3e990046a8' sent to the baker.
[92mTransaction '9e65b884cbb3162368ddaef8eb019d3e02ab52c22c9aa7429cf18cd070c1ad42' sent to the baker.
[0mEnter password for signing key: [92mTransaction 'd4b4403fba7c70b6737ec79c030545d62c96a4eec3c4cee1d4324107c81509db' sent to the baker.
[92mTransaction 'd2c231b77cc0d20f3b0fcb585e5956468f0562c56cb01e4eee0106273da112dc' sent to the baker.
[92mTransaction 'a85969f455601463c0fe07852ca6be4478657fee35d1d1269f3f15a5c6299822' sent to the baker.
[92mTransaction '9323ac5ed75ba9ad5bde13b56b88b07e8a804f3a43a43f95ab58e0f40c76b731' sent to the baker.
[92mTransaction 'a97f47c69c538839312c2270530912fafd96e72850a5c6538d9c7a9c0f5d37f9' sent to the baker.
[92mTransaction '75c9e57f4c5b495dc73f6b3841d9727177f63a1bee9e69b7551e612809d1fd2e' sent to the baker.
[92mTransaction '4d408c2714dc18e22d881d2f725103b7138aad4f866d8013bd70a65ad51893a0' sent to the baker.
[92mTransaction '9fc139e173ae85e22a20a2b08cb876abb85eea8b7f7c3fa40768a503982f6985' sent to the baker.
[92mTransaction 'b8922a424b789d157c9d8ba674c42bf2db7bc5643e6246fb0ba9cde0574e2ce3' sent to the baker.
[92mTransaction '8083b157e9ce378a22b4795f78b5b6c7ec797c9c1307878509f33ba47e368c95' sent to the baker.
[92mTransaction '559df2a0d9774949a27ded39bbbdc59ebc13ab301f4ed639367261518e6921e9' sent to the baker.
[92mTransaction '1cd38cec3a777b5830eacffdb969f9fee55bb3f4b5aa7805b7e016685450d691' sent to the baker.
[92mTransaction 'd2b49cb7d76a05743c075d1d0f82e1d9014be77f73eebcd688e843d0251c302a' sent to the baker.
[92mTransaction '7b289e0a6f0f7f6fef620da5b2a08ba04c8a53b85073dff4afdd14502d200237' sent to the baker.
[92mTransaction 'a0882cf130ac261a0934018889d2bb2e29f0e7d9ead73b7c6157aaedbd9826ba' sent to the baker.
[92mTransaction '1dcd08607308b4fe3a76644b4be088b0260d8b7023459ff05682f593abc00157' sent to the baker.
[92mTransaction '59b6fec56f9157fc96611db3823571a55d8d150a6a07a8cb3e2339137096601f' sent to the baker.
[92mTransaction '0ab84f2ed6903929d13236822d3c5a81a7f9edb1d4301de8820bcedd528fc4e2' sent to the baker.
[92mTransaction '5ca78e812997157dbae80607193eeffe184d59f3356fbdd6a8c511f3839ef784' sent to the baker.
[92mTransaction '84e85cef7240d5b4e305e907ee5153698fa6c32f9ca758e1aaecc238430b6ebb' sent to the baker.
[92mTransaction '2aff51a77b3ba99b65b018c930de6450dc4019efd2053df6520890b8a728f13b' sent to the baker.
[92mTransaction '4f1dbf69c1d5206a3bca1e54a0daefc686300a8e9c77bcb48b99105088491185' sent to the baker.
[92mTransaction '0c82571a52001d070ee0bcdd6563bb1f51dc7f8a017ad2027b8314e59e0d03c6' sent to the baker.
[92mTransaction 'ecbfb524935759f2436dcbaea331fa89ce76b2b03590d0cb6476d3192327faa9' sent to the baker.
[92mTransaction '2ae6b22a01397ca6ed3ba1581c5df78df43e47ddc084b42e84d52867218665ff' sent to the baker.
[92mTransaction 'a655f31cf6540aea011e1fd0969724c3bdc16ef7c6fecd65753dd06922f33949' sent to the baker.
[92mTransaction '28e5a0176990307ed3647b37dc35d81b76092b44698daa732e13836eeedc2bc5' sent to the baker.
[92mTransaction '8c9efa4514c6742590512ed0685af40cd4518ea6aadb89b17ae93d88f3ddf474' sent to the baker.
[92mTransaction 'b972f25ef20a16cf6b01d6b2d70dc6951aa555f24568dae06250d53d5f15a8fd' sent to the baker.
[92mTransaction '1298f28a89954f02d173fe11f4422dc5161c8b6da72bbd64e04ec0b67a45964d' sent to the baker.
[92mTransaction 'b1d5f406640f6b376780c997a76cd4f130553af2992913559a4621121cf1ec8e' sent to the baker.
[92mTransaction 'fe650cc5d0acab355f76c63c0fe408a2f3641ea85163dd3fd1cc793d074569c2' sent to the baker.
[92mTransaction 'ab83bb3ceda24003d2ca273a054375fc03d33b6c9b992f568352a53de3d166c4' sent to the baker.
[92mTransaction 'fd4170c80748ac578e5c4bbbfc997d6ba4b0bdd0967d96c62ac0967094a41007' sent to the baker.
[92mTransaction '4e47dc563b0684fa0e2c9e54d24a22fa3d8364c900cb92123d3b2345f0fa3c9c' sent to the baker.
[92mTransaction '31f03d962269f1f172dfae055ba79ad7b3cbf44fadcdc4608bd3fd5734cd2f2b' sent to the baker.
[92mTransaction 'db75f74a088a9f15a93d6ce4a37ba511f6dd328c7dbf5b8a4c09fbd8efa26d20' sent to the baker.
[92mTransaction 'e777bdf35774d1a347d2f0b4e125c5e902ebc38af04dd414087908463c051f6d' sent to the baker.
[92mTransaction '407e459c8c1d47fa7dea5da72783a8804beafe5cc623767bd6258c6d5d793b09' sent to the baker.
[92mTransaction '3b485a6acab6658ca007d745fdfd8c61982cb2ecf088af8a63fa5614ff0285d6' sent to the baker.
[92mTransaction '614736f575fd2f13f2b03db5bb501805c267219b279c254e0b4b84e503a71b29' sent to the baker.
[92mTransaction 'f238e3fab2618e77a45d8597c4555abe0b39d5d2476a082926f97fd43cb9724d' sent to the baker.
[92mTransaction '1c2a4aaf56ce080a38231e8fc4d3d6f687922c822383ebaef85627acddb3e599' sent to the baker.
[92mTransaction 'b70e8af339fe437f3c39568804ee2a4365cc2338d8b872b030d1ffb0e3e19906' sent to the baker.
[92mTransaction '7c52621d7d09ae3e7863180aba09eee866a0febd51f21157361487ca91acd385' sent to the baker.
[92mTransaction 'b06632ff39051681905efafac0bf7743befe1afa2f2dfb1531614d7e7fa523c7' sent to the baker.
[92mTransaction '012d271d999b6cf540a07a472cac7693d5536ddb8518d344e8d04b1f1db35d3a' sent to the baker.
[92mTransaction '70aebb248cbb1ea5b7bc0d640d3189725e628099e53ede053ee1e7cce6ea6c55' sent to the baker.
[92mTransaction '2d398c2aa92e9ea7853813eef3ce4513d18b20909baf9b31866256515bc8ce3e' sent to the baker.
[92mTransaction '7c75e2bdae25005de3b6f03d3f931e461aa3c512de9cedd20cd2ddf39c9eeb51' sent to the baker.
[92mTransaction '34c8a5a4f5b0960e0fa18c14ddf9c46ca9223d745a56b0d0f419729cec047cc4' sent to the baker.
[92mTransaction 'c1a53e9a264dae7c4561079ddbf01d2ed05688bc2f155056eeee84e7a6ad4d99' sent to the baker.
[92mTransaction '2aa100f3e183c47c5f02d997faec600f452e3e1391c6cd86b4d6a366632f2535' sent to the baker.
